[0.006s] Invoking command in '/home/anshul/Research/PostDoc/mocap/build/phasespace_bringup_ros2': AMENT_PREFIX_PATH=/home/anshul/Research/PostDoc/mocap/install/phasespace_msgs_ros2:${AMENT_PREFIX_PATH} CMAKE_PREFIX_PATH=/opt/ros/humble:/home/anshul/Research/PostDoc/mocap/install/phasespace_msgs_ros2 CONDA_PROMPT_MODIFIER=(base) LD_LIBRARY_PATH=/home/anshul/Research/PostDoc/mocap/install/phasespace_msgs_ros2/lib:${LD_LIBRARY_PATH} PYTHONPATH=/home/anshul/Research/PostDoc/mocap/install/phasespace_msgs_ros2/local/lib/python3.10/dist-packages:${PYTHONPATH} /usr/bin/cmake /home/anshul/Research/PostDoc/mocap/phasespace-mocap-ros2/phasespace_bringup_ros2 -DPython3_EXECUTABLE=/usr/bin/python3 -DCMAKE_INSTALL_PREFIX=/home/anshul/Research/PostDoc/mocap/install/phasespace_bringup_ros2
[0.045s] -- The C compiler identification is GNU 11.4.0
[0.082s] -- The CXX compiler identification is GNU 11.4.0
[0.087s] -- Detecting C compiler ABI info
[0.138s] -- Detecting C compiler ABI info - done
[0.144s] -- Check for working C compiler: /usr/bin/cc - skipped
[0.144s] -- Detecting C compile features
[0.144s] -- Detecting C compile features - done
[0.147s] -- Detecting CXX compiler ABI info
[0.203s] -- Detecting CXX compiler ABI info - done
[0.208s] -- Check for working CXX compiler: /usr/bin/c++ - skipped
[0.208s] -- Detecting CXX compile features
[0.209s] -- Detecting CXX compile features - done
[0.210s] -- Found ament_cmake: 1.3.11 (/opt/ros/humble/share/ament_cmake/cmake)
[0.315s] -- Found Python3: /usr/bin/python3 (found version "3.10.12") found components: Interpreter 
[0.376s] -- Found phasespace_msgs_ros2: 0.0.0 (/home/anshul/Research/PostDoc/mocap/install/phasespace_msgs_ros2/share/phasespace_msgs_ros2/cmake)
[0.401s] -- Found rosidl_generator_c: 3.1.6 (/opt/ros/humble/share/rosidl_generator_c/cmake)
[0.403s] -- Found rosidl_adapter: 3.1.6 (/opt/ros/humble/share/rosidl_adapter/cmake)
[0.408s] -- Found rosidl_generator_cpp: 3.1.6 (/opt/ros/humble/share/rosidl_generator_cpp/cmake)
[0.414s] -- Using all available rosidl_typesupport_c: rosidl_typesupport_fastrtps_c;rosidl_typesupport_introspection_c
[0.423s] -- Using all available rosidl_typesupport_cpp: rosidl_typesupport_fastrtps_cpp;rosidl_typesupport_introspection_cpp
[0.444s] -- Found rclcpp: 16.0.12 (/opt/ros/humble/share/rclcpp/cmake)
[0.463s] -- Found rmw_implementation_cmake: 6.1.2 (/opt/ros/humble/share/rmw_implementation_cmake/cmake)
[0.465s] -- Found rmw_fastrtps_cpp: 6.2.7 (/opt/ros/humble/share/rmw_fastrtps_cpp/cmake)
[0.523s] -- Found OpenSSL: /usr/lib/x86_64-linux-gnu/libcrypto.so (found version "3.0.2")  
[0.541s] -- Found FastRTPS: /opt/ros/humble/include  
[0.573s] -- Using RMW implementation 'rmw_fastrtps_cpp' as default
[0.579s] -- Looking for pthread.h
[0.634s] -- Looking for pthread.h - found
[0.634s] -- Performing Test CMAKE_HAVE_LIBC_PTHREAD
[0.690s] -- Performing Test CMAKE_HAVE_LIBC_PTHREAD - Success
[0.691s] -- Found Threads: TRUE  
[0.749s] -- Configuring done
[0.755s] -- Generating done
[0.758s] -- Build files have been written to: /home/anshul/Research/PostDoc/mocap/build/phasespace_bringup_ros2
[0.765s] Invoked command in '/home/anshul/Research/PostDoc/mocap/build/phasespace_bringup_ros2' returned '0': AMENT_PREFIX_PATH=/home/anshul/Research/PostDoc/mocap/install/phasespace_msgs_ros2:${AMENT_PREFIX_PATH} CMAKE_PREFIX_PATH=/opt/ros/humble:/home/anshul/Research/PostDoc/mocap/install/phasespace_msgs_ros2 CONDA_PROMPT_MODIFIER=(base) LD_LIBRARY_PATH=/home/anshul/Research/PostDoc/mocap/install/phasespace_msgs_ros2/lib:${LD_LIBRARY_PATH} PYTHONPATH=/home/anshul/Research/PostDoc/mocap/install/phasespace_msgs_ros2/local/lib/python3.10/dist-packages:${PYTHONPATH} /usr/bin/cmake /home/anshul/Research/PostDoc/mocap/phasespace-mocap-ros2/phasespace_bringup_ros2 -DPython3_EXECUTABLE=/usr/bin/python3 -DCMAKE_INSTALL_PREFIX=/home/anshul/Research/PostDoc/mocap/install/phasespace_bringup_ros2
[0.765s] Invoking command in '/home/anshul/Research/PostDoc/mocap/build/phasespace_bringup_ros2': AMENT_PREFIX_PATH=/home/anshul/Research/PostDoc/mocap/install/phasespace_msgs_ros2:${AMENT_PREFIX_PATH} CMAKE_PREFIX_PATH=/opt/ros/humble:/home/anshul/Research/PostDoc/mocap/install/phasespace_msgs_ros2 CONDA_PROMPT_MODIFIER=(base) LD_LIBRARY_PATH=/home/anshul/Research/PostDoc/mocap/install/phasespace_msgs_ros2/lib:${LD_LIBRARY_PATH} PYTHONPATH=/home/anshul/Research/PostDoc/mocap/install/phasespace_msgs_ros2/local/lib/python3.10/dist-packages:${PYTHONPATH} /usr/bin/cmake --build /home/anshul/Research/PostDoc/mocap/build/phasespace_bringup_ros2 -- -j20 -l20
[0.797s] Consolidate compiler generated dependencies of target phasespace_bringup_node
[0.809s] [100%] Built target phasespace_bringup_node
[30.031s] Invoked command in '/home/anshul/Research/PostDoc/mocap/build/phasespace_bringup_ros2' returned '0': AMENT_PREFIX_PATH=/home/anshul/Research/PostDoc/mocap/install/phasespace_msgs_ros2:${AMENT_PREFIX_PATH} CMAKE_PREFIX_PATH=/opt/ros/humble:/home/anshul/Research/PostDoc/mocap/install/phasespace_msgs_ros2 CONDA_PROMPT_MODIFIER=(base) LD_LIBRARY_PATH=/home/anshul/Research/PostDoc/mocap/install/phasespace_msgs_ros2/lib:${LD_LIBRARY_PATH} PYTHONPATH=/home/anshul/Research/PostDoc/mocap/install/phasespace_msgs_ros2/local/lib/python3.10/dist-packages:${PYTHONPATH} /usr/bin/cmake --build /home/anshul/Research/PostDoc/mocap/build/phasespace_bringup_ros2 -- -j20 -l20
[30.032s] Invoking command in '/home/anshul/Research/PostDoc/mocap/build/phasespace_bringup_ros2': AMENT_PREFIX_PATH=/home/anshul/Research/PostDoc/mocap/install/phasespace_msgs_ros2:${AMENT_PREFIX_PATH} CMAKE_PREFIX_PATH=/opt/ros/humble:/home/anshul/Research/PostDoc/mocap/install/phasespace_msgs_ros2 CONDA_PROMPT_MODIFIER=(base) LD_LIBRARY_PATH=/home/anshul/Research/PostDoc/mocap/install/phasespace_msgs_ros2/lib:${LD_LIBRARY_PATH} PYTHONPATH=/home/anshul/Research/PostDoc/mocap/install/phasespace_msgs_ros2/local/lib/python3.10/dist-packages:${PYTHONPATH} /usr/bin/cmake --install /home/anshul/Research/PostDoc/mocap/build/phasespace_bringup_ros2
[30.039s] -- Install configuration: ""
[30.039s] -- Up-to-date: /home/anshul/Research/PostDoc/mocap/install/phasespace_bringup_ros2/lib/phasespace_bringup_ros2/phasespace_bringup_node
[30.039s] -- Up-to-date: /home/anshul/Research/PostDoc/mocap/install/phasespace_bringup_ros2/include
[30.039s] -- Up-to-date: /home/anshul/Research/PostDoc/mocap/install/phasespace_bringup_ros2/include/phasespace_bringup_ros2
[30.039s] -- Up-to-date: /home/anshul/Research/PostDoc/mocap/install/phasespace_bringup_ros2/include/phasespace_bringup_ros2/owl.hpp
[30.039s] -- Up-to-date: /home/anshul/Research/PostDoc/mocap/install/phasespace_bringup_ros2/include/phasespace_bringup_ros2/owl_math.h
[30.039s] -- Up-to-date: /home/anshul/Research/PostDoc/mocap/install/phasespace_bringup_ros2/include/phasespace_bringup_ros2/owl_rx.hpp
[30.039s] -- Up-to-date: /home/anshul/Research/PostDoc/mocap/install/phasespace_bringup_ros2/lib/libowlsock.so
[30.039s] -- Up-to-date: /home/anshul/Research/PostDoc/mocap/install/phasespace_bringup_ros2/lib/phasespace_bringup_ros2/read_rigids.py
[30.039s] -- Up-to-date: /home/anshul/Research/PostDoc/mocap/install/phasespace_bringup_ros2/lib/phasespace_bringup_ros2/plot_xy_data.py
[30.039s] -- Installing: /home/anshul/Research/PostDoc/mocap/install/phasespace_bringup_ros2/lib/phasespace_bringup_ros2/live_plot_xyz.py
[30.039s] -- Up-to-date: /home/anshul/Research/PostDoc/mocap/install/phasespace_bringup_ros2/share/phasespace_bringup_ros2/launch
[30.039s] -- Up-to-date: /home/anshul/Research/PostDoc/mocap/install/phasespace_bringup_ros2/share/phasespace_bringup_ros2/launch/phasespace_mocap.launch.py
[30.039s] -- Up-to-date: /home/anshul/Research/PostDoc/mocap/install/phasespace_bringup_ros2/share/ament_index/resource_index/package_run_dependencies/phasespace_bringup_ros2
[30.040s] -- Up-to-date: /home/anshul/Research/PostDoc/mocap/install/phasespace_bringup_ros2/share/ament_index/resource_index/parent_prefix_path/phasespace_bringup_ros2
[30.040s] -- Up-to-date: /home/anshul/Research/PostDoc/mocap/install/phasespace_bringup_ros2/share/phasespace_bringup_ros2/environment/ament_prefix_path.sh
[30.040s] -- Installing: /home/anshul/Research/PostDoc/mocap/install/phasespace_bringup_ros2/share/phasespace_bringup_ros2/environment/ament_prefix_path.dsv
[30.040s] -- Up-to-date: /home/anshul/Research/PostDoc/mocap/install/phasespace_bringup_ros2/share/phasespace_bringup_ros2/environment/path.sh
[30.040s] -- Installing: /home/anshul/Research/PostDoc/mocap/install/phasespace_bringup_ros2/share/phasespace_bringup_ros2/environment/path.dsv
[30.040s] -- Up-to-date: /home/anshul/Research/PostDoc/mocap/install/phasespace_bringup_ros2/share/phasespace_bringup_ros2/local_setup.bash
[30.040s] -- Up-to-date: /home/anshul/Research/PostDoc/mocap/install/phasespace_bringup_ros2/share/phasespace_bringup_ros2/local_setup.sh
[30.040s] -- Up-to-date: /home/anshul/Research/PostDoc/mocap/install/phasespace_bringup_ros2/share/phasespace_bringup_ros2/local_setup.zsh
[30.040s] -- Installing: /home/anshul/Research/PostDoc/mocap/install/phasespace_bringup_ros2/share/phasespace_bringup_ros2/local_setup.dsv
[30.040s] -- Installing: /home/anshul/Research/PostDoc/mocap/install/phasespace_bringup_ros2/share/phasespace_bringup_ros2/package.dsv
[30.040s] -- Up-to-date: /home/anshul/Research/PostDoc/mocap/install/phasespace_bringup_ros2/share/ament_index/resource_index/packages/phasespace_bringup_ros2
[30.040s] -- Up-to-date: /home/anshul/Research/PostDoc/mocap/install/phasespace_bringup_ros2/share/phasespace_bringup_ros2/cmake/phasespace_bringup_ros2Config.cmake
[30.040s] -- Up-to-date: /home/anshul/Research/PostDoc/mocap/install/phasespace_bringup_ros2/share/phasespace_bringup_ros2/cmake/phasespace_bringup_ros2Config-version.cmake
[30.040s] -- Up-to-date: /home/anshul/Research/PostDoc/mocap/install/phasespace_bringup_ros2/share/phasespace_bringup_ros2/package.xml
[60.046s] Invoked command in '/home/anshul/Research/PostDoc/mocap/build/phasespace_bringup_ros2' returned '0': AMENT_PREFIX_PATH=/home/anshul/Research/PostDoc/mocap/install/phasespace_msgs_ros2:${AMENT_PREFIX_PATH} CMAKE_PREFIX_PATH=/opt/ros/humble:/home/anshul/Research/PostDoc/mocap/install/phasespace_msgs_ros2 CONDA_PROMPT_MODIFIER=(base) LD_LIBRARY_PATH=/home/anshul/Research/PostDoc/mocap/install/phasespace_msgs_ros2/lib:${LD_LIBRARY_PATH} PYTHONPATH=/home/anshul/Research/PostDoc/mocap/install/phasespace_msgs_ros2/local/lib/python3.10/dist-packages:${PYTHONPATH} /usr/bin/cmake --install /home/anshul/Research/PostDoc/mocap/build/phasespace_bringup_ros2
