[0.061s] DEBUG:colcon:Command line arguments: ['/usr/bin/colcon', 'build', '--base-paths', 'phasespace-mocap-ros2', '--cmake-clean-cache', '--cmake-args', '-DPython3_EXECUTABLE=/usr/bin/python3']
[0.061s] DEBUG:colcon:Parsed command line arguments: Namespace(log_base=None, log_level=None, verb_name='build', build_base='build', install_base='install', merge_install=False, symlink_install=False, test_result_base=None, continue_on_error=False, executor='parallel', parallel_workers=20, event_handlers=None, ignore_user_meta=False, metas=['./colcon.meta'], base_paths=['phasespace-mocap-ros2'], packages_ignore=None, packages_ignore_regex=None, paths=None, packages_up_to=None, packages_up_to_regex=None, packages_above=None, packages_above_and_dependencies=None, packages_above_depth=None, packages_select_by_dep=None, packages_skip_by_dep=None, packages_skip_up_to=None, packages_select_build_failed=False, packages_skip_build_finished=False, packages_select_test_failures=False, packages_skip_test_passed=False, packages_select=None, packages_skip=None, packages_select_regex=None, packages_skip_regex=None, packages_start=None, packages_end=None, allow_overriding=[], cmake_args=['-DPython3_EXECUTABLE=/usr/bin/python3'], cmake_target=None, cmake_target_skip_unavailable=False, cmake_clean_cache=True, cmake_clean_first=False, cmake_force_configure=False, ament_cmake_args=None, catkin_cmake_args=None, catkin_skip_building_tests=False, verb_parser=<colcon_defaults.argument_parser.defaults.DefaultArgumentsDecorator object at 0x7e57d3075d50>, verb_extension=<colcon_core.verb.build.BuildVerb object at 0x7e57d3075900>, main=<bound method BuildVerb.main of <colcon_core.verb.build.BuildVerb object at 0x7e57d3075900>>)
[0.159s] Level 1:colcon.colcon_core.package_discovery:discover_packages(colcon_meta) check parameters
[0.159s] Level 1:colcon.colcon_core.package_discovery:discover_packages(recursive) check parameters
[0.159s] Level 1:colcon.colcon_core.package_discovery:discover_packages(ignore) check parameters
[0.159s] Level 1:colcon.colcon_core.package_discovery:discover_packages(path) check parameters
[0.159s] Level 1:colcon.colcon_core.package_discovery:discover_packages(recursive) discover
[0.159s] INFO:colcon.colcon_core.package_discovery:Crawling recursively for packages in '/home/anshul/Research/PostDoc/mocap/phasespace-mocap-ros2'
[0.159s] Level 1:colcon.colcon_core.package_identification:_identify(phasespace-mocap-ros2) by extensions ['ignore', 'ignore_ament_install']
[0.159s] Level 1:colcon.colcon_core.package_identification:_identify(phasespace-mocap-ros2) by extension 'ignore'
[0.159s] Level 1:colcon.colcon_core.package_identification:_identify(phasespace-mocap-ros2) by extension 'ignore_ament_install'
[0.159s] Level 1:colcon.colcon_core.package_identification:_identify(phasespace-mocap-ros2) by extensions ['colcon_pkg']
[0.159s] Level 1:colcon.colcon_core.package_identification:_identify(phasespace-mocap-ros2) by extension 'colcon_pkg'
[0.159s] Level 1:colcon.colcon_core.package_identification:_identify(phasespace-mocap-ros2) by extensions ['colcon_meta']
[0.159s] Level 1:colcon.colcon_core.package_identification:_identify(phasespace-mocap-ros2) by extension 'colcon_meta'
[0.159s] Level 1:colcon.colcon_core.package_identification:_identify(phasespace-mocap-ros2) by extensions ['ros']
[0.159s] Level 1:colcon.colcon_core.package_identification:_identify(phasespace-mocap-ros2) by extension 'ros'
[0.166s] Level 1:colcon.colcon_core.package_identification:_identify(phasespace-mocap-ros2) by extensions ['cmake', 'python']
[0.166s] Level 1:colcon.colcon_core.package_identification:_identify(phasespace-mocap-ros2) by extension 'cmake'
[0.166s] Level 1:colcon.colcon_core.package_identification:_identify(phasespace-mocap-ros2) by extension 'python'
[0.166s] Level 1:colcon.colcon_core.package_identification:_identify(phasespace-mocap-ros2) by extensions ['python_setup_py']
[0.166s] Level 1:colcon.colcon_core.package_identification:_identify(phasespace-mocap-ros2) by extension 'python_setup_py'
[0.166s] Level 1:colcon.colcon_core.package_identification:_identify(phasespace-mocap-ros2/phasespace_bringup_ros2) by extensions ['ignore', 'ignore_ament_install']
[0.166s] Level 1:colcon.colcon_core.package_identification:_identify(phasespace-mocap-ros2/phasespace_bringup_ros2) by extension 'ignore'
[0.166s] Level 1:colcon.colcon_core.package_identification:_identify(phasespace-mocap-ros2/phasespace_bringup_ros2) by extension 'ignore_ament_install'
[0.166s] Level 1:colcon.colcon_core.package_identification:_identify(phasespace-mocap-ros2/phasespace_bringup_ros2) by extensions ['colcon_pkg']
[0.166s] Level 1:colcon.colcon_core.package_identification:_identify(phasespace-mocap-ros2/phasespace_bringup_ros2) by extension 'colcon_pkg'
[0.166s] Level 1:colcon.colcon_core.package_identification:_identify(phasespace-mocap-ros2/phasespace_bringup_ros2) by extensions ['colcon_meta']
[0.166s] Level 1:colcon.colcon_core.package_identification:_identify(phasespace-mocap-ros2/phasespace_bringup_ros2) by extension 'colcon_meta'
[0.166s] Level 1:colcon.colcon_core.package_identification:_identify(phasespace-mocap-ros2/phasespace_bringup_ros2) by extensions ['ros']
[0.166s] Level 1:colcon.colcon_core.package_identification:_identify(phasespace-mocap-ros2/phasespace_bringup_ros2) by extension 'ros'
[0.168s] DEBUG:colcon.colcon_core.package_identification:Package 'phasespace-mocap-ros2/phasespace_bringup_ros2' with type 'ros.ament_cmake' and name 'phasespace_bringup_ros2'
[0.168s] Level 1:colcon.colcon_core.package_identification:_identify(phasespace-mocap-ros2/phasespace_msgs_ros2) by extensions ['ignore', 'ignore_ament_install']
[0.168s] Level 1:colcon.colcon_core.package_identification:_identify(phasespace-mocap-ros2/phasespace_msgs_ros2) by extension 'ignore'
[0.168s] Level 1:colcon.colcon_core.package_identification:_identify(phasespace-mocap-ros2/phasespace_msgs_ros2) by extension 'ignore_ament_install'
[0.168s] Level 1:colcon.colcon_core.package_identification:_identify(phasespace-mocap-ros2/phasespace_msgs_ros2) by extensions ['colcon_pkg']
[0.168s] Level 1:colcon.colcon_core.package_identification:_identify(phasespace-mocap-ros2/phasespace_msgs_ros2) by extension 'colcon_pkg'
[0.168s] Level 1:colcon.colcon_core.package_identification:_identify(phasespace-mocap-ros2/phasespace_msgs_ros2) by extensions ['colcon_meta']
[0.168s] Level 1:colcon.colcon_core.package_identification:_identify(phasespace-mocap-ros2/phasespace_msgs_ros2) by extension 'colcon_meta'
[0.168s] Level 1:colcon.colcon_core.package_identification:_identify(phasespace-mocap-ros2/phasespace_msgs_ros2) by extensions ['ros']
[0.168s] Level 1:colcon.colcon_core.package_identification:_identify(phasespace-mocap-ros2/phasespace_msgs_ros2) by extension 'ros'
[0.168s] DEBUG:colcon.colcon_core.package_identification:Package 'phasespace-mocap-ros2/phasespace_msgs_ros2' with type 'ros.ament_cmake' and name 'phasespace_msgs_ros2'
[0.168s] Level 1:colcon.colcon_core.package_discovery:discover_packages(recursive) using defaults
[0.186s] Level 1:colcon.colcon_core.package_discovery:discover_packages(prefix_path) check parameters
[0.186s] Level 1:colcon.colcon_core.package_discovery:discover_packages(prefix_path) discover
[0.187s] DEBUG:colcon.colcon_installed_package_information.package_discovery:Found 317 installed packages in /opt/ros/humble
[0.188s] Level 1:colcon.colcon_core.package_discovery:discover_packages(prefix_path) using defaults
[0.209s] Level 5:colcon.colcon_core.verb:set package 'phasespace_msgs_ros2' build argument 'cmake_args' from command line to '['-DPython3_EXECUTABLE=/usr/bin/python3']'
[0.209s] Level 5:colcon.colcon_core.verb:set package 'phasespace_msgs_ros2' build argument 'cmake_target' from command line to 'None'
[0.209s] Level 5:colcon.colcon_core.verb:set package 'phasespace_msgs_ros2' build argument 'cmake_target_skip_unavailable' from command line to 'False'
[0.209s] Level 5:colcon.colcon_core.verb:set package 'phasespace_msgs_ros2' build argument 'cmake_clean_cache' from command line to 'True'
[0.209s] Level 5:colcon.colcon_core.verb:set package 'phasespace_msgs_ros2' build argument 'cmake_clean_first' from command line to 'False'
[0.209s] Level 5:colcon.colcon_core.verb:set package 'phasespace_msgs_ros2' build argument 'cmake_force_configure' from command line to 'False'
[0.209s] Level 5:colcon.colcon_core.verb:set package 'phasespace_msgs_ros2' build argument 'ament_cmake_args' from command line to 'None'
[0.209s] Level 5:colcon.colcon_core.verb:set package 'phasespace_msgs_ros2' build argument 'catkin_cmake_args' from command line to 'None'
[0.209s] Level 5:colcon.colcon_core.verb:set package 'phasespace_msgs_ros2' build argument 'catkin_skip_building_tests' from command line to 'False'
[0.209s] DEBUG:colcon.colcon_core.verb:Building package 'phasespace_msgs_ros2' with the following arguments: {'ament_cmake_args': None, 'build_base': '/home/anshul/Research/PostDoc/mocap/build/phasespace_msgs_ros2', 'catkin_cmake_args': None, 'catkin_skip_building_tests': False, 'cmake_args': ['-DPython3_EXECUTABLE=/usr/bin/python3'], 'cmake_clean_cache': True, 'cmake_clean_first': False, 'cmake_force_configure': False, 'cmake_target': None, 'cmake_target_skip_unavailable': False, 'install_base': '/home/anshul/Research/PostDoc/mocap/install/phasespace_msgs_ros2', 'merge_install': False, 'path': '/home/anshul/Research/PostDoc/mocap/phasespace-mocap-ros2/phasespace_msgs_ros2', 'symlink_install': False, 'test_result_base': None}
[0.209s] Level 5:colcon.colcon_core.verb:set package 'phasespace_bringup_ros2' build argument 'cmake_args' from command line to '['-DPython3_EXECUTABLE=/usr/bin/python3']'
[0.209s] Level 5:colcon.colcon_core.verb:set package 'phasespace_bringup_ros2' build argument 'cmake_target' from command line to 'None'
[0.209s] Level 5:colcon.colcon_core.verb:set package 'phasespace_bringup_ros2' build argument 'cmake_target_skip_unavailable' from command line to 'False'
[0.209s] Level 5:colcon.colcon_core.verb:set package 'phasespace_bringup_ros2' build argument 'cmake_clean_cache' from command line to 'True'
[0.209s] Level 5:colcon.colcon_core.verb:set package 'phasespace_bringup_ros2' build argument 'cmake_clean_first' from command line to 'False'
[0.209s] Level 5:colcon.colcon_core.verb:set package 'phasespace_bringup_ros2' build argument 'cmake_force_configure' from command line to 'False'
[0.210s] Level 5:colcon.colcon_core.verb:set package 'phasespace_bringup_ros2' build argument 'ament_cmake_args' from command line to 'None'
[0.210s] Level 5:colcon.colcon_core.verb:set package 'phasespace_bringup_ros2' build argument 'catkin_cmake_args' from command line to 'None'
[0.210s] Level 5:colcon.colcon_core.verb:set package 'phasespace_bringup_ros2' build argument 'catkin_skip_building_tests' from command line to 'False'
[0.210s] DEBUG:colcon.colcon_core.verb:Building package 'phasespace_bringup_ros2' with the following arguments: {'ament_cmake_args': None, 'build_base': '/home/anshul/Research/PostDoc/mocap/build/phasespace_bringup_ros2', 'catkin_cmake_args': None, 'catkin_skip_building_tests': False, 'cmake_args': ['-DPython3_EXECUTABLE=/usr/bin/python3'], 'cmake_clean_cache': True, 'cmake_clean_first': False, 'cmake_force_configure': False, 'cmake_target': None, 'cmake_target_skip_unavailable': False, 'install_base': '/home/anshul/Research/PostDoc/mocap/install/phasespace_bringup_ros2', 'merge_install': False, 'path': '/home/anshul/Research/PostDoc/mocap/phasespace-mocap-ros2/phasespace_bringup_ros2', 'symlink_install': False, 'test_result_base': None}
[0.210s] INFO:colcon.colcon_core.executor:Executing jobs using 'parallel' executor
[0.210s] DEBUG:colcon.colcon_parallel_executor.executor.parallel:run_until_complete
[0.211s] INFO:colcon.colcon_ros.task.ament_cmake.build:Building ROS package in '/home/anshul/Research/PostDoc/mocap/phasespace-mocap-ros2/phasespace_msgs_ros2' with build type 'ament_cmake'
[0.211s] INFO:colcon.colcon_cmake.task.cmake.build:Building CMake package in '/home/anshul/Research/PostDoc/mocap/phasespace-mocap-ros2/phasespace_msgs_ros2'
[0.212s] INFO:colcon.colcon_core.plugin_system:Skipping extension 'colcon_core.shell.bat': Not used on non-Windows systems
[0.212s] INFO:colcon.colcon_core.shell:Skip shell extension 'powershell' for command environment: Not usable outside of PowerShell
[0.212s] DEBUG:colcon.colcon_core.shell:Skip shell extension 'dsv' for command environment
[0.217s] DEBUG:colcon.colcon_core.event_handler.log_command:Invoking command in '/home/anshul/Research/PostDoc/mocap/build/phasespace_msgs_ros2': CMAKE_PREFIX_PATH=/opt/ros/humble CONDA_PROMPT_MODIFIER=(base) /usr/bin/cmake /home/anshul/Research/PostDoc/mocap/phasespace-mocap-ros2/phasespace_msgs_ros2 -DPython3_EXECUTABLE=/usr/bin/python3 -DCMAKE_INSTALL_PREFIX=/home/anshul/Research/PostDoc/mocap/install/phasespace_msgs_ros2
[1.210s] DEBUG:colcon.colcon_core.event_handler.log_command:Invoked command in '/home/anshul/Research/PostDoc/mocap/build/phasespace_msgs_ros2' returned '0': CMAKE_PREFIX_PATH=/opt/ros/humble CONDA_PROMPT_MODIFIER=(base) /usr/bin/cmake /home/anshul/Research/PostDoc/mocap/phasespace-mocap-ros2/phasespace_msgs_ros2 -DPython3_EXECUTABLE=/usr/bin/python3 -DCMAKE_INSTALL_PREFIX=/home/anshul/Research/PostDoc/mocap/install/phasespace_msgs_ros2
[1.212s] DEBUG:colcon.colcon_core.event_handler.log_command:Invoking command in '/home/anshul/Research/PostDoc/mocap/build/phasespace_msgs_ros2': CMAKE_PREFIX_PATH=/opt/ros/humble CONDA_PROMPT_MODIFIER=(base) /usr/bin/cmake --build /home/anshul/Research/PostDoc/mocap/build/phasespace_msgs_ros2 -- -j20 -l20
[1.438s] DEBUG:colcon.colcon_core.event_handler.log_command:Invoked command in '/home/anshul/Research/PostDoc/mocap/build/phasespace_msgs_ros2' returned '0': CMAKE_PREFIX_PATH=/opt/ros/humble CONDA_PROMPT_MODIFIER=(base) /usr/bin/cmake --build /home/anshul/Research/PostDoc/mocap/build/phasespace_msgs_ros2 -- -j20 -l20
[1.445s] DEBUG:colcon.colcon_core.event_handler.log_command:Invoking command in '/home/anshul/Research/PostDoc/mocap/build/phasespace_msgs_ros2': CMAKE_PREFIX_PATH=/opt/ros/humble CONDA_PROMPT_MODIFIER=(base) /usr/bin/cmake --install /home/anshul/Research/PostDoc/mocap/build/phasespace_msgs_ros2
[30.222s] Level 1:colcon.colcon_core.environment:create_environment_scripts_only(phasespace_msgs_ros2)
[30.222s] DEBUG:colcon.colcon_core.event_handler.log_command:Invoked command in '/home/anshul/Research/PostDoc/mocap/build/phasespace_msgs_ros2' returned '0': CMAKE_PREFIX_PATH=/opt/ros/humble CONDA_PROMPT_MODIFIER=(base) /usr/bin/cmake --install /home/anshul/Research/PostDoc/mocap/build/phasespace_msgs_ros2
[30.223s] Level 1:colcon.colcon_core.environment:checking '/home/anshul/Research/PostDoc/mocap/install/phasespace_msgs_ros2' for CMake module files
[30.224s] Level 1:colcon.colcon_core.environment:checking '/home/anshul/Research/PostDoc/mocap/install/phasespace_msgs_ros2' for CMake config files
[30.224s] Level 1:colcon.colcon_core.shell:create_environment_hook('phasespace_msgs_ros2', 'cmake_prefix_path')
[30.224s] INFO:colcon.colcon_core.shell:Creating environment hook '/home/anshul/Research/PostDoc/mocap/install/phasespace_msgs_ros2/share/phasespace_msgs_ros2/hook/cmake_prefix_path.ps1'
[30.224s] INFO:colcon.colcon_core.shell:Creating environment descriptor '/home/anshul/Research/PostDoc/mocap/install/phasespace_msgs_ros2/share/phasespace_msgs_ros2/hook/cmake_prefix_path.dsv'
[30.225s] INFO:colcon.colcon_core.shell:Creating environment hook '/home/anshul/Research/PostDoc/mocap/install/phasespace_msgs_ros2/share/phasespace_msgs_ros2/hook/cmake_prefix_path.sh'
[30.225s] Level 1:colcon.colcon_core.environment:checking '/home/anshul/Research/PostDoc/mocap/install/phasespace_msgs_ros2/lib'
[30.225s] Level 1:colcon.colcon_core.shell:create_environment_hook('phasespace_msgs_ros2', 'ld_library_path_lib')
[30.225s] INFO:colcon.colcon_core.shell:Creating environment hook '/home/anshul/Research/PostDoc/mocap/install/phasespace_msgs_ros2/share/phasespace_msgs_ros2/hook/ld_library_path_lib.ps1'
[30.226s] INFO:colcon.colcon_core.shell:Creating environment descriptor '/home/anshul/Research/PostDoc/mocap/install/phasespace_msgs_ros2/share/phasespace_msgs_ros2/hook/ld_library_path_lib.dsv'
[30.226s] INFO:colcon.colcon_core.shell:Creating environment hook '/home/anshul/Research/PostDoc/mocap/install/phasespace_msgs_ros2/share/phasespace_msgs_ros2/hook/ld_library_path_lib.sh'
[30.226s] Level 1:colcon.colcon_core.environment:checking '/home/anshul/Research/PostDoc/mocap/install/phasespace_msgs_ros2/bin'
[30.226s] Level 1:colcon.colcon_core.environment:checking '/home/anshul/Research/PostDoc/mocap/install/phasespace_msgs_ros2/lib/pkgconfig/phasespace_msgs_ros2.pc'
[30.226s] Level 1:colcon.colcon_core.environment:checking '/home/anshul/Research/PostDoc/mocap/install/phasespace_msgs_ros2/lib/python3.10/site-packages'
[30.226s] Level 1:colcon.colcon_core.environment:checking '/home/anshul/Research/PostDoc/mocap/install/phasespace_msgs_ros2/bin'
[30.226s] INFO:colcon.colcon_core.shell:Creating package script '/home/anshul/Research/PostDoc/mocap/install/phasespace_msgs_ros2/share/phasespace_msgs_ros2/package.ps1'
[30.227s] INFO:colcon.colcon_core.shell:Creating package descriptor '/home/anshul/Research/PostDoc/mocap/install/phasespace_msgs_ros2/share/phasespace_msgs_ros2/package.dsv'
[30.227s] INFO:colcon.colcon_core.shell:Creating package script '/home/anshul/Research/PostDoc/mocap/install/phasespace_msgs_ros2/share/phasespace_msgs_ros2/package.sh'
[30.227s] INFO:colcon.colcon_core.shell:Creating package script '/home/anshul/Research/PostDoc/mocap/install/phasespace_msgs_ros2/share/phasespace_msgs_ros2/package.bash'
[30.228s] INFO:colcon.colcon_core.shell:Creating package script '/home/anshul/Research/PostDoc/mocap/install/phasespace_msgs_ros2/share/phasespace_msgs_ros2/package.zsh'
[30.228s] Level 1:colcon.colcon_core.environment:create_file_with_runtime_dependencies(/home/anshul/Research/PostDoc/mocap/install/phasespace_msgs_ros2/share/colcon-core/packages/phasespace_msgs_ros2)
[30.228s] Level 1:colcon.colcon_core.environment:create_environment_scripts_only(phasespace_msgs_ros2)
[30.229s] Level 1:colcon.colcon_core.environment:checking '/home/anshul/Research/PostDoc/mocap/install/phasespace_msgs_ros2' for CMake module files
[30.229s] Level 1:colcon.colcon_core.environment:checking '/home/anshul/Research/PostDoc/mocap/install/phasespace_msgs_ros2' for CMake config files
[30.229s] Level 1:colcon.colcon_core.shell:create_environment_hook('phasespace_msgs_ros2', 'cmake_prefix_path')
[30.229s] INFO:colcon.colcon_core.shell:Creating environment hook '/home/anshul/Research/PostDoc/mocap/install/phasespace_msgs_ros2/share/phasespace_msgs_ros2/hook/cmake_prefix_path.ps1'
[30.229s] INFO:colcon.colcon_core.shell:Creating environment descriptor '/home/anshul/Research/PostDoc/mocap/install/phasespace_msgs_ros2/share/phasespace_msgs_ros2/hook/cmake_prefix_path.dsv'
[30.229s] INFO:colcon.colcon_core.shell:Creating environment hook '/home/anshul/Research/PostDoc/mocap/install/phasespace_msgs_ros2/share/phasespace_msgs_ros2/hook/cmake_prefix_path.sh'
[30.230s] Level 1:colcon.colcon_core.environment:checking '/home/anshul/Research/PostDoc/mocap/install/phasespace_msgs_ros2/lib'
[30.230s] Level 1:colcon.colcon_core.shell:create_environment_hook('phasespace_msgs_ros2', 'ld_library_path_lib')
[30.230s] INFO:colcon.colcon_core.shell:Creating environment hook '/home/anshul/Research/PostDoc/mocap/install/phasespace_msgs_ros2/share/phasespace_msgs_ros2/hook/ld_library_path_lib.ps1'
[30.230s] INFO:colcon.colcon_core.shell:Creating environment descriptor '/home/anshul/Research/PostDoc/mocap/install/phasespace_msgs_ros2/share/phasespace_msgs_ros2/hook/ld_library_path_lib.dsv'
[30.230s] INFO:colcon.colcon_core.shell:Creating environment hook '/home/anshul/Research/PostDoc/mocap/install/phasespace_msgs_ros2/share/phasespace_msgs_ros2/hook/ld_library_path_lib.sh'
[30.230s] Level 1:colcon.colcon_core.environment:checking '/home/anshul/Research/PostDoc/mocap/install/phasespace_msgs_ros2/bin'
[30.230s] Level 1:colcon.colcon_core.environment:checking '/home/anshul/Research/PostDoc/mocap/install/phasespace_msgs_ros2/lib/pkgconfig/phasespace_msgs_ros2.pc'
[30.231s] Level 1:colcon.colcon_core.environment:checking '/home/anshul/Research/PostDoc/mocap/install/phasespace_msgs_ros2/lib/python3.10/site-packages'
[30.231s] Level 1:colcon.colcon_core.environment:checking '/home/anshul/Research/PostDoc/mocap/install/phasespace_msgs_ros2/bin'
[30.231s] INFO:colcon.colcon_core.shell:Creating package script '/home/anshul/Research/PostDoc/mocap/install/phasespace_msgs_ros2/share/phasespace_msgs_ros2/package.ps1'
[30.231s] INFO:colcon.colcon_core.shell:Creating package descriptor '/home/anshul/Research/PostDoc/mocap/install/phasespace_msgs_ros2/share/phasespace_msgs_ros2/package.dsv'
[30.231s] INFO:colcon.colcon_core.shell:Creating package script '/home/anshul/Research/PostDoc/mocap/install/phasespace_msgs_ros2/share/phasespace_msgs_ros2/package.sh'
[30.232s] INFO:colcon.colcon_core.shell:Creating package script '/home/anshul/Research/PostDoc/mocap/install/phasespace_msgs_ros2/share/phasespace_msgs_ros2/package.bash'
[30.232s] INFO:colcon.colcon_core.shell:Creating package script '/home/anshul/Research/PostDoc/mocap/install/phasespace_msgs_ros2/share/phasespace_msgs_ros2/package.zsh'
[30.232s] Level 1:colcon.colcon_core.environment:create_file_with_runtime_dependencies(/home/anshul/Research/PostDoc/mocap/install/phasespace_msgs_ros2/share/colcon-core/packages/phasespace_msgs_ros2)
[30.232s] INFO:colcon.colcon_ros.task.ament_cmake.build:Building ROS package in '/home/anshul/Research/PostDoc/mocap/phasespace-mocap-ros2/phasespace_bringup_ros2' with build type 'ament_cmake'
[30.232s] INFO:colcon.colcon_cmake.task.cmake.build:Building CMake package in '/home/anshul/Research/PostDoc/mocap/phasespace-mocap-ros2/phasespace_bringup_ros2'
[30.233s] INFO:colcon.colcon_core.shell:Skip shell extension 'powershell' for command environment: Not usable outside of PowerShell
[30.233s] DEBUG:colcon.colcon_core.shell:Skip shell extension 'dsv' for command environment
[30.239s] DEBUG:colcon.colcon_core.event_handler.log_command:Invoking command in '/home/anshul/Research/PostDoc/mocap/build/phasespace_bringup_ros2': AMENT_PREFIX_PATH=/home/anshul/Research/PostDoc/mocap/install/phasespace_msgs_ros2:${AMENT_PREFIX_PATH} CMAKE_PREFIX_PATH=/opt/ros/humble:/home/anshul/Research/PostDoc/mocap/install/phasespace_msgs_ros2 CONDA_PROMPT_MODIFIER=(base) LD_LIBRARY_PATH=/home/anshul/Research/PostDoc/mocap/install/phasespace_msgs_ros2/lib:${LD_LIBRARY_PATH} PYTHONPATH=/home/anshul/Research/PostDoc/mocap/install/phasespace_msgs_ros2/local/lib/python3.10/dist-packages:${PYTHONPATH} /usr/bin/cmake /home/anshul/Research/PostDoc/mocap/phasespace-mocap-ros2/phasespace_bringup_ros2 -DPython3_EXECUTABLE=/usr/bin/python3 -DCMAKE_INSTALL_PREFIX=/home/anshul/Research/PostDoc/mocap/install/phasespace_bringup_ros2
[60.258s] DEBUG:colcon.colcon_core.event_handler.log_command:Invoked command in '/home/anshul/Research/PostDoc/mocap/build/phasespace_bringup_ros2' returned '0': AMENT_PREFIX_PATH=/home/anshul/Research/PostDoc/mocap/install/phasespace_msgs_ros2:${AMENT_PREFIX_PATH} CMAKE_PREFIX_PATH=/opt/ros/humble:/home/anshul/Research/PostDoc/mocap/install/phasespace_msgs_ros2 CONDA_PROMPT_MODIFIER=(base) LD_LIBRARY_PATH=/home/anshul/Research/PostDoc/mocap/install/phasespace_msgs_ros2/lib:${LD_LIBRARY_PATH} PYTHONPATH=/home/anshul/Research/PostDoc/mocap/install/phasespace_msgs_ros2/local/lib/python3.10/dist-packages:${PYTHONPATH} /usr/bin/cmake /home/anshul/Research/PostDoc/mocap/phasespace-mocap-ros2/phasespace_bringup_ros2 -DPython3_EXECUTABLE=/usr/bin/python3 -DCMAKE_INSTALL_PREFIX=/home/anshul/Research/PostDoc/mocap/install/phasespace_bringup_ros2
[60.259s] DEBUG:colcon.colcon_core.event_handler.log_command:Invoking command in '/home/anshul/Research/PostDoc/mocap/build/phasespace_bringup_ros2': AMENT_PREFIX_PATH=/home/anshul/Research/PostDoc/mocap/install/phasespace_msgs_ros2:${AMENT_PREFIX_PATH} CMAKE_PREFIX_PATH=/opt/ros/humble:/home/anshul/Research/PostDoc/mocap/install/phasespace_msgs_ros2 CONDA_PROMPT_MODIFIER=(base) LD_LIBRARY_PATH=/home/anshul/Research/PostDoc/mocap/install/phasespace_msgs_ros2/lib:${LD_LIBRARY_PATH} PYTHONPATH=/home/anshul/Research/PostDoc/mocap/install/phasespace_msgs_ros2/local/lib/python3.10/dist-packages:${PYTHONPATH} /usr/bin/cmake --build /home/anshul/Research/PostDoc/mocap/build/phasespace_bringup_ros2 -- -j20 -l20
[63.761s] DEBUG:colcon.colcon_core.event_handler.log_command:Invoked command in '/home/anshul/Research/PostDoc/mocap/build/phasespace_bringup_ros2' returned '0': AMENT_PREFIX_PATH=/home/anshul/Research/PostDoc/mocap/install/phasespace_msgs_ros2:${AMENT_PREFIX_PATH} CMAKE_PREFIX_PATH=/opt/ros/humble:/home/anshul/Research/PostDoc/mocap/install/phasespace_msgs_ros2 CONDA_PROMPT_MODIFIER=(base) LD_LIBRARY_PATH=/home/anshul/Research/PostDoc/mocap/install/phasespace_msgs_ros2/lib:${LD_LIBRARY_PATH} PYTHONPATH=/home/anshul/Research/PostDoc/mocap/install/phasespace_msgs_ros2/local/lib/python3.10/dist-packages:${PYTHONPATH} /usr/bin/cmake --build /home/anshul/Research/PostDoc/mocap/build/phasespace_bringup_ros2 -- -j20 -l20
[63.761s] DEBUG:colcon.colcon_core.event_handler.log_command:Invoking command in '/home/anshul/Research/PostDoc/mocap/build/phasespace_bringup_ros2': AMENT_PREFIX_PATH=/home/anshul/Research/PostDoc/mocap/install/phasespace_msgs_ros2:${AMENT_PREFIX_PATH} CMAKE_PREFIX_PATH=/opt/ros/humble:/home/anshul/Research/PostDoc/mocap/install/phasespace_msgs_ros2 CONDA_PROMPT_MODIFIER=(base) LD_LIBRARY_PATH=/home/anshul/Research/PostDoc/mocap/install/phasespace_msgs_ros2/lib:${LD_LIBRARY_PATH} PYTHONPATH=/home/anshul/Research/PostDoc/mocap/install/phasespace_msgs_ros2/local/lib/python3.10/dist-packages:${PYTHONPATH} /usr/bin/cmake --install /home/anshul/Research/PostDoc/mocap/build/phasespace_bringup_ros2
[90.285s] Level 1:colcon.colcon_core.environment:create_environment_scripts_only(phasespace_bringup_ros2)
[90.285s] Level 1:colcon.colcon_core.environment:checking '/home/anshul/Research/PostDoc/mocap/install/phasespace_bringup_ros2' for CMake module files
[90.285s] DEBUG:colcon.colcon_core.event_handler.log_command:Invoked command in '/home/anshul/Research/PostDoc/mocap/build/phasespace_bringup_ros2' returned '0': AMENT_PREFIX_PATH=/home/anshul/Research/PostDoc/mocap/install/phasespace_msgs_ros2:${AMENT_PREFIX_PATH} CMAKE_PREFIX_PATH=/opt/ros/humble:/home/anshul/Research/PostDoc/mocap/install/phasespace_msgs_ros2 CONDA_PROMPT_MODIFIER=(base) LD_LIBRARY_PATH=/home/anshul/Research/PostDoc/mocap/install/phasespace_msgs_ros2/lib:${LD_LIBRARY_PATH} PYTHONPATH=/home/anshul/Research/PostDoc/mocap/install/phasespace_msgs_ros2/local/lib/python3.10/dist-packages:${PYTHONPATH} /usr/bin/cmake --install /home/anshul/Research/PostDoc/mocap/build/phasespace_bringup_ros2
[90.286s] Level 1:colcon.colcon_core.environment:checking '/home/anshul/Research/PostDoc/mocap/install/phasespace_bringup_ros2' for CMake config files
[90.286s] Level 1:colcon.colcon_core.shell:create_environment_hook('phasespace_bringup_ros2', 'cmake_prefix_path')
[90.286s] INFO:colcon.colcon_core.shell:Creating environment hook '/home/anshul/Research/PostDoc/mocap/install/phasespace_bringup_ros2/share/phasespace_bringup_ros2/hook/cmake_prefix_path.ps1'
[90.286s] INFO:colcon.colcon_core.shell:Creating environment descriptor '/home/anshul/Research/PostDoc/mocap/install/phasespace_bringup_ros2/share/phasespace_bringup_ros2/hook/cmake_prefix_path.dsv'
[90.286s] INFO:colcon.colcon_core.shell:Creating environment hook '/home/anshul/Research/PostDoc/mocap/install/phasespace_bringup_ros2/share/phasespace_bringup_ros2/hook/cmake_prefix_path.sh'
[90.286s] Level 1:colcon.colcon_core.environment:checking '/home/anshul/Research/PostDoc/mocap/install/phasespace_bringup_ros2/lib'
[90.287s] Level 1:colcon.colcon_core.shell:create_environment_hook('phasespace_bringup_ros2', 'ld_library_path_lib')
[90.287s] INFO:colcon.colcon_core.shell:Creating environment hook '/home/anshul/Research/PostDoc/mocap/install/phasespace_bringup_ros2/share/phasespace_bringup_ros2/hook/ld_library_path_lib.ps1'
[90.287s] INFO:colcon.colcon_core.shell:Creating environment descriptor '/home/anshul/Research/PostDoc/mocap/install/phasespace_bringup_ros2/share/phasespace_bringup_ros2/hook/ld_library_path_lib.dsv'
[90.287s] INFO:colcon.colcon_core.shell:Creating environment hook '/home/anshul/Research/PostDoc/mocap/install/phasespace_bringup_ros2/share/phasespace_bringup_ros2/hook/ld_library_path_lib.sh'
[90.287s] Level 1:colcon.colcon_core.environment:checking '/home/anshul/Research/PostDoc/mocap/install/phasespace_bringup_ros2/bin'
[90.287s] Level 1:colcon.colcon_core.environment:checking '/home/anshul/Research/PostDoc/mocap/install/phasespace_bringup_ros2/lib/pkgconfig/phasespace_bringup_ros2.pc'
[90.287s] Level 1:colcon.colcon_core.environment:checking '/home/anshul/Research/PostDoc/mocap/install/phasespace_bringup_ros2/lib/python3.10/site-packages'
[90.287s] Level 1:colcon.colcon_core.environment:checking '/home/anshul/Research/PostDoc/mocap/install/phasespace_bringup_ros2/bin'
[90.288s] INFO:colcon.colcon_core.shell:Creating package script '/home/anshul/Research/PostDoc/mocap/install/phasespace_bringup_ros2/share/phasespace_bringup_ros2/package.ps1'
[90.288s] INFO:colcon.colcon_core.shell:Creating package descriptor '/home/anshul/Research/PostDoc/mocap/install/phasespace_bringup_ros2/share/phasespace_bringup_ros2/package.dsv'
[90.288s] INFO:colcon.colcon_core.shell:Creating package script '/home/anshul/Research/PostDoc/mocap/install/phasespace_bringup_ros2/share/phasespace_bringup_ros2/package.sh'
[90.288s] INFO:colcon.colcon_core.shell:Creating package script '/home/anshul/Research/PostDoc/mocap/install/phasespace_bringup_ros2/share/phasespace_bringup_ros2/package.bash'
[90.288s] INFO:colcon.colcon_core.shell:Creating package script '/home/anshul/Research/PostDoc/mocap/install/phasespace_bringup_ros2/share/phasespace_bringup_ros2/package.zsh'
[90.289s] Level 1:colcon.colcon_core.environment:create_file_with_runtime_dependencies(/home/anshul/Research/PostDoc/mocap/install/phasespace_bringup_ros2/share/colcon-core/packages/phasespace_bringup_ros2)
[90.289s] Level 1:colcon.colcon_core.environment:create_environment_scripts_only(phasespace_bringup_ros2)
[90.289s] Level 1:colcon.colcon_core.environment:checking '/home/anshul/Research/PostDoc/mocap/install/phasespace_bringup_ros2' for CMake module files
[90.289s] Level 1:colcon.colcon_core.environment:checking '/home/anshul/Research/PostDoc/mocap/install/phasespace_bringup_ros2' for CMake config files
[90.289s] Level 1:colcon.colcon_core.shell:create_environment_hook('phasespace_bringup_ros2', 'cmake_prefix_path')
[90.289s] INFO:colcon.colcon_core.shell:Creating environment hook '/home/anshul/Research/PostDoc/mocap/install/phasespace_bringup_ros2/share/phasespace_bringup_ros2/hook/cmake_prefix_path.ps1'
[90.289s] INFO:colcon.colcon_core.shell:Creating environment descriptor '/home/anshul/Research/PostDoc/mocap/install/phasespace_bringup_ros2/share/phasespace_bringup_ros2/hook/cmake_prefix_path.dsv'
[90.290s] INFO:colcon.colcon_core.shell:Creating environment hook '/home/anshul/Research/PostDoc/mocap/install/phasespace_bringup_ros2/share/phasespace_bringup_ros2/hook/cmake_prefix_path.sh'
[90.290s] Level 1:colcon.colcon_core.environment:checking '/home/anshul/Research/PostDoc/mocap/install/phasespace_bringup_ros2/lib'
[90.290s] Level 1:colcon.colcon_core.shell:create_environment_hook('phasespace_bringup_ros2', 'ld_library_path_lib')
[90.290s] INFO:colcon.colcon_core.shell:Creating environment hook '/home/anshul/Research/PostDoc/mocap/install/phasespace_bringup_ros2/share/phasespace_bringup_ros2/hook/ld_library_path_lib.ps1'
[90.290s] INFO:colcon.colcon_core.shell:Creating environment descriptor '/home/anshul/Research/PostDoc/mocap/install/phasespace_bringup_ros2/share/phasespace_bringup_ros2/hook/ld_library_path_lib.dsv'
[90.290s] INFO:colcon.colcon_core.shell:Creating environment hook '/home/anshul/Research/PostDoc/mocap/install/phasespace_bringup_ros2/share/phasespace_bringup_ros2/hook/ld_library_path_lib.sh'
[90.291s] Level 1:colcon.colcon_core.environment:checking '/home/anshul/Research/PostDoc/mocap/install/phasespace_bringup_ros2/bin'
[90.291s] Level 1:colcon.colcon_core.environment:checking '/home/anshul/Research/PostDoc/mocap/install/phasespace_bringup_ros2/lib/pkgconfig/phasespace_bringup_ros2.pc'
[90.291s] Level 1:colcon.colcon_core.environment:checking '/home/anshul/Research/PostDoc/mocap/install/phasespace_bringup_ros2/lib/python3.10/site-packages'
[90.291s] Level 1:colcon.colcon_core.environment:checking '/home/anshul/Research/PostDoc/mocap/install/phasespace_bringup_ros2/bin'
[90.291s] INFO:colcon.colcon_core.shell:Creating package script '/home/anshul/Research/PostDoc/mocap/install/phasespace_bringup_ros2/share/phasespace_bringup_ros2/package.ps1'
[90.291s] INFO:colcon.colcon_core.shell:Creating package descriptor '/home/anshul/Research/PostDoc/mocap/install/phasespace_bringup_ros2/share/phasespace_bringup_ros2/package.dsv'
[90.291s] INFO:colcon.colcon_core.shell:Creating package script '/home/anshul/Research/PostDoc/mocap/install/phasespace_bringup_ros2/share/phasespace_bringup_ros2/package.sh'
[90.292s] INFO:colcon.colcon_core.shell:Creating package script '/home/anshul/Research/PostDoc/mocap/install/phasespace_bringup_ros2/share/phasespace_bringup_ros2/package.bash'
[90.292s] INFO:colcon.colcon_core.shell:Creating package script '/home/anshul/Research/PostDoc/mocap/install/phasespace_bringup_ros2/share/phasespace_bringup_ros2/package.zsh'
[90.292s] Level 1:colcon.colcon_core.environment:create_file_with_runtime_dependencies(/home/anshul/Research/PostDoc/mocap/install/phasespace_bringup_ros2/share/colcon-core/packages/phasespace_bringup_ros2)
[90.292s] DEBUG:colcon.colcon_parallel_executor.executor.parallel:closing loop
[90.292s] DEBUG:colcon.colcon_parallel_executor.executor.parallel:loop closed
[90.292s] DEBUG:colcon.colcon_parallel_executor.executor.parallel:run_until_complete finished with '0'
[90.293s] DEBUG:colcon.colcon_core.event_reactor:joining thread
[90.295s] INFO:colcon.colcon_core.plugin_system:Skipping extension 'colcon_notification.desktop_notification.terminal_notifier': Not used on non-Darwin systems
[90.295s] INFO:colcon.colcon_core.plugin_system:Skipping extension 'colcon_notification.desktop_notification.win32': Not used on non-Windows systems
[90.295s] INFO:colcon.colcon_notification.desktop_notification:Sending desktop notification using 'notify2'
[90.295s] DEBUG:colcon.colcon_notification.desktop_notification.notify2:Failed to initialize notify2: org.freedesktop.DBus.Error.AccessDenied: Failed to connect to socket /run/user/1000/bus: Operation not permitted
[90.295s] DEBUG:colcon.colcon_core.event_reactor:joined thread
[90.296s] INFO:colcon.colcon_core.shell:Creating prefix script '/home/anshul/Research/PostDoc/mocap/install/local_setup.ps1'
[90.296s] INFO:colcon.colcon_core.shell:Creating prefix util module '/home/anshul/Research/PostDoc/mocap/install/_local_setup_util_ps1.py'
[90.297s] INFO:colcon.colcon_core.shell:Creating prefix chain script '/home/anshul/Research/PostDoc/mocap/install/setup.ps1'
[90.297s] INFO:colcon.colcon_core.shell:Creating prefix script '/home/anshul/Research/PostDoc/mocap/install/local_setup.sh'
[90.298s] INFO:colcon.colcon_core.shell:Creating prefix util module '/home/anshul/Research/PostDoc/mocap/install/_local_setup_util_sh.py'
[90.298s] INFO:colcon.colcon_core.shell:Creating prefix chain script '/home/anshul/Research/PostDoc/mocap/install/setup.sh'
[90.298s] INFO:colcon.colcon_core.shell:Creating prefix script '/home/anshul/Research/PostDoc/mocap/install/local_setup.bash'
[90.299s] INFO:colcon.colcon_core.shell:Creating prefix chain script '/home/anshul/Research/PostDoc/mocap/install/setup.bash'
[90.299s] INFO:colcon.colcon_core.shell:Creating prefix script '/home/anshul/Research/PostDoc/mocap/install/local_setup.zsh'
[90.299s] INFO:colcon.colcon_core.shell:Creating prefix chain script '/home/anshul/Research/PostDoc/mocap/install/setup.zsh'
