[0.000000] (-) TimerEvent: {}
[0.000184] (phasespace_msgs_ros2) JobQueued: {'identifier': 'phasespace_msgs_ros2', 'dependencies': OrderedDict()}
[0.000506] (phasespace_bringup_ros2) JobQueued: {'identifier': 'phasespace_bringup_ros2', 'dependencies': OrderedDict([('phasespace_msgs_ros2', '/home/anshul/Research/PostDoc/mocap/install/phasespace_msgs_ros2')])}
[0.000532] (phasespace_msgs_ros2) JobStarted: {'identifier': 'phasespace_msgs_ros2'}
[0.004886] (phasespace_msgs_ros2) JobProgress: {'identifier': 'phasespace_msgs_ros2', 'progress': 'cmake'}
[0.005362] (phasespace_msgs_ros2) JobProgress: {'identifier': 'phasespace_msgs_ros2', 'progress': 'build'}
[0.005950] (phasespace_msgs_ros2) Command: {'cmd': ['/usr/bin/cmake', '--build', '/home/anshul/Research/PostDoc/mocap/build/phasespace_msgs_ros2', '--', '-j20', '-l20'], 'cwd': '/home/anshul/Research/PostDoc/mocap/build/phasespace_msgs_ros2', 'env': OrderedDict([('GJS_DEBUG_TOPICS', 'JS ERROR;JS LOG'), ('LESSOPEN', '| /usr/bin/lesspipe %s'), ('VSCODE_CWD', '/home/anshul'), ('VSCODE_ESM_ENTRYPOINT', 'vs/workbench/api/node/extensionHostProcess'), ('CONDA_PROMPT_MODIFIER', '(base)'), ('CODEX_CI', '1'), ('USER', 'anshul'), ('CODEX_INTERNAL_ORIGINATOR_OVERRIDE', 'codex_vscode'), ('VSCODE_NLS_CONFIG', '{"userLocale":"en-us","osLocale":"en-us","resolvedLanguage":"en","defaultMessagesFile":"/usr/share/code/resources/app/out/nls.messages.json","locale":"en-us","availableLanguages":{}}'), ('VSCODE_HANDLES_UNCAUGHT_ERRORS', 'true'), ('XDG_SESSION_TYPE', 'x11'), ('DEBUG', 'release'), ('SHLVL', '0'), ('LD_LIBRARY_PATH', '/home/anshul/casadi/build/lib:/usr/lib/x86_64-linux-gnu/gazebo-11/plugins:/opt/ros/humble/opt/rviz_ogre_vendor/lib:/opt/ros/humble/lib/x86_64-linux-gnu:/opt/ros/humble/lib'), ('HOME', '/home/anshul'), ('CHROME_DESKTOP', 'code.desktop'), ('CONDA_SHLVL', '1'), ('DESKTOP_SESSION', 'ubuntu'), ('VSCODE_IPC_HOOK', '/run/user/1000/vscode-0b922b41-1.99-main.sock'), ('GIO_LAUNCHED_DESKTOP_FILE', '/usr/share/applications/code.desktop'), ('ROS_PYTHON_VERSION', '3'), ('GNOME_SHELL_SESSION_MODE', 'ubuntu'), ('GTK_MODULES', 'gail:atk-bridge'), ('PAGER', 'cat'), ('MANAGERPID', '1996'), ('LC_CTYPE', 'C.UTF-8'), ('SYSTEMD_EXEC_PID', '2292'), ('NO_COLOR', '1'), ('DBUS_SESSION_BUS_ADDRESS', 'unix:path=/run/user/1000/bus'), ('COLORTERM', ''), ('GIO_LAUNCHED_DESKTOP_FILE_PID', '13935'), ('_colcon_cd_root', '/opt/ros/humble/'), ('VSCODE_CRASH_REPORTER_PROCESS_TYPE', 'extensionHost'), ('MANDATORY_PATH', '/usr/share/gconf/ubuntu.mandatory.path'), ('VSCODE_L10N_BUNDLE_LOCATION', ''), ('ROS_DISTRO', 'humble'), ('GTK_IM_MODULE', 'ibus'), ('LOGNAME', 'anshul'), ('JOURNAL_STREAM', '8:17202'), ('_', '/usr/bin/env'), ('ROS_VERSION', '2'), ('XDG_SESSION_CLASS', 'user'), ('DEFAULTS_PATH', '/usr/share/gconf/ubuntu.default.path'), ('RUST_LOG', 'warn'), ('USERNAME', 'anshul'), ('TERM', 'dumb'), ('GNOME_DESKTOP_SESSION_ID', 'this-is-deprecated'), ('ROS_LOCALHOST_ONLY', '0'), ('WINDOWPATH', '2'), ('PATH', '/usr/bin:/bin:/usr/sbin:/sbin:/opt/ros/humble/bin'), ('SESSION_MANAGER', 'local/anshul-Linux:@/tmp/.ICE-unix/2268,unix/anshul-Linux:/tmp/.ICE-unix/2268'), ('INVOCATION_ID', '73cf8843a98c4ec9ad96ba6ba4f95413'), ('XDG_MENU_PREFIX', 'gnome-'), ('XDG_RUNTIME_DIR', '/run/user/1000'), ('GDK_BACKEND', 'x11'), ('DISPLAY', ':1'), ('CODEX_SANDBOX_NETWORK_DISABLED', '1'), ('LANG', 'en_US.UTF-8'), ('XDG_CURRENT_DESKTOP', 'Unity'), ('XMODIFIERS', '@im=ibus'), ('GH_PAGER', 'cat'), ('XDG_SESSION_DESKTOP', 'ubuntu'), ('XAUTHORITY', '/run/user/1000/gdm/Xauthority'), ('SSH_AGENT_LAUNCHER', 'gnome-keyring'), ('SSH_AUTH_SOCK', '/run/user/1000/keyring/ssh'), ('GSETTINGS_SCHEMA_DIR', '/home/anshul/miniconda3/share/glib-2.0/schemas'), ('AMENT_PREFIX_PATH', '/opt/ros/humble'), ('CONDA_PYTHON_EXE', '/home/anshul/miniconda3/bin/python'), ('ORIGINAL_XDG_CURRENT_DESKTOP', 'ubuntu:GNOME'), ('SHELL', '/bin/bash'), ('QT_ACCESSIBILITY', '1'), ('ELECTRON_RUN_AS_NODE', '1'), ('GDMSESSION', 'ubuntu'), ('LESSCLOSE', '/usr/bin/lesspipe %s %s'), ('CONDA_DEFAULT_ENV', 'base'), ('CODEX_THREAD_ID', '019da236-c726-7413-b965-d416169df785'), ('GPG_AGENT_INFO', '/run/user/1000/gnupg/S.gpg-agent:0:1'), ('GJS_DEBUG_OUTPUT', 'stderr'), ('GIT_PAGER', 'cat'), ('QT_IM_MODULE', 'ibus'), ('PWD', '/home/anshul/Research/PostDoc/mocap/build/phasespace_msgs_ros2'), ('LC_ALL', 'en_US.UTF-8'), ('XDG_CONFIG_DIRS', '/etc/xdg/xdg-ubuntu:/etc/xdg'), ('CONDA_EXE', '/home/anshul/miniconda3/bin/conda'), ('VSCODE_CODE_CACHE_PATH', '/home/anshul/.config/Code/CachedData/17baf841131aa23349f217ca7c570c76ee87b957'), ('XDG_DATA_DIRS', '/usr/share/ubuntu:/usr/share/gnome:/usr/local/share/:/usr/share/:/var/lib/snapd/desktop'), ('PYTHONPATH', '/opt/ros/humble/lib/python3.10/site-packages:/opt/ros/humble/local/lib/python3.10/dist-packages'), ('CONDA_PREFIX', '/home/anshul/miniconda3'), ('COLCON', '1'), ('VSCODE_PID', '13935')]), 'shell': False}
[0.045132] (phasespace_msgs_ros2) StdoutLine: {'line': b'[  1%] Built target phasespace_msgs_ros2__cpp\n'}
[0.047628] (phasespace_msgs_ros2) StdoutLine: {'line': b'[ 12%] Built target phasespace_msgs_ros2__rosidl_generator_c\n'}
[0.052509] (phasespace_msgs_ros2) StdoutLine: {'line': b'[ 12%] Built target ament_cmake_python_copy_phasespace_msgs_ros2\n'}
[0.060249] (phasespace_msgs_ros2) StdoutLine: {'line': b'[ 33%] Built target phasespace_msgs_ros2__rosidl_typesupport_introspection_c\n'}
[0.060415] (phasespace_msgs_ros2) StdoutLine: {'line': b'[ 35%] Built target phasespace_msgs_ros2__rosidl_typesupport_introspection_cpp\n'}
[0.062595] (phasespace_msgs_ros2) StdoutLine: {'line': b'[ 46%] Built target phasespace_msgs_ros2__rosidl_typesupport_fastrtps_cpp\n'}
[0.063050] (phasespace_msgs_ros2) StdoutLine: {'line': b'[ 57%] Built target phasespace_msgs_ros2__rosidl_typesupport_c\n'}
[0.063593] (phasespace_msgs_ros2) StdoutLine: {'line': b'[ 69%] Built target phasespace_msgs_ros2__rosidl_typesupport_cpp\n'}
[0.065016] (phasespace_msgs_ros2) StdoutLine: {'line': b'[ 80%] Built target phasespace_msgs_ros2__rosidl_typesupport_fastrtps_c\n'}
[0.080224] (phasespace_msgs_ros2) StdoutLine: {'line': b'[ 80%] Built target phasespace_msgs_ros2\n'}
[0.097195] (phasespace_msgs_ros2) StdoutLine: {'line': b'[ 81%] Generating Python code for ROS interfaces\n'}
[0.099894] (-) TimerEvent: {}
[0.138016] (phasespace_msgs_ros2) StderrLine: {'line': b'Traceback (most recent call last):\n'}
[0.138190] (phasespace_msgs_ros2) StderrLine: {'line': b'  File "/opt/ros/humble/share/rosidl_generator_py/cmake/../../../lib/rosidl_generator_py/rosidl_generator_py", line 8, in <module>\n'}
[0.138241] (phasespace_msgs_ros2) StderrLine: {'line': b'    from rosidl_generator_py import generate_py\n'}
[0.138270] (phasespace_msgs_ros2) StderrLine: {'line': b"ImportError: cannot import name 'generate_py' from 'rosidl_generator_py' (/opt/ros/humble/local/lib/python3.10/dist-packages/rosidl_generator_py/__init__.py)\n"}
[0.143683] (phasespace_msgs_ros2) StderrLine: {'line': b'gmake[2]: *** [phasespace_msgs_ros2__py/CMakeFiles/phasespace_msgs_ros2__py.dir/build.make:138: rosidl_generator_py/phasespace_msgs_ros2/_phasespace_msgs_ros2_s.ep.rosidl_typesupport_fastrtps_c.c] Error 1\n'}
[0.143829] (phasespace_msgs_ros2) StderrLine: {'line': b'gmake[1]: *** [CMakeFiles/Makefile2:590: phasespace_msgs_ros2__py/CMakeFiles/phasespace_msgs_ros2__py.dir/all] Error 2\n'}
[0.143860] (phasespace_msgs_ros2) StderrLine: {'line': b'gmake[1]: *** Waiting for unfinished jobs....\n'}
[0.190943] (phasespace_msgs_ros2) StdoutLine: {'line': b'running egg_info\n'}
[0.191117] (phasespace_msgs_ros2) StdoutLine: {'line': b'writing phasespace_msgs_ros2.egg-info/PKG-INFO\n'}
[0.191273] (phasespace_msgs_ros2) StdoutLine: {'line': b'writing dependency_links to phasespace_msgs_ros2.egg-info/dependency_links.txt\n'}
[0.191487] (phasespace_msgs_ros2) StdoutLine: {'line': b'writing top-level names to phasespace_msgs_ros2.egg-info/top_level.txt\n'}
[0.192656] (phasespace_msgs_ros2) StdoutLine: {'line': b"reading manifest file 'phasespace_msgs_ros2.egg-info/SOURCES.txt'\n"}
[0.192891] (phasespace_msgs_ros2) StdoutLine: {'line': b"writing manifest file 'phasespace_msgs_ros2.egg-info/SOURCES.txt'\n"}
[0.199971] (-) TimerEvent: {}
[0.210769] (phasespace_msgs_ros2) StdoutLine: {'line': b'[ 81%] Built target ament_cmake_python_build_phasespace_msgs_ros2_egg\n'}
[0.211632] (phasespace_msgs_ros2) StderrLine: {'line': b'gmake: *** [Makefile:146: all] Error 2\n'}
[0.212968] (phasespace_msgs_ros2) CommandEnded: {'returncode': 2}
[0.224659] (phasespace_msgs_ros2) JobEnded: {'identifier': 'phasespace_msgs_ros2', 'rc': 2}
[0.234985] (phasespace_bringup_ros2) JobSkipped: {'identifier': 'phasespace_bringup_ros2'}
[0.235022] (-) EventReactorShutdown: {}
