[0.005s] Invoking command in '/home/anshul/Research/PostDoc/mocap/build/phasespace_msgs_ros2': CONDA_PROMPT_MODIFIER=(base) /usr/bin/cmake /home/anshul/Research/PostDoc/mocap/phasespace-mocap-ros2/phasespace_msgs_ros2 -DPython3_EXECUTABLE=/usr/bin/python3 -DCATKIN_INSTALL_INTO_PREFIX_ROOT=0 -DCMAKE_INSTALL_PREFIX=/home/anshul/Research/PostDoc/mocap/install/phasespace_msgs_ros2
[0.047s] -- The C compiler identification is GNU 11.4.0
[0.086s] -- The CXX compiler identification is GNU 11.4.0
[0.091s] -- Detecting C compiler ABI info
[0.140s] -- Detecting C compiler ABI info - done
[0.144s] -- Check for working C compiler: /usr/bin/cc - skipped
[0.144s] -- Detecting C compile features
[0.145s] -- Detecting C compile features - done
[0.147s] -- Detecting CXX compiler ABI info
[0.202s] -- Detecting CXX compiler ABI info - done
[0.207s] -- Check for working CXX compiler: /usr/bin/c++ - skipped
[0.207s] -- Detecting CXX compile features
[0.207s] -- Detecting CXX compile features - done
[0.215s] -- Found ament_cmake: 1.3.11 (/opt/ros/humble/share/ament_cmake/cmake)
[0.326s] -- Found Python3: /usr/bin/python3 (found version "3.10.12") found components: Interpreter 
[0.443s] -- Found rosidl_default_generators: 1.2.0 (/opt/ros/humble/share/rosidl_default_generators/cmake)
[0.450s] -- Using all available rosidl_typesupport_c: rosidl_typesupport_fastrtps_c;rosidl_typesupport_introspection_c
[0.467s] -- Found rosidl_adapter: 3.1.6 (/opt/ros/humble/share/rosidl_adapter/cmake)
[0.534s] -- Using all available rosidl_typesupport_cpp: rosidl_typesupport_fastrtps_cpp;rosidl_typesupport_introspection_cpp
[0.588s] -- Found std_msgs: 4.8.0 (/opt/ros/humble/share/std_msgs/cmake)
[0.794s] -- Found ament_cmake_ros: 0.10.0 (/opt/ros/humble/share/ament_cmake_ros/cmake)
[0.953s] -- Using all available rosidl_typesupport_c: rosidl_typesupport_fastrtps_c;rosidl_typesupport_introspection_c
[1.126s] -- Using all available rosidl_typesupport_cpp: rosidl_typesupport_fastrtps_cpp;rosidl_typesupport_introspection_cpp
[1.140s] -- Found PythonInterp: /usr/bin/python3 (found suitable version "3.10.12", minimum required is "3.6") 
[1.146s] -- Found python_cmake_module: 0.10.0 (/opt/ros/humble/share/python_cmake_module/cmake)
[1.163s] -- Found PythonLibs: /usr/lib/x86_64-linux-gnu/libpython3.10.so (found suitable version "3.10.12", minimum required is "3.5") 
[1.163s] -- Using PYTHON_EXECUTABLE: /usr/bin/python3
[1.163s] -- Using PYTHON_INCLUDE_DIRS: /usr/include/python3.10
[1.163s] -- Using PYTHON_LIBRARIES: /usr/lib/x86_64-linux-gnu/libpython3.10.so
[1.176s] -- Found PythonExtra: .so  
[1.212s] -- Configuring done
[1.235s] -- Generating done
[1.236s] CMake Warning:
[1.236s]   Manually-specified variables were not used by the project:
[1.236s] 
[1.237s]     CATKIN_INSTALL_INTO_PREFIX_ROOT
[1.237s] 
[1.237s] 
[1.243s] -- Build files have been written to: /home/anshul/Research/PostDoc/mocap/build/phasespace_msgs_ros2
[1.249s] Invoked command in '/home/anshul/Research/PostDoc/mocap/build/phasespace_msgs_ros2' returned '0': CONDA_PROMPT_MODIFIER=(base) /usr/bin/cmake /home/anshul/Research/PostDoc/mocap/phasespace-mocap-ros2/phasespace_msgs_ros2 -DPython3_EXECUTABLE=/usr/bin/python3 -DCATKIN_INSTALL_INTO_PREFIX_ROOT=0 -DCMAKE_INSTALL_PREFIX=/home/anshul/Research/PostDoc/mocap/install/phasespace_msgs_ros2
[1.249s] Invoking command in '/home/anshul/Research/PostDoc/mocap/build/phasespace_msgs_ros2': CONDA_PROMPT_MODIFIER=(base) /usr/bin/cmake --build /home/anshul/Research/PostDoc/mocap/build/phasespace_msgs_ros2 -- -j20 -l20
[1.281s] Consolidate compiler generated dependencies of target phasespace_msgs_ros2__rosidl_generator_c
[1.288s] [  1%] Built target phasespace_msgs_ros2__cpp
[1.288s] [ 12%] Built target phasespace_msgs_ros2__rosidl_generator_c
[1.293s] [ 12%] Built target ament_cmake_python_copy_phasespace_msgs_ros2
[1.295s] Consolidate compiler generated dependencies of target phasespace_msgs_ros2__rosidl_typesupport_c
[1.295s] Consolidate compiler generated dependencies of target phasespace_msgs_ros2__rosidl_typesupport_introspection_c
[1.299s] Consolidate compiler generated dependencies of target phasespace_msgs_ros2__rosidl_typesupport_introspection_cpp
[1.299s] Consolidate compiler generated dependencies of target phasespace_msgs_ros2__rosidl_typesupport_fastrtps_cpp
[1.300s] Consolidate compiler generated dependencies of target phasespace_msgs_ros2__rosidl_typesupport_fastrtps_c
[1.301s] Consolidate compiler generated dependencies of target phasespace_msgs_ros2__rosidl_typesupport_cpp
[1.303s] [ 35%] Built target phasespace_msgs_ros2__rosidl_typesupport_c
[1.303s] [ 35%] Built target phasespace_msgs_ros2__rosidl_typesupport_introspection_c
[1.308s] [ 46%] Built target phasespace_msgs_ros2__rosidl_typesupport_introspection_cpp
[1.308s] [ 57%] Built target phasespace_msgs_ros2__rosidl_typesupport_cpp
[1.310s] [ 69%] Built target phasespace_msgs_ros2__rosidl_typesupport_fastrtps_cpp
[1.311s] [ 80%] Built target phasespace_msgs_ros2__rosidl_typesupport_fastrtps_c
[1.325s] [ 80%] Built target phasespace_msgs_ros2
[1.340s] [ 81%] Generating Python code for ROS interfaces
[1.456s] running egg_info
[1.457s] writing phasespace_msgs_ros2.egg-info/PKG-INFO
[1.457s] writing dependency_links to phasespace_msgs_ros2.egg-info/dependency_links.txt
[1.457s] writing top-level names to phasespace_msgs_ros2.egg-info/top_level.txt
[1.459s] reading manifest file 'phasespace_msgs_ros2.egg-info/SOURCES.txt'
[1.459s] writing manifest file 'phasespace_msgs_ros2.egg-info/SOURCES.txt'
[1.477s] [ 81%] Built target ament_cmake_python_build_phasespace_msgs_ros2_egg
[1.854s] [ 81%] Built target phasespace_msgs_ros2__py
[1.869s] [ 83%] Building C object CMakeFiles/phasespace_msgs_ros2__rosidl_generator_py.dir/rosidl_generator_py/phasespace_msgs_ros2/msg/_camera_s.c.o
[1.869s] [ 84%] Building C object CMakeFiles/phasespace_msgs_ros2__rosidl_generator_py.dir/rosidl_generator_py/phasespace_msgs_ros2/msg/_rigids_s.c.o
[1.871s] [ 87%] Building C object CMakeFiles/phasespace_msgs_ros2__rosidl_generator_py.dir/rosidl_generator_py/phasespace_msgs_ros2/msg/_marker_s.c.o
[1.871s] [ 87%] Building C object CMakeFiles/phasespace_msgs_ros2__rosidl_generator_py.dir/rosidl_generator_py/phasespace_msgs_ros2/msg/_cameras_s.c.o
[1.871s] [ 88%] Building C object CMakeFiles/phasespace_msgs_ros2__rosidl_generator_py.dir/rosidl_generator_py/phasespace_msgs_ros2/msg/_rigid_s.c.o
[1.871s] [ 90%] Building C object CMakeFiles/phasespace_msgs_ros2__rosidl_generator_py.dir/rosidl_generator_py/phasespace_msgs_ros2/msg/_markers_s.c.o
[1.970s] [ 91%] Linking C shared library rosidl_generator_py/phasespace_msgs_ros2/libphasespace_msgs_ros2__rosidl_generator_py.so
[2.005s] [ 91%] Built target phasespace_msgs_ros2__rosidl_generator_py
[2.020s] [ 94%] Building C object CMakeFiles/phasespace_msgs_ros2__rosidl_typesupport_c__pyext.dir/rosidl_generator_py/phasespace_msgs_ros2/_phasespace_msgs_ros2_s.ep.rosidl_typesupport_c.c.o
[2.020s] [ 94%] Building C object CMakeFiles/phasespace_msgs_ros2__rosidl_typesupport_introspection_c__pyext.dir/rosidl_generator_py/phasespace_msgs_ros2/_phasespace_msgs_ros2_s.ep.rosidl_typesupport_introspection_c.c.o
[2.020s] [ 95%] Building C object CMakeFiles/phasespace_msgs_ros2__rosidl_typesupport_fastrtps_c__pyext.dir/rosidl_generator_py/phasespace_msgs_ros2/_phasespace_msgs_ros2_s.ep.rosidl_typesupport_fastrtps_c.c.o
[2.091s] [100%] Linking C shared library rosidl_generator_py/phasespace_msgs_ros2/phasespace_msgs_ros2_s__rosidl_typesupport_c.cpython-310-x86_64-linux-gnu.so
[2.091s] [100%] Linking C shared library rosidl_generator_py/phasespace_msgs_ros2/phasespace_msgs_ros2_s__rosidl_typesupport_introspection_c.cpython-310-x86_64-linux-gnu.so
[2.092s] [100%] Linking C shared library rosidl_generator_py/phasespace_msgs_ros2/phasespace_msgs_ros2_s__rosidl_typesupport_fastrtps_c.cpython-310-x86_64-linux-gnu.so
[2.118s] [100%] Built target phasespace_msgs_ros2__rosidl_typesupport_c__pyext
[2.118s] [100%] Built target phasespace_msgs_ros2__rosidl_typesupport_fastrtps_c__pyext
[2.118s] [100%] Built target phasespace_msgs_ros2__rosidl_typesupport_introspection_c__pyext
[2.126s] Invoked command in '/home/anshul/Research/PostDoc/mocap/build/phasespace_msgs_ros2' returned '0': CONDA_PROMPT_MODIFIER=(base) /usr/bin/cmake --build /home/anshul/Research/PostDoc/mocap/build/phasespace_msgs_ros2 -- -j20 -l20
[2.134s] Invoking command in '/home/anshul/Research/PostDoc/mocap/build/phasespace_msgs_ros2': CONDA_PROMPT_MODIFIER=(base) /usr/bin/cmake --install /home/anshul/Research/PostDoc/mocap/build/phasespace_msgs_ros2
[2.140s] -- Install configuration: ""
[2.140s] -- Installing: /home/anshul/Research/PostDoc/mocap/install/phasespace_msgs_ros2/share/ament_index/resource_index/rosidl_interfaces/phasespace_msgs_ros2
[2.140s] -- Installing: /home/anshul/Research/PostDoc/mocap/install/phasespace_msgs_ros2/include/phasespace_msgs_ros2/phasespace_msgs_ros2
[2.140s] -- Installing: /home/anshul/Research/PostDoc/mocap/install/phasespace_msgs_ros2/include/phasespace_msgs_ros2/phasespace_msgs_ros2/msg
[2.140s] -- Installing: /home/anshul/Research/PostDoc/mocap/install/phasespace_msgs_ros2/include/phasespace_msgs_ros2/phasespace_msgs_ros2/msg/cameras.h
[2.140s] -- Installing: /home/anshul/Research/PostDoc/mocap/install/phasespace_msgs_ros2/include/phasespace_msgs_ros2/phasespace_msgs_ros2/msg/marker.h
[2.140s] -- Installing: /home/anshul/Research/PostDoc/mocap/install/phasespace_msgs_ros2/include/phasespace_msgs_ros2/phasespace_msgs_ros2/msg/rigid.h
[2.140s] -- Installing: /home/anshul/Research/PostDoc/mocap/install/phasespace_msgs_ros2/include/phasespace_msgs_ros2/phasespace_msgs_ros2/msg/rosidl_generator_c__visibility_control.h
[2.140s] -- Installing: /home/anshul/Research/PostDoc/mocap/install/phasespace_msgs_ros2/include/phasespace_msgs_ros2/phasespace_msgs_ros2/msg/camera.h
[2.140s] -- Installing: /home/anshul/Research/PostDoc/mocap/install/phasespace_msgs_ros2/include/phasespace_msgs_ros2/phasespace_msgs_ros2/msg/detail
[2.140s] -- Installing: /home/anshul/Research/PostDoc/mocap/install/phasespace_msgs_ros2/include/phasespace_msgs_ros2/phasespace_msgs_ros2/msg/detail/marker__functions.h
[2.140s] -- Installing: /home/anshul/Research/PostDoc/mocap/install/phasespace_msgs_ros2/include/phasespace_msgs_ros2/phasespace_msgs_ros2/msg/detail/rigid__type_support.h
[2.140s] -- Installing: /home/anshul/Research/PostDoc/mocap/install/phasespace_msgs_ros2/include/phasespace_msgs_ros2/phasespace_msgs_ros2/msg/detail/cameras__struct.h
[2.140s] -- Installing: /home/anshul/Research/PostDoc/mocap/install/phasespace_msgs_ros2/include/phasespace_msgs_ros2/phasespace_msgs_ros2/msg/detail/rigids__type_support.h
[2.141s] -- Installing: /home/anshul/Research/PostDoc/mocap/install/phasespace_msgs_ros2/include/phasespace_msgs_ros2/phasespace_msgs_ros2/msg/detail/rigids__functions.c
[2.141s] -- Installing: /home/anshul/Research/PostDoc/mocap/install/phasespace_msgs_ros2/include/phasespace_msgs_ros2/phasespace_msgs_ros2/msg/detail/rigids__struct.h
[2.141s] -- Installing: /home/anshul/Research/PostDoc/mocap/install/phasespace_msgs_ros2/include/phasespace_msgs_ros2/phasespace_msgs_ros2/msg/detail/camera__functions.c
[2.141s] -- Installing: /home/anshul/Research/PostDoc/mocap/install/phasespace_msgs_ros2/include/phasespace_msgs_ros2/phasespace_msgs_ros2/msg/detail/marker__type_support.h
[2.141s] -- Installing: /home/anshul/Research/PostDoc/mocap/install/phasespace_msgs_ros2/include/phasespace_msgs_ros2/phasespace_msgs_ros2/msg/detail/markers__functions.h
[2.141s] -- Installing: /home/anshul/Research/PostDoc/mocap/install/phasespace_msgs_ros2/include/phasespace_msgs_ros2/phasespace_msgs_ros2/msg/detail/rigids__functions.h
[2.141s] -- Installing: /home/anshul/Research/PostDoc/mocap/install/phasespace_msgs_ros2/include/phasespace_msgs_ros2/phasespace_msgs_ros2/msg/detail/cameras__functions.c
[2.141s] -- Installing: /home/anshul/Research/PostDoc/mocap/install/phasespace_msgs_ros2/include/phasespace_msgs_ros2/phasespace_msgs_ros2/msg/detail/markers__type_support.h
[2.141s] -- Installing: /home/anshul/Research/PostDoc/mocap/install/phasespace_msgs_ros2/include/phasespace_msgs_ros2/phasespace_msgs_ros2/msg/detail/cameras__functions.h
[2.141s] -- Installing: /home/anshul/Research/PostDoc/mocap/install/phasespace_msgs_ros2/include/phasespace_msgs_ros2/phasespace_msgs_ros2/msg/detail/camera__functions.h
[2.141s] -- Installing: /home/anshul/Research/PostDoc/mocap/install/phasespace_msgs_ros2/include/phasespace_msgs_ros2/phasespace_msgs_ros2/msg/detail/camera__type_support.h
[2.141s] -- Installing: /home/anshul/Research/PostDoc/mocap/install/phasespace_msgs_ros2/include/phasespace_msgs_ros2/phasespace_msgs_ros2/msg/detail/camera__struct.h
[2.141s] -- Installing: /home/anshul/Research/PostDoc/mocap/install/phasespace_msgs_ros2/include/phasespace_msgs_ros2/phasespace_msgs_ros2/msg/detail/cameras__type_support.h
[2.141s] -- Installing: /home/anshul/Research/PostDoc/mocap/install/phasespace_msgs_ros2/include/phasespace_msgs_ros2/phasespace_msgs_ros2/msg/detail/rigid__struct.h
[2.141s] -- Installing: /home/anshul/Research/PostDoc/mocap/install/phasespace_msgs_ros2/include/phasespace_msgs_ros2/phasespace_msgs_ros2/msg/detail/rigid__functions.h
[2.141s] -- Installing: /home/anshul/Research/PostDoc/mocap/install/phasespace_msgs_ros2/include/phasespace_msgs_ros2/phasespace_msgs_ros2/msg/detail/markers__struct.h
[2.141s] -- Installing: /home/anshul/Research/PostDoc/mocap/install/phasespace_msgs_ros2/include/phasespace_msgs_ros2/phasespace_msgs_ros2/msg/detail/markers__functions.c
[2.141s] -- Installing: /home/anshul/Research/PostDoc/mocap/install/phasespace_msgs_ros2/include/phasespace_msgs_ros2/phasespace_msgs_ros2/msg/detail/marker__functions.c
[2.141s] -- Installing: /home/anshul/Research/PostDoc/mocap/install/phasespace_msgs_ros2/include/phasespace_msgs_ros2/phasespace_msgs_ros2/msg/detail/rigid__functions.c
[2.141s] -- Installing: /home/anshul/Research/PostDoc/mocap/install/phasespace_msgs_ros2/include/phasespace_msgs_ros2/phasespace_msgs_ros2/msg/detail/marker__struct.h
[2.141s] -- Installing: /home/anshul/Research/PostDoc/mocap/install/phasespace_msgs_ros2/include/phasespace_msgs_ros2/phasespace_msgs_ros2/msg/markers.h
[2.141s] -- Installing: /home/anshul/Research/PostDoc/mocap/install/phasespace_msgs_ros2/include/phasespace_msgs_ros2/phasespace_msgs_ros2/msg/rigids.h
[2.141s] -- Installing: /home/anshul/Research/PostDoc/mocap/install/phasespace_msgs_ros2/share/phasespace_msgs_ros2/environment/library_path.sh
[2.141s] -- Installing: /home/anshul/Research/PostDoc/mocap/install/phasespace_msgs_ros2/share/phasespace_msgs_ros2/environment/library_path.dsv
[2.141s] -- Installing: /home/anshul/Research/PostDoc/mocap/install/phasespace_msgs_ros2/lib/libphasespace_msgs_ros2__rosidl_generator_c.so
[2.141s] -- Set runtime path of "/home/anshul/Research/PostDoc/mocap/install/phasespace_msgs_ros2/lib/libphasespace_msgs_ros2__rosidl_generator_c.so" to ""
[2.141s] -- Up-to-date: /home/anshul/Research/PostDoc/mocap/install/phasespace_msgs_ros2/include/phasespace_msgs_ros2/phasespace_msgs_ros2
[2.142s] -- Up-to-date: /home/anshul/Research/PostDoc/mocap/install/phasespace_msgs_ros2/include/phasespace_msgs_ros2/phasespace_msgs_ros2/msg
[2.142s] -- Up-to-date: /home/anshul/Research/PostDoc/mocap/install/phasespace_msgs_ros2/include/phasespace_msgs_ros2/phasespace_msgs_ros2/msg/detail
[2.142s] -- Installing: /home/anshul/Research/PostDoc/mocap/install/phasespace_msgs_ros2/include/phasespace_msgs_ros2/phasespace_msgs_ros2/msg/detail/cameras__rosidl_typesupport_fastrtps_c.h
[2.142s] -- Installing: /home/anshul/Research/PostDoc/mocap/install/phasespace_msgs_ros2/include/phasespace_msgs_ros2/phasespace_msgs_ros2/msg/detail/rigids__rosidl_typesupport_fastrtps_c.h
[2.142s] -- Installing: /home/anshul/Research/PostDoc/mocap/install/phasespace_msgs_ros2/include/phasespace_msgs_ros2/phasespace_msgs_ros2/msg/detail/camera__rosidl_typesupport_fastrtps_c.h
[2.142s] -- Installing: /home/anshul/Research/PostDoc/mocap/install/phasespace_msgs_ros2/include/phasespace_msgs_ros2/phasespace_msgs_ros2/msg/detail/marker__rosidl_typesupport_fastrtps_c.h
[2.142s] -- Installing: /home/anshul/Research/PostDoc/mocap/install/phasespace_msgs_ros2/include/phasespace_msgs_ros2/phasespace_msgs_ros2/msg/detail/markers__rosidl_typesupport_fastrtps_c.h
[2.142s] -- Installing: /home/anshul/Research/PostDoc/mocap/install/phasespace_msgs_ros2/include/phasespace_msgs_ros2/phasespace_msgs_ros2/msg/detail/rigid__rosidl_typesupport_fastrtps_c.h
[2.142s] -- Installing: /home/anshul/Research/PostDoc/mocap/install/phasespace_msgs_ros2/include/phasespace_msgs_ros2/phasespace_msgs_ros2/msg/rosidl_typesupport_fastrtps_c__visibility_control.h
[2.142s] -- Installing: /home/anshul/Research/PostDoc/mocap/install/phasespace_msgs_ros2/lib/libphasespace_msgs_ros2__rosidl_typesupport_fastrtps_c.so
[2.142s] -- Set runtime path of "/home/anshul/Research/PostDoc/mocap/install/phasespace_msgs_ros2/lib/libphasespace_msgs_ros2__rosidl_typesupport_fastrtps_c.so" to ""
[2.142s] -- Up-to-date: /home/anshul/Research/PostDoc/mocap/install/phasespace_msgs_ros2/include/phasespace_msgs_ros2/phasespace_msgs_ros2
[2.142s] -- Up-to-date: /home/anshul/Research/PostDoc/mocap/install/phasespace_msgs_ros2/include/phasespace_msgs_ros2/phasespace_msgs_ros2/msg
[2.142s] -- Up-to-date: /home/anshul/Research/PostDoc/mocap/install/phasespace_msgs_ros2/include/phasespace_msgs_ros2/phasespace_msgs_ros2/msg/detail
[2.142s] -- Installing: /home/anshul/Research/PostDoc/mocap/install/phasespace_msgs_ros2/include/phasespace_msgs_ros2/phasespace_msgs_ros2/msg/detail/camera__rosidl_typesupport_introspection_c.h
[2.142s] -- Installing: /home/anshul/Research/PostDoc/mocap/install/phasespace_msgs_ros2/include/phasespace_msgs_ros2/phasespace_msgs_ros2/msg/detail/markers__type_support.c
[2.142s] -- Installing: /home/anshul/Research/PostDoc/mocap/install/phasespace_msgs_ros2/include/phasespace_msgs_ros2/phasespace_msgs_ros2/msg/detail/rigid__rosidl_typesupport_introspection_c.h
[2.142s] -- Installing: /home/anshul/Research/PostDoc/mocap/install/phasespace_msgs_ros2/include/phasespace_msgs_ros2/phasespace_msgs_ros2/msg/detail/marker__type_support.c
[2.142s] -- Installing: /home/anshul/Research/PostDoc/mocap/install/phasespace_msgs_ros2/include/phasespace_msgs_ros2/phasespace_msgs_ros2/msg/detail/rigids__type_support.c
[2.142s] -- Installing: /home/anshul/Research/PostDoc/mocap/install/phasespace_msgs_ros2/include/phasespace_msgs_ros2/phasespace_msgs_ros2/msg/detail/camera__type_support.c
[2.142s] -- Installing: /home/anshul/Research/PostDoc/mocap/install/phasespace_msgs_ros2/include/phasespace_msgs_ros2/phasespace_msgs_ros2/msg/detail/rigids__rosidl_typesupport_introspection_c.h
[2.142s] -- Installing: /home/anshul/Research/PostDoc/mocap/install/phasespace_msgs_ros2/include/phasespace_msgs_ros2/phasespace_msgs_ros2/msg/detail/cameras__rosidl_typesupport_introspection_c.h
[2.143s] -- Installing: /home/anshul/Research/PostDoc/mocap/install/phasespace_msgs_ros2/include/phasespace_msgs_ros2/phasespace_msgs_ros2/msg/detail/rigid__type_support.c
[2.143s] -- Installing: /home/anshul/Research/PostDoc/mocap/install/phasespace_msgs_ros2/include/phasespace_msgs_ros2/phasespace_msgs_ros2/msg/detail/markers__rosidl_typesupport_introspection_c.h
[2.143s] -- Installing: /home/anshul/Research/PostDoc/mocap/install/phasespace_msgs_ros2/include/phasespace_msgs_ros2/phasespace_msgs_ros2/msg/detail/marker__rosidl_typesupport_introspection_c.h
[2.143s] -- Installing: /home/anshul/Research/PostDoc/mocap/install/phasespace_msgs_ros2/include/phasespace_msgs_ros2/phasespace_msgs_ros2/msg/detail/cameras__type_support.c
[2.143s] -- Installing: /home/anshul/Research/PostDoc/mocap/install/phasespace_msgs_ros2/include/phasespace_msgs_ros2/phasespace_msgs_ros2/msg/rosidl_typesupport_introspection_c__visibility_control.h
[2.143s] -- Installing: /home/anshul/Research/PostDoc/mocap/install/phasespace_msgs_ros2/lib/libphasespace_msgs_ros2__rosidl_typesupport_introspection_c.so
[2.143s] -- Set runtime path of "/home/anshul/Research/PostDoc/mocap/install/phasespace_msgs_ros2/lib/libphasespace_msgs_ros2__rosidl_typesupport_introspection_c.so" to ""
[2.143s] -- Installing: /home/anshul/Research/PostDoc/mocap/install/phasespace_msgs_ros2/lib/libphasespace_msgs_ros2__rosidl_typesupport_c.so
[2.143s] -- Set runtime path of "/home/anshul/Research/PostDoc/mocap/install/phasespace_msgs_ros2/lib/libphasespace_msgs_ros2__rosidl_typesupport_c.so" to ""
[2.143s] -- Up-to-date: /home/anshul/Research/PostDoc/mocap/install/phasespace_msgs_ros2/include/phasespace_msgs_ros2/phasespace_msgs_ros2
[2.143s] -- Up-to-date: /home/anshul/Research/PostDoc/mocap/install/phasespace_msgs_ros2/include/phasespace_msgs_ros2/phasespace_msgs_ros2/msg
[2.143s] -- Installing: /home/anshul/Research/PostDoc/mocap/install/phasespace_msgs_ros2/include/phasespace_msgs_ros2/phasespace_msgs_ros2/msg/markers.hpp
[2.143s] -- Installing: /home/anshul/Research/PostDoc/mocap/install/phasespace_msgs_ros2/include/phasespace_msgs_ros2/phasespace_msgs_ros2/msg/camera.hpp
[2.143s] -- Installing: /home/anshul/Research/PostDoc/mocap/install/phasespace_msgs_ros2/include/phasespace_msgs_ros2/phasespace_msgs_ros2/msg/rosidl_generator_cpp__visibility_control.hpp
[2.143s] -- Up-to-date: /home/anshul/Research/PostDoc/mocap/install/phasespace_msgs_ros2/include/phasespace_msgs_ros2/phasespace_msgs_ros2/msg/detail
[2.143s] -- Installing: /home/anshul/Research/PostDoc/mocap/install/phasespace_msgs_ros2/include/phasespace_msgs_ros2/phasespace_msgs_ros2/msg/detail/camera__builder.hpp
[2.143s] -- Installing: /home/anshul/Research/PostDoc/mocap/install/phasespace_msgs_ros2/include/phasespace_msgs_ros2/phasespace_msgs_ros2/msg/detail/rigids__builder.hpp
[2.143s] -- Installing: /home/anshul/Research/PostDoc/mocap/install/phasespace_msgs_ros2/include/phasespace_msgs_ros2/phasespace_msgs_ros2/msg/detail/markers__struct.hpp
[2.143s] -- Installing: /home/anshul/Research/PostDoc/mocap/install/phasespace_msgs_ros2/include/phasespace_msgs_ros2/phasespace_msgs_ros2/msg/detail/marker__struct.hpp
[2.143s] -- Installing: /home/anshul/Research/PostDoc/mocap/install/phasespace_msgs_ros2/include/phasespace_msgs_ros2/phasespace_msgs_ros2/msg/detail/cameras__struct.hpp
[2.143s] -- Installing: /home/anshul/Research/PostDoc/mocap/install/phasespace_msgs_ros2/include/phasespace_msgs_ros2/phasespace_msgs_ros2/msg/detail/camera__type_support.hpp
[2.143s] -- Installing: /home/anshul/Research/PostDoc/mocap/install/phasespace_msgs_ros2/include/phasespace_msgs_ros2/phasespace_msgs_ros2/msg/detail/marker__type_support.hpp
[2.143s] -- Installing: /home/anshul/Research/PostDoc/mocap/install/phasespace_msgs_ros2/include/phasespace_msgs_ros2/phasespace_msgs_ros2/msg/detail/rigid__builder.hpp
[2.143s] -- Installing: /home/anshul/Research/PostDoc/mocap/install/phasespace_msgs_ros2/include/phasespace_msgs_ros2/phasespace_msgs_ros2/msg/detail/marker__traits.hpp
[2.143s] -- Installing: /home/anshul/Research/PostDoc/mocap/install/phasespace_msgs_ros2/include/phasespace_msgs_ros2/phasespace_msgs_ros2/msg/detail/rigid__traits.hpp
[2.144s] -- Installing: /home/anshul/Research/PostDoc/mocap/install/phasespace_msgs_ros2/include/phasespace_msgs_ros2/phasespace_msgs_ros2/msg/detail/rigids__traits.hpp
[2.144s] -- Installing: /home/anshul/Research/PostDoc/mocap/install/phasespace_msgs_ros2/include/phasespace_msgs_ros2/phasespace_msgs_ros2/msg/detail/rigid__struct.hpp
[2.144s] -- Installing: /home/anshul/Research/PostDoc/mocap/install/phasespace_msgs_ros2/include/phasespace_msgs_ros2/phasespace_msgs_ros2/msg/detail/cameras__type_support.hpp
[2.144s] -- Installing: /home/anshul/Research/PostDoc/mocap/install/phasespace_msgs_ros2/include/phasespace_msgs_ros2/phasespace_msgs_ros2/msg/detail/cameras__traits.hpp
[2.144s] -- Installing: /home/anshul/Research/PostDoc/mocap/install/phasespace_msgs_ros2/include/phasespace_msgs_ros2/phasespace_msgs_ros2/msg/detail/cameras__builder.hpp
[2.144s] -- Installing: /home/anshul/Research/PostDoc/mocap/install/phasespace_msgs_ros2/include/phasespace_msgs_ros2/phasespace_msgs_ros2/msg/detail/rigid__type_support.hpp
[2.144s] -- Installing: /home/anshul/Research/PostDoc/mocap/install/phasespace_msgs_ros2/include/phasespace_msgs_ros2/phasespace_msgs_ros2/msg/detail/rigids__struct.hpp
[2.144s] -- Installing: /home/anshul/Research/PostDoc/mocap/install/phasespace_msgs_ros2/include/phasespace_msgs_ros2/phasespace_msgs_ros2/msg/detail/markers__builder.hpp
[2.144s] -- Installing: /home/anshul/Research/PostDoc/mocap/install/phasespace_msgs_ros2/include/phasespace_msgs_ros2/phasespace_msgs_ros2/msg/detail/marker__builder.hpp
[2.144s] -- Installing: /home/anshul/Research/PostDoc/mocap/install/phasespace_msgs_ros2/include/phasespace_msgs_ros2/phasespace_msgs_ros2/msg/detail/camera__struct.hpp
[2.144s] -- Installing: /home/anshul/Research/PostDoc/mocap/install/phasespace_msgs_ros2/include/phasespace_msgs_ros2/phasespace_msgs_ros2/msg/detail/markers__type_support.hpp
[2.144s] -- Installing: /home/anshul/Research/PostDoc/mocap/install/phasespace_msgs_ros2/include/phasespace_msgs_ros2/phasespace_msgs_ros2/msg/detail/camera__traits.hpp
[2.144s] -- Installing: /home/anshul/Research/PostDoc/mocap/install/phasespace_msgs_ros2/include/phasespace_msgs_ros2/phasespace_msgs_ros2/msg/detail/rigids__type_support.hpp
[2.144s] -- Installing: /home/anshul/Research/PostDoc/mocap/install/phasespace_msgs_ros2/include/phasespace_msgs_ros2/phasespace_msgs_ros2/msg/detail/markers__traits.hpp
[2.144s] -- Installing: /home/anshul/Research/PostDoc/mocap/install/phasespace_msgs_ros2/include/phasespace_msgs_ros2/phasespace_msgs_ros2/msg/rigids.hpp
[2.144s] -- Installing: /home/anshul/Research/PostDoc/mocap/install/phasespace_msgs_ros2/include/phasespace_msgs_ros2/phasespace_msgs_ros2/msg/rigid.hpp
[2.144s] -- Installing: /home/anshul/Research/PostDoc/mocap/install/phasespace_msgs_ros2/include/phasespace_msgs_ros2/phasespace_msgs_ros2/msg/cameras.hpp
[2.144s] -- Installing: /home/anshul/Research/PostDoc/mocap/install/phasespace_msgs_ros2/include/phasespace_msgs_ros2/phasespace_msgs_ros2/msg/marker.hpp
[2.144s] -- Up-to-date: /home/anshul/Research/PostDoc/mocap/install/phasespace_msgs_ros2/include/phasespace_msgs_ros2/phasespace_msgs_ros2
[2.144s] -- Up-to-date: /home/anshul/Research/PostDoc/mocap/install/phasespace_msgs_ros2/include/phasespace_msgs_ros2/phasespace_msgs_ros2/msg
[2.144s] -- Installing: /home/anshul/Research/PostDoc/mocap/install/phasespace_msgs_ros2/include/phasespace_msgs_ros2/phasespace_msgs_ros2/msg/rosidl_typesupport_fastrtps_cpp__visibility_control.h
[2.144s] -- Up-to-date: /home/anshul/Research/PostDoc/mocap/install/phasespace_msgs_ros2/include/phasespace_msgs_ros2/phasespace_msgs_ros2/msg/detail
[2.144s] -- Installing: /home/anshul/Research/PostDoc/mocap/install/phasespace_msgs_ros2/include/phasespace_msgs_ros2/phasespace_msgs_ros2/msg/detail/cameras__rosidl_typesupport_fastrtps_cpp.hpp
[2.144s] -- Installing: /home/anshul/Research/PostDoc/mocap/install/phasespace_msgs_ros2/include/phasespace_msgs_ros2/phasespace_msgs_ros2/msg/detail/dds_fastrtps
[2.145s] -- Installing: /home/anshul/Research/PostDoc/mocap/install/phasespace_msgs_ros2/include/phasespace_msgs_ros2/phasespace_msgs_ros2/msg/detail/camera__rosidl_typesupport_fastrtps_cpp.hpp
[2.145s] -- Installing: /home/anshul/Research/PostDoc/mocap/install/phasespace_msgs_ros2/include/phasespace_msgs_ros2/phasespace_msgs_ros2/msg/detail/rigid__rosidl_typesupport_fastrtps_cpp.hpp
[2.145s] -- Installing: /home/anshul/Research/PostDoc/mocap/install/phasespace_msgs_ros2/include/phasespace_msgs_ros2/phasespace_msgs_ros2/msg/detail/markers__rosidl_typesupport_fastrtps_cpp.hpp
[2.145s] -- Installing: /home/anshul/Research/PostDoc/mocap/install/phasespace_msgs_ros2/include/phasespace_msgs_ros2/phasespace_msgs_ros2/msg/detail/marker__rosidl_typesupport_fastrtps_cpp.hpp
[2.145s] -- Installing: /home/anshul/Research/PostDoc/mocap/install/phasespace_msgs_ros2/include/phasespace_msgs_ros2/phasespace_msgs_ros2/msg/detail/rigids__rosidl_typesupport_fastrtps_cpp.hpp
[2.145s] -- Installing: /home/anshul/Research/PostDoc/mocap/install/phasespace_msgs_ros2/lib/libphasespace_msgs_ros2__rosidl_typesupport_fastrtps_cpp.so
[2.145s] -- Set runtime path of "/home/anshul/Research/PostDoc/mocap/install/phasespace_msgs_ros2/lib/libphasespace_msgs_ros2__rosidl_typesupport_fastrtps_cpp.so" to ""
[2.145s] -- Up-to-date: /home/anshul/Research/PostDoc/mocap/install/phasespace_msgs_ros2/include/phasespace_msgs_ros2/phasespace_msgs_ros2
[2.145s] -- Up-to-date: /home/anshul/Research/PostDoc/mocap/install/phasespace_msgs_ros2/include/phasespace_msgs_ros2/phasespace_msgs_ros2/msg
[2.145s] -- Up-to-date: /home/anshul/Research/PostDoc/mocap/install/phasespace_msgs_ros2/include/phasespace_msgs_ros2/phasespace_msgs_ros2/msg/detail
[2.145s] -- Installing: /home/anshul/Research/PostDoc/mocap/install/phasespace_msgs_ros2/include/phasespace_msgs_ros2/phasespace_msgs_ros2/msg/detail/camera__rosidl_typesupport_introspection_cpp.hpp
[2.145s] -- Installing: /home/anshul/Research/PostDoc/mocap/install/phasespace_msgs_ros2/include/phasespace_msgs_ros2/phasespace_msgs_ros2/msg/detail/markers__rosidl_typesupport_introspection_cpp.hpp
[2.145s] -- Installing: /home/anshul/Research/PostDoc/mocap/install/phasespace_msgs_ros2/include/phasespace_msgs_ros2/phasespace_msgs_ros2/msg/detail/rigids__rosidl_typesupport_introspection_cpp.hpp
[2.145s] -- Installing: /home/anshul/Research/PostDoc/mocap/install/phasespace_msgs_ros2/include/phasespace_msgs_ros2/phasespace_msgs_ros2/msg/detail/camera__type_support.cpp
[2.145s] -- Installing: /home/anshul/Research/PostDoc/mocap/install/phasespace_msgs_ros2/include/phasespace_msgs_ros2/phasespace_msgs_ros2/msg/detail/rigid__rosidl_typesupport_introspection_cpp.hpp
[2.145s] -- Installing: /home/anshul/Research/PostDoc/mocap/install/phasespace_msgs_ros2/include/phasespace_msgs_ros2/phasespace_msgs_ros2/msg/detail/marker__type_support.cpp
[2.145s] -- Installing: /home/anshul/Research/PostDoc/mocap/install/phasespace_msgs_ros2/include/phasespace_msgs_ros2/phasespace_msgs_ros2/msg/detail/rigid__type_support.cpp
[2.145s] -- Installing: /home/anshul/Research/PostDoc/mocap/install/phasespace_msgs_ros2/include/phasespace_msgs_ros2/phasespace_msgs_ros2/msg/detail/rigids__type_support.cpp
[2.146s] -- Installing: /home/anshul/Research/PostDoc/mocap/install/phasespace_msgs_ros2/include/phasespace_msgs_ros2/phasespace_msgs_ros2/msg/detail/marker__rosidl_typesupport_introspection_cpp.hpp
[2.146s] -- Installing: /home/anshul/Research/PostDoc/mocap/install/phasespace_msgs_ros2/include/phasespace_msgs_ros2/phasespace_msgs_ros2/msg/detail/markers__type_support.cpp
[2.146s] -- Installing: /home/anshul/Research/PostDoc/mocap/install/phasespace_msgs_ros2/include/phasespace_msgs_ros2/phasespace_msgs_ros2/msg/detail/cameras__rosidl_typesupport_introspection_cpp.hpp
[2.146s] -- Installing: /home/anshul/Research/PostDoc/mocap/install/phasespace_msgs_ros2/include/phasespace_msgs_ros2/phasespace_msgs_ros2/msg/detail/cameras__type_support.cpp
[2.146s] -- Installing: /home/anshul/Research/PostDoc/mocap/install/phasespace_msgs_ros2/lib/libphasespace_msgs_ros2__rosidl_typesupport_introspection_cpp.so
[2.146s] -- Set runtime path of "/home/anshul/Research/PostDoc/mocap/install/phasespace_msgs_ros2/lib/libphasespace_msgs_ros2__rosidl_typesupport_introspection_cpp.so" to ""
[2.146s] -- Installing: /home/anshul/Research/PostDoc/mocap/install/phasespace_msgs_ros2/lib/libphasespace_msgs_ros2__rosidl_typesupport_cpp.so
[2.146s] -- Set runtime path of "/home/anshul/Research/PostDoc/mocap/install/phasespace_msgs_ros2/lib/libphasespace_msgs_ros2__rosidl_typesupport_cpp.so" to ""
[2.146s] -- Installing: /home/anshul/Research/PostDoc/mocap/install/phasespace_msgs_ros2/share/phasespace_msgs_ros2/environment/pythonpath.sh
[2.146s] -- Installing: /home/anshul/Research/PostDoc/mocap/install/phasespace_msgs_ros2/share/phasespace_msgs_ros2/environment/pythonpath.dsv
[2.146s] -- Installing: /home/anshul/Research/PostDoc/mocap/install/phasespace_msgs_ros2/local/lib/python3.10/dist-packages/phasespace_msgs_ros2-0.0.0-py3.10.egg-info
[2.146s] -- Installing: /home/anshul/Research/PostDoc/mocap/install/phasespace_msgs_ros2/local/lib/python3.10/dist-packages/phasespace_msgs_ros2-0.0.0-py3.10.egg-info/top_level.txt
[2.146s] -- Installing: /home/anshul/Research/PostDoc/mocap/install/phasespace_msgs_ros2/local/lib/python3.10/dist-packages/phasespace_msgs_ros2-0.0.0-py3.10.egg-info/dependency_links.txt
[2.146s] -- Installing: /home/anshul/Research/PostDoc/mocap/install/phasespace_msgs_ros2/local/lib/python3.10/dist-packages/phasespace_msgs_ros2-0.0.0-py3.10.egg-info/SOURCES.txt
[2.146s] -- Installing: /home/anshul/Research/PostDoc/mocap/install/phasespace_msgs_ros2/local/lib/python3.10/dist-packages/phasespace_msgs_ros2-0.0.0-py3.10.egg-info/PKG-INFO
[2.146s] -- Installing: /home/anshul/Research/PostDoc/mocap/install/phasespace_msgs_ros2/local/lib/python3.10/dist-packages/phasespace_msgs_ros2
[2.146s] -- Installing: /home/anshul/Research/PostDoc/mocap/install/phasespace_msgs_ros2/local/lib/python3.10/dist-packages/phasespace_msgs_ros2/_phasespace_msgs_ros2_s.ep.rosidl_typesupport_c.c
[2.146s] -- Installing: /home/anshul/Research/PostDoc/mocap/install/phasespace_msgs_ros2/local/lib/python3.10/dist-packages/phasespace_msgs_ros2/msg
[2.146s] -- Installing: /home/anshul/Research/PostDoc/mocap/install/phasespace_msgs_ros2/local/lib/python3.10/dist-packages/phasespace_msgs_ros2/msg/_markers_s.c
[2.147s] -- Installing: /home/anshul/Research/PostDoc/mocap/install/phasespace_msgs_ros2/local/lib/python3.10/dist-packages/phasespace_msgs_ros2/msg/_marker.py
[2.147s] -- Installing: /home/anshul/Research/PostDoc/mocap/install/phasespace_msgs_ros2/local/lib/python3.10/dist-packages/phasespace_msgs_ros2/msg/_marker_s.c
[2.147s] -- Installing: /home/anshul/Research/PostDoc/mocap/install/phasespace_msgs_ros2/local/lib/python3.10/dist-packages/phasespace_msgs_ros2/msg/_camera_s.c
[2.147s] -- Installing: /home/anshul/Research/PostDoc/mocap/install/phasespace_msgs_ros2/local/lib/python3.10/dist-packages/phasespace_msgs_ros2/msg/_rigids_s.c
[2.147s] -- Installing: /home/anshul/Research/PostDoc/mocap/install/phasespace_msgs_ros2/local/lib/python3.10/dist-packages/phasespace_msgs_ros2/msg/_rigid.py
[2.147s] -- Installing: /home/anshul/Research/PostDoc/mocap/install/phasespace_msgs_ros2/local/lib/python3.10/dist-packages/phasespace_msgs_ros2/msg/__init__.py
[2.147s] -- Installing: /home/anshul/Research/PostDoc/mocap/install/phasespace_msgs_ros2/local/lib/python3.10/dist-packages/phasespace_msgs_ros2/msg/_markers.py
[2.147s] -- Installing: /home/anshul/Research/PostDoc/mocap/install/phasespace_msgs_ros2/local/lib/python3.10/dist-packages/phasespace_msgs_ros2/msg/_cameras_s.c
[2.147s] -- Installing: /home/anshul/Research/PostDoc/mocap/install/phasespace_msgs_ros2/local/lib/python3.10/dist-packages/phasespace_msgs_ros2/msg/_rigids.py
[2.147s] -- Installing: /home/anshul/Research/PostDoc/mocap/install/phasespace_msgs_ros2/local/lib/python3.10/dist-packages/phasespace_msgs_ros2/msg/_rigid_s.c
[2.147s] -- Installing: /home/anshul/Research/PostDoc/mocap/install/phasespace_msgs_ros2/local/lib/python3.10/dist-packages/phasespace_msgs_ros2/msg/_cameras.py
[2.147s] -- Installing: /home/anshul/Research/PostDoc/mocap/install/phasespace_msgs_ros2/local/lib/python3.10/dist-packages/phasespace_msgs_ros2/msg/_camera.py
[2.147s] -- Installing: /home/anshul/Research/PostDoc/mocap/install/phasespace_msgs_ros2/local/lib/python3.10/dist-packages/phasespace_msgs_ros2/libphasespace_msgs_ros2__rosidl_generator_py.so
[2.147s] -- Installing: /home/anshul/Research/PostDoc/mocap/install/phasespace_msgs_ros2/local/lib/python3.10/dist-packages/phasespace_msgs_ros2/phasespace_msgs_ros2_s__rosidl_typesupport_c.cpython-310-x86_64-linux-gnu.so
[2.147s] -- Installing: /home/anshul/Research/PostDoc/mocap/install/phasespace_msgs_ros2/local/lib/python3.10/dist-packages/phasespace_msgs_ros2/_phasespace_msgs_ros2_s.ep.rosidl_typesupport_introspection_c.c
[2.147s] -- Installing: /home/anshul/Research/PostDoc/mocap/install/phasespace_msgs_ros2/local/lib/python3.10/dist-packages/phasespace_msgs_ros2/__init__.py
[2.147s] -- Installing: /home/anshul/Research/PostDoc/mocap/install/phasespace_msgs_ros2/local/lib/python3.10/dist-packages/phasespace_msgs_ros2/phasespace_msgs_ros2_s__rosidl_typesupport_introspection_c.cpython-310-x86_64-linux-gnu.so
[2.147s] -- Installing: /home/anshul/Research/PostDoc/mocap/install/phasespace_msgs_ros2/local/lib/python3.10/dist-packages/phasespace_msgs_ros2/phasespace_msgs_ros2_s__rosidl_typesupport_fastrtps_c.cpython-310-x86_64-linux-gnu.so
[2.147s] -- Installing: /home/anshul/Research/PostDoc/mocap/install/phasespace_msgs_ros2/local/lib/python3.10/dist-packages/phasespace_msgs_ros2/_phasespace_msgs_ros2_s.ep.rosidl_typesupport_fastrtps_c.c
[2.176s] Listing '/home/anshul/Research/PostDoc/mocap/install/phasespace_msgs_ros2/local/lib/python3.10/dist-packages/phasespace_msgs_ros2'...
[2.176s] Compiling '/home/anshul/Research/PostDoc/mocap/install/phasespace_msgs_ros2/local/lib/python3.10/dist-packages/phasespace_msgs_ros2/__init__.py'...
[2.176s] Listing '/home/anshul/Research/PostDoc/mocap/install/phasespace_msgs_ros2/local/lib/python3.10/dist-packages/phasespace_msgs_ros2/msg'...
[2.176s] Compiling '/home/anshul/Research/PostDoc/mocap/install/phasespace_msgs_ros2/local/lib/python3.10/dist-packages/phasespace_msgs_ros2/msg/__init__.py'...
[2.176s] Compiling '/home/anshul/Research/PostDoc/mocap/install/phasespace_msgs_ros2/local/lib/python3.10/dist-packages/phasespace_msgs_ros2/msg/_camera.py'...
[2.176s] Compiling '/home/anshul/Research/PostDoc/mocap/install/phasespace_msgs_ros2/local/lib/python3.10/dist-packages/phasespace_msgs_ros2/msg/_cameras.py'...
[2.176s] Compiling '/home/anshul/Research/PostDoc/mocap/install/phasespace_msgs_ros2/local/lib/python3.10/dist-packages/phasespace_msgs_ros2/msg/_marker.py'...
[2.177s] Compiling '/home/anshul/Research/PostDoc/mocap/install/phasespace_msgs_ros2/local/lib/python3.10/dist-packages/phasespace_msgs_ros2/msg/_markers.py'...
[2.177s] Compiling '/home/anshul/Research/PostDoc/mocap/install/phasespace_msgs_ros2/local/lib/python3.10/dist-packages/phasespace_msgs_ros2/msg/_rigid.py'...
[2.177s] Compiling '/home/anshul/Research/PostDoc/mocap/install/phasespace_msgs_ros2/local/lib/python3.10/dist-packages/phasespace_msgs_ros2/msg/_rigids.py'...
[2.180s] -- Installing: /home/anshul/Research/PostDoc/mocap/install/phasespace_msgs_ros2/local/lib/python3.10/dist-packages/phasespace_msgs_ros2/phasespace_msgs_ros2_s__rosidl_typesupport_fastrtps_c.cpython-310-x86_64-linux-gnu.so
[2.180s] -- Set runtime path of "/home/anshul/Research/PostDoc/mocap/install/phasespace_msgs_ros2/local/lib/python3.10/dist-packages/phasespace_msgs_ros2/phasespace_msgs_ros2_s__rosidl_typesupport_fastrtps_c.cpython-310-x86_64-linux-gnu.so" to ""
[2.180s] -- Installing: /home/anshul/Research/PostDoc/mocap/install/phasespace_msgs_ros2/local/lib/python3.10/dist-packages/phasespace_msgs_ros2/phasespace_msgs_ros2_s__rosidl_typesupport_introspection_c.cpython-310-x86_64-linux-gnu.so
[2.180s] -- Set runtime path of "/home/anshul/Research/PostDoc/mocap/install/phasespace_msgs_ros2/local/lib/python3.10/dist-packages/phasespace_msgs_ros2/phasespace_msgs_ros2_s__rosidl_typesupport_introspection_c.cpython-310-x86_64-linux-gnu.so" to ""
[2.180s] -- Installing: /home/anshul/Research/PostDoc/mocap/install/phasespace_msgs_ros2/local/lib/python3.10/dist-packages/phasespace_msgs_ros2/phasespace_msgs_ros2_s__rosidl_typesupport_c.cpython-310-x86_64-linux-gnu.so
[2.180s] -- Set runtime path of "/home/anshul/Research/PostDoc/mocap/install/phasespace_msgs_ros2/local/lib/python3.10/dist-packages/phasespace_msgs_ros2/phasespace_msgs_ros2_s__rosidl_typesupport_c.cpython-310-x86_64-linux-gnu.so" to ""
[2.180s] -- Installing: /home/anshul/Research/PostDoc/mocap/install/phasespace_msgs_ros2/lib/libphasespace_msgs_ros2__rosidl_generator_py.so
[2.180s] -- Set runtime path of "/home/anshul/Research/PostDoc/mocap/install/phasespace_msgs_ros2/lib/libphasespace_msgs_ros2__rosidl_generator_py.so" to ""
[2.180s] -- Installing: /home/anshul/Research/PostDoc/mocap/install/phasespace_msgs_ros2/share/phasespace_msgs_ros2/msg/Camera.idl
[2.180s] -- Installing: /home/anshul/Research/PostDoc/mocap/install/phasespace_msgs_ros2/share/phasespace_msgs_ros2/msg/Cameras.idl
[2.180s] -- Installing: /home/anshul/Research/PostDoc/mocap/install/phasespace_msgs_ros2/share/phasespace_msgs_ros2/msg/Marker.idl
[2.180s] -- Installing: /home/anshul/Research/PostDoc/mocap/install/phasespace_msgs_ros2/share/phasespace_msgs_ros2/msg/Markers.idl
[2.180s] -- Installing: /home/anshul/Research/PostDoc/mocap/install/phasespace_msgs_ros2/share/phasespace_msgs_ros2/msg/Rigid.idl
[2.180s] -- Installing: /home/anshul/Research/PostDoc/mocap/install/phasespace_msgs_ros2/share/phasespace_msgs_ros2/msg/Rigids.idl
[2.181s] -- Installing: /home/anshul/Research/PostDoc/mocap/install/phasespace_msgs_ros2/share/phasespace_msgs_ros2/msg/Camera.msg
[2.181s] -- Installing: /home/anshul/Research/PostDoc/mocap/install/phasespace_msgs_ros2/share/phasespace_msgs_ros2/msg/Cameras.msg
[2.181s] -- Installing: /home/anshul/Research/PostDoc/mocap/install/phasespace_msgs_ros2/share/phasespace_msgs_ros2/msg/Marker.msg
[2.181s] -- Installing: /home/anshul/Research/PostDoc/mocap/install/phasespace_msgs_ros2/share/phasespace_msgs_ros2/msg/Markers.msg
[2.181s] -- Installing: /home/anshul/Research/PostDoc/mocap/install/phasespace_msgs_ros2/share/phasespace_msgs_ros2/msg/Rigid.msg
[2.181s] -- Installing: /home/anshul/Research/PostDoc/mocap/install/phasespace_msgs_ros2/share/phasespace_msgs_ros2/msg/Rigids.msg
[2.181s] -- Installing: /home/anshul/Research/PostDoc/mocap/install/phasespace_msgs_ros2/share/ament_index/resource_index/package_run_dependencies/phasespace_msgs_ros2
[2.181s] -- Installing: /home/anshul/Research/PostDoc/mocap/install/phasespace_msgs_ros2/share/ament_index/resource_index/parent_prefix_path/phasespace_msgs_ros2
[2.181s] -- Installing: /home/anshul/Research/PostDoc/mocap/install/phasespace_msgs_ros2/share/phasespace_msgs_ros2/environment/ament_prefix_path.sh
[2.181s] -- Installing: /home/anshul/Research/PostDoc/mocap/install/phasespace_msgs_ros2/share/phasespace_msgs_ros2/environment/ament_prefix_path.dsv
[2.181s] -- Installing: /home/anshul/Research/PostDoc/mocap/install/phasespace_msgs_ros2/share/phasespace_msgs_ros2/environment/path.sh
[2.181s] -- Installing: /home/anshul/Research/PostDoc/mocap/install/phasespace_msgs_ros2/share/phasespace_msgs_ros2/environment/path.dsv
[2.181s] -- Installing: /home/anshul/Research/PostDoc/mocap/install/phasespace_msgs_ros2/share/phasespace_msgs_ros2/local_setup.bash
[2.181s] -- Installing: /home/anshul/Research/PostDoc/mocap/install/phasespace_msgs_ros2/share/phasespace_msgs_ros2/local_setup.sh
[2.181s] -- Installing: /home/anshul/Research/PostDoc/mocap/install/phasespace_msgs_ros2/share/phasespace_msgs_ros2/local_setup.zsh
[2.181s] -- Installing: /home/anshul/Research/PostDoc/mocap/install/phasespace_msgs_ros2/share/phasespace_msgs_ros2/local_setup.dsv
[2.181s] -- Installing: /home/anshul/Research/PostDoc/mocap/install/phasespace_msgs_ros2/share/phasespace_msgs_ros2/package.dsv
[2.181s] -- Installing: /home/anshul/Research/PostDoc/mocap/install/phasespace_msgs_ros2/share/ament_index/resource_index/packages/phasespace_msgs_ros2
[2.181s] -- Installing: /home/anshul/Research/PostDoc/mocap/install/phasespace_msgs_ros2/share/phasespace_msgs_ros2/cmake/export_phasespace_msgs_ros2__rosidl_generator_cExport.cmake
[2.181s] -- Installing: /home/anshul/Research/PostDoc/mocap/install/phasespace_msgs_ros2/share/phasespace_msgs_ros2/cmake/export_phasespace_msgs_ros2__rosidl_generator_cExport-noconfig.cmake
[2.181s] -- Installing: /home/anshul/Research/PostDoc/mocap/install/phasespace_msgs_ros2/share/phasespace_msgs_ros2/cmake/export_phasespace_msgs_ros2__rosidl_typesupport_fastrtps_cExport.cmake
[2.181s] -- Installing: /home/anshul/Research/PostDoc/mocap/install/phasespace_msgs_ros2/share/phasespace_msgs_ros2/cmake/export_phasespace_msgs_ros2__rosidl_typesupport_fastrtps_cExport-noconfig.cmake
[2.182s] -- Installing: /home/anshul/Research/PostDoc/mocap/install/phasespace_msgs_ros2/share/phasespace_msgs_ros2/cmake/phasespace_msgs_ros2__rosidl_typesupport_introspection_cExport.cmake
[2.182s] -- Installing: /home/anshul/Research/PostDoc/mocap/install/phasespace_msgs_ros2/share/phasespace_msgs_ros2/cmake/phasespace_msgs_ros2__rosidl_typesupport_introspection_cExport-noconfig.cmake
[2.182s] -- Installing: /home/anshul/Research/PostDoc/mocap/install/phasespace_msgs_ros2/share/phasespace_msgs_ros2/cmake/phasespace_msgs_ros2__rosidl_typesupport_cExport.cmake
[2.182s] -- Installing: /home/anshul/Research/PostDoc/mocap/install/phasespace_msgs_ros2/share/phasespace_msgs_ros2/cmake/phasespace_msgs_ros2__rosidl_typesupport_cExport-noconfig.cmake
[2.182s] -- Installing: /home/anshul/Research/PostDoc/mocap/install/phasespace_msgs_ros2/share/phasespace_msgs_ros2/cmake/export_phasespace_msgs_ros2__rosidl_generator_cppExport.cmake
[2.182s] -- Installing: /home/anshul/Research/PostDoc/mocap/install/phasespace_msgs_ros2/share/phasespace_msgs_ros2/cmake/export_phasespace_msgs_ros2__rosidl_typesupport_fastrtps_cppExport.cmake
[2.182s] -- Installing: /home/anshul/Research/PostDoc/mocap/install/phasespace_msgs_ros2/share/phasespace_msgs_ros2/cmake/export_phasespace_msgs_ros2__rosidl_typesupport_fastrtps_cppExport-noconfig.cmake
[2.182s] -- Installing: /home/anshul/Research/PostDoc/mocap/install/phasespace_msgs_ros2/share/phasespace_msgs_ros2/cmake/phasespace_msgs_ros2__rosidl_typesupport_introspection_cppExport.cmake
[2.182s] -- Installing: /home/anshul/Research/PostDoc/mocap/install/phasespace_msgs_ros2/share/phasespace_msgs_ros2/cmake/phasespace_msgs_ros2__rosidl_typesupport_introspection_cppExport-noconfig.cmake
[2.182s] -- Installing: /home/anshul/Research/PostDoc/mocap/install/phasespace_msgs_ros2/share/phasespace_msgs_ros2/cmake/phasespace_msgs_ros2__rosidl_typesupport_cppExport.cmake
[2.183s] -- Installing: /home/anshul/Research/PostDoc/mocap/install/phasespace_msgs_ros2/share/phasespace_msgs_ros2/cmake/phasespace_msgs_ros2__rosidl_typesupport_cppExport-noconfig.cmake
[2.183s] -- Installing: /home/anshul/Research/PostDoc/mocap/install/phasespace_msgs_ros2/share/phasespace_msgs_ros2/cmake/export_phasespace_msgs_ros2__rosidl_generator_pyExport.cmake
[2.183s] -- Installing: /home/anshul/Research/PostDoc/mocap/install/phasespace_msgs_ros2/share/phasespace_msgs_ros2/cmake/export_phasespace_msgs_ros2__rosidl_generator_pyExport-noconfig.cmake
[2.183s] -- Installing: /home/anshul/Research/PostDoc/mocap/install/phasespace_msgs_ros2/share/phasespace_msgs_ros2/cmake/rosidl_cmake-extras.cmake
[2.183s] -- Installing: /home/anshul/Research/PostDoc/mocap/install/phasespace_msgs_ros2/share/phasespace_msgs_ros2/cmake/ament_cmake_export_dependencies-extras.cmake
[2.183s] -- Installing: /home/anshul/Research/PostDoc/mocap/install/phasespace_msgs_ros2/share/phasespace_msgs_ros2/cmake/ament_cmake_export_include_directories-extras.cmake
[2.183s] -- Installing: /home/anshul/Research/PostDoc/mocap/install/phasespace_msgs_ros2/share/phasespace_msgs_ros2/cmake/ament_cmake_export_libraries-extras.cmake
[2.183s] -- Installing: /home/anshul/Research/PostDoc/mocap/install/phasespace_msgs_ros2/share/phasespace_msgs_ros2/cmake/ament_cmake_export_targets-extras.cmake
[2.183s] -- Installing: /home/anshul/Research/PostDoc/mocap/install/phasespace_msgs_ros2/share/phasespace_msgs_ros2/cmake/rosidl_cmake_export_typesupport_targets-extras.cmake
[2.183s] -- Installing: /home/anshul/Research/PostDoc/mocap/install/phasespace_msgs_ros2/share/phasespace_msgs_ros2/cmake/rosidl_cmake_export_typesupport_libraries-extras.cmake
[2.183s] -- Installing: /home/anshul/Research/PostDoc/mocap/install/phasespace_msgs_ros2/share/phasespace_msgs_ros2/cmake/phasespace_msgs_ros2Config.cmake
[2.183s] -- Installing: /home/anshul/Research/PostDoc/mocap/install/phasespace_msgs_ros2/share/phasespace_msgs_ros2/cmake/phasespace_msgs_ros2Config-version.cmake
[2.183s] -- Installing: /home/anshul/Research/PostDoc/mocap/install/phasespace_msgs_ros2/share/phasespace_msgs_ros2/package.xml
[30.028s] Invoked command in '/home/anshul/Research/PostDoc/mocap/build/phasespace_msgs_ros2' returned '0': CONDA_PROMPT_MODIFIER=(base) /usr/bin/cmake --install /home/anshul/Research/PostDoc/mocap/build/phasespace_msgs_ros2
