[0.062s] DEBUG:colcon:Command line arguments: ['/usr/bin/colcon', 'build', '--base-paths', 'phasespace-mocap-ros2', '--cmake-clean-cache', '--cmake-args', '-DPython3_EXECUTABLE=/usr/bin/python3']
[0.062s] DEBUG:colcon:Parsed command line arguments: Namespace(log_base=None, log_level=None, verb_name='build', build_base='build', install_base='install', merge_install=False, symlink_install=False, test_result_base=None, continue_on_error=False, executor='parallel', parallel_workers=20, event_handlers=None, ignore_user_meta=False, metas=['./colcon.meta'], base_paths=['phasespace-mocap-ros2'], packages_ignore=None, packages_ignore_regex=None, paths=None, packages_up_to=None, packages_up_to_regex=None, packages_above=None, packages_above_and_dependencies=None, packages_above_depth=None, packages_select_by_dep=None, packages_skip_by_dep=None, packages_skip_up_to=None, packages_select_build_failed=False, packages_skip_build_finished=False, packages_select_test_failures=False, packages_skip_test_passed=False, packages_select=None, packages_skip=None, packages_select_regex=None, packages_skip_regex=None, packages_start=None, packages_end=None, allow_overriding=[], cmake_args=['-DPython3_EXECUTABLE=/usr/bin/python3'], cmake_target=None, cmake_target_skip_unavailable=False, cmake_clean_cache=True, cmake_clean_first=False, cmake_force_configure=False, ament_cmake_args=None, catkin_cmake_args=None, catkin_skip_building_tests=False, verb_parser=<colcon_defaults.argument_parser.defaults.DefaultArgumentsDecorator object at 0x78e045635d50>, verb_extension=<colcon_core.verb.build.BuildVerb object at 0x78e045635900>, main=<bound method BuildVerb.main of <colcon_core.verb.build.BuildVerb object at 0x78e045635900>>)
[0.159s] Level 1:colcon.colcon_core.package_discovery:discover_packages(colcon_meta) check parameters
[0.160s] Level 1:colcon.colcon_core.package_discovery:discover_packages(recursive) check parameters
[0.160s] Level 1:colcon.colcon_core.package_discovery:discover_packages(ignore) check parameters
[0.160s] Level 1:colcon.colcon_core.package_discovery:discover_packages(path) check parameters
[0.160s] Level 1:colcon.colcon_core.package_discovery:discover_packages(recursive) discover
[0.160s] INFO:colcon.colcon_core.package_discovery:Crawling recursively for packages in '/home/anshul/Research/PostDoc/mocap/phasespace-mocap-ros2'
[0.160s] Level 1:colcon.colcon_core.package_identification:_identify(phasespace-mocap-ros2) by extensions ['ignore', 'ignore_ament_install']
[0.160s] Level 1:colcon.colcon_core.package_identification:_identify(phasespace-mocap-ros2) by extension 'ignore'
[0.160s] Level 1:colcon.colcon_core.package_identification:_identify(phasespace-mocap-ros2) by extension 'ignore_ament_install'
[0.160s] Level 1:colcon.colcon_core.package_identification:_identify(phasespace-mocap-ros2) by extensions ['colcon_pkg']
[0.160s] Level 1:colcon.colcon_core.package_identification:_identify(phasespace-mocap-ros2) by extension 'colcon_pkg'
[0.160s] Level 1:colcon.colcon_core.package_identification:_identify(phasespace-mocap-ros2) by extensions ['colcon_meta']
[0.160s] Level 1:colcon.colcon_core.package_identification:_identify(phasespace-mocap-ros2) by extension 'colcon_meta'
[0.160s] Level 1:colcon.colcon_core.package_identification:_identify(phasespace-mocap-ros2) by extensions ['ros']
[0.160s] Level 1:colcon.colcon_core.package_identification:_identify(phasespace-mocap-ros2) by extension 'ros'
[0.166s] Level 1:colcon.colcon_core.package_identification:_identify(phasespace-mocap-ros2) by extensions ['cmake', 'python']
[0.166s] Level 1:colcon.colcon_core.package_identification:_identify(phasespace-mocap-ros2) by extension 'cmake'
[0.166s] Level 1:colcon.colcon_core.package_identification:_identify(phasespace-mocap-ros2) by extension 'python'
[0.166s] Level 1:colcon.colcon_core.package_identification:_identify(phasespace-mocap-ros2) by extensions ['python_setup_py']
[0.166s] Level 1:colcon.colcon_core.package_identification:_identify(phasespace-mocap-ros2) by extension 'python_setup_py'
[0.167s] Level 1:colcon.colcon_core.package_identification:_identify(phasespace-mocap-ros2/phasespace_bringup_ros2) by extensions ['ignore', 'ignore_ament_install']
[0.167s] Level 1:colcon.colcon_core.package_identification:_identify(phasespace-mocap-ros2/phasespace_bringup_ros2) by extension 'ignore'
[0.167s] Level 1:colcon.colcon_core.package_identification:_identify(phasespace-mocap-ros2/phasespace_bringup_ros2) by extension 'ignore_ament_install'
[0.167s] Level 1:colcon.colcon_core.package_identification:_identify(phasespace-mocap-ros2/phasespace_bringup_ros2) by extensions ['colcon_pkg']
[0.167s] Level 1:colcon.colcon_core.package_identification:_identify(phasespace-mocap-ros2/phasespace_bringup_ros2) by extension 'colcon_pkg'
[0.167s] Level 1:colcon.colcon_core.package_identification:_identify(phasespace-mocap-ros2/phasespace_bringup_ros2) by extensions ['colcon_meta']
[0.167s] Level 1:colcon.colcon_core.package_identification:_identify(phasespace-mocap-ros2/phasespace_bringup_ros2) by extension 'colcon_meta'
[0.167s] Level 1:colcon.colcon_core.package_identification:_identify(phasespace-mocap-ros2/phasespace_bringup_ros2) by extensions ['ros']
[0.167s] Level 1:colcon.colcon_core.package_identification:_identify(phasespace-mocap-ros2/phasespace_bringup_ros2) by extension 'ros'
[0.168s] DEBUG:colcon.colcon_core.package_identification:Package 'phasespace-mocap-ros2/phasespace_bringup_ros2' with type 'ros.catkin' and name 'phasespace_bringup_ros2'
[0.168s] Level 1:colcon.colcon_core.package_identification:_identify(phasespace-mocap-ros2/phasespace_msgs_ros2) by extensions ['ignore', 'ignore_ament_install']
[0.168s] Level 1:colcon.colcon_core.package_identification:_identify(phasespace-mocap-ros2/phasespace_msgs_ros2) by extension 'ignore'
[0.169s] Level 1:colcon.colcon_core.package_identification:_identify(phasespace-mocap-ros2/phasespace_msgs_ros2) by extension 'ignore_ament_install'
[0.169s] Level 1:colcon.colcon_core.package_identification:_identify(phasespace-mocap-ros2/phasespace_msgs_ros2) by extensions ['colcon_pkg']
[0.169s] Level 1:colcon.colcon_core.package_identification:_identify(phasespace-mocap-ros2/phasespace_msgs_ros2) by extension 'colcon_pkg'
[0.169s] Level 1:colcon.colcon_core.package_identification:_identify(phasespace-mocap-ros2/phasespace_msgs_ros2) by extensions ['colcon_meta']
[0.169s] Level 1:colcon.colcon_core.package_identification:_identify(phasespace-mocap-ros2/phasespace_msgs_ros2) by extension 'colcon_meta'
[0.169s] Level 1:colcon.colcon_core.package_identification:_identify(phasespace-mocap-ros2/phasespace_msgs_ros2) by extensions ['ros']
[0.169s] Level 1:colcon.colcon_core.package_identification:_identify(phasespace-mocap-ros2/phasespace_msgs_ros2) by extension 'ros'
[0.169s] DEBUG:colcon.colcon_core.package_identification:Package 'phasespace-mocap-ros2/phasespace_msgs_ros2' with type 'ros.catkin' and name 'phasespace_msgs_ros2'
[0.169s] Level 1:colcon.colcon_core.package_discovery:discover_packages(recursive) using defaults
[0.186s] Level 1:colcon.colcon_core.package_discovery:discover_packages(prefix_path) check parameters
[0.187s] Level 1:colcon.colcon_core.package_discovery:discover_packages(prefix_path) discover
[0.188s] DEBUG:colcon.colcon_installed_package_information.package_discovery:Found 317 installed packages in /opt/ros/humble
[0.189s] Level 1:colcon.colcon_core.package_discovery:discover_packages(prefix_path) using defaults
[0.209s] Level 5:colcon.colcon_core.verb:set package 'phasespace_msgs_ros2' build argument 'cmake_args' from command line to '['-DPython3_EXECUTABLE=/usr/bin/python3']'
[0.209s] Level 5:colcon.colcon_core.verb:set package 'phasespace_msgs_ros2' build argument 'cmake_target' from command line to 'None'
[0.210s] Level 5:colcon.colcon_core.verb:set package 'phasespace_msgs_ros2' build argument 'cmake_target_skip_unavailable' from command line to 'False'
[0.210s] Level 5:colcon.colcon_core.verb:set package 'phasespace_msgs_ros2' build argument 'cmake_clean_cache' from command line to 'True'
[0.210s] Level 5:colcon.colcon_core.verb:set package 'phasespace_msgs_ros2' build argument 'cmake_clean_first' from command line to 'False'
[0.210s] Level 5:colcon.colcon_core.verb:set package 'phasespace_msgs_ros2' build argument 'cmake_force_configure' from command line to 'False'
[0.210s] Level 5:colcon.colcon_core.verb:set package 'phasespace_msgs_ros2' build argument 'ament_cmake_args' from command line to 'None'
[0.210s] Level 5:colcon.colcon_core.verb:set package 'phasespace_msgs_ros2' build argument 'catkin_cmake_args' from command line to 'None'
[0.210s] Level 5:colcon.colcon_core.verb:set package 'phasespace_msgs_ros2' build argument 'catkin_skip_building_tests' from command line to 'False'
[0.210s] DEBUG:colcon.colcon_core.verb:Building package 'phasespace_msgs_ros2' with the following arguments: {'ament_cmake_args': None, 'build_base': '/home/anshul/Research/PostDoc/mocap/build/phasespace_msgs_ros2', 'catkin_cmake_args': None, 'catkin_skip_building_tests': False, 'cmake_args': ['-DPython3_EXECUTABLE=/usr/bin/python3'], 'cmake_clean_cache': True, 'cmake_clean_first': False, 'cmake_force_configure': False, 'cmake_target': None, 'cmake_target_skip_unavailable': False, 'install_base': '/home/anshul/Research/PostDoc/mocap/install/phasespace_msgs_ros2', 'merge_install': False, 'path': '/home/anshul/Research/PostDoc/mocap/phasespace-mocap-ros2/phasespace_msgs_ros2', 'symlink_install': False, 'test_result_base': None}
[0.210s] Level 5:colcon.colcon_core.verb:set package 'phasespace_bringup_ros2' build argument 'cmake_args' from command line to '['-DPython3_EXECUTABLE=/usr/bin/python3']'
[0.210s] Level 5:colcon.colcon_core.verb:set package 'phasespace_bringup_ros2' build argument 'cmake_target' from command line to 'None'
[0.210s] Level 5:colcon.colcon_core.verb:set package 'phasespace_bringup_ros2' build argument 'cmake_target_skip_unavailable' from command line to 'False'
[0.210s] Level 5:colcon.colcon_core.verb:set package 'phasespace_bringup_ros2' build argument 'cmake_clean_cache' from command line to 'True'
[0.210s] Level 5:colcon.colcon_core.verb:set package 'phasespace_bringup_ros2' build argument 'cmake_clean_first' from command line to 'False'
[0.210s] Level 5:colcon.colcon_core.verb:set package 'phasespace_bringup_ros2' build argument 'cmake_force_configure' from command line to 'False'
[0.210s] Level 5:colcon.colcon_core.verb:set package 'phasespace_bringup_ros2' build argument 'ament_cmake_args' from command line to 'None'
[0.210s] Level 5:colcon.colcon_core.verb:set package 'phasespace_bringup_ros2' build argument 'catkin_cmake_args' from command line to 'None'
[0.210s] Level 5:colcon.colcon_core.verb:set package 'phasespace_bringup_ros2' build argument 'catkin_skip_building_tests' from command line to 'False'
[0.210s] DEBUG:colcon.colcon_core.verb:Building package 'phasespace_bringup_ros2' with the following arguments: {'ament_cmake_args': None, 'build_base': '/home/anshul/Research/PostDoc/mocap/build/phasespace_bringup_ros2', 'catkin_cmake_args': None, 'catkin_skip_building_tests': False, 'cmake_args': ['-DPython3_EXECUTABLE=/usr/bin/python3'], 'cmake_clean_cache': True, 'cmake_clean_first': False, 'cmake_force_configure': False, 'cmake_target': None, 'cmake_target_skip_unavailable': False, 'install_base': '/home/anshul/Research/PostDoc/mocap/install/phasespace_bringup_ros2', 'merge_install': False, 'path': '/home/anshul/Research/PostDoc/mocap/phasespace-mocap-ros2/phasespace_bringup_ros2', 'symlink_install': False, 'test_result_base': None}
[0.210s] INFO:colcon.colcon_core.executor:Executing jobs using 'parallel' executor
[0.211s] DEBUG:colcon.colcon_parallel_executor.executor.parallel:run_until_complete
[0.211s] INFO:colcon.colcon_ros.task.catkin.build:Building ROS package in '/home/anshul/Research/PostDoc/mocap/phasespace-mocap-ros2/phasespace_msgs_ros2' with build type 'catkin'
[0.211s] INFO:colcon.colcon_cmake.task.cmake.build:Building CMake package in '/home/anshul/Research/PostDoc/mocap/phasespace-mocap-ros2/phasespace_msgs_ros2'
[0.212s] INFO:colcon.colcon_core.plugin_system:Skipping extension 'colcon_core.shell.bat': Not used on non-Windows systems
[0.212s] INFO:colcon.colcon_core.shell:Skip shell extension 'powershell' for command environment: Not usable outside of PowerShell
[0.212s] DEBUG:colcon.colcon_core.shell:Skip shell extension 'dsv' for command environment
[0.217s] DEBUG:colcon.colcon_core.event_handler.log_command:Invoking command in '/home/anshul/Research/PostDoc/mocap/build/phasespace_msgs_ros2': CONDA_PROMPT_MODIFIER=(base) /usr/bin/cmake /home/anshul/Research/PostDoc/mocap/phasespace-mocap-ros2/phasespace_msgs_ros2 -DPython3_EXECUTABLE=/usr/bin/python3 -DCATKIN_INSTALL_INTO_PREFIX_ROOT=0 -DCMAKE_INSTALL_PREFIX=/home/anshul/Research/PostDoc/mocap/install/phasespace_msgs_ros2
[1.460s] DEBUG:colcon.colcon_core.event_handler.log_command:Invoked command in '/home/anshul/Research/PostDoc/mocap/build/phasespace_msgs_ros2' returned '0': CONDA_PROMPT_MODIFIER=(base) /usr/bin/cmake /home/anshul/Research/PostDoc/mocap/phasespace-mocap-ros2/phasespace_msgs_ros2 -DPython3_EXECUTABLE=/usr/bin/python3 -DCATKIN_INSTALL_INTO_PREFIX_ROOT=0 -DCMAKE_INSTALL_PREFIX=/home/anshul/Research/PostDoc/mocap/install/phasespace_msgs_ros2
[1.460s] DEBUG:colcon.colcon_core.event_handler.log_command:Invoking command in '/home/anshul/Research/PostDoc/mocap/build/phasespace_msgs_ros2': CONDA_PROMPT_MODIFIER=(base) /usr/bin/cmake --build /home/anshul/Research/PostDoc/mocap/build/phasespace_msgs_ros2 -- -j20 -l20
[2.338s] DEBUG:colcon.colcon_core.event_handler.log_command:Invoked command in '/home/anshul/Research/PostDoc/mocap/build/phasespace_msgs_ros2' returned '0': CONDA_PROMPT_MODIFIER=(base) /usr/bin/cmake --build /home/anshul/Research/PostDoc/mocap/build/phasespace_msgs_ros2 -- -j20 -l20
[2.346s] DEBUG:colcon.colcon_core.event_handler.log_command:Invoking command in '/home/anshul/Research/PostDoc/mocap/build/phasespace_msgs_ros2': CONDA_PROMPT_MODIFIER=(base) /usr/bin/cmake --install /home/anshul/Research/PostDoc/mocap/build/phasespace_msgs_ros2
[30.239s] DEBUG:colcon.colcon_core.event_handler.log_command:Invoked command in '/home/anshul/Research/PostDoc/mocap/build/phasespace_msgs_ros2' returned '0': CONDA_PROMPT_MODIFIER=(base) /usr/bin/cmake --install /home/anshul/Research/PostDoc/mocap/build/phasespace_msgs_ros2
[30.239s] Level 1:colcon.colcon_core.shell:create_environment_hook('phasespace_msgs_ros2', 'ros_package_path')
[30.240s] INFO:colcon.colcon_core.shell:Creating environment hook '/home/anshul/Research/PostDoc/mocap/install/phasespace_msgs_ros2/share/phasespace_msgs_ros2/hook/ros_package_path.ps1'
[30.240s] INFO:colcon.colcon_core.shell:Creating environment descriptor '/home/anshul/Research/PostDoc/mocap/install/phasespace_msgs_ros2/share/phasespace_msgs_ros2/hook/ros_package_path.dsv'
[30.240s] INFO:colcon.colcon_core.shell:Creating environment hook '/home/anshul/Research/PostDoc/mocap/install/phasespace_msgs_ros2/share/phasespace_msgs_ros2/hook/ros_package_path.sh'
[30.241s] Level 1:colcon.colcon_ros.task.catkin:checking '/home/anshul/Research/PostDoc/mocap/install/phasespace_msgs_ros2/local/lib/python3.10/dist-packages'
[30.241s] Level 1:colcon.colcon_core.shell:create_environment_hook('phasespace_msgs_ros2', 'catkin_pythonpath')
[30.241s] INFO:colcon.colcon_core.shell:Creating environment hook '/home/anshul/Research/PostDoc/mocap/install/phasespace_msgs_ros2/share/phasespace_msgs_ros2/hook/catkin_pythonpath.ps1'
[30.241s] INFO:colcon.colcon_core.shell:Creating environment descriptor '/home/anshul/Research/PostDoc/mocap/install/phasespace_msgs_ros2/share/phasespace_msgs_ros2/hook/catkin_pythonpath.dsv'
[30.241s] INFO:colcon.colcon_core.shell:Creating environment hook '/home/anshul/Research/PostDoc/mocap/install/phasespace_msgs_ros2/share/phasespace_msgs_ros2/hook/catkin_pythonpath.sh'
[30.241s] Level 1:colcon.colcon_core.shell:create_environment_hook('phasespace_msgs_ros2', 'pkg_config_path')
[30.241s] INFO:colcon.colcon_core.shell:Creating environment hook '/home/anshul/Research/PostDoc/mocap/install/phasespace_msgs_ros2/share/phasespace_msgs_ros2/hook/pkg_config_path.ps1'
[30.242s] INFO:colcon.colcon_core.shell:Creating environment descriptor '/home/anshul/Research/PostDoc/mocap/install/phasespace_msgs_ros2/share/phasespace_msgs_ros2/hook/pkg_config_path.dsv'
[30.242s] INFO:colcon.colcon_core.shell:Creating environment hook '/home/anshul/Research/PostDoc/mocap/install/phasespace_msgs_ros2/share/phasespace_msgs_ros2/hook/pkg_config_path.sh'
[30.243s] Level 1:colcon.colcon_core.shell:create_environment_hook('phasespace_msgs_ros2', 'pkg_config_path_multiarch')
[30.243s] INFO:colcon.colcon_core.shell:Creating environment hook '/home/anshul/Research/PostDoc/mocap/install/phasespace_msgs_ros2/share/phasespace_msgs_ros2/hook/pkg_config_path_multiarch.ps1'
[30.244s] INFO:colcon.colcon_core.shell:Creating environment descriptor '/home/anshul/Research/PostDoc/mocap/install/phasespace_msgs_ros2/share/phasespace_msgs_ros2/hook/pkg_config_path_multiarch.dsv'
[30.244s] INFO:colcon.colcon_core.shell:Creating environment hook '/home/anshul/Research/PostDoc/mocap/install/phasespace_msgs_ros2/share/phasespace_msgs_ros2/hook/pkg_config_path_multiarch.sh'
[30.245s] Level 1:colcon.colcon_core.environment:create_environment_scripts_only(phasespace_msgs_ros2)
[30.246s] Level 1:colcon.colcon_core.environment:checking '/home/anshul/Research/PostDoc/mocap/install/phasespace_msgs_ros2' for CMake module files
[30.246s] Level 1:colcon.colcon_core.environment:checking '/home/anshul/Research/PostDoc/mocap/install/phasespace_msgs_ros2' for CMake config files
[30.247s] Level 1:colcon.colcon_core.shell:create_environment_hook('phasespace_msgs_ros2', 'cmake_prefix_path')
[30.247s] INFO:colcon.colcon_core.shell:Creating environment hook '/home/anshul/Research/PostDoc/mocap/install/phasespace_msgs_ros2/share/phasespace_msgs_ros2/hook/cmake_prefix_path.ps1'
[30.247s] INFO:colcon.colcon_core.shell:Creating environment descriptor '/home/anshul/Research/PostDoc/mocap/install/phasespace_msgs_ros2/share/phasespace_msgs_ros2/hook/cmake_prefix_path.dsv'
[30.247s] INFO:colcon.colcon_core.shell:Creating environment hook '/home/anshul/Research/PostDoc/mocap/install/phasespace_msgs_ros2/share/phasespace_msgs_ros2/hook/cmake_prefix_path.sh'
[30.247s] Level 1:colcon.colcon_core.environment:checking '/home/anshul/Research/PostDoc/mocap/install/phasespace_msgs_ros2/lib'
[30.248s] Level 1:colcon.colcon_core.shell:create_environment_hook('phasespace_msgs_ros2', 'ld_library_path_lib')
[30.248s] INFO:colcon.colcon_core.shell:Creating environment hook '/home/anshul/Research/PostDoc/mocap/install/phasespace_msgs_ros2/share/phasespace_msgs_ros2/hook/ld_library_path_lib.ps1'
[30.248s] INFO:colcon.colcon_core.shell:Creating environment descriptor '/home/anshul/Research/PostDoc/mocap/install/phasespace_msgs_ros2/share/phasespace_msgs_ros2/hook/ld_library_path_lib.dsv'
[30.248s] INFO:colcon.colcon_core.shell:Creating environment hook '/home/anshul/Research/PostDoc/mocap/install/phasespace_msgs_ros2/share/phasespace_msgs_ros2/hook/ld_library_path_lib.sh'
[30.248s] Level 1:colcon.colcon_core.environment:checking '/home/anshul/Research/PostDoc/mocap/install/phasespace_msgs_ros2/bin'
[30.248s] Level 1:colcon.colcon_core.environment:checking '/home/anshul/Research/PostDoc/mocap/install/phasespace_msgs_ros2/lib/pkgconfig/phasespace_msgs_ros2.pc'
[30.248s] Level 1:colcon.colcon_core.environment:checking '/home/anshul/Research/PostDoc/mocap/install/phasespace_msgs_ros2/lib/python3.10/site-packages'
[30.248s] Level 1:colcon.colcon_core.environment:checking '/home/anshul/Research/PostDoc/mocap/install/phasespace_msgs_ros2/bin'
[30.249s] INFO:colcon.colcon_core.shell:Creating package script '/home/anshul/Research/PostDoc/mocap/install/phasespace_msgs_ros2/share/phasespace_msgs_ros2/package.ps1'
[30.249s] INFO:colcon.colcon_core.shell:Creating package descriptor '/home/anshul/Research/PostDoc/mocap/install/phasespace_msgs_ros2/share/phasespace_msgs_ros2/package.dsv'
[30.249s] INFO:colcon.colcon_core.shell:Creating package script '/home/anshul/Research/PostDoc/mocap/install/phasespace_msgs_ros2/share/phasespace_msgs_ros2/package.sh'
[30.250s] INFO:colcon.colcon_core.shell:Creating package script '/home/anshul/Research/PostDoc/mocap/install/phasespace_msgs_ros2/share/phasespace_msgs_ros2/package.bash'
[30.250s] INFO:colcon.colcon_core.shell:Creating package script '/home/anshul/Research/PostDoc/mocap/install/phasespace_msgs_ros2/share/phasespace_msgs_ros2/package.zsh'
[30.251s] Level 1:colcon.colcon_core.environment:create_file_with_runtime_dependencies(/home/anshul/Research/PostDoc/mocap/install/phasespace_msgs_ros2/share/colcon-core/packages/phasespace_msgs_ros2)
[30.251s] INFO:colcon.colcon_ros.task.catkin.build:Building ROS package in '/home/anshul/Research/PostDoc/mocap/phasespace-mocap-ros2/phasespace_bringup_ros2' with build type 'catkin'
[30.251s] INFO:colcon.colcon_cmake.task.cmake.build:Building CMake package in '/home/anshul/Research/PostDoc/mocap/phasespace-mocap-ros2/phasespace_bringup_ros2'
[30.251s] INFO:colcon.colcon_core.shell:Skip shell extension 'powershell' for command environment: Not usable outside of PowerShell
[30.251s] DEBUG:colcon.colcon_core.shell:Skip shell extension 'dsv' for command environment
[60.283s] DEBUG:colcon.colcon_core.event_handler.log_command:Invoking command in '/home/anshul/Research/PostDoc/mocap/build/phasespace_bringup_ros2': CMAKE_PREFIX_PATH=/home/anshul/Research/PostDoc/mocap/install/phasespace_msgs_ros2 CONDA_PROMPT_MODIFIER=(base) LD_LIBRARY_PATH=/home/anshul/Research/PostDoc/mocap/install/phasespace_msgs_ros2/lib:${LD_LIBRARY_PATH} PKG_CONFIG_PATH=/home/anshul/Research/PostDoc/mocap/install/phasespace_msgs_ros2/lib/x86_64-linux-gnu/pkgconfig:/home/anshul/Research/PostDoc/mocap/install/phasespace_msgs_ros2/lib/pkgconfig PYTHONPATH=/home/anshul/Research/PostDoc/mocap/install/phasespace_msgs_ros2/local/lib/python3.10/dist-packages:${PYTHONPATH} ROS_PACKAGE_PATH=/home/anshul/Research/PostDoc/mocap/install/phasespace_msgs_ros2/share /usr/bin/cmake /home/anshul/Research/PostDoc/mocap/phasespace-mocap-ros2/phasespace_bringup_ros2 -DPython3_EXECUTABLE=/usr/bin/python3 -DCATKIN_INSTALL_INTO_PREFIX_ROOT=0 -DCMAKE_INSTALL_PREFIX=/home/anshul/Research/PostDoc/mocap/install/phasespace_bringup_ros2
[61.327s] DEBUG:colcon.colcon_core.event_handler.log_command:Invoked command in '/home/anshul/Research/PostDoc/mocap/build/phasespace_bringup_ros2' returned '0': CMAKE_PREFIX_PATH=/home/anshul/Research/PostDoc/mocap/install/phasespace_msgs_ros2 CONDA_PROMPT_MODIFIER=(base) LD_LIBRARY_PATH=/home/anshul/Research/PostDoc/mocap/install/phasespace_msgs_ros2/lib:${LD_LIBRARY_PATH} PKG_CONFIG_PATH=/home/anshul/Research/PostDoc/mocap/install/phasespace_msgs_ros2/lib/x86_64-linux-gnu/pkgconfig:/home/anshul/Research/PostDoc/mocap/install/phasespace_msgs_ros2/lib/pkgconfig PYTHONPATH=/home/anshul/Research/PostDoc/mocap/install/phasespace_msgs_ros2/local/lib/python3.10/dist-packages:${PYTHONPATH} ROS_PACKAGE_PATH=/home/anshul/Research/PostDoc/mocap/install/phasespace_msgs_ros2/share /usr/bin/cmake /home/anshul/Research/PostDoc/mocap/phasespace-mocap-ros2/phasespace_bringup_ros2 -DPython3_EXECUTABLE=/usr/bin/python3 -DCATKIN_INSTALL_INTO_PREFIX_ROOT=0 -DCMAKE_INSTALL_PREFIX=/home/anshul/Research/PostDoc/mocap/install/phasespace_bringup_ros2
[61.328s] DEBUG:colcon.colcon_core.event_handler.log_command:Invoking command in '/home/anshul/Research/PostDoc/mocap/build/phasespace_bringup_ros2': CMAKE_PREFIX_PATH=/home/anshul/Research/PostDoc/mocap/install/phasespace_msgs_ros2 CONDA_PROMPT_MODIFIER=(base) LD_LIBRARY_PATH=/home/anshul/Research/PostDoc/mocap/install/phasespace_msgs_ros2/lib:${LD_LIBRARY_PATH} PKG_CONFIG_PATH=/home/anshul/Research/PostDoc/mocap/install/phasespace_msgs_ros2/lib/x86_64-linux-gnu/pkgconfig:/home/anshul/Research/PostDoc/mocap/install/phasespace_msgs_ros2/lib/pkgconfig PYTHONPATH=/home/anshul/Research/PostDoc/mocap/install/phasespace_msgs_ros2/local/lib/python3.10/dist-packages:${PYTHONPATH} ROS_PACKAGE_PATH=/home/anshul/Research/PostDoc/mocap/install/phasespace_msgs_ros2/share /usr/bin/cmake --build /home/anshul/Research/PostDoc/mocap/build/phasespace_bringup_ros2 -- -j20 -l20
[64.896s] DEBUG:colcon.colcon_core.event_handler.log_command:Invoked command in '/home/anshul/Research/PostDoc/mocap/build/phasespace_bringup_ros2' returned '0': CMAKE_PREFIX_PATH=/home/anshul/Research/PostDoc/mocap/install/phasespace_msgs_ros2 CONDA_PROMPT_MODIFIER=(base) LD_LIBRARY_PATH=/home/anshul/Research/PostDoc/mocap/install/phasespace_msgs_ros2/lib:${LD_LIBRARY_PATH} PKG_CONFIG_PATH=/home/anshul/Research/PostDoc/mocap/install/phasespace_msgs_ros2/lib/x86_64-linux-gnu/pkgconfig:/home/anshul/Research/PostDoc/mocap/install/phasespace_msgs_ros2/lib/pkgconfig PYTHONPATH=/home/anshul/Research/PostDoc/mocap/install/phasespace_msgs_ros2/local/lib/python3.10/dist-packages:${PYTHONPATH} ROS_PACKAGE_PATH=/home/anshul/Research/PostDoc/mocap/install/phasespace_msgs_ros2/share /usr/bin/cmake --build /home/anshul/Research/PostDoc/mocap/build/phasespace_bringup_ros2 -- -j20 -l20
[64.897s] DEBUG:colcon.colcon_core.event_handler.log_command:Invoking command in '/home/anshul/Research/PostDoc/mocap/build/phasespace_bringup_ros2': CMAKE_PREFIX_PATH=/home/anshul/Research/PostDoc/mocap/install/phasespace_msgs_ros2 CONDA_PROMPT_MODIFIER=(base) LD_LIBRARY_PATH=/home/anshul/Research/PostDoc/mocap/install/phasespace_msgs_ros2/lib:${LD_LIBRARY_PATH} PKG_CONFIG_PATH=/home/anshul/Research/PostDoc/mocap/install/phasespace_msgs_ros2/lib/x86_64-linux-gnu/pkgconfig:/home/anshul/Research/PostDoc/mocap/install/phasespace_msgs_ros2/lib/pkgconfig PYTHONPATH=/home/anshul/Research/PostDoc/mocap/install/phasespace_msgs_ros2/local/lib/python3.10/dist-packages:${PYTHONPATH} ROS_PACKAGE_PATH=/home/anshul/Research/PostDoc/mocap/install/phasespace_msgs_ros2/share /usr/bin/cmake --install /home/anshul/Research/PostDoc/mocap/build/phasespace_bringup_ros2
[90.307s] DEBUG:colcon.colcon_core.event_handler.log_command:Invoked command in '/home/anshul/Research/PostDoc/mocap/build/phasespace_bringup_ros2' returned '0': CMAKE_PREFIX_PATH=/home/anshul/Research/PostDoc/mocap/install/phasespace_msgs_ros2 CONDA_PROMPT_MODIFIER=(base) LD_LIBRARY_PATH=/home/anshul/Research/PostDoc/mocap/install/phasespace_msgs_ros2/lib:${LD_LIBRARY_PATH} PKG_CONFIG_PATH=/home/anshul/Research/PostDoc/mocap/install/phasespace_msgs_ros2/lib/x86_64-linux-gnu/pkgconfig:/home/anshul/Research/PostDoc/mocap/install/phasespace_msgs_ros2/lib/pkgconfig PYTHONPATH=/home/anshul/Research/PostDoc/mocap/install/phasespace_msgs_ros2/local/lib/python3.10/dist-packages:${PYTHONPATH} ROS_PACKAGE_PATH=/home/anshul/Research/PostDoc/mocap/install/phasespace_msgs_ros2/share /usr/bin/cmake --install /home/anshul/Research/PostDoc/mocap/build/phasespace_bringup_ros2
[90.307s] Level 1:colcon.colcon_core.shell:create_environment_hook('phasespace_bringup_ros2', 'ros_package_path')
[90.307s] INFO:colcon.colcon_core.shell:Creating environment hook '/home/anshul/Research/PostDoc/mocap/install/phasespace_bringup_ros2/share/phasespace_bringup_ros2/hook/ros_package_path.ps1'
[90.308s] INFO:colcon.colcon_core.shell:Creating environment descriptor '/home/anshul/Research/PostDoc/mocap/install/phasespace_bringup_ros2/share/phasespace_bringup_ros2/hook/ros_package_path.dsv'
[90.308s] INFO:colcon.colcon_core.shell:Creating environment hook '/home/anshul/Research/PostDoc/mocap/install/phasespace_bringup_ros2/share/phasespace_bringup_ros2/hook/ros_package_path.sh'
[90.308s] Level 1:colcon.colcon_core.shell:create_environment_hook('phasespace_bringup_ros2', 'pkg_config_path')
[90.308s] INFO:colcon.colcon_core.shell:Creating environment hook '/home/anshul/Research/PostDoc/mocap/install/phasespace_bringup_ros2/share/phasespace_bringup_ros2/hook/pkg_config_path.ps1'
[90.308s] INFO:colcon.colcon_core.shell:Creating environment descriptor '/home/anshul/Research/PostDoc/mocap/install/phasespace_bringup_ros2/share/phasespace_bringup_ros2/hook/pkg_config_path.dsv'
[90.308s] INFO:colcon.colcon_core.shell:Creating environment hook '/home/anshul/Research/PostDoc/mocap/install/phasespace_bringup_ros2/share/phasespace_bringup_ros2/hook/pkg_config_path.sh'
[90.309s] Level 1:colcon.colcon_core.shell:create_environment_hook('phasespace_bringup_ros2', 'pkg_config_path_multiarch')
[90.309s] INFO:colcon.colcon_core.shell:Creating environment hook '/home/anshul/Research/PostDoc/mocap/install/phasespace_bringup_ros2/share/phasespace_bringup_ros2/hook/pkg_config_path_multiarch.ps1'
[90.309s] INFO:colcon.colcon_core.shell:Creating environment descriptor '/home/anshul/Research/PostDoc/mocap/install/phasespace_bringup_ros2/share/phasespace_bringup_ros2/hook/pkg_config_path_multiarch.dsv'
[90.309s] INFO:colcon.colcon_core.shell:Creating environment hook '/home/anshul/Research/PostDoc/mocap/install/phasespace_bringup_ros2/share/phasespace_bringup_ros2/hook/pkg_config_path_multiarch.sh'
[90.309s] Level 1:colcon.colcon_core.environment:create_environment_scripts_only(phasespace_bringup_ros2)
[90.309s] Level 1:colcon.colcon_core.environment:checking '/home/anshul/Research/PostDoc/mocap/install/phasespace_bringup_ros2' for CMake module files
[90.310s] Level 1:colcon.colcon_core.environment:checking '/home/anshul/Research/PostDoc/mocap/install/phasespace_bringup_ros2' for CMake config files
[90.310s] Level 1:colcon.colcon_core.shell:create_environment_hook('phasespace_bringup_ros2', 'cmake_prefix_path')
[90.310s] INFO:colcon.colcon_core.shell:Creating environment hook '/home/anshul/Research/PostDoc/mocap/install/phasespace_bringup_ros2/share/phasespace_bringup_ros2/hook/cmake_prefix_path.ps1'
[90.310s] INFO:colcon.colcon_core.shell:Creating environment descriptor '/home/anshul/Research/PostDoc/mocap/install/phasespace_bringup_ros2/share/phasespace_bringup_ros2/hook/cmake_prefix_path.dsv'
[90.310s] INFO:colcon.colcon_core.shell:Creating environment hook '/home/anshul/Research/PostDoc/mocap/install/phasespace_bringup_ros2/share/phasespace_bringup_ros2/hook/cmake_prefix_path.sh'
[90.310s] Level 1:colcon.colcon_core.environment:checking '/home/anshul/Research/PostDoc/mocap/install/phasespace_bringup_ros2/lib'
[90.310s] Level 1:colcon.colcon_core.shell:create_environment_hook('phasespace_bringup_ros2', 'ld_library_path_lib')
[90.311s] INFO:colcon.colcon_core.shell:Creating environment hook '/home/anshul/Research/PostDoc/mocap/install/phasespace_bringup_ros2/share/phasespace_bringup_ros2/hook/ld_library_path_lib.ps1'
[90.311s] INFO:colcon.colcon_core.shell:Creating environment descriptor '/home/anshul/Research/PostDoc/mocap/install/phasespace_bringup_ros2/share/phasespace_bringup_ros2/hook/ld_library_path_lib.dsv'
[90.311s] INFO:colcon.colcon_core.shell:Creating environment hook '/home/anshul/Research/PostDoc/mocap/install/phasespace_bringup_ros2/share/phasespace_bringup_ros2/hook/ld_library_path_lib.sh'
[90.311s] Level 1:colcon.colcon_core.environment:checking '/home/anshul/Research/PostDoc/mocap/install/phasespace_bringup_ros2/bin'
[90.311s] Level 1:colcon.colcon_core.environment:checking '/home/anshul/Research/PostDoc/mocap/install/phasespace_bringup_ros2/lib/pkgconfig/phasespace_bringup_ros2.pc'
[90.311s] Level 1:colcon.colcon_core.environment:checking '/home/anshul/Research/PostDoc/mocap/install/phasespace_bringup_ros2/lib/python3.10/site-packages'
[90.311s] Level 1:colcon.colcon_core.environment:checking '/home/anshul/Research/PostDoc/mocap/install/phasespace_bringup_ros2/bin'
[90.311s] INFO:colcon.colcon_core.shell:Creating package script '/home/anshul/Research/PostDoc/mocap/install/phasespace_bringup_ros2/share/phasespace_bringup_ros2/package.ps1'
[90.312s] INFO:colcon.colcon_core.shell:Creating package descriptor '/home/anshul/Research/PostDoc/mocap/install/phasespace_bringup_ros2/share/phasespace_bringup_ros2/package.dsv'
[90.312s] INFO:colcon.colcon_core.shell:Creating package script '/home/anshul/Research/PostDoc/mocap/install/phasespace_bringup_ros2/share/phasespace_bringup_ros2/package.sh'
[90.312s] INFO:colcon.colcon_core.shell:Creating package script '/home/anshul/Research/PostDoc/mocap/install/phasespace_bringup_ros2/share/phasespace_bringup_ros2/package.bash'
[90.313s] INFO:colcon.colcon_core.shell:Creating package script '/home/anshul/Research/PostDoc/mocap/install/phasespace_bringup_ros2/share/phasespace_bringup_ros2/package.zsh'
[90.313s] Level 1:colcon.colcon_core.environment:create_file_with_runtime_dependencies(/home/anshul/Research/PostDoc/mocap/install/phasespace_bringup_ros2/share/colcon-core/packages/phasespace_bringup_ros2)
[90.313s] DEBUG:colcon.colcon_parallel_executor.executor.parallel:closing loop
[90.313s] DEBUG:colcon.colcon_parallel_executor.executor.parallel:loop closed
[90.313s] DEBUG:colcon.colcon_parallel_executor.executor.parallel:run_until_complete finished with '0'
[90.313s] DEBUG:colcon.colcon_core.event_reactor:joining thread
[90.317s] INFO:colcon.colcon_core.plugin_system:Skipping extension 'colcon_notification.desktop_notification.terminal_notifier': Not used on non-Darwin systems
[90.317s] INFO:colcon.colcon_core.plugin_system:Skipping extension 'colcon_notification.desktop_notification.win32': Not used on non-Windows systems
[90.317s] INFO:colcon.colcon_notification.desktop_notification:Sending desktop notification using 'notify2'
[90.318s] DEBUG:colcon.colcon_notification.desktop_notification.notify2:Failed to initialize notify2: org.freedesktop.DBus.Error.AccessDenied: Failed to connect to socket /run/user/1000/bus: Operation not permitted
[90.318s] DEBUG:colcon.colcon_core.event_reactor:joined thread
[90.318s] INFO:colcon.colcon_core.shell:Creating prefix script '/home/anshul/Research/PostDoc/mocap/install/local_setup.ps1'
[90.318s] INFO:colcon.colcon_core.shell:Creating prefix util module '/home/anshul/Research/PostDoc/mocap/install/_local_setup_util_ps1.py'
[90.319s] INFO:colcon.colcon_core.shell:Creating prefix chain script '/home/anshul/Research/PostDoc/mocap/install/setup.ps1'
[90.320s] INFO:colcon.colcon_core.shell:Creating prefix script '/home/anshul/Research/PostDoc/mocap/install/local_setup.sh'
[90.320s] INFO:colcon.colcon_core.shell:Creating prefix util module '/home/anshul/Research/PostDoc/mocap/install/_local_setup_util_sh.py'
[90.320s] INFO:colcon.colcon_core.shell:Creating prefix chain script '/home/anshul/Research/PostDoc/mocap/install/setup.sh'
[90.321s] INFO:colcon.colcon_core.shell:Creating prefix script '/home/anshul/Research/PostDoc/mocap/install/local_setup.bash'
[90.321s] INFO:colcon.colcon_core.shell:Creating prefix chain script '/home/anshul/Research/PostDoc/mocap/install/setup.bash'
[90.321s] INFO:colcon.colcon_core.shell:Creating prefix script '/home/anshul/Research/PostDoc/mocap/install/local_setup.zsh'
[90.321s] INFO:colcon.colcon_core.shell:Creating prefix chain script '/home/anshul/Research/PostDoc/mocap/install/setup.zsh'
