[0.005s] Invoking command in '/home/anshul/Research/PostDoc/mocap/build/phasespace_msgs_ros2': CMAKE_PREFIX_PATH=/opt/ros/humble CONDA_PROMPT_MODIFIER=(base) /usr/bin/cmake /home/anshul/Research/PostDoc/mocap/phasespace-mocap-ros2/phasespace_msgs_ros2 -DPython3_EXECUTABLE=/usr/bin/python3 -DCMAKE_INSTALL_PREFIX=/home/anshul/Research/PostDoc/mocap/install/phasespace_msgs_ros2
[0.043s] -- The C compiler identification is GNU 11.4.0
[0.079s] -- The CXX compiler identification is GNU 11.4.0
[0.084s] -- Detecting C compiler ABI info
[0.131s] -- Detecting C compiler ABI info - done
[0.135s] -- Check for working C compiler: /usr/bin/cc - skipped
[0.135s] -- Detecting C compile features
[0.136s] -- Detecting C compile features - done
[0.137s] -- Detecting CXX compiler ABI info
[0.192s] -- Detecting CXX compiler ABI info - done
[0.196s] -- Check for working CXX compiler: /usr/bin/c++ - skipped
[0.196s] -- Detecting CXX compile features
[0.196s] -- Detecting CXX compile features - done
[0.197s] -- Found ament_cmake: 1.3.11 (/opt/ros/humble/share/ament_cmake/cmake)
[0.293s] -- Found Python3: /usr/bin/python3 (found version "3.10.12") found components: Interpreter 
[0.339s] -- Found rosidl_default_generators: 1.2.0 (/opt/ros/humble/share/rosidl_default_generators/cmake)
[0.341s] -- Using all available rosidl_typesupport_c: rosidl_typesupport_fastrtps_c;rosidl_typesupport_introspection_c
[0.343s] -- Found rosidl_adapter: 3.1.6 (/opt/ros/humble/share/rosidl_adapter/cmake)
[0.364s] -- Using all available rosidl_typesupport_cpp: rosidl_typesupport_fastrtps_cpp;rosidl_typesupport_introspection_cpp
[0.380s] -- Found std_msgs: 4.8.0 (/opt/ros/humble/share/std_msgs/cmake)
[0.561s] -- Found ament_cmake_ros: 0.10.0 (/opt/ros/humble/share/ament_cmake_ros/cmake)
[0.695s] -- Using all available rosidl_typesupport_c: rosidl_typesupport_fastrtps_c;rosidl_typesupport_introspection_c
[0.863s] -- Using all available rosidl_typesupport_cpp: rosidl_typesupport_fastrtps_cpp;rosidl_typesupport_introspection_cpp
[0.879s] -- Found PythonInterp: /usr/bin/python3 (found suitable version "3.10.12", minimum required is "3.6") 
[0.879s] -- Found python_cmake_module: 0.10.0 (/opt/ros/humble/share/python_cmake_module/cmake)
[0.895s] -- Found PythonLibs: /usr/lib/x86_64-linux-gnu/libpython3.10.so (found suitable version "3.10.12", minimum required is "3.5") 
[0.895s] -- Using PYTHON_EXECUTABLE: /usr/bin/python3
[0.895s] -- Using PYTHON_INCLUDE_DIRS: /usr/include/python3.10
[0.895s] -- Using PYTHON_LIBRARIES: /usr/lib/x86_64-linux-gnu/libpython3.10.so
[0.908s] -- Found PythonExtra: .so  
[0.935s] -- Configuring done
[0.956s] -- Generating done
[0.963s] -- Build files have been written to: /home/anshul/Research/PostDoc/mocap/build/phasespace_msgs_ros2
[0.968s] Invoked command in '/home/anshul/Research/PostDoc/mocap/build/phasespace_msgs_ros2' returned '0': CMAKE_PREFIX_PATH=/opt/ros/humble CONDA_PROMPT_MODIFIER=(base) /usr/bin/cmake /home/anshul/Research/PostDoc/mocap/phasespace-mocap-ros2/phasespace_msgs_ros2 -DPython3_EXECUTABLE=/usr/bin/python3 -DCMAKE_INSTALL_PREFIX=/home/anshul/Research/PostDoc/mocap/install/phasespace_msgs_ros2
[0.968s] Invoking command in '/home/anshul/Research/PostDoc/mocap/build/phasespace_msgs_ros2': CMAKE_PREFIX_PATH=/opt/ros/humble CONDA_PROMPT_MODIFIER=(base) /usr/bin/cmake --build /home/anshul/Research/PostDoc/mocap/build/phasespace_msgs_ros2 -- -j20 -l20
[0.998s] Consolidate compiler generated dependencies of target phasespace_msgs_ros2__rosidl_generator_c
[1.006s] [  1%] Built target phasespace_msgs_ros2__cpp
[1.006s] [ 12%] Built target phasespace_msgs_ros2__rosidl_generator_c
[1.012s] [ 12%] Built target ament_cmake_python_copy_phasespace_msgs_ros2
[1.019s] Consolidate compiler generated dependencies of target phasespace_msgs_ros2__rosidl_typesupport_cpp
[1.019s] Consolidate compiler generated dependencies of target phasespace_msgs_ros2__rosidl_typesupport_c
[1.019s] Consolidate compiler generated dependencies of target phasespace_msgs_ros2__rosidl_typesupport_fastrtps_cpp
[1.020s] Consolidate compiler generated dependencies of target phasespace_msgs_ros2__rosidl_typesupport_introspection_cpp
[1.022s] Consolidate compiler generated dependencies of target phasespace_msgs_ros2__rosidl_typesupport_fastrtps_c
[1.022s] Consolidate compiler generated dependencies of target phasespace_msgs_ros2__rosidl_typesupport_introspection_c
[1.027s] [ 23%] Built target phasespace_msgs_ros2__rosidl_typesupport_c
[1.028s] [ 35%] Built target phasespace_msgs_ros2__rosidl_typesupport_introspection_cpp
[1.028s] [ 46%] Built target phasespace_msgs_ros2__rosidl_typesupport_cpp
[1.030s] [ 57%] Built target phasespace_msgs_ros2__rosidl_typesupport_fastrtps_cpp
[1.030s] [ 69%] Built target phasespace_msgs_ros2__rosidl_typesupport_introspection_c
[1.032s] [ 80%] Built target phasespace_msgs_ros2__rosidl_typesupport_fastrtps_c
[1.046s] [ 80%] Built target phasespace_msgs_ros2
[1.062s] [ 81%] Built target phasespace_msgs_ros2__py
[1.073s] Consolidate compiler generated dependencies of target phasespace_msgs_ros2__rosidl_generator_py
[1.083s] [ 91%] Built target phasespace_msgs_ros2__rosidl_generator_py
[1.093s] Consolidate compiler generated dependencies of target phasespace_msgs_ros2__rosidl_typesupport_introspection_c__pyext
[1.093s] Consolidate compiler generated dependencies of target phasespace_msgs_ros2__rosidl_typesupport_fastrtps_c__pyext
[1.094s] Consolidate compiler generated dependencies of target phasespace_msgs_ros2__rosidl_typesupport_c__pyext
[1.101s] [ 94%] Built target phasespace_msgs_ros2__rosidl_typesupport_introspection_c__pyext
[1.103s] [ 97%] Built target phasespace_msgs_ros2__rosidl_typesupport_fastrtps_c__pyext
[1.103s] [100%] Built target phasespace_msgs_ros2__rosidl_typesupport_c__pyext
[1.154s] running egg_info
[1.154s] writing phasespace_msgs_ros2.egg-info/PKG-INFO
[1.154s] writing dependency_links to phasespace_msgs_ros2.egg-info/dependency_links.txt
[1.154s] writing top-level names to phasespace_msgs_ros2.egg-info/top_level.txt
[1.156s] reading manifest file 'phasespace_msgs_ros2.egg-info/SOURCES.txt'
[1.156s] writing manifest file 'phasespace_msgs_ros2.egg-info/SOURCES.txt'
[1.174s] [100%] Built target ament_cmake_python_build_phasespace_msgs_ros2_egg
[1.184s] Invoked command in '/home/anshul/Research/PostDoc/mocap/build/phasespace_msgs_ros2' returned '0': CMAKE_PREFIX_PATH=/opt/ros/humble CONDA_PROMPT_MODIFIER=(base) /usr/bin/cmake --build /home/anshul/Research/PostDoc/mocap/build/phasespace_msgs_ros2 -- -j20 -l20
[1.191s] Invoking command in '/home/anshul/Research/PostDoc/mocap/build/phasespace_msgs_ros2': CMAKE_PREFIX_PATH=/opt/ros/humble CONDA_PROMPT_MODIFIER=(base) /usr/bin/cmake --install /home/anshul/Research/PostDoc/mocap/build/phasespace_msgs_ros2
[1.197s] -- Install configuration: ""
[1.197s] -- Up-to-date: /home/anshul/Research/PostDoc/mocap/install/phasespace_msgs_ros2/share/ament_index/resource_index/rosidl_interfaces/phasespace_msgs_ros2
[1.197s] -- Up-to-date: /home/anshul/Research/PostDoc/mocap/install/phasespace_msgs_ros2/include/phasespace_msgs_ros2/phasespace_msgs_ros2
[1.198s] -- Up-to-date: /home/anshul/Research/PostDoc/mocap/install/phasespace_msgs_ros2/include/phasespace_msgs_ros2/phasespace_msgs_ros2/msg
[1.198s] -- Up-to-date: /home/anshul/Research/PostDoc/mocap/install/phasespace_msgs_ros2/include/phasespace_msgs_ros2/phasespace_msgs_ros2/msg/cameras.h
[1.198s] -- Up-to-date: /home/anshul/Research/PostDoc/mocap/install/phasespace_msgs_ros2/include/phasespace_msgs_ros2/phasespace_msgs_ros2/msg/marker.h
[1.198s] -- Up-to-date: /home/anshul/Research/PostDoc/mocap/install/phasespace_msgs_ros2/include/phasespace_msgs_ros2/phasespace_msgs_ros2/msg/rigid.h
[1.198s] -- Up-to-date: /home/anshul/Research/PostDoc/mocap/install/phasespace_msgs_ros2/include/phasespace_msgs_ros2/phasespace_msgs_ros2/msg/rosidl_generator_c__visibility_control.h
[1.198s] -- Up-to-date: /home/anshul/Research/PostDoc/mocap/install/phasespace_msgs_ros2/include/phasespace_msgs_ros2/phasespace_msgs_ros2/msg/camera.h
[1.198s] -- Up-to-date: /home/anshul/Research/PostDoc/mocap/install/phasespace_msgs_ros2/include/phasespace_msgs_ros2/phasespace_msgs_ros2/msg/detail
[1.198s] -- Up-to-date: /home/anshul/Research/PostDoc/mocap/install/phasespace_msgs_ros2/include/phasespace_msgs_ros2/phasespace_msgs_ros2/msg/detail/marker__functions.h
[1.198s] -- Up-to-date: /home/anshul/Research/PostDoc/mocap/install/phasespace_msgs_ros2/include/phasespace_msgs_ros2/phasespace_msgs_ros2/msg/detail/rigid__type_support.h
[1.199s] -- Up-to-date: /home/anshul/Research/PostDoc/mocap/install/phasespace_msgs_ros2/include/phasespace_msgs_ros2/phasespace_msgs_ros2/msg/detail/cameras__struct.h
[1.199s] -- Up-to-date: /home/anshul/Research/PostDoc/mocap/install/phasespace_msgs_ros2/include/phasespace_msgs_ros2/phasespace_msgs_ros2/msg/detail/rigids__type_support.h
[1.199s] -- Up-to-date: /home/anshul/Research/PostDoc/mocap/install/phasespace_msgs_ros2/include/phasespace_msgs_ros2/phasespace_msgs_ros2/msg/detail/rigids__functions.c
[1.199s] -- Up-to-date: /home/anshul/Research/PostDoc/mocap/install/phasespace_msgs_ros2/include/phasespace_msgs_ros2/phasespace_msgs_ros2/msg/detail/rigids__struct.h
[1.199s] -- Up-to-date: /home/anshul/Research/PostDoc/mocap/install/phasespace_msgs_ros2/include/phasespace_msgs_ros2/phasespace_msgs_ros2/msg/detail/camera__functions.c
[1.199s] -- Up-to-date: /home/anshul/Research/PostDoc/mocap/install/phasespace_msgs_ros2/include/phasespace_msgs_ros2/phasespace_msgs_ros2/msg/detail/marker__type_support.h
[1.199s] -- Up-to-date: /home/anshul/Research/PostDoc/mocap/install/phasespace_msgs_ros2/include/phasespace_msgs_ros2/phasespace_msgs_ros2/msg/detail/markers__functions.h
[1.199s] -- Up-to-date: /home/anshul/Research/PostDoc/mocap/install/phasespace_msgs_ros2/include/phasespace_msgs_ros2/phasespace_msgs_ros2/msg/detail/rigids__functions.h
[1.199s] -- Up-to-date: /home/anshul/Research/PostDoc/mocap/install/phasespace_msgs_ros2/include/phasespace_msgs_ros2/phasespace_msgs_ros2/msg/detail/cameras__functions.c
[1.200s] -- Up-to-date: /home/anshul/Research/PostDoc/mocap/install/phasespace_msgs_ros2/include/phasespace_msgs_ros2/phasespace_msgs_ros2/msg/detail/markers__type_support.h
[1.200s] -- Up-to-date: /home/anshul/Research/PostDoc/mocap/install/phasespace_msgs_ros2/include/phasespace_msgs_ros2/phasespace_msgs_ros2/msg/detail/cameras__functions.h
[1.200s] -- Up-to-date: /home/anshul/Research/PostDoc/mocap/install/phasespace_msgs_ros2/include/phasespace_msgs_ros2/phasespace_msgs_ros2/msg/detail/camera__functions.h
[1.200s] -- Up-to-date: /home/anshul/Research/PostDoc/mocap/install/phasespace_msgs_ros2/include/phasespace_msgs_ros2/phasespace_msgs_ros2/msg/detail/camera__type_support.h
[1.200s] -- Up-to-date: /home/anshul/Research/PostDoc/mocap/install/phasespace_msgs_ros2/include/phasespace_msgs_ros2/phasespace_msgs_ros2/msg/detail/camera__struct.h
[1.200s] -- Up-to-date: /home/anshul/Research/PostDoc/mocap/install/phasespace_msgs_ros2/include/phasespace_msgs_ros2/phasespace_msgs_ros2/msg/detail/cameras__type_support.h
[1.200s] -- Up-to-date: /home/anshul/Research/PostDoc/mocap/install/phasespace_msgs_ros2/include/phasespace_msgs_ros2/phasespace_msgs_ros2/msg/detail/rigid__struct.h
[1.200s] -- Up-to-date: /home/anshul/Research/PostDoc/mocap/install/phasespace_msgs_ros2/include/phasespace_msgs_ros2/phasespace_msgs_ros2/msg/detail/rigid__functions.h
[1.200s] -- Up-to-date: /home/anshul/Research/PostDoc/mocap/install/phasespace_msgs_ros2/include/phasespace_msgs_ros2/phasespace_msgs_ros2/msg/detail/markers__struct.h
[1.200s] -- Up-to-date: /home/anshul/Research/PostDoc/mocap/install/phasespace_msgs_ros2/include/phasespace_msgs_ros2/phasespace_msgs_ros2/msg/detail/markers__functions.c
[1.200s] -- Up-to-date: /home/anshul/Research/PostDoc/mocap/install/phasespace_msgs_ros2/include/phasespace_msgs_ros2/phasespace_msgs_ros2/msg/detail/marker__functions.c
[1.200s] -- Up-to-date: /home/anshul/Research/PostDoc/mocap/install/phasespace_msgs_ros2/include/phasespace_msgs_ros2/phasespace_msgs_ros2/msg/detail/rigid__functions.c
[1.200s] -- Up-to-date: /home/anshul/Research/PostDoc/mocap/install/phasespace_msgs_ros2/include/phasespace_msgs_ros2/phasespace_msgs_ros2/msg/detail/marker__struct.h
[1.200s] -- Up-to-date: /home/anshul/Research/PostDoc/mocap/install/phasespace_msgs_ros2/include/phasespace_msgs_ros2/phasespace_msgs_ros2/msg/markers.h
[1.200s] -- Up-to-date: /home/anshul/Research/PostDoc/mocap/install/phasespace_msgs_ros2/include/phasespace_msgs_ros2/phasespace_msgs_ros2/msg/rigids.h
[1.200s] -- Up-to-date: /home/anshul/Research/PostDoc/mocap/install/phasespace_msgs_ros2/share/phasespace_msgs_ros2/environment/library_path.sh
[1.200s] -- Installing: /home/anshul/Research/PostDoc/mocap/install/phasespace_msgs_ros2/share/phasespace_msgs_ros2/environment/library_path.dsv
[1.201s] -- Up-to-date: /home/anshul/Research/PostDoc/mocap/install/phasespace_msgs_ros2/lib/libphasespace_msgs_ros2__rosidl_generator_c.so
[1.201s] -- Up-to-date: /home/anshul/Research/PostDoc/mocap/install/phasespace_msgs_ros2/include/phasespace_msgs_ros2/phasespace_msgs_ros2
[1.201s] -- Up-to-date: /home/anshul/Research/PostDoc/mocap/install/phasespace_msgs_ros2/include/phasespace_msgs_ros2/phasespace_msgs_ros2/msg
[1.201s] -- Up-to-date: /home/anshul/Research/PostDoc/mocap/install/phasespace_msgs_ros2/include/phasespace_msgs_ros2/phasespace_msgs_ros2/msg/detail
[1.201s] -- Up-to-date: /home/anshul/Research/PostDoc/mocap/install/phasespace_msgs_ros2/include/phasespace_msgs_ros2/phasespace_msgs_ros2/msg/detail/cameras__rosidl_typesupport_fastrtps_c.h
[1.201s] -- Up-to-date: /home/anshul/Research/PostDoc/mocap/install/phasespace_msgs_ros2/include/phasespace_msgs_ros2/phasespace_msgs_ros2/msg/detail/rigids__rosidl_typesupport_fastrtps_c.h
[1.201s] -- Up-to-date: /home/anshul/Research/PostDoc/mocap/install/phasespace_msgs_ros2/include/phasespace_msgs_ros2/phasespace_msgs_ros2/msg/detail/camera__rosidl_typesupport_fastrtps_c.h
[1.201s] -- Up-to-date: /home/anshul/Research/PostDoc/mocap/install/phasespace_msgs_ros2/include/phasespace_msgs_ros2/phasespace_msgs_ros2/msg/detail/marker__rosidl_typesupport_fastrtps_c.h
[1.201s] -- Up-to-date: /home/anshul/Research/PostDoc/mocap/install/phasespace_msgs_ros2/include/phasespace_msgs_ros2/phasespace_msgs_ros2/msg/detail/markers__rosidl_typesupport_fastrtps_c.h
[1.201s] -- Up-to-date: /home/anshul/Research/PostDoc/mocap/install/phasespace_msgs_ros2/include/phasespace_msgs_ros2/phasespace_msgs_ros2/msg/detail/rigid__rosidl_typesupport_fastrtps_c.h
[1.201s] -- Up-to-date: /home/anshul/Research/PostDoc/mocap/install/phasespace_msgs_ros2/include/phasespace_msgs_ros2/phasespace_msgs_ros2/msg/rosidl_typesupport_fastrtps_c__visibility_control.h
[1.201s] -- Up-to-date: /home/anshul/Research/PostDoc/mocap/install/phasespace_msgs_ros2/lib/libphasespace_msgs_ros2__rosidl_typesupport_fastrtps_c.so
[1.201s] -- Up-to-date: /home/anshul/Research/PostDoc/mocap/install/phasespace_msgs_ros2/include/phasespace_msgs_ros2/phasespace_msgs_ros2
[1.201s] -- Up-to-date: /home/anshul/Research/PostDoc/mocap/install/phasespace_msgs_ros2/include/phasespace_msgs_ros2/phasespace_msgs_ros2/msg
[1.201s] -- Up-to-date: /home/anshul/Research/PostDoc/mocap/install/phasespace_msgs_ros2/include/phasespace_msgs_ros2/phasespace_msgs_ros2/msg/detail
[1.201s] -- Up-to-date: /home/anshul/Research/PostDoc/mocap/install/phasespace_msgs_ros2/include/phasespace_msgs_ros2/phasespace_msgs_ros2/msg/detail/camera__rosidl_typesupport_introspection_c.h
[1.201s] -- Up-to-date: /home/anshul/Research/PostDoc/mocap/install/phasespace_msgs_ros2/include/phasespace_msgs_ros2/phasespace_msgs_ros2/msg/detail/markers__type_support.c
[1.202s] -- Up-to-date: /home/anshul/Research/PostDoc/mocap/install/phasespace_msgs_ros2/include/phasespace_msgs_ros2/phasespace_msgs_ros2/msg/detail/rigid__rosidl_typesupport_introspection_c.h
[1.202s] -- Up-to-date: /home/anshul/Research/PostDoc/mocap/install/phasespace_msgs_ros2/include/phasespace_msgs_ros2/phasespace_msgs_ros2/msg/detail/marker__type_support.c
[1.202s] -- Up-to-date: /home/anshul/Research/PostDoc/mocap/install/phasespace_msgs_ros2/include/phasespace_msgs_ros2/phasespace_msgs_ros2/msg/detail/rigids__type_support.c
[1.202s] -- Up-to-date: /home/anshul/Research/PostDoc/mocap/install/phasespace_msgs_ros2/include/phasespace_msgs_ros2/phasespace_msgs_ros2/msg/detail/camera__type_support.c
[1.202s] -- Up-to-date: /home/anshul/Research/PostDoc/mocap/install/phasespace_msgs_ros2/include/phasespace_msgs_ros2/phasespace_msgs_ros2/msg/detail/rigids__rosidl_typesupport_introspection_c.h
[1.202s] -- Up-to-date: /home/anshul/Research/PostDoc/mocap/install/phasespace_msgs_ros2/include/phasespace_msgs_ros2/phasespace_msgs_ros2/msg/detail/cameras__rosidl_typesupport_introspection_c.h
[1.202s] -- Up-to-date: /home/anshul/Research/PostDoc/mocap/install/phasespace_msgs_ros2/include/phasespace_msgs_ros2/phasespace_msgs_ros2/msg/detail/rigid__type_support.c
[1.202s] -- Up-to-date: /home/anshul/Research/PostDoc/mocap/install/phasespace_msgs_ros2/include/phasespace_msgs_ros2/phasespace_msgs_ros2/msg/detail/markers__rosidl_typesupport_introspection_c.h
[1.202s] -- Up-to-date: /home/anshul/Research/PostDoc/mocap/install/phasespace_msgs_ros2/include/phasespace_msgs_ros2/phasespace_msgs_ros2/msg/detail/marker__rosidl_typesupport_introspection_c.h
[1.202s] -- Up-to-date: /home/anshul/Research/PostDoc/mocap/install/phasespace_msgs_ros2/include/phasespace_msgs_ros2/phasespace_msgs_ros2/msg/detail/cameras__type_support.c
[1.202s] -- Up-to-date: /home/anshul/Research/PostDoc/mocap/install/phasespace_msgs_ros2/include/phasespace_msgs_ros2/phasespace_msgs_ros2/msg/rosidl_typesupport_introspection_c__visibility_control.h
[1.202s] -- Up-to-date: /home/anshul/Research/PostDoc/mocap/install/phasespace_msgs_ros2/lib/libphasespace_msgs_ros2__rosidl_typesupport_introspection_c.so
[1.202s] -- Up-to-date: /home/anshul/Research/PostDoc/mocap/install/phasespace_msgs_ros2/lib/libphasespace_msgs_ros2__rosidl_typesupport_c.so
[1.202s] -- Up-to-date: /home/anshul/Research/PostDoc/mocap/install/phasespace_msgs_ros2/include/phasespace_msgs_ros2/phasespace_msgs_ros2
[1.202s] -- Up-to-date: /home/anshul/Research/PostDoc/mocap/install/phasespace_msgs_ros2/include/phasespace_msgs_ros2/phasespace_msgs_ros2/msg
[1.202s] -- Up-to-date: /home/anshul/Research/PostDoc/mocap/install/phasespace_msgs_ros2/include/phasespace_msgs_ros2/phasespace_msgs_ros2/msg/markers.hpp
[1.202s] -- Up-to-date: /home/anshul/Research/PostDoc/mocap/install/phasespace_msgs_ros2/include/phasespace_msgs_ros2/phasespace_msgs_ros2/msg/camera.hpp
[1.203s] -- Up-to-date: /home/anshul/Research/PostDoc/mocap/install/phasespace_msgs_ros2/include/phasespace_msgs_ros2/phasespace_msgs_ros2/msg/rosidl_generator_cpp__visibility_control.hpp
[1.203s] -- Up-to-date: /home/anshul/Research/PostDoc/mocap/install/phasespace_msgs_ros2/include/phasespace_msgs_ros2/phasespace_msgs_ros2/msg/detail
[1.203s] -- Up-to-date: /home/anshul/Research/PostDoc/mocap/install/phasespace_msgs_ros2/include/phasespace_msgs_ros2/phasespace_msgs_ros2/msg/detail/camera__builder.hpp
[1.203s] -- Up-to-date: /home/anshul/Research/PostDoc/mocap/install/phasespace_msgs_ros2/include/phasespace_msgs_ros2/phasespace_msgs_ros2/msg/detail/rigids__builder.hpp
[1.203s] -- Up-to-date: /home/anshul/Research/PostDoc/mocap/install/phasespace_msgs_ros2/include/phasespace_msgs_ros2/phasespace_msgs_ros2/msg/detail/markers__struct.hpp
[1.203s] -- Up-to-date: /home/anshul/Research/PostDoc/mocap/install/phasespace_msgs_ros2/include/phasespace_msgs_ros2/phasespace_msgs_ros2/msg/detail/marker__struct.hpp
[1.203s] -- Up-to-date: /home/anshul/Research/PostDoc/mocap/install/phasespace_msgs_ros2/include/phasespace_msgs_ros2/phasespace_msgs_ros2/msg/detail/cameras__struct.hpp
[1.203s] -- Up-to-date: /home/anshul/Research/PostDoc/mocap/install/phasespace_msgs_ros2/include/phasespace_msgs_ros2/phasespace_msgs_ros2/msg/detail/camera__type_support.hpp
[1.203s] -- Up-to-date: /home/anshul/Research/PostDoc/mocap/install/phasespace_msgs_ros2/include/phasespace_msgs_ros2/phasespace_msgs_ros2/msg/detail/marker__type_support.hpp
[1.203s] -- Up-to-date: /home/anshul/Research/PostDoc/mocap/install/phasespace_msgs_ros2/include/phasespace_msgs_ros2/phasespace_msgs_ros2/msg/detail/rigid__builder.hpp
[1.203s] -- Up-to-date: /home/anshul/Research/PostDoc/mocap/install/phasespace_msgs_ros2/include/phasespace_msgs_ros2/phasespace_msgs_ros2/msg/detail/marker__traits.hpp
[1.203s] -- Up-to-date: /home/anshul/Research/PostDoc/mocap/install/phasespace_msgs_ros2/include/phasespace_msgs_ros2/phasespace_msgs_ros2/msg/detail/rigid__traits.hpp
[1.203s] -- Up-to-date: /home/anshul/Research/PostDoc/mocap/install/phasespace_msgs_ros2/include/phasespace_msgs_ros2/phasespace_msgs_ros2/msg/detail/rigids__traits.hpp
[1.203s] -- Up-to-date: /home/anshul/Research/PostDoc/mocap/install/phasespace_msgs_ros2/include/phasespace_msgs_ros2/phasespace_msgs_ros2/msg/detail/rigid__struct.hpp
[1.203s] -- Up-to-date: /home/anshul/Research/PostDoc/mocap/install/phasespace_msgs_ros2/include/phasespace_msgs_ros2/phasespace_msgs_ros2/msg/detail/cameras__type_support.hpp
[1.203s] -- Up-to-date: /home/anshul/Research/PostDoc/mocap/install/phasespace_msgs_ros2/include/phasespace_msgs_ros2/phasespace_msgs_ros2/msg/detail/cameras__traits.hpp
[1.203s] -- Up-to-date: /home/anshul/Research/PostDoc/mocap/install/phasespace_msgs_ros2/include/phasespace_msgs_ros2/phasespace_msgs_ros2/msg/detail/cameras__builder.hpp
[1.204s] -- Up-to-date: /home/anshul/Research/PostDoc/mocap/install/phasespace_msgs_ros2/include/phasespace_msgs_ros2/phasespace_msgs_ros2/msg/detail/rigid__type_support.hpp
[1.204s] -- Up-to-date: /home/anshul/Research/PostDoc/mocap/install/phasespace_msgs_ros2/include/phasespace_msgs_ros2/phasespace_msgs_ros2/msg/detail/rigids__struct.hpp
[1.204s] -- Up-to-date: /home/anshul/Research/PostDoc/mocap/install/phasespace_msgs_ros2/include/phasespace_msgs_ros2/phasespace_msgs_ros2/msg/detail/markers__builder.hpp
[1.204s] -- Up-to-date: /home/anshul/Research/PostDoc/mocap/install/phasespace_msgs_ros2/include/phasespace_msgs_ros2/phasespace_msgs_ros2/msg/detail/marker__builder.hpp
[1.204s] -- Up-to-date: /home/anshul/Research/PostDoc/mocap/install/phasespace_msgs_ros2/include/phasespace_msgs_ros2/phasespace_msgs_ros2/msg/detail/camera__struct.hpp
[1.204s] -- Up-to-date: /home/anshul/Research/PostDoc/mocap/install/phasespace_msgs_ros2/include/phasespace_msgs_ros2/phasespace_msgs_ros2/msg/detail/markers__type_support.hpp
[1.204s] -- Up-to-date: /home/anshul/Research/PostDoc/mocap/install/phasespace_msgs_ros2/include/phasespace_msgs_ros2/phasespace_msgs_ros2/msg/detail/camera__traits.hpp
[1.204s] -- Up-to-date: /home/anshul/Research/PostDoc/mocap/install/phasespace_msgs_ros2/include/phasespace_msgs_ros2/phasespace_msgs_ros2/msg/detail/rigids__type_support.hpp
[1.204s] -- Up-to-date: /home/anshul/Research/PostDoc/mocap/install/phasespace_msgs_ros2/include/phasespace_msgs_ros2/phasespace_msgs_ros2/msg/detail/markers__traits.hpp
[1.204s] -- Up-to-date: /home/anshul/Research/PostDoc/mocap/install/phasespace_msgs_ros2/include/phasespace_msgs_ros2/phasespace_msgs_ros2/msg/rigids.hpp
[1.204s] -- Up-to-date: /home/anshul/Research/PostDoc/mocap/install/phasespace_msgs_ros2/include/phasespace_msgs_ros2/phasespace_msgs_ros2/msg/rigid.hpp
[1.204s] -- Up-to-date: /home/anshul/Research/PostDoc/mocap/install/phasespace_msgs_ros2/include/phasespace_msgs_ros2/phasespace_msgs_ros2/msg/cameras.hpp
[1.204s] -- Up-to-date: /home/anshul/Research/PostDoc/mocap/install/phasespace_msgs_ros2/include/phasespace_msgs_ros2/phasespace_msgs_ros2/msg/marker.hpp
[1.204s] -- Up-to-date: /home/anshul/Research/PostDoc/mocap/install/phasespace_msgs_ros2/include/phasespace_msgs_ros2/phasespace_msgs_ros2
[1.204s] -- Up-to-date: /home/anshul/Research/PostDoc/mocap/install/phasespace_msgs_ros2/include/phasespace_msgs_ros2/phasespace_msgs_ros2/msg
[1.204s] -- Up-to-date: /home/anshul/Research/PostDoc/mocap/install/phasespace_msgs_ros2/include/phasespace_msgs_ros2/phasespace_msgs_ros2/msg/rosidl_typesupport_fastrtps_cpp__visibility_control.h
[1.204s] -- Up-to-date: /home/anshul/Research/PostDoc/mocap/install/phasespace_msgs_ros2/include/phasespace_msgs_ros2/phasespace_msgs_ros2/msg/detail
[1.204s] -- Up-to-date: /home/anshul/Research/PostDoc/mocap/install/phasespace_msgs_ros2/include/phasespace_msgs_ros2/phasespace_msgs_ros2/msg/detail/cameras__rosidl_typesupport_fastrtps_cpp.hpp
[1.204s] -- Up-to-date: /home/anshul/Research/PostDoc/mocap/install/phasespace_msgs_ros2/include/phasespace_msgs_ros2/phasespace_msgs_ros2/msg/detail/dds_fastrtps
[1.204s] -- Up-to-date: /home/anshul/Research/PostDoc/mocap/install/phasespace_msgs_ros2/include/phasespace_msgs_ros2/phasespace_msgs_ros2/msg/detail/camera__rosidl_typesupport_fastrtps_cpp.hpp
[1.204s] -- Up-to-date: /home/anshul/Research/PostDoc/mocap/install/phasespace_msgs_ros2/include/phasespace_msgs_ros2/phasespace_msgs_ros2/msg/detail/rigid__rosidl_typesupport_fastrtps_cpp.hpp
[1.204s] -- Up-to-date: /home/anshul/Research/PostDoc/mocap/install/phasespace_msgs_ros2/include/phasespace_msgs_ros2/phasespace_msgs_ros2/msg/detail/markers__rosidl_typesupport_fastrtps_cpp.hpp
[1.204s] -- Up-to-date: /home/anshul/Research/PostDoc/mocap/install/phasespace_msgs_ros2/include/phasespace_msgs_ros2/phasespace_msgs_ros2/msg/detail/marker__rosidl_typesupport_fastrtps_cpp.hpp
[1.204s] -- Up-to-date: /home/anshul/Research/PostDoc/mocap/install/phasespace_msgs_ros2/include/phasespace_msgs_ros2/phasespace_msgs_ros2/msg/detail/rigids__rosidl_typesupport_fastrtps_cpp.hpp
[1.204s] -- Up-to-date: /home/anshul/Research/PostDoc/mocap/install/phasespace_msgs_ros2/lib/libphasespace_msgs_ros2__rosidl_typesupport_fastrtps_cpp.so
[1.204s] -- Up-to-date: /home/anshul/Research/PostDoc/mocap/install/phasespace_msgs_ros2/include/phasespace_msgs_ros2/phasespace_msgs_ros2
[1.204s] -- Up-to-date: /home/anshul/Research/PostDoc/mocap/install/phasespace_msgs_ros2/include/phasespace_msgs_ros2/phasespace_msgs_ros2/msg
[1.204s] -- Up-to-date: /home/anshul/Research/PostDoc/mocap/install/phasespace_msgs_ros2/include/phasespace_msgs_ros2/phasespace_msgs_ros2/msg/detail
[1.205s] -- Up-to-date: /home/anshul/Research/PostDoc/mocap/install/phasespace_msgs_ros2/include/phasespace_msgs_ros2/phasespace_msgs_ros2/msg/detail/camera__rosidl_typesupport_introspection_cpp.hpp
[1.205s] -- Up-to-date: /home/anshul/Research/PostDoc/mocap/install/phasespace_msgs_ros2/include/phasespace_msgs_ros2/phasespace_msgs_ros2/msg/detail/markers__rosidl_typesupport_introspection_cpp.hpp
[1.205s] -- Up-to-date: /home/anshul/Research/PostDoc/mocap/install/phasespace_msgs_ros2/include/phasespace_msgs_ros2/phasespace_msgs_ros2/msg/detail/rigids__rosidl_typesupport_introspection_cpp.hpp
[1.205s] -- Up-to-date: /home/anshul/Research/PostDoc/mocap/install/phasespace_msgs_ros2/include/phasespace_msgs_ros2/phasespace_msgs_ros2/msg/detail/camera__type_support.cpp
[1.205s] -- Up-to-date: /home/anshul/Research/PostDoc/mocap/install/phasespace_msgs_ros2/include/phasespace_msgs_ros2/phasespace_msgs_ros2/msg/detail/rigid__rosidl_typesupport_introspection_cpp.hpp
[1.205s] -- Up-to-date: /home/anshul/Research/PostDoc/mocap/install/phasespace_msgs_ros2/include/phasespace_msgs_ros2/phasespace_msgs_ros2/msg/detail/marker__type_support.cpp
[1.205s] -- Up-to-date: /home/anshul/Research/PostDoc/mocap/install/phasespace_msgs_ros2/include/phasespace_msgs_ros2/phasespace_msgs_ros2/msg/detail/rigid__type_support.cpp
[1.205s] -- Up-to-date: /home/anshul/Research/PostDoc/mocap/install/phasespace_msgs_ros2/include/phasespace_msgs_ros2/phasespace_msgs_ros2/msg/detail/rigids__type_support.cpp
[1.205s] -- Up-to-date: /home/anshul/Research/PostDoc/mocap/install/phasespace_msgs_ros2/include/phasespace_msgs_ros2/phasespace_msgs_ros2/msg/detail/marker__rosidl_typesupport_introspection_cpp.hpp
[1.205s] -- Up-to-date: /home/anshul/Research/PostDoc/mocap/install/phasespace_msgs_ros2/include/phasespace_msgs_ros2/phasespace_msgs_ros2/msg/detail/markers__type_support.cpp
[1.205s] -- Up-to-date: /home/anshul/Research/PostDoc/mocap/install/phasespace_msgs_ros2/include/phasespace_msgs_ros2/phasespace_msgs_ros2/msg/detail/cameras__rosidl_typesupport_introspection_cpp.hpp
[1.205s] -- Up-to-date: /home/anshul/Research/PostDoc/mocap/install/phasespace_msgs_ros2/include/phasespace_msgs_ros2/phasespace_msgs_ros2/msg/detail/cameras__type_support.cpp
[1.205s] -- Up-to-date: /home/anshul/Research/PostDoc/mocap/install/phasespace_msgs_ros2/lib/libphasespace_msgs_ros2__rosidl_typesupport_introspection_cpp.so
[1.205s] -- Up-to-date: /home/anshul/Research/PostDoc/mocap/install/phasespace_msgs_ros2/lib/libphasespace_msgs_ros2__rosidl_typesupport_cpp.so
[1.205s] -- Up-to-date: /home/anshul/Research/PostDoc/mocap/install/phasespace_msgs_ros2/share/phasespace_msgs_ros2/environment/pythonpath.sh
[1.205s] -- Installing: /home/anshul/Research/PostDoc/mocap/install/phasespace_msgs_ros2/share/phasespace_msgs_ros2/environment/pythonpath.dsv
[1.205s] -- Up-to-date: /home/anshul/Research/PostDoc/mocap/install/phasespace_msgs_ros2/local/lib/python3.10/dist-packages/phasespace_msgs_ros2-0.0.0-py3.10.egg-info
[1.205s] -- Installing: /home/anshul/Research/PostDoc/mocap/install/phasespace_msgs_ros2/local/lib/python3.10/dist-packages/phasespace_msgs_ros2-0.0.0-py3.10.egg-info/top_level.txt
[1.205s] -- Installing: /home/anshul/Research/PostDoc/mocap/install/phasespace_msgs_ros2/local/lib/python3.10/dist-packages/phasespace_msgs_ros2-0.0.0-py3.10.egg-info/dependency_links.txt
[1.205s] -- Installing: /home/anshul/Research/PostDoc/mocap/install/phasespace_msgs_ros2/local/lib/python3.10/dist-packages/phasespace_msgs_ros2-0.0.0-py3.10.egg-info/SOURCES.txt
[1.205s] -- Installing: /home/anshul/Research/PostDoc/mocap/install/phasespace_msgs_ros2/local/lib/python3.10/dist-packages/phasespace_msgs_ros2-0.0.0-py3.10.egg-info/PKG-INFO
[1.205s] -- Up-to-date: /home/anshul/Research/PostDoc/mocap/install/phasespace_msgs_ros2/local/lib/python3.10/dist-packages/phasespace_msgs_ros2
[1.205s] -- Up-to-date: /home/anshul/Research/PostDoc/mocap/install/phasespace_msgs_ros2/local/lib/python3.10/dist-packages/phasespace_msgs_ros2/_phasespace_msgs_ros2_s.ep.rosidl_typesupport_c.c
[1.205s] -- Up-to-date: /home/anshul/Research/PostDoc/mocap/install/phasespace_msgs_ros2/local/lib/python3.10/dist-packages/phasespace_msgs_ros2/msg
[1.205s] -- Up-to-date: /home/anshul/Research/PostDoc/mocap/install/phasespace_msgs_ros2/local/lib/python3.10/dist-packages/phasespace_msgs_ros2/msg/_markers_s.c
[1.205s] -- Up-to-date: /home/anshul/Research/PostDoc/mocap/install/phasespace_msgs_ros2/local/lib/python3.10/dist-packages/phasespace_msgs_ros2/msg/_marker.py
[1.205s] -- Up-to-date: /home/anshul/Research/PostDoc/mocap/install/phasespace_msgs_ros2/local/lib/python3.10/dist-packages/phasespace_msgs_ros2/msg/_marker_s.c
[1.205s] -- Up-to-date: /home/anshul/Research/PostDoc/mocap/install/phasespace_msgs_ros2/local/lib/python3.10/dist-packages/phasespace_msgs_ros2/msg/_camera_s.c
[1.205s] -- Up-to-date: /home/anshul/Research/PostDoc/mocap/install/phasespace_msgs_ros2/local/lib/python3.10/dist-packages/phasespace_msgs_ros2/msg/_rigids_s.c
[1.205s] -- Up-to-date: /home/anshul/Research/PostDoc/mocap/install/phasespace_msgs_ros2/local/lib/python3.10/dist-packages/phasespace_msgs_ros2/msg/_rigid.py
[1.205s] -- Up-to-date: /home/anshul/Research/PostDoc/mocap/install/phasespace_msgs_ros2/local/lib/python3.10/dist-packages/phasespace_msgs_ros2/msg/__init__.py
[1.205s] -- Up-to-date: /home/anshul/Research/PostDoc/mocap/install/phasespace_msgs_ros2/local/lib/python3.10/dist-packages/phasespace_msgs_ros2/msg/_markers.py
[1.205s] -- Up-to-date: /home/anshul/Research/PostDoc/mocap/install/phasespace_msgs_ros2/local/lib/python3.10/dist-packages/phasespace_msgs_ros2/msg/_cameras_s.c
[1.205s] -- Up-to-date: /home/anshul/Research/PostDoc/mocap/install/phasespace_msgs_ros2/local/lib/python3.10/dist-packages/phasespace_msgs_ros2/msg/_rigids.py
[1.205s] -- Up-to-date: /home/anshul/Research/PostDoc/mocap/install/phasespace_msgs_ros2/local/lib/python3.10/dist-packages/phasespace_msgs_ros2/msg/_rigid_s.c
[1.205s] -- Up-to-date: /home/anshul/Research/PostDoc/mocap/install/phasespace_msgs_ros2/local/lib/python3.10/dist-packages/phasespace_msgs_ros2/msg/_cameras.py
[1.205s] -- Up-to-date: /home/anshul/Research/PostDoc/mocap/install/phasespace_msgs_ros2/local/lib/python3.10/dist-packages/phasespace_msgs_ros2/msg/_camera.py
[1.205s] -- Up-to-date: /home/anshul/Research/PostDoc/mocap/install/phasespace_msgs_ros2/local/lib/python3.10/dist-packages/phasespace_msgs_ros2/libphasespace_msgs_ros2__rosidl_generator_py.so
[1.205s] -- Up-to-date: /home/anshul/Research/PostDoc/mocap/install/phasespace_msgs_ros2/local/lib/python3.10/dist-packages/phasespace_msgs_ros2/phasespace_msgs_ros2_s__rosidl_typesupport_c.cpython-310-x86_64-linux-gnu.so
[1.205s] -- Up-to-date: /home/anshul/Research/PostDoc/mocap/install/phasespace_msgs_ros2/local/lib/python3.10/dist-packages/phasespace_msgs_ros2/_phasespace_msgs_ros2_s.ep.rosidl_typesupport_introspection_c.c
[1.205s] -- Installing: /home/anshul/Research/PostDoc/mocap/install/phasespace_msgs_ros2/local/lib/python3.10/dist-packages/phasespace_msgs_ros2/__init__.py
[1.205s] -- Up-to-date: /home/anshul/Research/PostDoc/mocap/install/phasespace_msgs_ros2/local/lib/python3.10/dist-packages/phasespace_msgs_ros2/phasespace_msgs_ros2_s__rosidl_typesupport_introspection_c.cpython-310-x86_64-linux-gnu.so
[1.206s] -- Up-to-date: /home/anshul/Research/PostDoc/mocap/install/phasespace_msgs_ros2/local/lib/python3.10/dist-packages/phasespace_msgs_ros2/phasespace_msgs_ros2_s__rosidl_typesupport_fastrtps_c.cpython-310-x86_64-linux-gnu.so
[1.206s] -- Up-to-date: /home/anshul/Research/PostDoc/mocap/install/phasespace_msgs_ros2/local/lib/python3.10/dist-packages/phasespace_msgs_ros2/_phasespace_msgs_ros2_s.ep.rosidl_typesupport_fastrtps_c.c
[1.220s] Listing '/home/anshul/Research/PostDoc/mocap/install/phasespace_msgs_ros2/local/lib/python3.10/dist-packages/phasespace_msgs_ros2'...
[1.220s] Compiling '/home/anshul/Research/PostDoc/mocap/install/phasespace_msgs_ros2/local/lib/python3.10/dist-packages/phasespace_msgs_ros2/__init__.py'...
[1.220s] Listing '/home/anshul/Research/PostDoc/mocap/install/phasespace_msgs_ros2/local/lib/python3.10/dist-packages/phasespace_msgs_ros2/msg'...
[1.223s] -- Up-to-date: /home/anshul/Research/PostDoc/mocap/install/phasespace_msgs_ros2/local/lib/python3.10/dist-packages/phasespace_msgs_ros2/phasespace_msgs_ros2_s__rosidl_typesupport_fastrtps_c.cpython-310-x86_64-linux-gnu.so
[1.223s] -- Up-to-date: /home/anshul/Research/PostDoc/mocap/install/phasespace_msgs_ros2/local/lib/python3.10/dist-packages/phasespace_msgs_ros2/phasespace_msgs_ros2_s__rosidl_typesupport_introspection_c.cpython-310-x86_64-linux-gnu.so
[1.223s] -- Up-to-date: /home/anshul/Research/PostDoc/mocap/install/phasespace_msgs_ros2/local/lib/python3.10/dist-packages/phasespace_msgs_ros2/phasespace_msgs_ros2_s__rosidl_typesupport_c.cpython-310-x86_64-linux-gnu.so
[1.223s] -- Up-to-date: /home/anshul/Research/PostDoc/mocap/install/phasespace_msgs_ros2/lib/libphasespace_msgs_ros2__rosidl_generator_py.so
[1.223s] -- Up-to-date: /home/anshul/Research/PostDoc/mocap/install/phasespace_msgs_ros2/share/phasespace_msgs_ros2/msg/Camera.idl
[1.224s] -- Up-to-date: /home/anshul/Research/PostDoc/mocap/install/phasespace_msgs_ros2/share/phasespace_msgs_ros2/msg/Cameras.idl
[1.224s] -- Up-to-date: /home/anshul/Research/PostDoc/mocap/install/phasespace_msgs_ros2/share/phasespace_msgs_ros2/msg/Marker.idl
[1.224s] -- Up-to-date: /home/anshul/Research/PostDoc/mocap/install/phasespace_msgs_ros2/share/phasespace_msgs_ros2/msg/Markers.idl
[1.224s] -- Up-to-date: /home/anshul/Research/PostDoc/mocap/install/phasespace_msgs_ros2/share/phasespace_msgs_ros2/msg/Rigid.idl
[1.224s] -- Up-to-date: /home/anshul/Research/PostDoc/mocap/install/phasespace_msgs_ros2/share/phasespace_msgs_ros2/msg/Rigids.idl
[1.224s] -- Up-to-date: /home/anshul/Research/PostDoc/mocap/install/phasespace_msgs_ros2/share/phasespace_msgs_ros2/msg/Camera.msg
[1.224s] -- Up-to-date: /home/anshul/Research/PostDoc/mocap/install/phasespace_msgs_ros2/share/phasespace_msgs_ros2/msg/Cameras.msg
[1.224s] -- Up-to-date: /home/anshul/Research/PostDoc/mocap/install/phasespace_msgs_ros2/share/phasespace_msgs_ros2/msg/Marker.msg
[1.224s] -- Up-to-date: /home/anshul/Research/PostDoc/mocap/install/phasespace_msgs_ros2/share/phasespace_msgs_ros2/msg/Markers.msg
[1.224s] -- Up-to-date: /home/anshul/Research/PostDoc/mocap/install/phasespace_msgs_ros2/share/phasespace_msgs_ros2/msg/Rigid.msg
[1.224s] -- Up-to-date: /home/anshul/Research/PostDoc/mocap/install/phasespace_msgs_ros2/share/phasespace_msgs_ros2/msg/Rigids.msg
[1.224s] -- Up-to-date: /home/anshul/Research/PostDoc/mocap/install/phasespace_msgs_ros2/share/ament_index/resource_index/package_run_dependencies/phasespace_msgs_ros2
[1.224s] -- Up-to-date: /home/anshul/Research/PostDoc/mocap/install/phasespace_msgs_ros2/share/ament_index/resource_index/parent_prefix_path/phasespace_msgs_ros2
[1.224s] -- Up-to-date: /home/anshul/Research/PostDoc/mocap/install/phasespace_msgs_ros2/share/phasespace_msgs_ros2/environment/ament_prefix_path.sh
[1.224s] -- Installing: /home/anshul/Research/PostDoc/mocap/install/phasespace_msgs_ros2/share/phasespace_msgs_ros2/environment/ament_prefix_path.dsv
[1.224s] -- Up-to-date: /home/anshul/Research/PostDoc/mocap/install/phasespace_msgs_ros2/share/phasespace_msgs_ros2/environment/path.sh
[1.224s] -- Installing: /home/anshul/Research/PostDoc/mocap/install/phasespace_msgs_ros2/share/phasespace_msgs_ros2/environment/path.dsv
[1.224s] -- Up-to-date: /home/anshul/Research/PostDoc/mocap/install/phasespace_msgs_ros2/share/phasespace_msgs_ros2/local_setup.bash
[1.224s] -- Up-to-date: /home/anshul/Research/PostDoc/mocap/install/phasespace_msgs_ros2/share/phasespace_msgs_ros2/local_setup.sh
[1.224s] -- Up-to-date: /home/anshul/Research/PostDoc/mocap/install/phasespace_msgs_ros2/share/phasespace_msgs_ros2/local_setup.zsh
[1.224s] -- Installing: /home/anshul/Research/PostDoc/mocap/install/phasespace_msgs_ros2/share/phasespace_msgs_ros2/local_setup.dsv
[1.224s] -- Installing: /home/anshul/Research/PostDoc/mocap/install/phasespace_msgs_ros2/share/phasespace_msgs_ros2/package.dsv
[1.224s] -- Up-to-date: /home/anshul/Research/PostDoc/mocap/install/phasespace_msgs_ros2/share/ament_index/resource_index/packages/phasespace_msgs_ros2
[1.224s] -- Up-to-date: /home/anshul/Research/PostDoc/mocap/install/phasespace_msgs_ros2/share/phasespace_msgs_ros2/cmake/export_phasespace_msgs_ros2__rosidl_generator_cExport.cmake
[1.224s] -- Up-to-date: /home/anshul/Research/PostDoc/mocap/install/phasespace_msgs_ros2/share/phasespace_msgs_ros2/cmake/export_phasespace_msgs_ros2__rosidl_generator_cExport-noconfig.cmake
[1.224s] -- Up-to-date: /home/anshul/Research/PostDoc/mocap/install/phasespace_msgs_ros2/share/phasespace_msgs_ros2/cmake/export_phasespace_msgs_ros2__rosidl_typesupport_fastrtps_cExport.cmake
[1.224s] -- Up-to-date: /home/anshul/Research/PostDoc/mocap/install/phasespace_msgs_ros2/share/phasespace_msgs_ros2/cmake/export_phasespace_msgs_ros2__rosidl_typesupport_fastrtps_cExport-noconfig.cmake
[1.225s] -- Up-to-date: /home/anshul/Research/PostDoc/mocap/install/phasespace_msgs_ros2/share/phasespace_msgs_ros2/cmake/phasespace_msgs_ros2__rosidl_typesupport_introspection_cExport.cmake
[1.225s] -- Up-to-date: /home/anshul/Research/PostDoc/mocap/install/phasespace_msgs_ros2/share/phasespace_msgs_ros2/cmake/phasespace_msgs_ros2__rosidl_typesupport_introspection_cExport-noconfig.cmake
[1.225s] -- Up-to-date: /home/anshul/Research/PostDoc/mocap/install/phasespace_msgs_ros2/share/phasespace_msgs_ros2/cmake/phasespace_msgs_ros2__rosidl_typesupport_cExport.cmake
[1.225s] -- Up-to-date: /home/anshul/Research/PostDoc/mocap/install/phasespace_msgs_ros2/share/phasespace_msgs_ros2/cmake/phasespace_msgs_ros2__rosidl_typesupport_cExport-noconfig.cmake
[1.225s] -- Up-to-date: /home/anshul/Research/PostDoc/mocap/install/phasespace_msgs_ros2/share/phasespace_msgs_ros2/cmake/export_phasespace_msgs_ros2__rosidl_generator_cppExport.cmake
[1.225s] -- Up-to-date: /home/anshul/Research/PostDoc/mocap/install/phasespace_msgs_ros2/share/phasespace_msgs_ros2/cmake/export_phasespace_msgs_ros2__rosidl_typesupport_fastrtps_cppExport.cmake
[1.225s] -- Up-to-date: /home/anshul/Research/PostDoc/mocap/install/phasespace_msgs_ros2/share/phasespace_msgs_ros2/cmake/export_phasespace_msgs_ros2__rosidl_typesupport_fastrtps_cppExport-noconfig.cmake
[1.225s] -- Up-to-date: /home/anshul/Research/PostDoc/mocap/install/phasespace_msgs_ros2/share/phasespace_msgs_ros2/cmake/phasespace_msgs_ros2__rosidl_typesupport_introspection_cppExport.cmake
[1.225s] -- Up-to-date: /home/anshul/Research/PostDoc/mocap/install/phasespace_msgs_ros2/share/phasespace_msgs_ros2/cmake/phasespace_msgs_ros2__rosidl_typesupport_introspection_cppExport-noconfig.cmake
[1.225s] -- Up-to-date: /home/anshul/Research/PostDoc/mocap/install/phasespace_msgs_ros2/share/phasespace_msgs_ros2/cmake/phasespace_msgs_ros2__rosidl_typesupport_cppExport.cmake
[1.225s] -- Up-to-date: /home/anshul/Research/PostDoc/mocap/install/phasespace_msgs_ros2/share/phasespace_msgs_ros2/cmake/phasespace_msgs_ros2__rosidl_typesupport_cppExport-noconfig.cmake
[1.225s] -- Up-to-date: /home/anshul/Research/PostDoc/mocap/install/phasespace_msgs_ros2/share/phasespace_msgs_ros2/cmake/export_phasespace_msgs_ros2__rosidl_generator_pyExport.cmake
[1.225s] -- Up-to-date: /home/anshul/Research/PostDoc/mocap/install/phasespace_msgs_ros2/share/phasespace_msgs_ros2/cmake/export_phasespace_msgs_ros2__rosidl_generator_pyExport-noconfig.cmake
[1.225s] -- Up-to-date: /home/anshul/Research/PostDoc/mocap/install/phasespace_msgs_ros2/share/phasespace_msgs_ros2/cmake/rosidl_cmake-extras.cmake
[1.225s] -- Up-to-date: /home/anshul/Research/PostDoc/mocap/install/phasespace_msgs_ros2/share/phasespace_msgs_ros2/cmake/ament_cmake_export_dependencies-extras.cmake
[1.225s] -- Up-to-date: /home/anshul/Research/PostDoc/mocap/install/phasespace_msgs_ros2/share/phasespace_msgs_ros2/cmake/ament_cmake_export_include_directories-extras.cmake
[1.225s] -- Up-to-date: /home/anshul/Research/PostDoc/mocap/install/phasespace_msgs_ros2/share/phasespace_msgs_ros2/cmake/ament_cmake_export_libraries-extras.cmake
[1.225s] -- Up-to-date: /home/anshul/Research/PostDoc/mocap/install/phasespace_msgs_ros2/share/phasespace_msgs_ros2/cmake/ament_cmake_export_targets-extras.cmake
[1.225s] -- Up-to-date: /home/anshul/Research/PostDoc/mocap/install/phasespace_msgs_ros2/share/phasespace_msgs_ros2/cmake/rosidl_cmake_export_typesupport_targets-extras.cmake
[1.225s] -- Up-to-date: /home/anshul/Research/PostDoc/mocap/install/phasespace_msgs_ros2/share/phasespace_msgs_ros2/cmake/rosidl_cmake_export_typesupport_libraries-extras.cmake
[1.225s] -- Up-to-date: /home/anshul/Research/PostDoc/mocap/install/phasespace_msgs_ros2/share/phasespace_msgs_ros2/cmake/phasespace_msgs_ros2Config.cmake
[1.225s] -- Up-to-date: /home/anshul/Research/PostDoc/mocap/install/phasespace_msgs_ros2/share/phasespace_msgs_ros2/cmake/phasespace_msgs_ros2Config-version.cmake
[1.225s] -- Up-to-date: /home/anshul/Research/PostDoc/mocap/install/phasespace_msgs_ros2/share/phasespace_msgs_ros2/package.xml
[1.226s] Invoked command in '/home/anshul/Research/PostDoc/mocap/build/phasespace_msgs_ros2' returned '0': CMAKE_PREFIX_PATH=/opt/ros/humble CONDA_PROMPT_MODIFIER=(base) /usr/bin/cmake --install /home/anshul/Research/PostDoc/mocap/build/phasespace_msgs_ros2
