Consolidate compiler generated dependencies of target phasespace_msgs_ros2__rosidl_generator_c
[  1%] Built target phasespace_msgs_ros2__cpp
[ 12%] Built target phasespace_msgs_ros2__rosidl_generator_c
[ 12%] Built target ament_cmake_python_copy_phasespace_msgs_ros2
Consolidate compiler generated dependencies of target phasespace_msgs_ros2__rosidl_typesupport_introspection_cpp
Consolidate compiler generated dependencies of target phasespace_msgs_ros2__rosidl_typesupport_cpp
Consolidate compiler generated dependencies of target phasespace_msgs_ros2__rosidl_typesupport_fastrtps_cpp
Consolidate compiler generated dependencies of target phasespace_msgs_ros2__rosidl_typesupport_c
Consolidate compiler generated dependencies of target phasespace_msgs_ros2__rosidl_typesupport_introspection_c
Consolidate compiler generated dependencies of target phasespace_msgs_ros2__rosidl_typesupport_fastrtps_c
[ 23%] Built target phasespace_msgs_ros2__rosidl_typesupport_introspection_cpp
[ 35%] Built target phasespace_msgs_ros2__rosidl_typesupport_fastrtps_cpp
[ 46%] Built target phasespace_msgs_ros2__rosidl_typesupport_cpp
[ 63%] Built target phasespace_msgs_ros2__rosidl_typesupport_introspection_c
[ 69%] Built target phasespace_msgs_ros2__rosidl_typesupport_c
[ 80%] Built target phasespace_msgs_ros2__rosidl_typesupport_fastrtps_c
[ 80%] Built target phasespace_msgs_ros2
[ 81%] Generating Python code for ROS interfaces
running egg_info
writing phasespace_msgs_ros2.egg-info/PKG-INFO
writing dependency_links to phasespace_msgs_ros2.egg-info/dependency_links.txt
writing top-level names to phasespace_msgs_ros2.egg-info/top_level.txt
reading manifest file 'phasespace_msgs_ros2.egg-info/SOURCES.txt'
writing manifest file 'phasespace_msgs_ros2.egg-info/SOURCES.txt'
[ 81%] Built target ament_cmake_python_build_phasespace_msgs_ros2_egg
