[30.011s] Invoking command in '/home/anshul/Research/PostDoc/mocap/build/phasespace_msgs_ros2': CONDA_PROMPT_MODIFIER=(base) /usr/bin/cmake --build /home/anshul/Research/PostDoc/mocap/build/phasespace_msgs_ros2 -- -j20 -l20
[30.043s] Consolidate compiler generated dependencies of target phasespace_msgs_ros2__rosidl_generator_c
[30.049s] [  1%] Built target phasespace_msgs_ros2__cpp
[30.052s] [ 12%] Built target phasespace_msgs_ros2__rosidl_generator_c
[30.055s] [ 12%] Built target ament_cmake_python_copy_phasespace_msgs_ros2
[30.058s] Consolidate compiler generated dependencies of target phasespace_msgs_ros2__rosidl_typesupport_introspection_cpp
[30.059s] Consolidate compiler generated dependencies of target phasespace_msgs_ros2__rosidl_typesupport_cpp
[30.060s] Consolidate compiler generated dependencies of target phasespace_msgs_ros2__rosidl_typesupport_fastrtps_cpp
[30.062s] Consolidate compiler generated dependencies of target phasespace_msgs_ros2__rosidl_typesupport_c
[30.062s] Consolidate compiler generated dependencies of target phasespace_msgs_ros2__rosidl_typesupport_introspection_c
[30.066s] Consolidate compiler generated dependencies of target phasespace_msgs_ros2__rosidl_typesupport_fastrtps_c
[30.067s] [ 23%] Built target phasespace_msgs_ros2__rosidl_typesupport_introspection_cpp
[30.068s] [ 35%] Built target phasespace_msgs_ros2__rosidl_typesupport_fastrtps_cpp
[30.068s] [ 46%] Built target phasespace_msgs_ros2__rosidl_typesupport_cpp
[30.071s] [ 63%] Built target phasespace_msgs_ros2__rosidl_typesupport_introspection_c
[30.071s] [ 69%] Built target phasespace_msgs_ros2__rosidl_typesupport_c
[30.077s] [ 80%] Built target phasespace_msgs_ros2__rosidl_typesupport_fastrtps_c
[30.092s] [ 80%] Built target phasespace_msgs_ros2
[30.107s] [ 81%] Generating Python code for ROS interfaces
[30.125s] Traceback (most recent call last):
[30.125s]   File "/opt/ros/humble/share/rosidl_generator_py/cmake/../../../lib/rosidl_generator_py/rosidl_generator_py", line 8, in <module>
[30.125s]     from rosidl_generator_py import generate_py
[30.125s] ModuleNotFoundError: No module named 'rosidl_generator_py'
[30.127s] gmake[2]: *** [phasespace_msgs_ros2__py/CMakeFiles/phasespace_msgs_ros2__py.dir/build.make:138: rosidl_generator_py/phasespace_msgs_ros2/_phasespace_msgs_ros2_s.ep.rosidl_typesupport_fastrtps_c.c] Error 1
[30.128s] gmake[1]: *** [CMakeFiles/Makefile2:590: phasespace_msgs_ros2__py/CMakeFiles/phasespace_msgs_ros2__py.dir/all] Error 2
[30.128s] gmake[1]: *** Waiting for unfinished jobs....
[30.173s] running egg_info
[30.173s] writing phasespace_msgs_ros2.egg-info/PKG-INFO
[30.174s] writing dependency_links to phasespace_msgs_ros2.egg-info/dependency_links.txt
[30.174s] writing top-level names to phasespace_msgs_ros2.egg-info/top_level.txt
[30.175s] reading manifest file 'phasespace_msgs_ros2.egg-info/SOURCES.txt'
[30.175s] writing manifest file 'phasespace_msgs_ros2.egg-info/SOURCES.txt'
[30.193s] [ 81%] Built target ament_cmake_python_build_phasespace_msgs_ros2_egg
[30.193s] gmake: *** [Makefile:146: all] Error 2
[30.195s] Invoked command in '/home/anshul/Research/PostDoc/mocap/build/phasespace_msgs_ros2' returned '2': CONDA_PROMPT_MODIFIER=(base) /usr/bin/cmake --build /home/anshul/Research/PostDoc/mocap/build/phasespace_msgs_ros2 -- -j20 -l20
