[0.059s] DEBUG:colcon:Command line arguments: ['/usr/bin/colcon', 'build', '--base-paths', 'phasespace-mocap-ros2', '--cmake-clean-cache', '--cmake-args', '-DPython3_EXECUTABLE=/usr/bin/python3']
[0.059s] DEBUG:colcon:Parsed command line arguments: Namespace(log_base=None, log_level=None, verb_name='build', build_base='build', install_base='install', merge_install=False, symlink_install=False, test_result_base=None, continue_on_error=False, executor='parallel', parallel_workers=20, event_handlers=None, ignore_user_meta=False, metas=['./colcon.meta'], base_paths=['phasespace-mocap-ros2'], packages_ignore=None, packages_ignore_regex=None, paths=None, packages_up_to=None, packages_up_to_regex=None, packages_above=None, packages_above_and_dependencies=None, packages_above_depth=None, packages_select_by_dep=None, packages_skip_by_dep=None, packages_skip_up_to=None, packages_select_build_failed=False, packages_skip_build_finished=False, packages_select_test_failures=False, packages_skip_test_passed=False, packages_select=None, packages_skip=None, packages_select_regex=None, packages_skip_regex=None, packages_start=None, packages_end=None, allow_overriding=[], cmake_args=['-DPython3_EXECUTABLE=/usr/bin/python3'], cmake_target=None, cmake_target_skip_unavailable=False, cmake_clean_cache=True, cmake_clean_first=False, cmake_force_configure=False, ament_cmake_args=None, catkin_cmake_args=None, catkin_skip_building_tests=False, verb_parser=<colcon_defaults.argument_parser.defaults.DefaultArgumentsDecorator object at 0x7ce009a75d50>, verb_extension=<colcon_core.verb.build.BuildVerb object at 0x7ce009a75900>, main=<bound method BuildVerb.main of <colcon_core.verb.build.BuildVerb object at 0x7ce009a75900>>)
[0.152s] Level 1:colcon.colcon_core.package_discovery:discover_packages(colcon_meta) check parameters
[0.152s] Level 1:colcon.colcon_core.package_discovery:discover_packages(recursive) check parameters
[0.152s] Level 1:colcon.colcon_core.package_discovery:discover_packages(ignore) check parameters
[0.152s] Level 1:colcon.colcon_core.package_discovery:discover_packages(path) check parameters
[0.152s] Level 1:colcon.colcon_core.package_discovery:discover_packages(recursive) discover
[0.152s] INFO:colcon.colcon_core.package_discovery:Crawling recursively for packages in '/home/anshul/Research/PostDoc/mocap/phasespace-mocap-ros2'
[0.152s] Level 1:colcon.colcon_core.package_identification:_identify(phasespace-mocap-ros2) by extensions ['ignore', 'ignore_ament_install']
[0.152s] Level 1:colcon.colcon_core.package_identification:_identify(phasespace-mocap-ros2) by extension 'ignore'
[0.152s] Level 1:colcon.colcon_core.package_identification:_identify(phasespace-mocap-ros2) by extension 'ignore_ament_install'
[0.152s] Level 1:colcon.colcon_core.package_identification:_identify(phasespace-mocap-ros2) by extensions ['colcon_pkg']
[0.152s] Level 1:colcon.colcon_core.package_identification:_identify(phasespace-mocap-ros2) by extension 'colcon_pkg'
[0.152s] Level 1:colcon.colcon_core.package_identification:_identify(phasespace-mocap-ros2) by extensions ['colcon_meta']
[0.152s] Level 1:colcon.colcon_core.package_identification:_identify(phasespace-mocap-ros2) by extension 'colcon_meta'
[0.152s] Level 1:colcon.colcon_core.package_identification:_identify(phasespace-mocap-ros2) by extensions ['ros']
[0.152s] Level 1:colcon.colcon_core.package_identification:_identify(phasespace-mocap-ros2) by extension 'ros'
[0.159s] Level 1:colcon.colcon_core.package_identification:_identify(phasespace-mocap-ros2) by extensions ['cmake', 'python']
[0.159s] Level 1:colcon.colcon_core.package_identification:_identify(phasespace-mocap-ros2) by extension 'cmake'
[0.159s] Level 1:colcon.colcon_core.package_identification:_identify(phasespace-mocap-ros2) by extension 'python'
[0.159s] Level 1:colcon.colcon_core.package_identification:_identify(phasespace-mocap-ros2) by extensions ['python_setup_py']
[0.159s] Level 1:colcon.colcon_core.package_identification:_identify(phasespace-mocap-ros2) by extension 'python_setup_py'
[0.159s] Level 1:colcon.colcon_core.package_identification:_identify(phasespace-mocap-ros2/phasespace_bringup_ros2) by extensions ['ignore', 'ignore_ament_install']
[0.159s] Level 1:colcon.colcon_core.package_identification:_identify(phasespace-mocap-ros2/phasespace_bringup_ros2) by extension 'ignore'
[0.159s] Level 1:colcon.colcon_core.package_identification:_identify(phasespace-mocap-ros2/phasespace_bringup_ros2) by extension 'ignore_ament_install'
[0.159s] Level 1:colcon.colcon_core.package_identification:_identify(phasespace-mocap-ros2/phasespace_bringup_ros2) by extensions ['colcon_pkg']
[0.159s] Level 1:colcon.colcon_core.package_identification:_identify(phasespace-mocap-ros2/phasespace_bringup_ros2) by extension 'colcon_pkg'
[0.159s] Level 1:colcon.colcon_core.package_identification:_identify(phasespace-mocap-ros2/phasespace_bringup_ros2) by extensions ['colcon_meta']
[0.159s] Level 1:colcon.colcon_core.package_identification:_identify(phasespace-mocap-ros2/phasespace_bringup_ros2) by extension 'colcon_meta'
[0.159s] Level 1:colcon.colcon_core.package_identification:_identify(phasespace-mocap-ros2/phasespace_bringup_ros2) by extensions ['ros']
[0.159s] Level 1:colcon.colcon_core.package_identification:_identify(phasespace-mocap-ros2/phasespace_bringup_ros2) by extension 'ros'
[0.161s] DEBUG:colcon.colcon_core.package_identification:Package 'phasespace-mocap-ros2/phasespace_bringup_ros2' with type 'ros.ament_cmake' and name 'phasespace_bringup_ros2'
[0.161s] Level 1:colcon.colcon_core.package_identification:_identify(phasespace-mocap-ros2/phasespace_msgs_ros2) by extensions ['ignore', 'ignore_ament_install']
[0.161s] Level 1:colcon.colcon_core.package_identification:_identify(phasespace-mocap-ros2/phasespace_msgs_ros2) by extension 'ignore'
[0.161s] Level 1:colcon.colcon_core.package_identification:_identify(phasespace-mocap-ros2/phasespace_msgs_ros2) by extension 'ignore_ament_install'
[0.161s] Level 1:colcon.colcon_core.package_identification:_identify(phasespace-mocap-ros2/phasespace_msgs_ros2) by extensions ['colcon_pkg']
[0.161s] Level 1:colcon.colcon_core.package_identification:_identify(phasespace-mocap-ros2/phasespace_msgs_ros2) by extension 'colcon_pkg'
[0.161s] Level 1:colcon.colcon_core.package_identification:_identify(phasespace-mocap-ros2/phasespace_msgs_ros2) by extensions ['colcon_meta']
[0.161s] Level 1:colcon.colcon_core.package_identification:_identify(phasespace-mocap-ros2/phasespace_msgs_ros2) by extension 'colcon_meta'
[0.161s] Level 1:colcon.colcon_core.package_identification:_identify(phasespace-mocap-ros2/phasespace_msgs_ros2) by extensions ['ros']
[0.161s] Level 1:colcon.colcon_core.package_identification:_identify(phasespace-mocap-ros2/phasespace_msgs_ros2) by extension 'ros'
[0.161s] DEBUG:colcon.colcon_core.package_identification:Package 'phasespace-mocap-ros2/phasespace_msgs_ros2' with type 'ros.ament_cmake' and name 'phasespace_msgs_ros2'
[0.161s] Level 1:colcon.colcon_core.package_discovery:discover_packages(recursive) using defaults
[0.178s] Level 1:colcon.colcon_core.package_discovery:discover_packages(prefix_path) check parameters
[0.179s] Level 1:colcon.colcon_core.package_discovery:discover_packages(prefix_path) discover
[0.180s] DEBUG:colcon.colcon_installed_package_information.package_discovery:Found 317 installed packages in /opt/ros/humble
[0.181s] Level 1:colcon.colcon_core.package_discovery:discover_packages(prefix_path) using defaults
[0.201s] Level 5:colcon.colcon_core.verb:set package 'phasespace_msgs_ros2' build argument 'cmake_args' from command line to '['-DPython3_EXECUTABLE=/usr/bin/python3']'
[0.201s] Level 5:colcon.colcon_core.verb:set package 'phasespace_msgs_ros2' build argument 'cmake_target' from command line to 'None'
[0.202s] Level 5:colcon.colcon_core.verb:set package 'phasespace_msgs_ros2' build argument 'cmake_target_skip_unavailable' from command line to 'False'
[0.202s] Level 5:colcon.colcon_core.verb:set package 'phasespace_msgs_ros2' build argument 'cmake_clean_cache' from command line to 'True'
[0.202s] Level 5:colcon.colcon_core.verb:set package 'phasespace_msgs_ros2' build argument 'cmake_clean_first' from command line to 'False'
[0.202s] Level 5:colcon.colcon_core.verb:set package 'phasespace_msgs_ros2' build argument 'cmake_force_configure' from command line to 'False'
[0.202s] Level 5:colcon.colcon_core.verb:set package 'phasespace_msgs_ros2' build argument 'ament_cmake_args' from command line to 'None'
[0.202s] Level 5:colcon.colcon_core.verb:set package 'phasespace_msgs_ros2' build argument 'catkin_cmake_args' from command line to 'None'
[0.202s] Level 5:colcon.colcon_core.verb:set package 'phasespace_msgs_ros2' build argument 'catkin_skip_building_tests' from command line to 'False'
[0.202s] DEBUG:colcon.colcon_core.verb:Building package 'phasespace_msgs_ros2' with the following arguments: {'ament_cmake_args': None, 'build_base': '/home/anshul/Research/PostDoc/mocap/build/phasespace_msgs_ros2', 'catkin_cmake_args': None, 'catkin_skip_building_tests': False, 'cmake_args': ['-DPython3_EXECUTABLE=/usr/bin/python3'], 'cmake_clean_cache': True, 'cmake_clean_first': False, 'cmake_force_configure': False, 'cmake_target': None, 'cmake_target_skip_unavailable': False, 'install_base': '/home/anshul/Research/PostDoc/mocap/install/phasespace_msgs_ros2', 'merge_install': False, 'path': '/home/anshul/Research/PostDoc/mocap/phasespace-mocap-ros2/phasespace_msgs_ros2', 'symlink_install': False, 'test_result_base': None}
[0.202s] Level 5:colcon.colcon_core.verb:set package 'phasespace_bringup_ros2' build argument 'cmake_args' from command line to '['-DPython3_EXECUTABLE=/usr/bin/python3']'
[0.202s] Level 5:colcon.colcon_core.verb:set package 'phasespace_bringup_ros2' build argument 'cmake_target' from command line to 'None'
[0.202s] Level 5:colcon.colcon_core.verb:set package 'phasespace_bringup_ros2' build argument 'cmake_target_skip_unavailable' from command line to 'False'
[0.202s] Level 5:colcon.colcon_core.verb:set package 'phasespace_bringup_ros2' build argument 'cmake_clean_cache' from command line to 'True'
[0.202s] Level 5:colcon.colcon_core.verb:set package 'phasespace_bringup_ros2' build argument 'cmake_clean_first' from command line to 'False'
[0.202s] Level 5:colcon.colcon_core.verb:set package 'phasespace_bringup_ros2' build argument 'cmake_force_configure' from command line to 'False'
[0.202s] Level 5:colcon.colcon_core.verb:set package 'phasespace_bringup_ros2' build argument 'ament_cmake_args' from command line to 'None'
[0.202s] Level 5:colcon.colcon_core.verb:set package 'phasespace_bringup_ros2' build argument 'catkin_cmake_args' from command line to 'None'
[0.202s] Level 5:colcon.colcon_core.verb:set package 'phasespace_bringup_ros2' build argument 'catkin_skip_building_tests' from command line to 'False'
[0.202s] DEBUG:colcon.colcon_core.verb:Building package 'phasespace_bringup_ros2' with the following arguments: {'ament_cmake_args': None, 'build_base': '/home/anshul/Research/PostDoc/mocap/build/phasespace_bringup_ros2', 'catkin_cmake_args': None, 'catkin_skip_building_tests': False, 'cmake_args': ['-DPython3_EXECUTABLE=/usr/bin/python3'], 'cmake_clean_cache': True, 'cmake_clean_first': False, 'cmake_force_configure': False, 'cmake_target': None, 'cmake_target_skip_unavailable': False, 'install_base': '/home/anshul/Research/PostDoc/mocap/install/phasespace_bringup_ros2', 'merge_install': False, 'path': '/home/anshul/Research/PostDoc/mocap/phasespace-mocap-ros2/phasespace_bringup_ros2', 'symlink_install': False, 'test_result_base': None}
[0.202s] INFO:colcon.colcon_core.executor:Executing jobs using 'parallel' executor
[0.203s] DEBUG:colcon.colcon_parallel_executor.executor.parallel:run_until_complete
[0.203s] INFO:colcon.colcon_ros.task.ament_cmake.build:Building ROS package in '/home/anshul/Research/PostDoc/mocap/phasespace-mocap-ros2/phasespace_msgs_ros2' with build type 'ament_cmake'
[0.203s] INFO:colcon.colcon_cmake.task.cmake.build:Building CMake package in '/home/anshul/Research/PostDoc/mocap/phasespace-mocap-ros2/phasespace_msgs_ros2'
[0.204s] INFO:colcon.colcon_core.plugin_system:Skipping extension 'colcon_core.shell.bat': Not used on non-Windows systems
[0.204s] INFO:colcon.colcon_core.shell:Skip shell extension 'powershell' for command environment: Not usable outside of PowerShell
[0.204s] DEBUG:colcon.colcon_core.shell:Skip shell extension 'dsv' for command environment
[0.209s] DEBUG:colcon.colcon_core.event_handler.log_command:Invoking command in '/home/anshul/Research/PostDoc/mocap/build/phasespace_msgs_ros2': CMAKE_PREFIX_PATH=/opt/ros/humble CONDA_PROMPT_MODIFIER=(base) /usr/bin/cmake /home/anshul/Research/PostDoc/mocap/phasespace-mocap-ros2/phasespace_msgs_ros2 -DPython3_EXECUTABLE=/usr/bin/python3 -DCMAKE_INSTALL_PREFIX=/home/anshul/Research/PostDoc/mocap/install/phasespace_msgs_ros2
[1.237s] DEBUG:colcon.colcon_core.event_handler.log_command:Invoked command in '/home/anshul/Research/PostDoc/mocap/build/phasespace_msgs_ros2' returned '0': CMAKE_PREFIX_PATH=/opt/ros/humble CONDA_PROMPT_MODIFIER=(base) /usr/bin/cmake /home/anshul/Research/PostDoc/mocap/phasespace-mocap-ros2/phasespace_msgs_ros2 -DPython3_EXECUTABLE=/usr/bin/python3 -DCMAKE_INSTALL_PREFIX=/home/anshul/Research/PostDoc/mocap/install/phasespace_msgs_ros2
[1.238s] DEBUG:colcon.colcon_core.event_handler.log_command:Invoking command in '/home/anshul/Research/PostDoc/mocap/build/phasespace_msgs_ros2': CMAKE_PREFIX_PATH=/opt/ros/humble CONDA_PROMPT_MODIFIER=(base) /usr/bin/cmake --build /home/anshul/Research/PostDoc/mocap/build/phasespace_msgs_ros2 -- -j20 -l20
[30.233s] DEBUG:colcon.colcon_core.event_handler.log_command:Invoked command in '/home/anshul/Research/PostDoc/mocap/build/phasespace_msgs_ros2' returned '0': CMAKE_PREFIX_PATH=/opt/ros/humble CONDA_PROMPT_MODIFIER=(base) /usr/bin/cmake --build /home/anshul/Research/PostDoc/mocap/build/phasespace_msgs_ros2 -- -j20 -l20
[30.242s] DEBUG:colcon.colcon_core.event_handler.log_command:Invoking command in '/home/anshul/Research/PostDoc/mocap/build/phasespace_msgs_ros2': CMAKE_PREFIX_PATH=/opt/ros/humble CONDA_PROMPT_MODIFIER=(base) /usr/bin/cmake --install /home/anshul/Research/PostDoc/mocap/build/phasespace_msgs_ros2
[60.263s] Level 1:colcon.colcon_core.environment:create_environment_scripts_only(phasespace_msgs_ros2)
[60.263s] DEBUG:colcon.colcon_core.event_handler.log_command:Invoked command in '/home/anshul/Research/PostDoc/mocap/build/phasespace_msgs_ros2' returned '0': CMAKE_PREFIX_PATH=/opt/ros/humble CONDA_PROMPT_MODIFIER=(base) /usr/bin/cmake --install /home/anshul/Research/PostDoc/mocap/build/phasespace_msgs_ros2
[60.265s] Level 1:colcon.colcon_core.environment:checking '/home/anshul/Research/PostDoc/mocap/install/phasespace_msgs_ros2' for CMake module files
[60.265s] Level 1:colcon.colcon_core.environment:checking '/home/anshul/Research/PostDoc/mocap/install/phasespace_msgs_ros2' for CMake config files
[60.265s] Level 1:colcon.colcon_core.shell:create_environment_hook('phasespace_msgs_ros2', 'cmake_prefix_path')
[60.265s] INFO:colcon.colcon_core.shell:Creating environment hook '/home/anshul/Research/PostDoc/mocap/install/phasespace_msgs_ros2/share/phasespace_msgs_ros2/hook/cmake_prefix_path.ps1'
[60.266s] INFO:colcon.colcon_core.shell:Creating environment descriptor '/home/anshul/Research/PostDoc/mocap/install/phasespace_msgs_ros2/share/phasespace_msgs_ros2/hook/cmake_prefix_path.dsv'
[60.266s] INFO:colcon.colcon_core.shell:Creating environment hook '/home/anshul/Research/PostDoc/mocap/install/phasespace_msgs_ros2/share/phasespace_msgs_ros2/hook/cmake_prefix_path.sh'
[60.266s] Level 1:colcon.colcon_core.environment:checking '/home/anshul/Research/PostDoc/mocap/install/phasespace_msgs_ros2/lib'
[60.267s] Level 1:colcon.colcon_core.shell:create_environment_hook('phasespace_msgs_ros2', 'ld_library_path_lib')
[60.267s] INFO:colcon.colcon_core.shell:Creating environment hook '/home/anshul/Research/PostDoc/mocap/install/phasespace_msgs_ros2/share/phasespace_msgs_ros2/hook/ld_library_path_lib.ps1'
[60.267s] INFO:colcon.colcon_core.shell:Creating environment descriptor '/home/anshul/Research/PostDoc/mocap/install/phasespace_msgs_ros2/share/phasespace_msgs_ros2/hook/ld_library_path_lib.dsv'
[60.267s] INFO:colcon.colcon_core.shell:Creating environment hook '/home/anshul/Research/PostDoc/mocap/install/phasespace_msgs_ros2/share/phasespace_msgs_ros2/hook/ld_library_path_lib.sh'
[60.267s] Level 1:colcon.colcon_core.environment:checking '/home/anshul/Research/PostDoc/mocap/install/phasespace_msgs_ros2/bin'
[60.267s] Level 1:colcon.colcon_core.environment:checking '/home/anshul/Research/PostDoc/mocap/install/phasespace_msgs_ros2/lib/pkgconfig/phasespace_msgs_ros2.pc'
[60.267s] Level 1:colcon.colcon_core.environment:checking '/home/anshul/Research/PostDoc/mocap/install/phasespace_msgs_ros2/lib/python3.10/site-packages'
[60.268s] Level 1:colcon.colcon_core.environment:checking '/home/anshul/Research/PostDoc/mocap/install/phasespace_msgs_ros2/bin'
[60.268s] INFO:colcon.colcon_core.shell:Creating package script '/home/anshul/Research/PostDoc/mocap/install/phasespace_msgs_ros2/share/phasespace_msgs_ros2/package.ps1'
[60.268s] INFO:colcon.colcon_core.shell:Creating package descriptor '/home/anshul/Research/PostDoc/mocap/install/phasespace_msgs_ros2/share/phasespace_msgs_ros2/package.dsv'
[60.268s] INFO:colcon.colcon_core.shell:Creating package script '/home/anshul/Research/PostDoc/mocap/install/phasespace_msgs_ros2/share/phasespace_msgs_ros2/package.sh'
[60.269s] INFO:colcon.colcon_core.shell:Creating package script '/home/anshul/Research/PostDoc/mocap/install/phasespace_msgs_ros2/share/phasespace_msgs_ros2/package.bash'
[60.269s] INFO:colcon.colcon_core.shell:Creating package script '/home/anshul/Research/PostDoc/mocap/install/phasespace_msgs_ros2/share/phasespace_msgs_ros2/package.zsh'
[60.269s] Level 1:colcon.colcon_core.environment:create_file_with_runtime_dependencies(/home/anshul/Research/PostDoc/mocap/install/phasespace_msgs_ros2/share/colcon-core/packages/phasespace_msgs_ros2)
[60.270s] Level 1:colcon.colcon_core.environment:create_environment_scripts_only(phasespace_msgs_ros2)
[60.270s] Level 1:colcon.colcon_core.environment:checking '/home/anshul/Research/PostDoc/mocap/install/phasespace_msgs_ros2' for CMake module files
[60.270s] Level 1:colcon.colcon_core.environment:checking '/home/anshul/Research/PostDoc/mocap/install/phasespace_msgs_ros2' for CMake config files
[60.270s] Level 1:colcon.colcon_core.shell:create_environment_hook('phasespace_msgs_ros2', 'cmake_prefix_path')
[60.270s] INFO:colcon.colcon_core.shell:Creating environment hook '/home/anshul/Research/PostDoc/mocap/install/phasespace_msgs_ros2/share/phasespace_msgs_ros2/hook/cmake_prefix_path.ps1'
[60.270s] INFO:colcon.colcon_core.shell:Creating environment descriptor '/home/anshul/Research/PostDoc/mocap/install/phasespace_msgs_ros2/share/phasespace_msgs_ros2/hook/cmake_prefix_path.dsv'
[60.271s] INFO:colcon.colcon_core.shell:Creating environment hook '/home/anshul/Research/PostDoc/mocap/install/phasespace_msgs_ros2/share/phasespace_msgs_ros2/hook/cmake_prefix_path.sh'
[60.271s] Level 1:colcon.colcon_core.environment:checking '/home/anshul/Research/PostDoc/mocap/install/phasespace_msgs_ros2/lib'
[60.271s] Level 1:colcon.colcon_core.shell:create_environment_hook('phasespace_msgs_ros2', 'ld_library_path_lib')
[60.271s] INFO:colcon.colcon_core.shell:Creating environment hook '/home/anshul/Research/PostDoc/mocap/install/phasespace_msgs_ros2/share/phasespace_msgs_ros2/hook/ld_library_path_lib.ps1'
[60.271s] INFO:colcon.colcon_core.shell:Creating environment descriptor '/home/anshul/Research/PostDoc/mocap/install/phasespace_msgs_ros2/share/phasespace_msgs_ros2/hook/ld_library_path_lib.dsv'
[60.271s] INFO:colcon.colcon_core.shell:Creating environment hook '/home/anshul/Research/PostDoc/mocap/install/phasespace_msgs_ros2/share/phasespace_msgs_ros2/hook/ld_library_path_lib.sh'
[60.271s] Level 1:colcon.colcon_core.environment:checking '/home/anshul/Research/PostDoc/mocap/install/phasespace_msgs_ros2/bin'
[60.271s] Level 1:colcon.colcon_core.environment:checking '/home/anshul/Research/PostDoc/mocap/install/phasespace_msgs_ros2/lib/pkgconfig/phasespace_msgs_ros2.pc'
[60.272s] Level 1:colcon.colcon_core.environment:checking '/home/anshul/Research/PostDoc/mocap/install/phasespace_msgs_ros2/lib/python3.10/site-packages'
[60.272s] Level 1:colcon.colcon_core.environment:checking '/home/anshul/Research/PostDoc/mocap/install/phasespace_msgs_ros2/bin'
[60.272s] INFO:colcon.colcon_core.shell:Creating package script '/home/anshul/Research/PostDoc/mocap/install/phasespace_msgs_ros2/share/phasespace_msgs_ros2/package.ps1'
[60.272s] INFO:colcon.colcon_core.shell:Creating package descriptor '/home/anshul/Research/PostDoc/mocap/install/phasespace_msgs_ros2/share/phasespace_msgs_ros2/package.dsv'
[60.272s] INFO:colcon.colcon_core.shell:Creating package script '/home/anshul/Research/PostDoc/mocap/install/phasespace_msgs_ros2/share/phasespace_msgs_ros2/package.sh'
[60.273s] INFO:colcon.colcon_core.shell:Creating package script '/home/anshul/Research/PostDoc/mocap/install/phasespace_msgs_ros2/share/phasespace_msgs_ros2/package.bash'
[60.273s] INFO:colcon.colcon_core.shell:Creating package script '/home/anshul/Research/PostDoc/mocap/install/phasespace_msgs_ros2/share/phasespace_msgs_ros2/package.zsh'
[60.273s] Level 1:colcon.colcon_core.environment:create_file_with_runtime_dependencies(/home/anshul/Research/PostDoc/mocap/install/phasespace_msgs_ros2/share/colcon-core/packages/phasespace_msgs_ros2)
[60.273s] INFO:colcon.colcon_ros.task.ament_cmake.build:Building ROS package in '/home/anshul/Research/PostDoc/mocap/phasespace-mocap-ros2/phasespace_bringup_ros2' with build type 'ament_cmake'
[60.273s] INFO:colcon.colcon_cmake.task.cmake.build:Building CMake package in '/home/anshul/Research/PostDoc/mocap/phasespace-mocap-ros2/phasespace_bringup_ros2'
[60.273s] INFO:colcon.colcon_core.shell:Skip shell extension 'powershell' for command environment: Not usable outside of PowerShell
[60.273s] DEBUG:colcon.colcon_core.shell:Skip shell extension 'dsv' for command environment
[60.280s] DEBUG:colcon.colcon_core.event_handler.log_command:Invoking command in '/home/anshul/Research/PostDoc/mocap/build/phasespace_bringup_ros2': AMENT_PREFIX_PATH=/home/anshul/Research/PostDoc/mocap/install/phasespace_msgs_ros2:${AMENT_PREFIX_PATH} CMAKE_PREFIX_PATH=/opt/ros/humble:/home/anshul/Research/PostDoc/mocap/install/phasespace_msgs_ros2 CONDA_PROMPT_MODIFIER=(base) LD_LIBRARY_PATH=/home/anshul/Research/PostDoc/mocap/install/phasespace_msgs_ros2/lib:${LD_LIBRARY_PATH} PYTHONPATH=/home/anshul/Research/PostDoc/mocap/install/phasespace_msgs_ros2/local/lib/python3.10/dist-packages:${PYTHONPATH} /usr/bin/cmake /home/anshul/Research/PostDoc/mocap/phasespace-mocap-ros2/phasespace_bringup_ros2 -DPython3_EXECUTABLE=/usr/bin/python3 -DCMAKE_INSTALL_PREFIX=/home/anshul/Research/PostDoc/mocap/install/phasespace_bringup_ros2
[61.012s] DEBUG:colcon.colcon_core.event_handler.log_command:Invoked command in '/home/anshul/Research/PostDoc/mocap/build/phasespace_bringup_ros2' returned '0': AMENT_PREFIX_PATH=/home/anshul/Research/PostDoc/mocap/install/phasespace_msgs_ros2:${AMENT_PREFIX_PATH} CMAKE_PREFIX_PATH=/opt/ros/humble:/home/anshul/Research/PostDoc/mocap/install/phasespace_msgs_ros2 CONDA_PROMPT_MODIFIER=(base) LD_LIBRARY_PATH=/home/anshul/Research/PostDoc/mocap/install/phasespace_msgs_ros2/lib:${LD_LIBRARY_PATH} PYTHONPATH=/home/anshul/Research/PostDoc/mocap/install/phasespace_msgs_ros2/local/lib/python3.10/dist-packages:${PYTHONPATH} /usr/bin/cmake /home/anshul/Research/PostDoc/mocap/phasespace-mocap-ros2/phasespace_bringup_ros2 -DPython3_EXECUTABLE=/usr/bin/python3 -DCMAKE_INSTALL_PREFIX=/home/anshul/Research/PostDoc/mocap/install/phasespace_bringup_ros2
[61.013s] DEBUG:colcon.colcon_core.event_handler.log_command:Invoking command in '/home/anshul/Research/PostDoc/mocap/build/phasespace_bringup_ros2': AMENT_PREFIX_PATH=/home/anshul/Research/PostDoc/mocap/install/phasespace_msgs_ros2:${AMENT_PREFIX_PATH} CMAKE_PREFIX_PATH=/opt/ros/humble:/home/anshul/Research/PostDoc/mocap/install/phasespace_msgs_ros2 CONDA_PROMPT_MODIFIER=(base) LD_LIBRARY_PATH=/home/anshul/Research/PostDoc/mocap/install/phasespace_msgs_ros2/lib:${LD_LIBRARY_PATH} PYTHONPATH=/home/anshul/Research/PostDoc/mocap/install/phasespace_msgs_ros2/local/lib/python3.10/dist-packages:${PYTHONPATH} /usr/bin/cmake --build /home/anshul/Research/PostDoc/mocap/build/phasespace_bringup_ros2 -- -j20 -l20
[61.060s] DEBUG:colcon.colcon_core.event_handler.log_command:Invoked command in '/home/anshul/Research/PostDoc/mocap/build/phasespace_bringup_ros2' returned '0': AMENT_PREFIX_PATH=/home/anshul/Research/PostDoc/mocap/install/phasespace_msgs_ros2:${AMENT_PREFIX_PATH} CMAKE_PREFIX_PATH=/opt/ros/humble:/home/anshul/Research/PostDoc/mocap/install/phasespace_msgs_ros2 CONDA_PROMPT_MODIFIER=(base) LD_LIBRARY_PATH=/home/anshul/Research/PostDoc/mocap/install/phasespace_msgs_ros2/lib:${LD_LIBRARY_PATH} PYTHONPATH=/home/anshul/Research/PostDoc/mocap/install/phasespace_msgs_ros2/local/lib/python3.10/dist-packages:${PYTHONPATH} /usr/bin/cmake --build /home/anshul/Research/PostDoc/mocap/build/phasespace_bringup_ros2 -- -j20 -l20
[61.060s] DEBUG:colcon.colcon_core.event_handler.log_command:Invoking command in '/home/anshul/Research/PostDoc/mocap/build/phasespace_bringup_ros2': AMENT_PREFIX_PATH=/home/anshul/Research/PostDoc/mocap/install/phasespace_msgs_ros2:${AMENT_PREFIX_PATH} CMAKE_PREFIX_PATH=/opt/ros/humble:/home/anshul/Research/PostDoc/mocap/install/phasespace_msgs_ros2 CONDA_PROMPT_MODIFIER=(base) LD_LIBRARY_PATH=/home/anshul/Research/PostDoc/mocap/install/phasespace_msgs_ros2/lib:${LD_LIBRARY_PATH} PYTHONPATH=/home/anshul/Research/PostDoc/mocap/install/phasespace_msgs_ros2/local/lib/python3.10/dist-packages:${PYTHONPATH} /usr/bin/cmake --install /home/anshul/Research/PostDoc/mocap/build/phasespace_bringup_ros2
[90.304s] Level 1:colcon.colcon_core.environment:create_environment_scripts_only(phasespace_bringup_ros2)
[90.304s] Level 1:colcon.colcon_core.environment:checking '/home/anshul/Research/PostDoc/mocap/install/phasespace_bringup_ros2' for CMake module files
[90.305s] DEBUG:colcon.colcon_core.event_handler.log_command:Invoked command in '/home/anshul/Research/PostDoc/mocap/build/phasespace_bringup_ros2' returned '0': AMENT_PREFIX_PATH=/home/anshul/Research/PostDoc/mocap/install/phasespace_msgs_ros2:${AMENT_PREFIX_PATH} CMAKE_PREFIX_PATH=/opt/ros/humble:/home/anshul/Research/PostDoc/mocap/install/phasespace_msgs_ros2 CONDA_PROMPT_MODIFIER=(base) LD_LIBRARY_PATH=/home/anshul/Research/PostDoc/mocap/install/phasespace_msgs_ros2/lib:${LD_LIBRARY_PATH} PYTHONPATH=/home/anshul/Research/PostDoc/mocap/install/phasespace_msgs_ros2/local/lib/python3.10/dist-packages:${PYTHONPATH} /usr/bin/cmake --install /home/anshul/Research/PostDoc/mocap/build/phasespace_bringup_ros2
[90.305s] Level 1:colcon.colcon_core.environment:checking '/home/anshul/Research/PostDoc/mocap/install/phasespace_bringup_ros2' for CMake config files
[90.305s] Level 1:colcon.colcon_core.shell:create_environment_hook('phasespace_bringup_ros2', 'cmake_prefix_path')
[90.305s] INFO:colcon.colcon_core.shell:Creating environment hook '/home/anshul/Research/PostDoc/mocap/install/phasespace_bringup_ros2/share/phasespace_bringup_ros2/hook/cmake_prefix_path.ps1'
[90.306s] INFO:colcon.colcon_core.shell:Creating environment descriptor '/home/anshul/Research/PostDoc/mocap/install/phasespace_bringup_ros2/share/phasespace_bringup_ros2/hook/cmake_prefix_path.dsv'
[90.306s] INFO:colcon.colcon_core.shell:Creating environment hook '/home/anshul/Research/PostDoc/mocap/install/phasespace_bringup_ros2/share/phasespace_bringup_ros2/hook/cmake_prefix_path.sh'
[90.306s] Level 1:colcon.colcon_core.environment:checking '/home/anshul/Research/PostDoc/mocap/install/phasespace_bringup_ros2/lib'
[90.306s] Level 1:colcon.colcon_core.shell:create_environment_hook('phasespace_bringup_ros2', 'ld_library_path_lib')
[90.306s] INFO:colcon.colcon_core.shell:Creating environment hook '/home/anshul/Research/PostDoc/mocap/install/phasespace_bringup_ros2/share/phasespace_bringup_ros2/hook/ld_library_path_lib.ps1'
[90.307s] INFO:colcon.colcon_core.shell:Creating environment descriptor '/home/anshul/Research/PostDoc/mocap/install/phasespace_bringup_ros2/share/phasespace_bringup_ros2/hook/ld_library_path_lib.dsv'
[90.307s] INFO:colcon.colcon_core.shell:Creating environment hook '/home/anshul/Research/PostDoc/mocap/install/phasespace_bringup_ros2/share/phasespace_bringup_ros2/hook/ld_library_path_lib.sh'
[90.307s] Level 1:colcon.colcon_core.environment:checking '/home/anshul/Research/PostDoc/mocap/install/phasespace_bringup_ros2/bin'
[90.307s] Level 1:colcon.colcon_core.environment:checking '/home/anshul/Research/PostDoc/mocap/install/phasespace_bringup_ros2/lib/pkgconfig/phasespace_bringup_ros2.pc'
[90.308s] Level 1:colcon.colcon_core.environment:checking '/home/anshul/Research/PostDoc/mocap/install/phasespace_bringup_ros2/lib/python3.10/site-packages'
[90.308s] Level 1:colcon.colcon_core.environment:checking '/home/anshul/Research/PostDoc/mocap/install/phasespace_bringup_ros2/bin'
[90.308s] INFO:colcon.colcon_core.shell:Creating package script '/home/anshul/Research/PostDoc/mocap/install/phasespace_bringup_ros2/share/phasespace_bringup_ros2/package.ps1'
[90.308s] INFO:colcon.colcon_core.shell:Creating package descriptor '/home/anshul/Research/PostDoc/mocap/install/phasespace_bringup_ros2/share/phasespace_bringup_ros2/package.dsv'
[90.308s] INFO:colcon.colcon_core.shell:Creating package script '/home/anshul/Research/PostDoc/mocap/install/phasespace_bringup_ros2/share/phasespace_bringup_ros2/package.sh'
[90.309s] INFO:colcon.colcon_core.shell:Creating package script '/home/anshul/Research/PostDoc/mocap/install/phasespace_bringup_ros2/share/phasespace_bringup_ros2/package.bash'
[90.309s] INFO:colcon.colcon_core.shell:Creating package script '/home/anshul/Research/PostDoc/mocap/install/phasespace_bringup_ros2/share/phasespace_bringup_ros2/package.zsh'
[90.309s] Level 1:colcon.colcon_core.environment:create_file_with_runtime_dependencies(/home/anshul/Research/PostDoc/mocap/install/phasespace_bringup_ros2/share/colcon-core/packages/phasespace_bringup_ros2)
[90.310s] Level 1:colcon.colcon_core.environment:create_environment_scripts_only(phasespace_bringup_ros2)
[90.310s] Level 1:colcon.colcon_core.environment:checking '/home/anshul/Research/PostDoc/mocap/install/phasespace_bringup_ros2' for CMake module files
[90.310s] Level 1:colcon.colcon_core.environment:checking '/home/anshul/Research/PostDoc/mocap/install/phasespace_bringup_ros2' for CMake config files
[90.310s] Level 1:colcon.colcon_core.shell:create_environment_hook('phasespace_bringup_ros2', 'cmake_prefix_path')
[90.311s] INFO:colcon.colcon_core.shell:Creating environment hook '/home/anshul/Research/PostDoc/mocap/install/phasespace_bringup_ros2/share/phasespace_bringup_ros2/hook/cmake_prefix_path.ps1'
[90.311s] INFO:colcon.colcon_core.shell:Creating environment descriptor '/home/anshul/Research/PostDoc/mocap/install/phasespace_bringup_ros2/share/phasespace_bringup_ros2/hook/cmake_prefix_path.dsv'
[90.311s] INFO:colcon.colcon_core.shell:Creating environment hook '/home/anshul/Research/PostDoc/mocap/install/phasespace_bringup_ros2/share/phasespace_bringup_ros2/hook/cmake_prefix_path.sh'
[90.312s] Level 1:colcon.colcon_core.environment:checking '/home/anshul/Research/PostDoc/mocap/install/phasespace_bringup_ros2/lib'
[90.312s] Level 1:colcon.colcon_core.shell:create_environment_hook('phasespace_bringup_ros2', 'ld_library_path_lib')
[90.312s] INFO:colcon.colcon_core.shell:Creating environment hook '/home/anshul/Research/PostDoc/mocap/install/phasespace_bringup_ros2/share/phasespace_bringup_ros2/hook/ld_library_path_lib.ps1'
[90.312s] INFO:colcon.colcon_core.shell:Creating environment descriptor '/home/anshul/Research/PostDoc/mocap/install/phasespace_bringup_ros2/share/phasespace_bringup_ros2/hook/ld_library_path_lib.dsv'
[90.312s] INFO:colcon.colcon_core.shell:Creating environment hook '/home/anshul/Research/PostDoc/mocap/install/phasespace_bringup_ros2/share/phasespace_bringup_ros2/hook/ld_library_path_lib.sh'
[90.313s] Level 1:colcon.colcon_core.environment:checking '/home/anshul/Research/PostDoc/mocap/install/phasespace_bringup_ros2/bin'
[90.313s] Level 1:colcon.colcon_core.environment:checking '/home/anshul/Research/PostDoc/mocap/install/phasespace_bringup_ros2/lib/pkgconfig/phasespace_bringup_ros2.pc'
[90.313s] Level 1:colcon.colcon_core.environment:checking '/home/anshul/Research/PostDoc/mocap/install/phasespace_bringup_ros2/lib/python3.10/site-packages'
[90.313s] Level 1:colcon.colcon_core.environment:checking '/home/anshul/Research/PostDoc/mocap/install/phasespace_bringup_ros2/bin'
[90.313s] INFO:colcon.colcon_core.shell:Creating package script '/home/anshul/Research/PostDoc/mocap/install/phasespace_bringup_ros2/share/phasespace_bringup_ros2/package.ps1'
[90.314s] INFO:colcon.colcon_core.shell:Creating package descriptor '/home/anshul/Research/PostDoc/mocap/install/phasespace_bringup_ros2/share/phasespace_bringup_ros2/package.dsv'
[90.314s] INFO:colcon.colcon_core.shell:Creating package script '/home/anshul/Research/PostDoc/mocap/install/phasespace_bringup_ros2/share/phasespace_bringup_ros2/package.sh'
[90.314s] INFO:colcon.colcon_core.shell:Creating package script '/home/anshul/Research/PostDoc/mocap/install/phasespace_bringup_ros2/share/phasespace_bringup_ros2/package.bash'
[90.314s] INFO:colcon.colcon_core.shell:Creating package script '/home/anshul/Research/PostDoc/mocap/install/phasespace_bringup_ros2/share/phasespace_bringup_ros2/package.zsh'
[90.315s] Level 1:colcon.colcon_core.environment:create_file_with_runtime_dependencies(/home/anshul/Research/PostDoc/mocap/install/phasespace_bringup_ros2/share/colcon-core/packages/phasespace_bringup_ros2)
[90.315s] DEBUG:colcon.colcon_parallel_executor.executor.parallel:closing loop
[90.315s] DEBUG:colcon.colcon_parallel_executor.executor.parallel:loop closed
[90.315s] DEBUG:colcon.colcon_parallel_executor.executor.parallel:run_until_complete finished with '0'
[90.316s] DEBUG:colcon.colcon_core.event_reactor:joining thread
[90.318s] INFO:colcon.colcon_core.plugin_system:Skipping extension 'colcon_notification.desktop_notification.terminal_notifier': Not used on non-Darwin systems
[90.318s] INFO:colcon.colcon_core.plugin_system:Skipping extension 'colcon_notification.desktop_notification.win32': Not used on non-Windows systems
[90.318s] INFO:colcon.colcon_notification.desktop_notification:Sending desktop notification using 'notify2'
[90.318s] DEBUG:colcon.colcon_notification.desktop_notification.notify2:Failed to initialize notify2: org.freedesktop.DBus.Error.AccessDenied: Failed to connect to socket /run/user/1000/bus: Operation not permitted
[90.318s] DEBUG:colcon.colcon_core.event_reactor:joined thread
[90.319s] INFO:colcon.colcon_core.shell:Creating prefix script '/home/anshul/Research/PostDoc/mocap/install/local_setup.ps1'
[90.319s] INFO:colcon.colcon_core.shell:Creating prefix util module '/home/anshul/Research/PostDoc/mocap/install/_local_setup_util_ps1.py'
[90.320s] INFO:colcon.colcon_core.shell:Creating prefix chain script '/home/anshul/Research/PostDoc/mocap/install/setup.ps1'
[90.320s] INFO:colcon.colcon_core.shell:Creating prefix script '/home/anshul/Research/PostDoc/mocap/install/local_setup.sh'
[90.321s] INFO:colcon.colcon_core.shell:Creating prefix util module '/home/anshul/Research/PostDoc/mocap/install/_local_setup_util_sh.py'
[90.321s] INFO:colcon.colcon_core.shell:Creating prefix chain script '/home/anshul/Research/PostDoc/mocap/install/setup.sh'
[90.321s] INFO:colcon.colcon_core.shell:Creating prefix script '/home/anshul/Research/PostDoc/mocap/install/local_setup.bash'
[90.321s] INFO:colcon.colcon_core.shell:Creating prefix chain script '/home/anshul/Research/PostDoc/mocap/install/setup.bash'
[90.322s] INFO:colcon.colcon_core.shell:Creating prefix script '/home/anshul/Research/PostDoc/mocap/install/local_setup.zsh'
[90.322s] INFO:colcon.colcon_core.shell:Creating prefix chain script '/home/anshul/Research/PostDoc/mocap/install/setup.zsh'
