[30.031s] Invoking command in '/home/anshul/Research/PostDoc/mocap/build/phasespace_msgs_ros2': CONDA_PROMPT_MODIFIER=(base) /usr/bin/cmake /home/anshul/Research/PostDoc/mocap/phasespace-mocap-ros2/phasespace_msgs_ros2 -DCATKIN_INSTALL_INTO_PREFIX_ROOT=0 -DCMAKE_INSTALL_PREFIX=/home/anshul/Research/PostDoc/mocap/install/phasespace_msgs_ros2
[30.168s] -- The C compiler identification is GNU 11.4.0
[30.273s] -- The CXX compiler identification is GNU 11.4.0
[30.282s] -- Detecting C compiler ABI info
[30.340s] -- Detecting C compiler ABI info - done
[30.345s] -- Check for working C compiler: /usr/bin/cc - skipped
[30.345s] -- Detecting C compile features
[30.346s] -- Detecting C compile features - done
[30.349s] -- Detecting CXX compiler ABI info
[30.407s] -- Detecting CXX compiler ABI info - done
[30.411s] -- Check for working CXX compiler: /usr/bin/c++ - skipped
[30.411s] -- Detecting CXX compile features
[30.411s] -- Detecting CXX compile features - done
[30.415s] -- Found ament_cmake: 1.3.11 (/opt/ros/humble/share/ament_cmake/cmake)
[30.691s] -- Found Python3: /home/anshul/miniconda3/bin/python3 (found version "3.12.2") found components: Interpreter 
[30.771s] -- Found rosidl_default_generators: 1.2.0 (/opt/ros/humble/share/rosidl_default_generators/cmake)
[30.774s] -- Using all available rosidl_typesupport_c: rosidl_typesupport_fastrtps_c;rosidl_typesupport_introspection_c
[30.780s] -- Found rosidl_adapter: 3.1.6 (/opt/ros/humble/share/rosidl_adapter/cmake)
[30.817s] -- Using all available rosidl_typesupport_cpp: rosidl_typesupport_fastrtps_cpp;rosidl_typesupport_introspection_cpp
[30.847s] -- Found std_msgs: 4.8.0 (/opt/ros/humble/share/std_msgs/cmake)
[30.950s] CMake Error at /opt/ros/humble/share/rosidl_adapter/cmake/rosidl_adapt_interfaces.cmake:59 (message):
[30.950s]   execute_process(/home/anshul/miniconda3/bin/python3 -m rosidl_adapter
[30.950s]   --package-name phasespace_msgs_ros2 --arguments-file
[30.950s]   /home/anshul/Research/PostDoc/mocap/build/phasespace_msgs_ros2/rosidl_adapter__arguments__phasespace_msgs_ros2.json
[30.950s]   --output-dir
[30.950s]   /home/anshul/Research/PostDoc/mocap/build/phasespace_msgs_ros2/rosidl_adapter/phasespace_msgs_ros2
[30.950s]   --output-file
[30.950s]   /home/anshul/Research/PostDoc/mocap/build/phasespace_msgs_ros2/rosidl_adapter/phasespace_msgs_ros2.idls)
[30.950s]   returned error code 1:
[30.950s] 
[30.950s]   AttributeError processing template 'msg.idl.em'
[30.950s] 
[30.950s]   Traceback (most recent call last):
[30.950s] 
[30.951s]     File "/opt/ros/humble/local/lib/python3.10/dist-packages/rosidl_adapter/resource/__init__.py", line 51, in evaluate_template
[30.951s]       em.BUFFERED_OPT: True,
[30.951s]       ^^^^^^^^^^^^^^^
[30.951s] 
[30.951s]   AttributeError: module 'em' has no attribute 'BUFFERED_OPT'
[30.951s] 
[30.951s]   
[30.951s] 
[30.951s]   During handling of the above exception, another exception occurred:
[30.951s] 
[30.951s]   
[30.951s] 
[30.951s]   Traceback (most recent call last):
[30.951s] 
[30.951s]     File "<frozen runpy>", line 198, in _run_module_as_main
[30.951s]     File "<frozen runpy>", line 88, in _run_code
[30.951s]     File "/opt/ros/humble/local/lib/python3.10/dist-packages/rosidl_adapter/__main__.py", line 19, in <module>
[30.951s]       sys.exit(main())
[30.951s]                ^^^^^^
[30.951s]     File "/opt/ros/humble/local/lib/python3.10/dist-packages/rosidl_adapter/main.py", line 53, in main
[30.951s]       abs_idl_file = convert_to_idl(
[30.951s]                      ^^^^^^^^^^^^^^^
[30.951s]     File "/opt/ros/humble/local/lib/python3.10/dist-packages/rosidl_adapter/__init__.py", line 19, in convert_to_idl
[30.951s]       return convert_msg_to_idl(
[30.951s]              ^^^^^^^^^^^^^^^^^^^
[30.951s]     File "/opt/ros/humble/local/lib/python3.10/dist-packages/rosidl_adapter/msg/__init__.py", line 39, in convert_msg_to_idl
[30.951s]       expand_template('msg.idl.em', data, output_file, encoding='iso-8859-1')
[30.951s]     File "/opt/ros/humble/local/lib/python3.10/dist-packages/rosidl_adapter/resource/__init__.py", line 23, in expand_template
[30.951s]       content = evaluate_template(template_name, data)
[30.951s]                 ^^^^^^^^^^^^^^^^^^^^^^^^^^^^^^^^^^^^^^
[30.951s]     File "/opt/ros/humble/local/lib/python3.10/dist-packages/rosidl_adapter/resource/__init__.py", line 69, in evaluate_template
[30.951s]       _interpreter.shutdown()
[30.951s]       ^^^^^^^^^^^^^^^^^^^^^
[30.951s] 
[30.951s]   AttributeError: 'NoneType' object has no attribute 'shutdown'
[30.951s] 
[30.951s] Call Stack (most recent call first):
[30.951s]   /opt/ros/humble/share/rosidl_cmake/cmake/rosidl_generate_interfaces.cmake:130 (rosidl_adapt_interfaces)
[30.951s]   CMakeLists.txt:8 (rosidl_generate_interfaces)
[30.951s] 
[30.951s] 
[30.951s] -- Configuring incomplete, errors occurred!
[30.951s] See also "/home/anshul/Research/PostDoc/mocap/build/phasespace_msgs_ros2/CMakeFiles/CMakeOutput.log".
[30.955s] Invoked command in '/home/anshul/Research/PostDoc/mocap/build/phasespace_msgs_ros2' returned '1': CONDA_PROMPT_MODIFIER=(base) /usr/bin/cmake /home/anshul/Research/PostDoc/mocap/phasespace-mocap-ros2/phasespace_msgs_ros2 -DCATKIN_INSTALL_INTO_PREFIX_ROOT=0 -DCMAKE_INSTALL_PREFIX=/home/anshul/Research/PostDoc/mocap/install/phasespace_msgs_ros2
