[0.089s] DEBUG:colcon:Command line arguments: ['/usr/bin/colcon', 'build', '--base-paths', 'phasespace-mocap-ros2']
[0.090s] DEBUG:colcon:Parsed command line arguments: Namespace(log_base=None, log_level=None, verb_name='build', build_base='build', install_base='install', merge_install=False, symlink_install=False, test_result_base=None, continue_on_error=False, executor='parallel', parallel_workers=20, event_handlers=None, ignore_user_meta=False, metas=['./colcon.meta'], base_paths=['phasespace-mocap-ros2'], packages_ignore=None, packages_ignore_regex=None, paths=None, packages_up_to=None, packages_up_to_regex=None, packages_above=None, packages_above_and_dependencies=None, packages_above_depth=None, packages_select_by_dep=None, packages_skip_by_dep=None, packages_skip_up_to=None, packages_select_build_failed=False, packages_skip_build_finished=False, packages_select_test_failures=False, packages_skip_test_passed=False, packages_select=None, packages_skip=None, packages_select_regex=None, packages_skip_regex=None, packages_start=None, packages_end=None, allow_overriding=[], cmake_args=None, cmake_target=None, cmake_target_skip_unavailable=False, cmake_clean_cache=False, cmake_clean_first=False, cmake_force_configure=False, ament_cmake_args=None, catkin_cmake_args=None, catkin_skip_building_tests=False, verb_parser=<colcon_defaults.argument_parser.defaults.DefaultArgumentsDecorator object at 0x7f1f3f015d80>, verb_extension=<colcon_core.verb.build.BuildVerb object at 0x7f1f3f015930>, main=<bound method BuildVerb.main of <colcon_core.verb.build.BuildVerb object at 0x7f1f3f015930>>)
[0.222s] Level 1:colcon.colcon_core.package_discovery:discover_packages(colcon_meta) check parameters
[0.223s] Level 1:colcon.colcon_core.package_discovery:discover_packages(recursive) check parameters
[0.223s] Level 1:colcon.colcon_core.package_discovery:discover_packages(ignore) check parameters
[0.223s] Level 1:colcon.colcon_core.package_discovery:discover_packages(path) check parameters
[0.223s] Level 1:colcon.colcon_core.package_discovery:discover_packages(recursive) discover
[0.223s] INFO:colcon.colcon_core.package_discovery:Crawling recursively for packages in '/home/anshul/Research/PostDoc/mocap/phasespace-mocap-ros2'
[0.223s] Level 1:colcon.colcon_core.package_identification:_identify(phasespace-mocap-ros2) by extensions ['ignore', 'ignore_ament_install']
[0.223s] Level 1:colcon.colcon_core.package_identification:_identify(phasespace-mocap-ros2) by extension 'ignore'
[0.223s] Level 1:colcon.colcon_core.package_identification:_identify(phasespace-mocap-ros2) by extension 'ignore_ament_install'
[0.223s] Level 1:colcon.colcon_core.package_identification:_identify(phasespace-mocap-ros2) by extensions ['colcon_pkg']
[0.223s] Level 1:colcon.colcon_core.package_identification:_identify(phasespace-mocap-ros2) by extension 'colcon_pkg'
[0.223s] Level 1:colcon.colcon_core.package_identification:_identify(phasespace-mocap-ros2) by extensions ['colcon_meta']
[0.223s] Level 1:colcon.colcon_core.package_identification:_identify(phasespace-mocap-ros2) by extension 'colcon_meta'
[0.223s] Level 1:colcon.colcon_core.package_identification:_identify(phasespace-mocap-ros2) by extensions ['ros']
[0.223s] Level 1:colcon.colcon_core.package_identification:_identify(phasespace-mocap-ros2) by extension 'ros'
[0.233s] Level 1:colcon.colcon_core.package_identification:_identify(phasespace-mocap-ros2) by extensions ['cmake', 'python']
[0.234s] Level 1:colcon.colcon_core.package_identification:_identify(phasespace-mocap-ros2) by extension 'cmake'
[0.234s] Level 1:colcon.colcon_core.package_identification:_identify(phasespace-mocap-ros2) by extension 'python'
[0.234s] Level 1:colcon.colcon_core.package_identification:_identify(phasespace-mocap-ros2) by extensions ['python_setup_py']
[0.234s] Level 1:colcon.colcon_core.package_identification:_identify(phasespace-mocap-ros2) by extension 'python_setup_py'
[0.234s] Level 1:colcon.colcon_core.package_identification:_identify(phasespace-mocap-ros2/phasespace_bringup_ros2) by extensions ['ignore', 'ignore_ament_install']
[0.234s] Level 1:colcon.colcon_core.package_identification:_identify(phasespace-mocap-ros2/phasespace_bringup_ros2) by extension 'ignore'
[0.234s] Level 1:colcon.colcon_core.package_identification:_identify(phasespace-mocap-ros2/phasespace_bringup_ros2) by extension 'ignore_ament_install'
[0.234s] Level 1:colcon.colcon_core.package_identification:_identify(phasespace-mocap-ros2/phasespace_bringup_ros2) by extensions ['colcon_pkg']
[0.234s] Level 1:colcon.colcon_core.package_identification:_identify(phasespace-mocap-ros2/phasespace_bringup_ros2) by extension 'colcon_pkg'
[0.234s] Level 1:colcon.colcon_core.package_identification:_identify(phasespace-mocap-ros2/phasespace_bringup_ros2) by extensions ['colcon_meta']
[0.234s] Level 1:colcon.colcon_core.package_identification:_identify(phasespace-mocap-ros2/phasespace_bringup_ros2) by extension 'colcon_meta'
[0.234s] Level 1:colcon.colcon_core.package_identification:_identify(phasespace-mocap-ros2/phasespace_bringup_ros2) by extensions ['ros']
[0.234s] Level 1:colcon.colcon_core.package_identification:_identify(phasespace-mocap-ros2/phasespace_bringup_ros2) by extension 'ros'
[0.236s] DEBUG:colcon.colcon_core.package_identification:Package 'phasespace-mocap-ros2/phasespace_bringup_ros2' with type 'ros.catkin' and name 'phasespace_bringup_ros2'
[0.236s] Level 1:colcon.colcon_core.package_identification:_identify(phasespace-mocap-ros2/phasespace_msgs_ros2) by extensions ['ignore', 'ignore_ament_install']
[0.236s] Level 1:colcon.colcon_core.package_identification:_identify(phasespace-mocap-ros2/phasespace_msgs_ros2) by extension 'ignore'
[0.237s] Level 1:colcon.colcon_core.package_identification:_identify(phasespace-mocap-ros2/phasespace_msgs_ros2) by extension 'ignore_ament_install'
[0.237s] Level 1:colcon.colcon_core.package_identification:_identify(phasespace-mocap-ros2/phasespace_msgs_ros2) by extensions ['colcon_pkg']
[0.237s] Level 1:colcon.colcon_core.package_identification:_identify(phasespace-mocap-ros2/phasespace_msgs_ros2) by extension 'colcon_pkg'
[0.237s] Level 1:colcon.colcon_core.package_identification:_identify(phasespace-mocap-ros2/phasespace_msgs_ros2) by extensions ['colcon_meta']
[0.237s] Level 1:colcon.colcon_core.package_identification:_identify(phasespace-mocap-ros2/phasespace_msgs_ros2) by extension 'colcon_meta'
[0.237s] Level 1:colcon.colcon_core.package_identification:_identify(phasespace-mocap-ros2/phasespace_msgs_ros2) by extensions ['ros']
[0.237s] Level 1:colcon.colcon_core.package_identification:_identify(phasespace-mocap-ros2/phasespace_msgs_ros2) by extension 'ros'
[0.237s] DEBUG:colcon.colcon_core.package_identification:Package 'phasespace-mocap-ros2/phasespace_msgs_ros2' with type 'ros.catkin' and name 'phasespace_msgs_ros2'
[0.237s] Level 1:colcon.colcon_core.package_discovery:discover_packages(recursive) using defaults
[0.261s] Level 1:colcon.colcon_core.package_discovery:discover_packages(prefix_path) check parameters
[0.261s] Level 1:colcon.colcon_core.package_discovery:discover_packages(prefix_path) discover
[0.263s] DEBUG:colcon.colcon_installed_package_information.package_discovery:Found 317 installed packages in /opt/ros/humble
[0.264s] Level 1:colcon.colcon_core.package_discovery:discover_packages(prefix_path) using defaults
[0.285s] Level 5:colcon.colcon_core.verb:set package 'phasespace_msgs_ros2' build argument 'cmake_args' from command line to 'None'
[0.285s] Level 5:colcon.colcon_core.verb:set package 'phasespace_msgs_ros2' build argument 'cmake_target' from command line to 'None'
[0.285s] Level 5:colcon.colcon_core.verb:set package 'phasespace_msgs_ros2' build argument 'cmake_target_skip_unavailable' from command line to 'False'
[0.285s] Level 5:colcon.colcon_core.verb:set package 'phasespace_msgs_ros2' build argument 'cmake_clean_cache' from command line to 'False'
[0.285s] Level 5:colcon.colcon_core.verb:set package 'phasespace_msgs_ros2' build argument 'cmake_clean_first' from command line to 'False'
[0.285s] Level 5:colcon.colcon_core.verb:set package 'phasespace_msgs_ros2' build argument 'cmake_force_configure' from command line to 'False'
[0.285s] Level 5:colcon.colcon_core.verb:set package 'phasespace_msgs_ros2' build argument 'ament_cmake_args' from command line to 'None'
[0.285s] Level 5:colcon.colcon_core.verb:set package 'phasespace_msgs_ros2' build argument 'catkin_cmake_args' from command line to 'None'
[0.285s] Level 5:colcon.colcon_core.verb:set package 'phasespace_msgs_ros2' build argument 'catkin_skip_building_tests' from command line to 'False'
[0.285s] DEBUG:colcon.colcon_core.verb:Building package 'phasespace_msgs_ros2' with the following arguments: {'ament_cmake_args': None, 'build_base': '/home/anshul/Research/PostDoc/mocap/build/phasespace_msgs_ros2', 'catkin_cmake_args': None, 'catkin_skip_building_tests': False, 'cmake_args': None, 'cmake_clean_cache': False, 'cmake_clean_first': False, 'cmake_force_configure': False, 'cmake_target': None, 'cmake_target_skip_unavailable': False, 'install_base': '/home/anshul/Research/PostDoc/mocap/install/phasespace_msgs_ros2', 'merge_install': False, 'path': '/home/anshul/Research/PostDoc/mocap/phasespace-mocap-ros2/phasespace_msgs_ros2', 'symlink_install': False, 'test_result_base': None}
[0.285s] Level 5:colcon.colcon_core.verb:set package 'phasespace_bringup_ros2' build argument 'cmake_args' from command line to 'None'
[0.285s] Level 5:colcon.colcon_core.verb:set package 'phasespace_bringup_ros2' build argument 'cmake_target' from command line to 'None'
[0.285s] Level 5:colcon.colcon_core.verb:set package 'phasespace_bringup_ros2' build argument 'cmake_target_skip_unavailable' from command line to 'False'
[0.285s] Level 5:colcon.colcon_core.verb:set package 'phasespace_bringup_ros2' build argument 'cmake_clean_cache' from command line to 'False'
[0.285s] Level 5:colcon.colcon_core.verb:set package 'phasespace_bringup_ros2' build argument 'cmake_clean_first' from command line to 'False'
[0.285s] Level 5:colcon.colcon_core.verb:set package 'phasespace_bringup_ros2' build argument 'cmake_force_configure' from command line to 'False'
[0.285s] Level 5:colcon.colcon_core.verb:set package 'phasespace_bringup_ros2' build argument 'ament_cmake_args' from command line to 'None'
[0.285s] Level 5:colcon.colcon_core.verb:set package 'phasespace_bringup_ros2' build argument 'catkin_cmake_args' from command line to 'None'
[0.285s] Level 5:colcon.colcon_core.verb:set package 'phasespace_bringup_ros2' build argument 'catkin_skip_building_tests' from command line to 'False'
[0.285s] DEBUG:colcon.colcon_core.verb:Building package 'phasespace_bringup_ros2' with the following arguments: {'ament_cmake_args': None, 'build_base': '/home/anshul/Research/PostDoc/mocap/build/phasespace_bringup_ros2', 'catkin_cmake_args': None, 'catkin_skip_building_tests': False, 'cmake_args': None, 'cmake_clean_cache': False, 'cmake_clean_first': False, 'cmake_force_configure': False, 'cmake_target': None, 'cmake_target_skip_unavailable': False, 'install_base': '/home/anshul/Research/PostDoc/mocap/install/phasespace_bringup_ros2', 'merge_install': False, 'path': '/home/anshul/Research/PostDoc/mocap/phasespace-mocap-ros2/phasespace_bringup_ros2', 'symlink_install': False, 'test_result_base': None}
[0.286s] INFO:colcon.colcon_core.executor:Executing jobs using 'parallel' executor
[0.286s] DEBUG:colcon.colcon_parallel_executor.executor.parallel:run_until_complete
[0.287s] INFO:colcon.colcon_ros.task.catkin.build:Building ROS package in '/home/anshul/Research/PostDoc/mocap/phasespace-mocap-ros2/phasespace_msgs_ros2' with build type 'catkin'
[0.287s] INFO:colcon.colcon_cmake.task.cmake.build:Building CMake package in '/home/anshul/Research/PostDoc/mocap/phasespace-mocap-ros2/phasespace_msgs_ros2'
[0.290s] INFO:colcon.colcon_core.plugin_system:Skipping extension 'colcon_core.shell.bat': Not used on non-Windows systems
[0.290s] INFO:colcon.colcon_core.shell:Skip shell extension 'powershell' for command environment: Not usable outside of PowerShell
[0.290s] DEBUG:colcon.colcon_core.shell:Skip shell extension 'dsv' for command environment
[30.318s] DEBUG:colcon.colcon_core.event_handler.log_command:Invoking command in '/home/anshul/Research/PostDoc/mocap/build/phasespace_msgs_ros2': CONDA_PROMPT_MODIFIER=(base) /usr/bin/cmake /home/anshul/Research/PostDoc/mocap/phasespace-mocap-ros2/phasespace_msgs_ros2 -DCATKIN_INSTALL_INTO_PREFIX_ROOT=0 -DCMAKE_INSTALL_PREFIX=/home/anshul/Research/PostDoc/mocap/install/phasespace_msgs_ros2
[31.242s] DEBUG:colcon.colcon_core.event_handler.log_command:Invoked command in '/home/anshul/Research/PostDoc/mocap/build/phasespace_msgs_ros2' returned '1': CONDA_PROMPT_MODIFIER=(base) /usr/bin/cmake /home/anshul/Research/PostDoc/mocap/phasespace-mocap-ros2/phasespace_msgs_ros2 -DCATKIN_INSTALL_INTO_PREFIX_ROOT=0 -DCMAKE_INSTALL_PREFIX=/home/anshul/Research/PostDoc/mocap/install/phasespace_msgs_ros2
[31.250s] Level 1:colcon.colcon_core.environment:create_environment_scripts_only(phasespace_msgs_ros2)
[31.254s] Level 1:colcon.colcon_core.environment:checking '/home/anshul/Research/PostDoc/mocap/install/phasespace_msgs_ros2' for CMake module files
[31.254s] Level 1:colcon.colcon_core.environment:checking '/home/anshul/Research/PostDoc/mocap/install/phasespace_msgs_ros2' for CMake config files
[31.254s] Level 1:colcon.colcon_core.environment:checking '/home/anshul/Research/PostDoc/mocap/install/phasespace_msgs_ros2/bin'
[31.254s] Level 1:colcon.colcon_core.environment:checking '/home/anshul/Research/PostDoc/mocap/install/phasespace_msgs_ros2/lib/pkgconfig/phasespace_msgs_ros2.pc'
[31.255s] Level 1:colcon.colcon_core.environment:checking '/home/anshul/Research/PostDoc/mocap/install/phasespace_msgs_ros2/lib/python3.10/site-packages'
[31.255s] Level 1:colcon.colcon_core.environment:checking '/home/anshul/Research/PostDoc/mocap/install/phasespace_msgs_ros2/bin'
[31.255s] INFO:colcon.colcon_core.shell:Creating package script '/home/anshul/Research/PostDoc/mocap/install/phasespace_msgs_ros2/share/phasespace_msgs_ros2/package.ps1'
[31.256s] INFO:colcon.colcon_core.shell:Creating package descriptor '/home/anshul/Research/PostDoc/mocap/install/phasespace_msgs_ros2/share/phasespace_msgs_ros2/package.dsv'
[31.257s] INFO:colcon.colcon_core.shell:Creating package script '/home/anshul/Research/PostDoc/mocap/install/phasespace_msgs_ros2/share/phasespace_msgs_ros2/package.sh'
[31.257s] INFO:colcon.colcon_core.shell:Creating package script '/home/anshul/Research/PostDoc/mocap/install/phasespace_msgs_ros2/share/phasespace_msgs_ros2/package.bash'
[31.258s] INFO:colcon.colcon_core.shell:Creating package script '/home/anshul/Research/PostDoc/mocap/install/phasespace_msgs_ros2/share/phasespace_msgs_ros2/package.zsh'
[31.259s] Level 1:colcon.colcon_core.environment:create_file_with_runtime_dependencies(/home/anshul/Research/PostDoc/mocap/install/phasespace_msgs_ros2/share/colcon-core/packages/phasespace_msgs_ros2)
[31.270s] DEBUG:colcon.colcon_parallel_executor.executor.parallel:closing loop
[31.270s] DEBUG:colcon.colcon_parallel_executor.executor.parallel:loop closed
[31.270s] DEBUG:colcon.colcon_parallel_executor.executor.parallel:run_until_complete finished with '1'
[31.270s] DEBUG:colcon.colcon_core.event_reactor:joining thread
[31.274s] INFO:colcon.colcon_core.plugin_system:Skipping extension 'colcon_notification.desktop_notification.terminal_notifier': Not used on non-Darwin systems
[31.274s] INFO:colcon.colcon_core.plugin_system:Skipping extension 'colcon_notification.desktop_notification.win32': Not used on non-Windows systems
[31.274s] INFO:colcon.colcon_notification.desktop_notification:Sending desktop notification using 'notify2'
[31.274s] DEBUG:colcon.colcon_notification.desktop_notification.notify2:Failed to initialize notify2: org.freedesktop.DBus.Error.AccessDenied: Failed to connect to socket /run/user/1000/bus: Operation not permitted
[31.274s] DEBUG:colcon.colcon_core.event_reactor:joined thread
[31.274s] INFO:colcon.colcon_core.shell:Creating prefix script '/home/anshul/Research/PostDoc/mocap/install/local_setup.ps1'
[31.275s] INFO:colcon.colcon_core.shell:Creating prefix util module '/home/anshul/Research/PostDoc/mocap/install/_local_setup_util_ps1.py'
[31.276s] INFO:colcon.colcon_core.shell:Creating prefix chain script '/home/anshul/Research/PostDoc/mocap/install/setup.ps1'
[31.276s] INFO:colcon.colcon_core.shell:Creating prefix script '/home/anshul/Research/PostDoc/mocap/install/local_setup.sh'
[31.277s] INFO:colcon.colcon_core.shell:Creating prefix util module '/home/anshul/Research/PostDoc/mocap/install/_local_setup_util_sh.py'
[31.277s] INFO:colcon.colcon_core.shell:Creating prefix chain script '/home/anshul/Research/PostDoc/mocap/install/setup.sh'
[31.277s] INFO:colcon.colcon_core.shell:Creating prefix script '/home/anshul/Research/PostDoc/mocap/install/local_setup.bash'
[31.278s] INFO:colcon.colcon_core.shell:Creating prefix chain script '/home/anshul/Research/PostDoc/mocap/install/setup.bash'
[31.278s] INFO:colcon.colcon_core.shell:Creating prefix script '/home/anshul/Research/PostDoc/mocap/install/local_setup.zsh'
[31.279s] INFO:colcon.colcon_core.shell:Creating prefix chain script '/home/anshul/Research/PostDoc/mocap/install/setup.zsh'
