-- Found ament_cmake: 1.3.11 (/opt/ros/humble/share/ament_cmake/cmake)
-- Found Python3: /usr/bin/python3 (found version "3.10.12") found components: Interpreter 
-- Found rosidl_default_generators: 1.2.0 (/opt/ros/humble/share/rosidl_default_generators/cmake)
-- Using all available rosidl_typesupport_c: rosidl_typesupport_fastrtps_c;rosidl_typesupport_introspection_c
-- Found rosidl_adapter: 3.1.6 (/opt/ros/humble/share/rosidl_adapter/cmake)
-- Using all available rosidl_typesupport_cpp: rosidl_typesupport_fastrtps_cpp;rosidl_typesupport_introspection_cpp
-- Found std_msgs: 4.8.0 (/opt/ros/humble/share/std_msgs/cmake)
-- Found ament_cmake_ros: 0.10.0 (/opt/ros/humble/share/ament_cmake_ros/cmake)
-- Using all available rosidl_typesupport_c: rosidl_typesupport_fastrtps_c;rosidl_typesupport_introspection_c
-- Using all available rosidl_typesupport_cpp: rosidl_typesupport_fastrtps_cpp;rosidl_typesupport_introspection_cpp
-- Found PythonInterp: /home/anshul/miniconda3/bin/python3 (found suitable version "3.12.2", minimum required is "3.6") 
-- Found python_cmake_module: 0.10.0 (/opt/ros/humble/share/python_cmake_module/cmake)
-- Found PythonLibs: /home/anshul/miniconda3/lib/libpython3.12.so (found suitable version "3.12.2", minimum required is "3.5") 
-- Using PYTHON_EXECUTABLE: /home/anshul/miniconda3/bin/python3
-- Using PYTHON_INCLUDE_DIRS: /home/anshul/miniconda3/include/python3.12
-- Using PYTHON_LIBRARIES: /home/anshul/miniconda3/lib/libpython3.12.so
-- Found PythonExtra: .so  
-- Using numpy include directory: /home/anshul/miniconda3/lib/python3.12/site-packages/numpy/core/include
-- Configuring done
-- Generating done
-- Build files have been written to: /home/anshul/Research/PostDoc/mocap/build/phasespace_msgs_ros2
[  1%] Generating C code for ROS interfaces
[  2%] Generating C++ code for ROS interfaces
[  2%] Built target ament_cmake_python_copy_phasespace_msgs_ros2
running egg_info
creating phasespace_msgs_ros2.egg-info
writing phasespace_msgs_ros2.egg-info/PKG-INFO
writing dependency_links to phasespace_msgs_ros2.egg-info/dependency_links.txt
writing top-level names to phasespace_msgs_ros2.egg-info/top_level.txt
writing manifest file 'phasespace_msgs_ros2.egg-info/SOURCES.txt'
reading manifest file 'phasespace_msgs_ros2.egg-info/SOURCES.txt'
writing manifest file 'phasespace_msgs_ros2.egg-info/SOURCES.txt'
[  2%] Built target ament_cmake_python_build_phasespace_msgs_ros2_egg
[  2%] Built target phasespace_msgs_ros2__cpp
[  5%] Building C object CMakeFiles/phasespace_msgs_ros2__rosidl_generator_c.dir/rosidl_generator_c/phasespace_msgs_ros2/msg/detail/rigids__functions.c.o
[  5%] Building C object CMakeFiles/phasespace_msgs_ros2__rosidl_generator_c.dir/rosidl_generator_c/phasespace_msgs_ros2/msg/detail/rigid__functions.c.o
[  7%] Building C object CMakeFiles/phasespace_msgs_ros2__rosidl_generator_c.dir/rosidl_generator_c/phasespace_msgs_ros2/msg/detail/camera__functions.c.o
[  8%] Building C object CMakeFiles/phasespace_msgs_ros2__rosidl_generator_c.dir/rosidl_generator_c/phasespace_msgs_ros2/msg/detail/marker__functions.c.o
[  9%] Building C object CMakeFiles/phasespace_msgs_ros2__rosidl_generator_c.dir/rosidl_generator_c/phasespace_msgs_ros2/msg/detail/cameras__functions.c.o
[ 11%] Building C object CMakeFiles/phasespace_msgs_ros2__rosidl_generator_c.dir/rosidl_generator_c/phasespace_msgs_ros2/msg/detail/markers__functions.c.o
[ 12%] Generating C++ type support dispatch for ROS interfaces
[ 14%] Generating C++ type support for eProsima Fast-RTPS
[ 15%] Generating C++ introspection for ROS interfaces
[ 16%] Linking C shared library libphasespace_msgs_ros2__rosidl_generator_c.so
[ 16%] Built target phasespace_msgs_ros2__rosidl_generator_c
[ 19%] Generating C type support dispatch for ROS interfaces
[ 19%] Generating C type support for eProsima Fast-RTPS
[ 21%] Generating C introspection for ROS interfaces
[ 22%] Building CXX object CMakeFiles/phasespace_msgs_ros2__rosidl_typesupport_cpp.dir/rosidl_typesupport_cpp/phasespace_msgs_ros2/msg/camera__type_support.cpp.o
[ 23%] Building CXX object CMakeFiles/phasespace_msgs_ros2__rosidl_typesupport_cpp.dir/rosidl_typesupport_cpp/phasespace_msgs_ros2/msg/rigid__type_support.cpp.o
[ 26%] Building CXX object CMakeFiles/phasespace_msgs_ros2__rosidl_typesupport_cpp.dir/rosidl_typesupport_cpp/phasespace_msgs_ros2/msg/cameras__type_support.cpp.o
[ 26%] Building CXX object CMakeFiles/phasespace_msgs_ros2__rosidl_typesupport_cpp.dir/rosidl_typesupport_cpp/phasespace_msgs_ros2/msg/marker__type_support.cpp.o
[ 28%] Building CXX object CMakeFiles/phasespace_msgs_ros2__rosidl_typesupport_cpp.dir/rosidl_typesupport_cpp/phasespace_msgs_ros2/msg/markers__type_support.cpp.o
[ 29%] Building CXX object CMakeFiles/phasespace_msgs_ros2__rosidl_typesupport_cpp.dir/rosidl_typesupport_cpp/phasespace_msgs_ros2/msg/rigids__type_support.cpp.o
[ 30%] Building CXX object CMakeFiles/phasespace_msgs_ros2__rosidl_typesupport_introspection_cpp.dir/rosidl_typesupport_introspection_cpp/phasespace_msgs_ros2/msg/detail/camera__type_support.cpp.o
[ 36%] Building CXX object CMakeFiles/phasespace_msgs_ros2__rosidl_typesupport_introspection_cpp.dir/rosidl_typesupport_introspection_cpp/phasespace_msgs_ros2/msg/detail/rigid__type_support.cpp.o
[ 36%] Building CXX object CMakeFiles/phasespace_msgs_ros2__rosidl_typesupport_introspection_cpp.dir/rosidl_typesupport_introspection_cpp/phasespace_msgs_ros2/msg/detail/cameras__type_support.cpp.o
[ 36%] Building CXX object CMakeFiles/phasespace_msgs_ros2__rosidl_typesupport_introspection_cpp.dir/rosidl_typesupport_introspection_cpp/phasespace_msgs_ros2/msg/detail/marker__type_support.cpp.o
[ 36%] Building CXX object CMakeFiles/phasespace_msgs_ros2__rosidl_typesupport_introspection_cpp.dir/rosidl_typesupport_introspection_cpp/phasespace_msgs_ros2/msg/detail/markers__type_support.cpp.o
[ 38%] Building CXX object CMakeFiles/phasespace_msgs_ros2__rosidl_typesupport_introspection_cpp.dir/rosidl_typesupport_introspection_cpp/phasespace_msgs_ros2/msg/detail/rigids__type_support.cpp.o
[ 39%] Building CXX object CMakeFiles/phasespace_msgs_ros2__rosidl_typesupport_fastrtps_cpp.dir/rosidl_typesupport_fastrtps_cpp/phasespace_msgs_ros2/msg/detail/dds_fastrtps/camera__type_support.cpp.o
[ 40%] Building CXX object CMakeFiles/phasespace_msgs_ros2__rosidl_typesupport_fastrtps_cpp.dir/rosidl_typesupport_fastrtps_cpp/phasespace_msgs_ros2/msg/detail/dds_fastrtps/cameras__type_support.cpp.o
[ 43%] Building CXX object CMakeFiles/phasespace_msgs_ros2__rosidl_typesupport_fastrtps_cpp.dir/rosidl_typesupport_fastrtps_cpp/phasespace_msgs_ros2/msg/detail/dds_fastrtps/marker__type_support.cpp.o
[ 42%] Building CXX object CMakeFiles/phasespace_msgs_ros2__rosidl_typesupport_fastrtps_cpp.dir/rosidl_typesupport_fastrtps_cpp/phasespace_msgs_ros2/msg/detail/dds_fastrtps/markers__type_support.cpp.o
[ 45%] Building CXX object CMakeFiles/phasespace_msgs_ros2__rosidl_typesupport_fastrtps_cpp.dir/rosidl_typesupport_fastrtps_cpp/phasespace_msgs_ros2/msg/detail/dds_fastrtps/rigid__type_support.cpp.o
[ 46%] Building CXX object CMakeFiles/phasespace_msgs_ros2__rosidl_typesupport_c.dir/rosidl_typesupport_c/phasespace_msgs_ros2/msg/camera__type_support.cpp.o
[ 47%] Building CXX object CMakeFiles/phasespace_msgs_ros2__rosidl_typesupport_c.dir/rosidl_typesupport_c/phasespace_msgs_ros2/msg/cameras__type_support.cpp.o
[ 49%] Building CXX object CMakeFiles/phasespace_msgs_ros2__rosidl_typesupport_c.dir/rosidl_typesupport_c/phasespace_msgs_ros2/msg/marker__type_support.cpp.o
[ 50%] Building CXX object CMakeFiles/phasespace_msgs_ros2__rosidl_typesupport_c.dir/rosidl_typesupport_c/phasespace_msgs_ros2/msg/markers__type_support.cpp.o
[ 52%] Building CXX object CMakeFiles/phasespace_msgs_ros2__rosidl_typesupport_c.dir/rosidl_typesupport_c/phasespace_msgs_ros2/msg/rigid__type_support.cpp.o
[ 53%] Building CXX object CMakeFiles/phasespace_msgs_ros2__rosidl_typesupport_c.dir/rosidl_typesupport_c/phasespace_msgs_ros2/msg/rigids__type_support.cpp.o
[ 54%] Building CXX object CMakeFiles/phasespace_msgs_ros2__rosidl_typesupport_fastrtps_cpp.dir/rosidl_typesupport_fastrtps_cpp/phasespace_msgs_ros2/msg/detail/dds_fastrtps/rigids__type_support.cpp.o
[ 56%] Linking CXX shared library libphasespace_msgs_ros2__rosidl_typesupport_cpp.so
[ 57%] Linking CXX shared library libphasespace_msgs_ros2__rosidl_typesupport_c.so
[ 60%] Building C object CMakeFiles/phasespace_msgs_ros2__rosidl_typesupport_introspection_c.dir/rosidl_typesupport_introspection_c/phasespace_msgs_ros2/msg/detail/markers__type_support.c.o
[ 60%] Building C object CMakeFiles/phasespace_msgs_ros2__rosidl_typesupport_introspection_c.dir/rosidl_typesupport_introspection_c/phasespace_msgs_ros2/msg/detail/camera__type_support.c.o
[ 61%] Building C object CMakeFiles/phasespace_msgs_ros2__rosidl_typesupport_introspection_c.dir/rosidl_typesupport_introspection_c/phasespace_msgs_ros2/msg/detail/cameras__type_support.c.o
[ 63%] Building C object CMakeFiles/phasespace_msgs_ros2__rosidl_typesupport_introspection_c.dir/rosidl_typesupport_introspection_c/phasespace_msgs_ros2/msg/detail/marker__type_support.c.o
[ 64%] Building C object CMakeFiles/phasespace_msgs_ros2__rosidl_typesupport_introspection_c.dir/rosidl_typesupport_introspection_c/phasespace_msgs_ros2/msg/detail/rigid__type_support.c.o
[ 64%] Built target phasespace_msgs_ros2__rosidl_typesupport_cpp
[ 66%] Building C object CMakeFiles/phasespace_msgs_ros2__rosidl_typesupport_introspection_c.dir/rosidl_typesupport_introspection_c/phasespace_msgs_ros2/msg/detail/rigids__type_support.c.o
[ 66%] Built target phasespace_msgs_ros2__rosidl_typesupport_c
[ 69%] Building CXX object CMakeFiles/phasespace_msgs_ros2__rosidl_typesupport_fastrtps_c.dir/rosidl_typesupport_fastrtps_c/phasespace_msgs_ros2/msg/detail/marker__type_support_c.cpp.o
[ 69%] Building CXX object CMakeFiles/phasespace_msgs_ros2__rosidl_typesupport_fastrtps_c.dir/rosidl_typesupport_fastrtps_c/phasespace_msgs_ros2/msg/detail/rigid__type_support_c.cpp.o
[ 70%] Building CXX object CMakeFiles/phasespace_msgs_ros2__rosidl_typesupport_fastrtps_c.dir/rosidl_typesupport_fastrtps_c/phasespace_msgs_ros2/msg/detail/cameras__type_support_c.cpp.o
[ 71%] Building CXX object CMakeFiles/phasespace_msgs_ros2__rosidl_typesupport_fastrtps_c.dir/rosidl_typesupport_fastrtps_c/phasespace_msgs_ros2/msg/detail/markers__type_support_c.cpp.o
[ 73%] Building CXX object CMakeFiles/phasespace_msgs_ros2__rosidl_typesupport_fastrtps_c.dir/rosidl_typesupport_fastrtps_c/phasespace_msgs_ros2/msg/detail/rigids__type_support_c.cpp.o
[ 74%] Building CXX object CMakeFiles/phasespace_msgs_ros2__rosidl_typesupport_fastrtps_c.dir/rosidl_typesupport_fastrtps_c/phasespace_msgs_ros2/msg/detail/camera__type_support_c.cpp.o
[ 76%] Linking C shared library libphasespace_msgs_ros2__rosidl_typesupport_introspection_c.so
[ 76%] Built target phasespace_msgs_ros2__rosidl_typesupport_introspection_c
[ 77%] Linking CXX shared library libphasespace_msgs_ros2__rosidl_typesupport_introspection_cpp.so
[ 77%] Built target phasespace_msgs_ros2__rosidl_typesupport_introspection_cpp
[ 78%] Linking CXX shared library libphasespace_msgs_ros2__rosidl_typesupport_fastrtps_c.so
[ 80%] Linking CXX shared library libphasespace_msgs_ros2__rosidl_typesupport_fastrtps_cpp.so
[ 80%] Built target phasespace_msgs_ros2__rosidl_typesupport_fastrtps_c
[ 80%] Built target phasespace_msgs_ros2__rosidl_typesupport_fastrtps_cpp
[ 80%] Built target phasespace_msgs_ros2
[ 81%] Generating Python code for ROS interfaces
Traceback (most recent call last):
  File "/opt/ros/humble/share/rosidl_generator_py/cmake/../../../lib/rosidl_generator_py/rosidl_generator_py", line 8, in <module>
    from rosidl_generator_py import generate_py
ImportError: cannot import name 'generate_py' from 'rosidl_generator_py' (/opt/ros/humble/local/lib/python3.10/dist-packages/rosidl_generator_py/__init__.py)
gmake[2]: *** [phasespace_msgs_ros2__py/CMakeFiles/phasespace_msgs_ros2__py.dir/build.make:138: rosidl_generator_py/phasespace_msgs_ros2/_phasespace_msgs_ros2_s.ep.rosidl_typesupport_fastrtps_c.c] Error 1
gmake[1]: *** [CMakeFiles/Makefile2:590: phasespace_msgs_ros2__py/CMakeFiles/phasespace_msgs_ros2__py.dir/all] Error 2
gmake: *** [Makefile:146: all] Error 2
