[0.006s] Invoking command in '/home/anshul/Research/PostDoc/mocap/build/phasespace_msgs_ros2': CONDA_PROMPT_MODIFIER=(base) /usr/bin/cmake /home/anshul/Research/PostDoc/mocap/phasespace-mocap-ros2/phasespace_msgs_ros2 -DPython3_EXECUTABLE=/usr/bin/python3 -DCATKIN_INSTALL_INTO_PREFIX_ROOT=0 -DCMAKE_INSTALL_PREFIX=/home/anshul/Research/PostDoc/mocap/install/phasespace_msgs_ros2
[0.016s] -- Found ament_cmake: 1.3.11 (/opt/ros/humble/share/ament_cmake/cmake)
[0.116s] -- Found Python3: /usr/bin/python3 (found version "3.10.12") found components: Interpreter 
[0.161s] -- Found rosidl_default_generators: 1.2.0 (/opt/ros/humble/share/rosidl_default_generators/cmake)
[0.161s] -- Using all available rosidl_typesupport_c: rosidl_typesupport_fastrtps_c;rosidl_typesupport_introspection_c
[0.163s] -- Found rosidl_adapter: 3.1.6 (/opt/ros/humble/share/rosidl_adapter/cmake)
[0.180s] -- Using all available rosidl_typesupport_cpp: rosidl_typesupport_fastrtps_cpp;rosidl_typesupport_introspection_cpp
[0.193s] -- Found std_msgs: 4.8.0 (/opt/ros/humble/share/std_msgs/cmake)
[0.381s] -- Found ament_cmake_ros: 0.10.0 (/opt/ros/humble/share/ament_cmake_ros/cmake)
[0.524s] -- Using all available rosidl_typesupport_c: rosidl_typesupport_fastrtps_c;rosidl_typesupport_introspection_c
[0.694s] -- Using all available rosidl_typesupport_cpp: rosidl_typesupport_fastrtps_cpp;rosidl_typesupport_introspection_cpp
[0.715s] -- Found PythonInterp: /home/anshul/miniconda3/bin/python3 (found suitable version "3.12.2", minimum required is "3.6") 
[0.717s] -- Found python_cmake_module: 0.10.0 (/opt/ros/humble/share/python_cmake_module/cmake)
[0.740s] -- Found PythonLibs: /home/anshul/miniconda3/lib/libpython3.12.so (found suitable version "3.12.2", minimum required is "3.5") 
[0.740s] -- Using PYTHON_EXECUTABLE: /home/anshul/miniconda3/bin/python3
[0.740s] -- Using PYTHON_INCLUDE_DIRS: /home/anshul/miniconda3/include/python3.12
[0.740s] -- Using PYTHON_LIBRARIES: /home/anshul/miniconda3/lib/libpython3.12.so
[0.760s] -- Found PythonExtra: .so  
[0.995s] -- Using numpy include directory: /home/anshul/miniconda3/lib/python3.12/site-packages/numpy/core/include
[1.006s] -- Configuring done
[1.029s] -- Generating done
[1.036s] -- Build files have been written to: /home/anshul/Research/PostDoc/mocap/build/phasespace_msgs_ros2
[30.029s] Invoked command in '/home/anshul/Research/PostDoc/mocap/build/phasespace_msgs_ros2' returned '0': CONDA_PROMPT_MODIFIER=(base) /usr/bin/cmake /home/anshul/Research/PostDoc/mocap/phasespace-mocap-ros2/phasespace_msgs_ros2 -DPython3_EXECUTABLE=/usr/bin/python3 -DCATKIN_INSTALL_INTO_PREFIX_ROOT=0 -DCMAKE_INSTALL_PREFIX=/home/anshul/Research/PostDoc/mocap/install/phasespace_msgs_ros2
[30.031s] Invoking command in '/home/anshul/Research/PostDoc/mocap/build/phasespace_msgs_ros2': CONDA_PROMPT_MODIFIER=(base) /usr/bin/cmake --build /home/anshul/Research/PostDoc/mocap/build/phasespace_msgs_ros2 -- -j20 -l20
[30.059s] [  1%] Generating C code for ROS interfaces
[30.068s] [  2%] Generating C++ code for ROS interfaces
[30.073s] [  2%] Built target ament_cmake_python_copy_phasespace_msgs_ros2
[30.220s] running egg_info
[30.221s] creating phasespace_msgs_ros2.egg-info
[30.221s] writing phasespace_msgs_ros2.egg-info/PKG-INFO
[30.221s] writing dependency_links to phasespace_msgs_ros2.egg-info/dependency_links.txt
[30.221s] writing top-level names to phasespace_msgs_ros2.egg-info/top_level.txt
[30.221s] writing manifest file 'phasespace_msgs_ros2.egg-info/SOURCES.txt'
[30.223s] reading manifest file 'phasespace_msgs_ros2.egg-info/SOURCES.txt'
[30.223s] writing manifest file 'phasespace_msgs_ros2.egg-info/SOURCES.txt'
[30.241s] [  2%] Built target ament_cmake_python_build_phasespace_msgs_ros2_egg
[30.390s] [  2%] Built target phasespace_msgs_ros2__cpp
[30.394s] [  5%] Building C object CMakeFiles/phasespace_msgs_ros2__rosidl_generator_c.dir/rosidl_generator_c/phasespace_msgs_ros2/msg/detail/rigids__functions.c.o
[30.394s] [  5%] Building C object CMakeFiles/phasespace_msgs_ros2__rosidl_generator_c.dir/rosidl_generator_c/phasespace_msgs_ros2/msg/detail/rigid__functions.c.o
[30.394s] [  7%] Building C object CMakeFiles/phasespace_msgs_ros2__rosidl_generator_c.dir/rosidl_generator_c/phasespace_msgs_ros2/msg/detail/camera__functions.c.o
[30.395s] [  8%] Building C object CMakeFiles/phasespace_msgs_ros2__rosidl_generator_c.dir/rosidl_generator_c/phasespace_msgs_ros2/msg/detail/marker__functions.c.o
[30.395s] [  9%] Building C object CMakeFiles/phasespace_msgs_ros2__rosidl_generator_c.dir/rosidl_generator_c/phasespace_msgs_ros2/msg/detail/cameras__functions.c.o
[30.395s] [ 11%] Building C object CMakeFiles/phasespace_msgs_ros2__rosidl_generator_c.dir/rosidl_generator_c/phasespace_msgs_ros2/msg/detail/markers__functions.c.o
[30.396s] [ 12%] Generating C++ type support dispatch for ROS interfaces
[30.396s] [ 14%] Generating C++ type support for eProsima Fast-RTPS
[30.397s] [ 15%] Generating C++ introspection for ROS interfaces
[30.441s] [ 16%] Linking C shared library libphasespace_msgs_ros2__rosidl_generator_c.so
[30.474s] [ 16%] Built target phasespace_msgs_ros2__rosidl_generator_c
[30.481s] [ 19%] Generating C type support dispatch for ROS interfaces
[30.481s] [ 19%] Generating C type support for eProsima Fast-RTPS
[30.482s] [ 21%] Generating C introspection for ROS interfaces
[30.634s] [ 22%] Building CXX object CMakeFiles/phasespace_msgs_ros2__rosidl_typesupport_cpp.dir/rosidl_typesupport_cpp/phasespace_msgs_ros2/msg/camera__type_support.cpp.o
[30.635s] [ 23%] Building CXX object CMakeFiles/phasespace_msgs_ros2__rosidl_typesupport_cpp.dir/rosidl_typesupport_cpp/phasespace_msgs_ros2/msg/rigid__type_support.cpp.o
[30.637s] [ 26%] Building CXX object CMakeFiles/phasespace_msgs_ros2__rosidl_typesupport_cpp.dir/rosidl_typesupport_cpp/phasespace_msgs_ros2/msg/cameras__type_support.cpp.o
[30.637s] [ 26%] Building CXX object CMakeFiles/phasespace_msgs_ros2__rosidl_typesupport_cpp.dir/rosidl_typesupport_cpp/phasespace_msgs_ros2/msg/marker__type_support.cpp.o
[30.637s] [ 28%] Building CXX object CMakeFiles/phasespace_msgs_ros2__rosidl_typesupport_cpp.dir/rosidl_typesupport_cpp/phasespace_msgs_ros2/msg/markers__type_support.cpp.o
[30.638s] [ 29%] Building CXX object CMakeFiles/phasespace_msgs_ros2__rosidl_typesupport_cpp.dir/rosidl_typesupport_cpp/phasespace_msgs_ros2/msg/rigids__type_support.cpp.o
[30.686s] [ 30%] Building CXX object CMakeFiles/phasespace_msgs_ros2__rosidl_typesupport_introspection_cpp.dir/rosidl_typesupport_introspection_cpp/phasespace_msgs_ros2/msg/detail/camera__type_support.cpp.o
[30.687s] [ 36%] Building CXX object CMakeFiles/phasespace_msgs_ros2__rosidl_typesupport_introspection_cpp.dir/rosidl_typesupport_introspection_cpp/phasespace_msgs_ros2/msg/detail/rigid__type_support.cpp.o
[30.687s] [ 36%] Building CXX object CMakeFiles/phasespace_msgs_ros2__rosidl_typesupport_introspection_cpp.dir/rosidl_typesupport_introspection_cpp/phasespace_msgs_ros2/msg/detail/cameras__type_support.cpp.o
[30.687s] [ 36%] Building CXX object CMakeFiles/phasespace_msgs_ros2__rosidl_typesupport_introspection_cpp.dir/rosidl_typesupport_introspection_cpp/phasespace_msgs_ros2/msg/detail/marker__type_support.cpp.o
[30.687s] [ 36%] Building CXX object CMakeFiles/phasespace_msgs_ros2__rosidl_typesupport_introspection_cpp.dir/rosidl_typesupport_introspection_cpp/phasespace_msgs_ros2/msg/detail/markers__type_support.cpp.o
[30.687s] [ 38%] Building CXX object CMakeFiles/phasespace_msgs_ros2__rosidl_typesupport_introspection_cpp.dir/rosidl_typesupport_introspection_cpp/phasespace_msgs_ros2/msg/detail/rigids__type_support.cpp.o
[30.776s] [ 39%] Building CXX object CMakeFiles/phasespace_msgs_ros2__rosidl_typesupport_fastrtps_cpp.dir/rosidl_typesupport_fastrtps_cpp/phasespace_msgs_ros2/msg/detail/dds_fastrtps/camera__type_support.cpp.o
[30.777s] [ 40%] Building CXX object CMakeFiles/phasespace_msgs_ros2__rosidl_typesupport_fastrtps_cpp.dir/rosidl_typesupport_fastrtps_cpp/phasespace_msgs_ros2/msg/detail/dds_fastrtps/cameras__type_support.cpp.o
[30.782s] [ 43%] Building CXX object CMakeFiles/phasespace_msgs_ros2__rosidl_typesupport_fastrtps_cpp.dir/rosidl_typesupport_fastrtps_cpp/phasespace_msgs_ros2/msg/detail/dds_fastrtps/marker__type_support.cpp.o
[30.783s] [ 42%] Building CXX object CMakeFiles/phasespace_msgs_ros2__rosidl_typesupport_fastrtps_cpp.dir/rosidl_typesupport_fastrtps_cpp/phasespace_msgs_ros2/msg/detail/dds_fastrtps/markers__type_support.cpp.o
[30.784s] [ 45%] Building CXX object CMakeFiles/phasespace_msgs_ros2__rosidl_typesupport_fastrtps_cpp.dir/rosidl_typesupport_fastrtps_cpp/phasespace_msgs_ros2/msg/detail/dds_fastrtps/rigid__type_support.cpp.o
[30.798s] [ 46%] Building CXX object CMakeFiles/phasespace_msgs_ros2__rosidl_typesupport_c.dir/rosidl_typesupport_c/phasespace_msgs_ros2/msg/camera__type_support.cpp.o
[30.858s] [ 47%] Building CXX object CMakeFiles/phasespace_msgs_ros2__rosidl_typesupport_c.dir/rosidl_typesupport_c/phasespace_msgs_ros2/msg/cameras__type_support.cpp.o
[30.892s] [ 49%] Building CXX object CMakeFiles/phasespace_msgs_ros2__rosidl_typesupport_c.dir/rosidl_typesupport_c/phasespace_msgs_ros2/msg/marker__type_support.cpp.o
[30.927s] [ 50%] Building CXX object CMakeFiles/phasespace_msgs_ros2__rosidl_typesupport_c.dir/rosidl_typesupport_c/phasespace_msgs_ros2/msg/markers__type_support.cpp.o
[30.935s] [ 52%] Building CXX object CMakeFiles/phasespace_msgs_ros2__rosidl_typesupport_c.dir/rosidl_typesupport_c/phasespace_msgs_ros2/msg/rigid__type_support.cpp.o
[30.963s] [ 53%] Building CXX object CMakeFiles/phasespace_msgs_ros2__rosidl_typesupport_c.dir/rosidl_typesupport_c/phasespace_msgs_ros2/msg/rigids__type_support.cpp.o
[30.964s] [ 54%] Building CXX object CMakeFiles/phasespace_msgs_ros2__rosidl_typesupport_fastrtps_cpp.dir/rosidl_typesupport_fastrtps_cpp/phasespace_msgs_ros2/msg/detail/dds_fastrtps/rigids__type_support.cpp.o
[30.978s] [ 56%] Linking CXX shared library libphasespace_msgs_ros2__rosidl_typesupport_cpp.so
[30.997s] [ 57%] Linking CXX shared library libphasespace_msgs_ros2__rosidl_typesupport_c.so
[30.997s] [ 60%] Building C object CMakeFiles/phasespace_msgs_ros2__rosidl_typesupport_introspection_c.dir/rosidl_typesupport_introspection_c/phasespace_msgs_ros2/msg/detail/markers__type_support.c.o
[30.997s] [ 60%] Building C object CMakeFiles/phasespace_msgs_ros2__rosidl_typesupport_introspection_c.dir/rosidl_typesupport_introspection_c/phasespace_msgs_ros2/msg/detail/camera__type_support.c.o
[30.998s] [ 61%] Building C object CMakeFiles/phasespace_msgs_ros2__rosidl_typesupport_introspection_c.dir/rosidl_typesupport_introspection_c/phasespace_msgs_ros2/msg/detail/cameras__type_support.c.o
[31.000s] [ 63%] Building C object CMakeFiles/phasespace_msgs_ros2__rosidl_typesupport_introspection_c.dir/rosidl_typesupport_introspection_c/phasespace_msgs_ros2/msg/detail/marker__type_support.c.o
[31.002s] [ 64%] Building C object CMakeFiles/phasespace_msgs_ros2__rosidl_typesupport_introspection_c.dir/rosidl_typesupport_introspection_c/phasespace_msgs_ros2/msg/detail/rigid__type_support.c.o
[31.038s] [ 64%] Built target phasespace_msgs_ros2__rosidl_typesupport_cpp
[31.043s] [ 66%] Building C object CMakeFiles/phasespace_msgs_ros2__rosidl_typesupport_introspection_c.dir/rosidl_typesupport_introspection_c/phasespace_msgs_ros2/msg/detail/rigids__type_support.c.o
[31.060s] [ 66%] Built target phasespace_msgs_ros2__rosidl_typesupport_c
[31.079s] [ 69%] Building CXX object CMakeFiles/phasespace_msgs_ros2__rosidl_typesupport_fastrtps_c.dir/rosidl_typesupport_fastrtps_c/phasespace_msgs_ros2/msg/detail/marker__type_support_c.cpp.o
[31.079s] [ 69%] Building CXX object CMakeFiles/phasespace_msgs_ros2__rosidl_typesupport_fastrtps_c.dir/rosidl_typesupport_fastrtps_c/phasespace_msgs_ros2/msg/detail/rigid__type_support_c.cpp.o
[31.079s] [ 70%] Building CXX object CMakeFiles/phasespace_msgs_ros2__rosidl_typesupport_fastrtps_c.dir/rosidl_typesupport_fastrtps_c/phasespace_msgs_ros2/msg/detail/cameras__type_support_c.cpp.o
[31.079s] [ 71%] Building CXX object CMakeFiles/phasespace_msgs_ros2__rosidl_typesupport_fastrtps_c.dir/rosidl_typesupport_fastrtps_c/phasespace_msgs_ros2/msg/detail/markers__type_support_c.cpp.o
[31.079s] [ 73%] Building CXX object CMakeFiles/phasespace_msgs_ros2__rosidl_typesupport_fastrtps_c.dir/rosidl_typesupport_fastrtps_c/phasespace_msgs_ros2/msg/detail/rigids__type_support_c.cpp.o
[31.080s] [ 74%] Building CXX object CMakeFiles/phasespace_msgs_ros2__rosidl_typesupport_fastrtps_c.dir/rosidl_typesupport_fastrtps_c/phasespace_msgs_ros2/msg/detail/camera__type_support_c.cpp.o
[31.085s] [ 76%] Linking C shared library libphasespace_msgs_ros2__rosidl_typesupport_introspection_c.so
[31.122s] [ 76%] Built target phasespace_msgs_ros2__rosidl_typesupport_introspection_c
[31.218s] [ 77%] Linking CXX shared library libphasespace_msgs_ros2__rosidl_typesupport_introspection_cpp.so
[31.286s] [ 77%] Built target phasespace_msgs_ros2__rosidl_typesupport_introspection_cpp
[31.385s] [ 78%] Linking CXX shared library libphasespace_msgs_ros2__rosidl_typesupport_fastrtps_c.so
[31.394s] [ 80%] Linking CXX shared library libphasespace_msgs_ros2__rosidl_typesupport_fastrtps_cpp.so
[31.440s] [ 80%] Built target phasespace_msgs_ros2__rosidl_typesupport_fastrtps_c
[31.451s] [ 80%] Built target phasespace_msgs_ros2__rosidl_typesupport_fastrtps_cpp
[31.466s] [ 80%] Built target phasespace_msgs_ros2
[31.480s] [ 81%] Generating Python code for ROS interfaces
[31.519s] Traceback (most recent call last):
[31.520s]   File "/opt/ros/humble/share/rosidl_generator_py/cmake/../../../lib/rosidl_generator_py/rosidl_generator_py", line 8, in <module>
[31.520s]     from rosidl_generator_py import generate_py
[31.520s] ImportError: cannot import name 'generate_py' from 'rosidl_generator_py' (/opt/ros/humble/local/lib/python3.10/dist-packages/rosidl_generator_py/__init__.py)
[31.524s] gmake[2]: *** [phasespace_msgs_ros2__py/CMakeFiles/phasespace_msgs_ros2__py.dir/build.make:138: rosidl_generator_py/phasespace_msgs_ros2/_phasespace_msgs_ros2_s.ep.rosidl_typesupport_fastrtps_c.c] Error 1
[31.525s] gmake[1]: *** [CMakeFiles/Makefile2:590: phasespace_msgs_ros2__py/CMakeFiles/phasespace_msgs_ros2__py.dir/all] Error 2
[31.525s] gmake: *** [Makefile:146: all] Error 2
[60.058s] Invoked command in '/home/anshul/Research/PostDoc/mocap/build/phasespace_msgs_ros2' returned '2': CONDA_PROMPT_MODIFIER=(base) /usr/bin/cmake --build /home/anshul/Research/PostDoc/mocap/build/phasespace_msgs_ros2 -- -j20 -l20
