[0.006s] Invoking command in '/home/anshul/Research/PostDoc/mocap/build/phasespace_msgs_ros2': CONDA_PROMPT_MODIFIER=(base) /usr/bin/cmake --build /home/anshul/Research/PostDoc/mocap/build/phasespace_msgs_ros2 -- -j20 -l20
[0.045s] [  1%] Built target phasespace_msgs_ros2__cpp
[0.047s] [ 12%] Built target phasespace_msgs_ros2__rosidl_generator_c
[0.052s] [ 12%] Built target ament_cmake_python_copy_phasespace_msgs_ros2
[0.060s] [ 33%] Built target phasespace_msgs_ros2__rosidl_typesupport_introspection_c
[0.060s] [ 35%] Built target phasespace_msgs_ros2__rosidl_typesupport_introspection_cpp
[0.062s] [ 46%] Built target phasespace_msgs_ros2__rosidl_typesupport_fastrtps_cpp
[0.063s] [ 57%] Built target phasespace_msgs_ros2__rosidl_typesupport_c
[0.063s] [ 69%] Built target phasespace_msgs_ros2__rosidl_typesupport_cpp
[0.065s] [ 80%] Built target phasespace_msgs_ros2__rosidl_typesupport_fastrtps_c
[0.080s] [ 80%] Built target phasespace_msgs_ros2
[0.097s] [ 81%] Generating Python code for ROS interfaces
[0.138s] Traceback (most recent call last):
[0.138s]   File "/opt/ros/humble/share/rosidl_generator_py/cmake/../../../lib/rosidl_generator_py/rosidl_generator_py", line 8, in <module>
[0.138s]     from rosidl_generator_py import generate_py
[0.138s] ImportError: cannot import name 'generate_py' from 'rosidl_generator_py' (/opt/ros/humble/local/lib/python3.10/dist-packages/rosidl_generator_py/__init__.py)
[0.143s] gmake[2]: *** [phasespace_msgs_ros2__py/CMakeFiles/phasespace_msgs_ros2__py.dir/build.make:138: rosidl_generator_py/phasespace_msgs_ros2/_phasespace_msgs_ros2_s.ep.rosidl_typesupport_fastrtps_c.c] Error 1
[0.143s] gmake[1]: *** [CMakeFiles/Makefile2:590: phasespace_msgs_ros2__py/CMakeFiles/phasespace_msgs_ros2__py.dir/all] Error 2
[0.143s] gmake[1]: *** Waiting for unfinished jobs....
[0.191s] running egg_info
[0.191s] writing phasespace_msgs_ros2.egg-info/PKG-INFO
[0.191s] writing dependency_links to phasespace_msgs_ros2.egg-info/dependency_links.txt
[0.191s] writing top-level names to phasespace_msgs_ros2.egg-info/top_level.txt
[0.192s] reading manifest file 'phasespace_msgs_ros2.egg-info/SOURCES.txt'
[0.192s] writing manifest file 'phasespace_msgs_ros2.egg-info/SOURCES.txt'
[0.210s] [ 81%] Built target ament_cmake_python_build_phasespace_msgs_ros2_egg
[0.211s] gmake: *** [Makefile:146: all] Error 2
[0.213s] Invoked command in '/home/anshul/Research/PostDoc/mocap/build/phasespace_msgs_ros2' returned '2': CONDA_PROMPT_MODIFIER=(base) /usr/bin/cmake --build /home/anshul/Research/PostDoc/mocap/build/phasespace_msgs_ros2 -- -j20 -l20
