[30.033s] Invoking command in '/home/anshul/Research/PostDoc/mocap/build/phasespace_msgs_ros2': CMAKE_PREFIX_PATH=/opt/ros/humble CONDA_PROMPT_MODIFIER=(base) /usr/bin/cmake /home/anshul/Research/PostDoc/mocap/phasespace-mocap-ros2/phasespace_msgs_ros2 -DPython3_EXECUTABLE=/usr/bin/python3 -DCMAKE_INSTALL_PREFIX=/home/anshul/Research/PostDoc/mocap/install/phasespace_msgs_ros2
[30.075s] -- The C compiler identification is GNU 11.4.0
[30.113s] -- The CXX compiler identification is GNU 11.4.0
[30.119s] -- Detecting C compiler ABI info
[30.164s] -- Detecting C compiler ABI info - done
[30.170s] -- Check for working C compiler: /usr/bin/cc - skipped
[30.170s] -- Detecting C compile features
[30.170s] -- Detecting C compile features - done
[30.172s] -- Detecting CXX compiler ABI info
[30.229s] -- Detecting CXX compiler ABI info - done
[30.234s] -- Check for working CXX compiler: /usr/bin/c++ - skipped
[30.234s] -- Detecting CXX compile features
[30.235s] -- Detecting CXX compile features - done
[30.236s] -- Found ament_cmake: 1.3.11 (/opt/ros/humble/share/ament_cmake/cmake)
[30.337s] -- Found Python3: /usr/bin/python3 (found version "3.10.12") found components: Interpreter 
[30.387s] -- Found rosidl_default_generators: 1.2.0 (/opt/ros/humble/share/rosidl_default_generators/cmake)
[30.389s] -- Using all available rosidl_typesupport_c: rosidl_typesupport_fastrtps_c;rosidl_typesupport_introspection_c
[30.393s] -- Found rosidl_adapter: 3.1.6 (/opt/ros/humble/share/rosidl_adapter/cmake)
[30.419s] -- Using all available rosidl_typesupport_cpp: rosidl_typesupport_fastrtps_cpp;rosidl_typesupport_introspection_cpp
[30.435s] -- Found std_msgs: 4.8.0 (/opt/ros/humble/share/std_msgs/cmake)
[30.616s] -- Found ament_cmake_ros: 0.10.0 (/opt/ros/humble/share/ament_cmake_ros/cmake)
[30.746s] -- Using all available rosidl_typesupport_c: rosidl_typesupport_fastrtps_c;rosidl_typesupport_introspection_c
[30.913s] -- Using all available rosidl_typesupport_cpp: rosidl_typesupport_fastrtps_cpp;rosidl_typesupport_introspection_cpp
[30.929s] -- Found PythonInterp: /usr/bin/python3 (found suitable version "3.10.12", minimum required is "3.6") 
[30.929s] -- Found python_cmake_module: 0.10.0 (/opt/ros/humble/share/python_cmake_module/cmake)
[30.949s] -- Found PythonLibs: /usr/lib/x86_64-linux-gnu/libpython3.10.so (found suitable version "3.10.12", minimum required is "3.5") 
[30.949s] -- Using PYTHON_EXECUTABLE: /usr/bin/python3
[30.949s] -- Using PYTHON_INCLUDE_DIRS: /usr/include/python3.10
[30.949s] -- Using PYTHON_LIBRARIES: /usr/lib/x86_64-linux-gnu/libpython3.10.so
[30.962s] -- Found PythonExtra: .so  
[30.994s] -- Configuring done
[31.016s] -- Generating done
[31.023s] -- Build files have been written to: /home/anshul/Research/PostDoc/mocap/build/phasespace_msgs_ros2
[60.036s] Invoked command in '/home/anshul/Research/PostDoc/mocap/build/phasespace_msgs_ros2' returned '0': CMAKE_PREFIX_PATH=/opt/ros/humble CONDA_PROMPT_MODIFIER=(base) /usr/bin/cmake /home/anshul/Research/PostDoc/mocap/phasespace-mocap-ros2/phasespace_msgs_ros2 -DPython3_EXECUTABLE=/usr/bin/python3 -DCMAKE_INSTALL_PREFIX=/home/anshul/Research/PostDoc/mocap/install/phasespace_msgs_ros2
[60.037s] Invoking command in '/home/anshul/Research/PostDoc/mocap/build/phasespace_msgs_ros2': CMAKE_PREFIX_PATH=/opt/ros/humble CONDA_PROMPT_MODIFIER=(base) /usr/bin/cmake --build /home/anshul/Research/PostDoc/mocap/build/phasespace_msgs_ros2 -- -j20 -l20
[60.069s] Consolidate compiler generated dependencies of target phasespace_msgs_ros2__rosidl_generator_c
[60.075s] [  1%] Built target phasespace_msgs_ros2__cpp
[60.077s] [ 12%] Built target phasespace_msgs_ros2__rosidl_generator_c
[60.083s] [ 12%] Built target ament_cmake_python_copy_phasespace_msgs_ros2
[60.084s] Consolidate compiler generated dependencies of target phasespace_msgs_ros2__rosidl_typesupport_c
[60.084s] Consolidate compiler generated dependencies of target phasespace_msgs_ros2__rosidl_typesupport_introspection_cpp
[60.085s] Consolidate compiler generated dependencies of target phasespace_msgs_ros2__rosidl_typesupport_introspection_c
[60.088s] Consolidate compiler generated dependencies of target phasespace_msgs_ros2__rosidl_typesupport_fastrtps_cpp
[60.088s] Consolidate compiler generated dependencies of target phasespace_msgs_ros2__rosidl_typesupport_cpp
[60.091s] Consolidate compiler generated dependencies of target phasespace_msgs_ros2__rosidl_typesupport_fastrtps_c
[60.091s] [ 42%] Built target phasespace_msgs_ros2__rosidl_typesupport_introspection_c
[60.091s] [ 42%] Built target phasespace_msgs_ros2__rosidl_typesupport_c
[60.091s] [ 46%] Built target phasespace_msgs_ros2__rosidl_typesupport_introspection_cpp
[60.096s] [ 67%] Built target phasespace_msgs_ros2__rosidl_typesupport_fastrtps_cpp
[60.096s] [ 69%] Built target phasespace_msgs_ros2__rosidl_typesupport_cpp
[60.100s] [ 80%] Built target phasespace_msgs_ros2__rosidl_typesupport_fastrtps_c
[60.116s] [ 80%] Built target phasespace_msgs_ros2
[60.132s] [ 81%] Built target phasespace_msgs_ros2__py
[60.147s] Consolidate compiler generated dependencies of target phasespace_msgs_ros2__rosidl_generator_py
[60.159s] [ 91%] Built target phasespace_msgs_ros2__rosidl_generator_py
[60.169s] Consolidate compiler generated dependencies of target phasespace_msgs_ros2__rosidl_typesupport_introspection_c__pyext
[60.170s] Consolidate compiler generated dependencies of target phasespace_msgs_ros2__rosidl_typesupport_c__pyext
[60.170s] Consolidate compiler generated dependencies of target phasespace_msgs_ros2__rosidl_typesupport_fastrtps_c__pyext
[60.178s] [ 94%] Built target phasespace_msgs_ros2__rosidl_typesupport_introspection_c__pyext
[60.178s] [ 97%] Built target phasespace_msgs_ros2__rosidl_typesupport_fastrtps_c__pyext
[60.179s] [100%] Built target phasespace_msgs_ros2__rosidl_typesupport_c__pyext
[60.248s] running egg_info
[60.248s] writing phasespace_msgs_ros2.egg-info/PKG-INFO
[60.249s] writing dependency_links to phasespace_msgs_ros2.egg-info/dependency_links.txt
[60.249s] writing top-level names to phasespace_msgs_ros2.egg-info/top_level.txt
[60.250s] reading manifest file 'phasespace_msgs_ros2.egg-info/SOURCES.txt'
[60.250s] writing manifest file 'phasespace_msgs_ros2.egg-info/SOURCES.txt'
[60.266s] [100%] Built target ament_cmake_python_build_phasespace_msgs_ros2_egg
[90.042s] Invoked command in '/home/anshul/Research/PostDoc/mocap/build/phasespace_msgs_ros2' returned '0': CMAKE_PREFIX_PATH=/opt/ros/humble CONDA_PROMPT_MODIFIER=(base) /usr/bin/cmake --build /home/anshul/Research/PostDoc/mocap/build/phasespace_msgs_ros2 -- -j20 -l20
[90.049s] Invoking command in '/home/anshul/Research/PostDoc/mocap/build/phasespace_msgs_ros2': CMAKE_PREFIX_PATH=/opt/ros/humble CONDA_PROMPT_MODIFIER=(base) /usr/bin/cmake --install /home/anshul/Research/PostDoc/mocap/build/phasespace_msgs_ros2
[90.054s] -- Install configuration: ""
[90.055s] -- Up-to-date: /home/anshul/Research/PostDoc/mocap/install/phasespace_msgs_ros2/share/ament_index/resource_index/rosidl_interfaces/phasespace_msgs_ros2
[90.055s] -- Up-to-date: /home/anshul/Research/PostDoc/mocap/install/phasespace_msgs_ros2/include/phasespace_msgs_ros2/phasespace_msgs_ros2
[90.055s] -- Up-to-date: /home/anshul/Research/PostDoc/mocap/install/phasespace_msgs_ros2/include/phasespace_msgs_ros2/phasespace_msgs_ros2/msg
[90.055s] -- Up-to-date: /home/anshul/Research/PostDoc/mocap/install/phasespace_msgs_ros2/include/phasespace_msgs_ros2/phasespace_msgs_ros2/msg/cameras.h
[90.055s] -- Up-to-date: /home/anshul/Research/PostDoc/mocap/install/phasespace_msgs_ros2/include/phasespace_msgs_ros2/phasespace_msgs_ros2/msg/marker.h
[90.055s] -- Up-to-date: /home/anshul/Research/PostDoc/mocap/install/phasespace_msgs_ros2/include/phasespace_msgs_ros2/phasespace_msgs_ros2/msg/rigid.h
[90.055s] -- Up-to-date: /home/anshul/Research/PostDoc/mocap/install/phasespace_msgs_ros2/include/phasespace_msgs_ros2/phasespace_msgs_ros2/msg/rosidl_generator_c__visibility_control.h
[90.055s] -- Up-to-date: /home/anshul/Research/PostDoc/mocap/install/phasespace_msgs_ros2/include/phasespace_msgs_ros2/phasespace_msgs_ros2/msg/camera.h
[90.055s] -- Up-to-date: /home/anshul/Research/PostDoc/mocap/install/phasespace_msgs_ros2/include/phasespace_msgs_ros2/phasespace_msgs_ros2/msg/detail
[90.055s] -- Up-to-date: /home/anshul/Research/PostDoc/mocap/install/phasespace_msgs_ros2/include/phasespace_msgs_ros2/phasespace_msgs_ros2/msg/detail/marker__functions.h
[90.055s] -- Up-to-date: /home/anshul/Research/PostDoc/mocap/install/phasespace_msgs_ros2/include/phasespace_msgs_ros2/phasespace_msgs_ros2/msg/detail/rigid__type_support.h
[90.055s] -- Up-to-date: /home/anshul/Research/PostDoc/mocap/install/phasespace_msgs_ros2/include/phasespace_msgs_ros2/phasespace_msgs_ros2/msg/detail/cameras__struct.h
[90.055s] -- Up-to-date: /home/anshul/Research/PostDoc/mocap/install/phasespace_msgs_ros2/include/phasespace_msgs_ros2/phasespace_msgs_ros2/msg/detail/rigids__type_support.h
[90.055s] -- Up-to-date: /home/anshul/Research/PostDoc/mocap/install/phasespace_msgs_ros2/include/phasespace_msgs_ros2/phasespace_msgs_ros2/msg/detail/rigids__functions.c
[90.055s] -- Up-to-date: /home/anshul/Research/PostDoc/mocap/install/phasespace_msgs_ros2/include/phasespace_msgs_ros2/phasespace_msgs_ros2/msg/detail/rigids__struct.h
[90.055s] -- Up-to-date: /home/anshul/Research/PostDoc/mocap/install/phasespace_msgs_ros2/include/phasespace_msgs_ros2/phasespace_msgs_ros2/msg/detail/camera__functions.c
[90.055s] -- Up-to-date: /home/anshul/Research/PostDoc/mocap/install/phasespace_msgs_ros2/include/phasespace_msgs_ros2/phasespace_msgs_ros2/msg/detail/marker__type_support.h
[90.055s] -- Up-to-date: /home/anshul/Research/PostDoc/mocap/install/phasespace_msgs_ros2/include/phasespace_msgs_ros2/phasespace_msgs_ros2/msg/detail/markers__functions.h
[90.055s] -- Up-to-date: /home/anshul/Research/PostDoc/mocap/install/phasespace_msgs_ros2/include/phasespace_msgs_ros2/phasespace_msgs_ros2/msg/detail/rigids__functions.h
[90.055s] -- Up-to-date: /home/anshul/Research/PostDoc/mocap/install/phasespace_msgs_ros2/include/phasespace_msgs_ros2/phasespace_msgs_ros2/msg/detail/cameras__functions.c
[90.055s] -- Up-to-date: /home/anshul/Research/PostDoc/mocap/install/phasespace_msgs_ros2/include/phasespace_msgs_ros2/phasespace_msgs_ros2/msg/detail/markers__type_support.h
[90.055s] -- Up-to-date: /home/anshul/Research/PostDoc/mocap/install/phasespace_msgs_ros2/include/phasespace_msgs_ros2/phasespace_msgs_ros2/msg/detail/cameras__functions.h
[90.056s] -- Up-to-date: /home/anshul/Research/PostDoc/mocap/install/phasespace_msgs_ros2/include/phasespace_msgs_ros2/phasespace_msgs_ros2/msg/detail/camera__functions.h
[90.056s] -- Up-to-date: /home/anshul/Research/PostDoc/mocap/install/phasespace_msgs_ros2/include/phasespace_msgs_ros2/phasespace_msgs_ros2/msg/detail/camera__type_support.h
[90.056s] -- Up-to-date: /home/anshul/Research/PostDoc/mocap/install/phasespace_msgs_ros2/include/phasespace_msgs_ros2/phasespace_msgs_ros2/msg/detail/camera__struct.h
[90.056s] -- Up-to-date: /home/anshul/Research/PostDoc/mocap/install/phasespace_msgs_ros2/include/phasespace_msgs_ros2/phasespace_msgs_ros2/msg/detail/cameras__type_support.h
[90.056s] -- Up-to-date: /home/anshul/Research/PostDoc/mocap/install/phasespace_msgs_ros2/include/phasespace_msgs_ros2/phasespace_msgs_ros2/msg/detail/rigid__struct.h
[90.056s] -- Up-to-date: /home/anshul/Research/PostDoc/mocap/install/phasespace_msgs_ros2/include/phasespace_msgs_ros2/phasespace_msgs_ros2/msg/detail/rigid__functions.h
[90.056s] -- Up-to-date: /home/anshul/Research/PostDoc/mocap/install/phasespace_msgs_ros2/include/phasespace_msgs_ros2/phasespace_msgs_ros2/msg/detail/markers__struct.h
[90.056s] -- Up-to-date: /home/anshul/Research/PostDoc/mocap/install/phasespace_msgs_ros2/include/phasespace_msgs_ros2/phasespace_msgs_ros2/msg/detail/markers__functions.c
[90.056s] -- Up-to-date: /home/anshul/Research/PostDoc/mocap/install/phasespace_msgs_ros2/include/phasespace_msgs_ros2/phasespace_msgs_ros2/msg/detail/marker__functions.c
[90.056s] -- Up-to-date: /home/anshul/Research/PostDoc/mocap/install/phasespace_msgs_ros2/include/phasespace_msgs_ros2/phasespace_msgs_ros2/msg/detail/rigid__functions.c
[90.056s] -- Up-to-date: /home/anshul/Research/PostDoc/mocap/install/phasespace_msgs_ros2/include/phasespace_msgs_ros2/phasespace_msgs_ros2/msg/detail/marker__struct.h
[90.056s] -- Up-to-date: /home/anshul/Research/PostDoc/mocap/install/phasespace_msgs_ros2/include/phasespace_msgs_ros2/phasespace_msgs_ros2/msg/markers.h
[90.056s] -- Up-to-date: /home/anshul/Research/PostDoc/mocap/install/phasespace_msgs_ros2/include/phasespace_msgs_ros2/phasespace_msgs_ros2/msg/rigids.h
[90.056s] -- Up-to-date: /home/anshul/Research/PostDoc/mocap/install/phasespace_msgs_ros2/share/phasespace_msgs_ros2/environment/library_path.sh
[90.056s] -- Installing: /home/anshul/Research/PostDoc/mocap/install/phasespace_msgs_ros2/share/phasespace_msgs_ros2/environment/library_path.dsv
[90.056s] -- Up-to-date: /home/anshul/Research/PostDoc/mocap/install/phasespace_msgs_ros2/lib/libphasespace_msgs_ros2__rosidl_generator_c.so
[90.056s] -- Up-to-date: /home/anshul/Research/PostDoc/mocap/install/phasespace_msgs_ros2/include/phasespace_msgs_ros2/phasespace_msgs_ros2
[90.056s] -- Up-to-date: /home/anshul/Research/PostDoc/mocap/install/phasespace_msgs_ros2/include/phasespace_msgs_ros2/phasespace_msgs_ros2/msg
[90.056s] -- Up-to-date: /home/anshul/Research/PostDoc/mocap/install/phasespace_msgs_ros2/include/phasespace_msgs_ros2/phasespace_msgs_ros2/msg/detail
[90.056s] -- Up-to-date: /home/anshul/Research/PostDoc/mocap/install/phasespace_msgs_ros2/include/phasespace_msgs_ros2/phasespace_msgs_ros2/msg/detail/cameras__rosidl_typesupport_fastrtps_c.h
[90.056s] -- Up-to-date: /home/anshul/Research/PostDoc/mocap/install/phasespace_msgs_ros2/include/phasespace_msgs_ros2/phasespace_msgs_ros2/msg/detail/rigids__rosidl_typesupport_fastrtps_c.h
[90.056s] -- Up-to-date: /home/anshul/Research/PostDoc/mocap/install/phasespace_msgs_ros2/include/phasespace_msgs_ros2/phasespace_msgs_ros2/msg/detail/camera__rosidl_typesupport_fastrtps_c.h
[90.056s] -- Up-to-date: /home/anshul/Research/PostDoc/mocap/install/phasespace_msgs_ros2/include/phasespace_msgs_ros2/phasespace_msgs_ros2/msg/detail/marker__rosidl_typesupport_fastrtps_c.h
[90.056s] -- Up-to-date: /home/anshul/Research/PostDoc/mocap/install/phasespace_msgs_ros2/include/phasespace_msgs_ros2/phasespace_msgs_ros2/msg/detail/markers__rosidl_typesupport_fastrtps_c.h
[90.056s] -- Up-to-date: /home/anshul/Research/PostDoc/mocap/install/phasespace_msgs_ros2/include/phasespace_msgs_ros2/phasespace_msgs_ros2/msg/detail/rigid__rosidl_typesupport_fastrtps_c.h
[90.056s] -- Up-to-date: /home/anshul/Research/PostDoc/mocap/install/phasespace_msgs_ros2/include/phasespace_msgs_ros2/phasespace_msgs_ros2/msg/rosidl_typesupport_fastrtps_c__visibility_control.h
[90.057s] -- Up-to-date: /home/anshul/Research/PostDoc/mocap/install/phasespace_msgs_ros2/lib/libphasespace_msgs_ros2__rosidl_typesupport_fastrtps_c.so
[90.057s] -- Up-to-date: /home/anshul/Research/PostDoc/mocap/install/phasespace_msgs_ros2/include/phasespace_msgs_ros2/phasespace_msgs_ros2
[90.057s] -- Up-to-date: /home/anshul/Research/PostDoc/mocap/install/phasespace_msgs_ros2/include/phasespace_msgs_ros2/phasespace_msgs_ros2/msg
[90.057s] -- Up-to-date: /home/anshul/Research/PostDoc/mocap/install/phasespace_msgs_ros2/include/phasespace_msgs_ros2/phasespace_msgs_ros2/msg/detail
[90.057s] -- Up-to-date: /home/anshul/Research/PostDoc/mocap/install/phasespace_msgs_ros2/include/phasespace_msgs_ros2/phasespace_msgs_ros2/msg/detail/camera__rosidl_typesupport_introspection_c.h
[90.057s] -- Up-to-date: /home/anshul/Research/PostDoc/mocap/install/phasespace_msgs_ros2/include/phasespace_msgs_ros2/phasespace_msgs_ros2/msg/detail/markers__type_support.c
[90.057s] -- Up-to-date: /home/anshul/Research/PostDoc/mocap/install/phasespace_msgs_ros2/include/phasespace_msgs_ros2/phasespace_msgs_ros2/msg/detail/rigid__rosidl_typesupport_introspection_c.h
[90.057s] -- Up-to-date: /home/anshul/Research/PostDoc/mocap/install/phasespace_msgs_ros2/include/phasespace_msgs_ros2/phasespace_msgs_ros2/msg/detail/marker__type_support.c
[90.057s] -- Up-to-date: /home/anshul/Research/PostDoc/mocap/install/phasespace_msgs_ros2/include/phasespace_msgs_ros2/phasespace_msgs_ros2/msg/detail/rigids__type_support.c
[90.057s] -- Up-to-date: /home/anshul/Research/PostDoc/mocap/install/phasespace_msgs_ros2/include/phasespace_msgs_ros2/phasespace_msgs_ros2/msg/detail/camera__type_support.c
[90.057s] -- Up-to-date: /home/anshul/Research/PostDoc/mocap/install/phasespace_msgs_ros2/include/phasespace_msgs_ros2/phasespace_msgs_ros2/msg/detail/rigids__rosidl_typesupport_introspection_c.h
[90.057s] -- Up-to-date: /home/anshul/Research/PostDoc/mocap/install/phasespace_msgs_ros2/include/phasespace_msgs_ros2/phasespace_msgs_ros2/msg/detail/cameras__rosidl_typesupport_introspection_c.h
[90.057s] -- Up-to-date: /home/anshul/Research/PostDoc/mocap/install/phasespace_msgs_ros2/include/phasespace_msgs_ros2/phasespace_msgs_ros2/msg/detail/rigid__type_support.c
[90.057s] -- Up-to-date: /home/anshul/Research/PostDoc/mocap/install/phasespace_msgs_ros2/include/phasespace_msgs_ros2/phasespace_msgs_ros2/msg/detail/markers__rosidl_typesupport_introspection_c.h
[90.057s] -- Up-to-date: /home/anshul/Research/PostDoc/mocap/install/phasespace_msgs_ros2/include/phasespace_msgs_ros2/phasespace_msgs_ros2/msg/detail/marker__rosidl_typesupport_introspection_c.h
[90.057s] -- Up-to-date: /home/anshul/Research/PostDoc/mocap/install/phasespace_msgs_ros2/include/phasespace_msgs_ros2/phasespace_msgs_ros2/msg/detail/cameras__type_support.c
[90.057s] -- Up-to-date: /home/anshul/Research/PostDoc/mocap/install/phasespace_msgs_ros2/include/phasespace_msgs_ros2/phasespace_msgs_ros2/msg/rosidl_typesupport_introspection_c__visibility_control.h
[90.057s] -- Up-to-date: /home/anshul/Research/PostDoc/mocap/install/phasespace_msgs_ros2/lib/libphasespace_msgs_ros2__rosidl_typesupport_introspection_c.so
[90.057s] -- Up-to-date: /home/anshul/Research/PostDoc/mocap/install/phasespace_msgs_ros2/lib/libphasespace_msgs_ros2__rosidl_typesupport_c.so
[90.057s] -- Up-to-date: /home/anshul/Research/PostDoc/mocap/install/phasespace_msgs_ros2/include/phasespace_msgs_ros2/phasespace_msgs_ros2
[90.057s] -- Up-to-date: /home/anshul/Research/PostDoc/mocap/install/phasespace_msgs_ros2/include/phasespace_msgs_ros2/phasespace_msgs_ros2/msg
[90.057s] -- Up-to-date: /home/anshul/Research/PostDoc/mocap/install/phasespace_msgs_ros2/include/phasespace_msgs_ros2/phasespace_msgs_ros2/msg/markers.hpp
[90.057s] -- Up-to-date: /home/anshul/Research/PostDoc/mocap/install/phasespace_msgs_ros2/include/phasespace_msgs_ros2/phasespace_msgs_ros2/msg/camera.hpp
[90.057s] -- Up-to-date: /home/anshul/Research/PostDoc/mocap/install/phasespace_msgs_ros2/include/phasespace_msgs_ros2/phasespace_msgs_ros2/msg/rosidl_generator_cpp__visibility_control.hpp
[90.057s] -- Up-to-date: /home/anshul/Research/PostDoc/mocap/install/phasespace_msgs_ros2/include/phasespace_msgs_ros2/phasespace_msgs_ros2/msg/detail
[90.057s] -- Up-to-date: /home/anshul/Research/PostDoc/mocap/install/phasespace_msgs_ros2/include/phasespace_msgs_ros2/phasespace_msgs_ros2/msg/detail/camera__builder.hpp
[90.057s] -- Up-to-date: /home/anshul/Research/PostDoc/mocap/install/phasespace_msgs_ros2/include/phasespace_msgs_ros2/phasespace_msgs_ros2/msg/detail/rigids__builder.hpp
[90.057s] -- Up-to-date: /home/anshul/Research/PostDoc/mocap/install/phasespace_msgs_ros2/include/phasespace_msgs_ros2/phasespace_msgs_ros2/msg/detail/markers__struct.hpp
[90.057s] -- Up-to-date: /home/anshul/Research/PostDoc/mocap/install/phasespace_msgs_ros2/include/phasespace_msgs_ros2/phasespace_msgs_ros2/msg/detail/marker__struct.hpp
[90.057s] -- Up-to-date: /home/anshul/Research/PostDoc/mocap/install/phasespace_msgs_ros2/include/phasespace_msgs_ros2/phasespace_msgs_ros2/msg/detail/cameras__struct.hpp
[90.057s] -- Up-to-date: /home/anshul/Research/PostDoc/mocap/install/phasespace_msgs_ros2/include/phasespace_msgs_ros2/phasespace_msgs_ros2/msg/detail/camera__type_support.hpp
[90.057s] -- Up-to-date: /home/anshul/Research/PostDoc/mocap/install/phasespace_msgs_ros2/include/phasespace_msgs_ros2/phasespace_msgs_ros2/msg/detail/marker__type_support.hpp
[90.057s] -- Up-to-date: /home/anshul/Research/PostDoc/mocap/install/phasespace_msgs_ros2/include/phasespace_msgs_ros2/phasespace_msgs_ros2/msg/detail/rigid__builder.hpp
[90.057s] -- Up-to-date: /home/anshul/Research/PostDoc/mocap/install/phasespace_msgs_ros2/include/phasespace_msgs_ros2/phasespace_msgs_ros2/msg/detail/marker__traits.hpp
[90.057s] -- Up-to-date: /home/anshul/Research/PostDoc/mocap/install/phasespace_msgs_ros2/include/phasespace_msgs_ros2/phasespace_msgs_ros2/msg/detail/rigid__traits.hpp
[90.057s] -- Up-to-date: /home/anshul/Research/PostDoc/mocap/install/phasespace_msgs_ros2/include/phasespace_msgs_ros2/phasespace_msgs_ros2/msg/detail/rigids__traits.hpp
[90.057s] -- Up-to-date: /home/anshul/Research/PostDoc/mocap/install/phasespace_msgs_ros2/include/phasespace_msgs_ros2/phasespace_msgs_ros2/msg/detail/rigid__struct.hpp
[90.057s] -- Up-to-date: /home/anshul/Research/PostDoc/mocap/install/phasespace_msgs_ros2/include/phasespace_msgs_ros2/phasespace_msgs_ros2/msg/detail/cameras__type_support.hpp
[90.057s] -- Up-to-date: /home/anshul/Research/PostDoc/mocap/install/phasespace_msgs_ros2/include/phasespace_msgs_ros2/phasespace_msgs_ros2/msg/detail/cameras__traits.hpp
[90.058s] -- Up-to-date: /home/anshul/Research/PostDoc/mocap/install/phasespace_msgs_ros2/include/phasespace_msgs_ros2/phasespace_msgs_ros2/msg/detail/cameras__builder.hpp
[90.058s] -- Up-to-date: /home/anshul/Research/PostDoc/mocap/install/phasespace_msgs_ros2/include/phasespace_msgs_ros2/phasespace_msgs_ros2/msg/detail/rigid__type_support.hpp
[90.058s] -- Up-to-date: /home/anshul/Research/PostDoc/mocap/install/phasespace_msgs_ros2/include/phasespace_msgs_ros2/phasespace_msgs_ros2/msg/detail/rigids__struct.hpp
[90.058s] -- Up-to-date: /home/anshul/Research/PostDoc/mocap/install/phasespace_msgs_ros2/include/phasespace_msgs_ros2/phasespace_msgs_ros2/msg/detail/markers__builder.hpp
[90.058s] -- Up-to-date: /home/anshul/Research/PostDoc/mocap/install/phasespace_msgs_ros2/include/phasespace_msgs_ros2/phasespace_msgs_ros2/msg/detail/marker__builder.hpp
[90.058s] -- Up-to-date: /home/anshul/Research/PostDoc/mocap/install/phasespace_msgs_ros2/include/phasespace_msgs_ros2/phasespace_msgs_ros2/msg/detail/camera__struct.hpp
[90.058s] -- Up-to-date: /home/anshul/Research/PostDoc/mocap/install/phasespace_msgs_ros2/include/phasespace_msgs_ros2/phasespace_msgs_ros2/msg/detail/markers__type_support.hpp
[90.058s] -- Up-to-date: /home/anshul/Research/PostDoc/mocap/install/phasespace_msgs_ros2/include/phasespace_msgs_ros2/phasespace_msgs_ros2/msg/detail/camera__traits.hpp
[90.058s] -- Up-to-date: /home/anshul/Research/PostDoc/mocap/install/phasespace_msgs_ros2/include/phasespace_msgs_ros2/phasespace_msgs_ros2/msg/detail/rigids__type_support.hpp
[90.058s] -- Up-to-date: /home/anshul/Research/PostDoc/mocap/install/phasespace_msgs_ros2/include/phasespace_msgs_ros2/phasespace_msgs_ros2/msg/detail/markers__traits.hpp
[90.058s] -- Up-to-date: /home/anshul/Research/PostDoc/mocap/install/phasespace_msgs_ros2/include/phasespace_msgs_ros2/phasespace_msgs_ros2/msg/rigids.hpp
[90.058s] -- Up-to-date: /home/anshul/Research/PostDoc/mocap/install/phasespace_msgs_ros2/include/phasespace_msgs_ros2/phasespace_msgs_ros2/msg/rigid.hpp
[90.058s] -- Up-to-date: /home/anshul/Research/PostDoc/mocap/install/phasespace_msgs_ros2/include/phasespace_msgs_ros2/phasespace_msgs_ros2/msg/cameras.hpp
[90.058s] -- Up-to-date: /home/anshul/Research/PostDoc/mocap/install/phasespace_msgs_ros2/include/phasespace_msgs_ros2/phasespace_msgs_ros2/msg/marker.hpp
[90.058s] -- Up-to-date: /home/anshul/Research/PostDoc/mocap/install/phasespace_msgs_ros2/include/phasespace_msgs_ros2/phasespace_msgs_ros2
[90.058s] -- Up-to-date: /home/anshul/Research/PostDoc/mocap/install/phasespace_msgs_ros2/include/phasespace_msgs_ros2/phasespace_msgs_ros2/msg
[90.058s] -- Up-to-date: /home/anshul/Research/PostDoc/mocap/install/phasespace_msgs_ros2/include/phasespace_msgs_ros2/phasespace_msgs_ros2/msg/rosidl_typesupport_fastrtps_cpp__visibility_control.h
[90.058s] -- Up-to-date: /home/anshul/Research/PostDoc/mocap/install/phasespace_msgs_ros2/include/phasespace_msgs_ros2/phasespace_msgs_ros2/msg/detail
[90.058s] -- Up-to-date: /home/anshul/Research/PostDoc/mocap/install/phasespace_msgs_ros2/include/phasespace_msgs_ros2/phasespace_msgs_ros2/msg/detail/cameras__rosidl_typesupport_fastrtps_cpp.hpp
[90.058s] -- Up-to-date: /home/anshul/Research/PostDoc/mocap/install/phasespace_msgs_ros2/include/phasespace_msgs_ros2/phasespace_msgs_ros2/msg/detail/dds_fastrtps
[90.058s] -- Up-to-date: /home/anshul/Research/PostDoc/mocap/install/phasespace_msgs_ros2/include/phasespace_msgs_ros2/phasespace_msgs_ros2/msg/detail/camera__rosidl_typesupport_fastrtps_cpp.hpp
[90.058s] -- Up-to-date: /home/anshul/Research/PostDoc/mocap/install/phasespace_msgs_ros2/include/phasespace_msgs_ros2/phasespace_msgs_ros2/msg/detail/rigid__rosidl_typesupport_fastrtps_cpp.hpp
[90.058s] -- Up-to-date: /home/anshul/Research/PostDoc/mocap/install/phasespace_msgs_ros2/include/phasespace_msgs_ros2/phasespace_msgs_ros2/msg/detail/markers__rosidl_typesupport_fastrtps_cpp.hpp
[90.058s] -- Up-to-date: /home/anshul/Research/PostDoc/mocap/install/phasespace_msgs_ros2/include/phasespace_msgs_ros2/phasespace_msgs_ros2/msg/detail/marker__rosidl_typesupport_fastrtps_cpp.hpp
[90.058s] -- Up-to-date: /home/anshul/Research/PostDoc/mocap/install/phasespace_msgs_ros2/include/phasespace_msgs_ros2/phasespace_msgs_ros2/msg/detail/rigids__rosidl_typesupport_fastrtps_cpp.hpp
[90.058s] -- Up-to-date: /home/anshul/Research/PostDoc/mocap/install/phasespace_msgs_ros2/lib/libphasespace_msgs_ros2__rosidl_typesupport_fastrtps_cpp.so
[90.058s] -- Up-to-date: /home/anshul/Research/PostDoc/mocap/install/phasespace_msgs_ros2/include/phasespace_msgs_ros2/phasespace_msgs_ros2
[90.058s] -- Up-to-date: /home/anshul/Research/PostDoc/mocap/install/phasespace_msgs_ros2/include/phasespace_msgs_ros2/phasespace_msgs_ros2/msg
[90.058s] -- Up-to-date: /home/anshul/Research/PostDoc/mocap/install/phasespace_msgs_ros2/include/phasespace_msgs_ros2/phasespace_msgs_ros2/msg/detail
[90.058s] -- Up-to-date: /home/anshul/Research/PostDoc/mocap/install/phasespace_msgs_ros2/include/phasespace_msgs_ros2/phasespace_msgs_ros2/msg/detail/camera__rosidl_typesupport_introspection_cpp.hpp
[90.058s] -- Up-to-date: /home/anshul/Research/PostDoc/mocap/install/phasespace_msgs_ros2/include/phasespace_msgs_ros2/phasespace_msgs_ros2/msg/detail/markers__rosidl_typesupport_introspection_cpp.hpp
[90.058s] -- Up-to-date: /home/anshul/Research/PostDoc/mocap/install/phasespace_msgs_ros2/include/phasespace_msgs_ros2/phasespace_msgs_ros2/msg/detail/rigids__rosidl_typesupport_introspection_cpp.hpp
[90.058s] -- Up-to-date: /home/anshul/Research/PostDoc/mocap/install/phasespace_msgs_ros2/include/phasespace_msgs_ros2/phasespace_msgs_ros2/msg/detail/camera__type_support.cpp
[90.058s] -- Up-to-date: /home/anshul/Research/PostDoc/mocap/install/phasespace_msgs_ros2/include/phasespace_msgs_ros2/phasespace_msgs_ros2/msg/detail/rigid__rosidl_typesupport_introspection_cpp.hpp
[90.058s] -- Up-to-date: /home/anshul/Research/PostDoc/mocap/install/phasespace_msgs_ros2/include/phasespace_msgs_ros2/phasespace_msgs_ros2/msg/detail/marker__type_support.cpp
[90.058s] -- Up-to-date: /home/anshul/Research/PostDoc/mocap/install/phasespace_msgs_ros2/include/phasespace_msgs_ros2/phasespace_msgs_ros2/msg/detail/rigid__type_support.cpp
[90.058s] -- Up-to-date: /home/anshul/Research/PostDoc/mocap/install/phasespace_msgs_ros2/include/phasespace_msgs_ros2/phasespace_msgs_ros2/msg/detail/rigids__type_support.cpp
[90.058s] -- Up-to-date: /home/anshul/Research/PostDoc/mocap/install/phasespace_msgs_ros2/include/phasespace_msgs_ros2/phasespace_msgs_ros2/msg/detail/marker__rosidl_typesupport_introspection_cpp.hpp
[90.058s] -- Up-to-date: /home/anshul/Research/PostDoc/mocap/install/phasespace_msgs_ros2/include/phasespace_msgs_ros2/phasespace_msgs_ros2/msg/detail/markers__type_support.cpp
[90.058s] -- Up-to-date: /home/anshul/Research/PostDoc/mocap/install/phasespace_msgs_ros2/include/phasespace_msgs_ros2/phasespace_msgs_ros2/msg/detail/cameras__rosidl_typesupport_introspection_cpp.hpp
[90.058s] -- Up-to-date: /home/anshul/Research/PostDoc/mocap/install/phasespace_msgs_ros2/include/phasespace_msgs_ros2/phasespace_msgs_ros2/msg/detail/cameras__type_support.cpp
[90.058s] -- Up-to-date: /home/anshul/Research/PostDoc/mocap/install/phasespace_msgs_ros2/lib/libphasespace_msgs_ros2__rosidl_typesupport_introspection_cpp.so
[90.058s] -- Up-to-date: /home/anshul/Research/PostDoc/mocap/install/phasespace_msgs_ros2/lib/libphasespace_msgs_ros2__rosidl_typesupport_cpp.so
[90.058s] -- Up-to-date: /home/anshul/Research/PostDoc/mocap/install/phasespace_msgs_ros2/share/phasespace_msgs_ros2/environment/pythonpath.sh
[90.058s] -- Installing: /home/anshul/Research/PostDoc/mocap/install/phasespace_msgs_ros2/share/phasespace_msgs_ros2/environment/pythonpath.dsv
[90.058s] -- Up-to-date: /home/anshul/Research/PostDoc/mocap/install/phasespace_msgs_ros2/local/lib/python3.10/dist-packages/phasespace_msgs_ros2-0.0.0-py3.10.egg-info
[90.058s] -- Installing: /home/anshul/Research/PostDoc/mocap/install/phasespace_msgs_ros2/local/lib/python3.10/dist-packages/phasespace_msgs_ros2-0.0.0-py3.10.egg-info/top_level.txt
[90.058s] -- Installing: /home/anshul/Research/PostDoc/mocap/install/phasespace_msgs_ros2/local/lib/python3.10/dist-packages/phasespace_msgs_ros2-0.0.0-py3.10.egg-info/dependency_links.txt
[90.058s] -- Installing: /home/anshul/Research/PostDoc/mocap/install/phasespace_msgs_ros2/local/lib/python3.10/dist-packages/phasespace_msgs_ros2-0.0.0-py3.10.egg-info/SOURCES.txt
[90.059s] -- Installing: /home/anshul/Research/PostDoc/mocap/install/phasespace_msgs_ros2/local/lib/python3.10/dist-packages/phasespace_msgs_ros2-0.0.0-py3.10.egg-info/PKG-INFO
[90.059s] -- Up-to-date: /home/anshul/Research/PostDoc/mocap/install/phasespace_msgs_ros2/local/lib/python3.10/dist-packages/phasespace_msgs_ros2
[90.059s] -- Up-to-date: /home/anshul/Research/PostDoc/mocap/install/phasespace_msgs_ros2/local/lib/python3.10/dist-packages/phasespace_msgs_ros2/_phasespace_msgs_ros2_s.ep.rosidl_typesupport_c.c
[90.059s] -- Up-to-date: /home/anshul/Research/PostDoc/mocap/install/phasespace_msgs_ros2/local/lib/python3.10/dist-packages/phasespace_msgs_ros2/msg
[90.059s] -- Up-to-date: /home/anshul/Research/PostDoc/mocap/install/phasespace_msgs_ros2/local/lib/python3.10/dist-packages/phasespace_msgs_ros2/msg/_markers_s.c
[90.059s] -- Up-to-date: /home/anshul/Research/PostDoc/mocap/install/phasespace_msgs_ros2/local/lib/python3.10/dist-packages/phasespace_msgs_ros2/msg/_marker.py
[90.059s] -- Up-to-date: /home/anshul/Research/PostDoc/mocap/install/phasespace_msgs_ros2/local/lib/python3.10/dist-packages/phasespace_msgs_ros2/msg/_marker_s.c
[90.059s] -- Up-to-date: /home/anshul/Research/PostDoc/mocap/install/phasespace_msgs_ros2/local/lib/python3.10/dist-packages/phasespace_msgs_ros2/msg/_camera_s.c
[90.059s] -- Up-to-date: /home/anshul/Research/PostDoc/mocap/install/phasespace_msgs_ros2/local/lib/python3.10/dist-packages/phasespace_msgs_ros2/msg/_rigids_s.c
[90.059s] -- Up-to-date: /home/anshul/Research/PostDoc/mocap/install/phasespace_msgs_ros2/local/lib/python3.10/dist-packages/phasespace_msgs_ros2/msg/_rigid.py
[90.059s] -- Up-to-date: /home/anshul/Research/PostDoc/mocap/install/phasespace_msgs_ros2/local/lib/python3.10/dist-packages/phasespace_msgs_ros2/msg/__init__.py
[90.059s] -- Up-to-date: /home/anshul/Research/PostDoc/mocap/install/phasespace_msgs_ros2/local/lib/python3.10/dist-packages/phasespace_msgs_ros2/msg/_markers.py
[90.059s] -- Up-to-date: /home/anshul/Research/PostDoc/mocap/install/phasespace_msgs_ros2/local/lib/python3.10/dist-packages/phasespace_msgs_ros2/msg/_cameras_s.c
[90.059s] -- Up-to-date: /home/anshul/Research/PostDoc/mocap/install/phasespace_msgs_ros2/local/lib/python3.10/dist-packages/phasespace_msgs_ros2/msg/_rigids.py
[90.059s] -- Up-to-date: /home/anshul/Research/PostDoc/mocap/install/phasespace_msgs_ros2/local/lib/python3.10/dist-packages/phasespace_msgs_ros2/msg/_rigid_s.c
[90.059s] -- Up-to-date: /home/anshul/Research/PostDoc/mocap/install/phasespace_msgs_ros2/local/lib/python3.10/dist-packages/phasespace_msgs_ros2/msg/_cameras.py
[90.059s] -- Up-to-date: /home/anshul/Research/PostDoc/mocap/install/phasespace_msgs_ros2/local/lib/python3.10/dist-packages/phasespace_msgs_ros2/msg/_camera.py
[90.059s] -- Up-to-date: /home/anshul/Research/PostDoc/mocap/install/phasespace_msgs_ros2/local/lib/python3.10/dist-packages/phasespace_msgs_ros2/libphasespace_msgs_ros2__rosidl_generator_py.so
[90.059s] -- Up-to-date: /home/anshul/Research/PostDoc/mocap/install/phasespace_msgs_ros2/local/lib/python3.10/dist-packages/phasespace_msgs_ros2/phasespace_msgs_ros2_s__rosidl_typesupport_c.cpython-310-x86_64-linux-gnu.so
[90.059s] -- Up-to-date: /home/anshul/Research/PostDoc/mocap/install/phasespace_msgs_ros2/local/lib/python3.10/dist-packages/phasespace_msgs_ros2/_phasespace_msgs_ros2_s.ep.rosidl_typesupport_introspection_c.c
[90.059s] -- Installing: /home/anshul/Research/PostDoc/mocap/install/phasespace_msgs_ros2/local/lib/python3.10/dist-packages/phasespace_msgs_ros2/__init__.py
[90.059s] -- Up-to-date: /home/anshul/Research/PostDoc/mocap/install/phasespace_msgs_ros2/local/lib/python3.10/dist-packages/phasespace_msgs_ros2/phasespace_msgs_ros2_s__rosidl_typesupport_introspection_c.cpython-310-x86_64-linux-gnu.so
[90.059s] -- Up-to-date: /home/anshul/Research/PostDoc/mocap/install/phasespace_msgs_ros2/local/lib/python3.10/dist-packages/phasespace_msgs_ros2/phasespace_msgs_ros2_s__rosidl_typesupport_fastrtps_c.cpython-310-x86_64-linux-gnu.so
[90.059s] -- Up-to-date: /home/anshul/Research/PostDoc/mocap/install/phasespace_msgs_ros2/local/lib/python3.10/dist-packages/phasespace_msgs_ros2/_phasespace_msgs_ros2_s.ep.rosidl_typesupport_fastrtps_c.c
[90.078s] Listing '/home/anshul/Research/PostDoc/mocap/install/phasespace_msgs_ros2/local/lib/python3.10/dist-packages/phasespace_msgs_ros2'...
[90.078s] Compiling '/home/anshul/Research/PostDoc/mocap/install/phasespace_msgs_ros2/local/lib/python3.10/dist-packages/phasespace_msgs_ros2/__init__.py'...
[90.078s] Listing '/home/anshul/Research/PostDoc/mocap/install/phasespace_msgs_ros2/local/lib/python3.10/dist-packages/phasespace_msgs_ros2/msg'...
[90.081s] -- Up-to-date: /home/anshul/Research/PostDoc/mocap/install/phasespace_msgs_ros2/local/lib/python3.10/dist-packages/phasespace_msgs_ros2/phasespace_msgs_ros2_s__rosidl_typesupport_fastrtps_c.cpython-310-x86_64-linux-gnu.so
[90.081s] -- Up-to-date: /home/anshul/Research/PostDoc/mocap/install/phasespace_msgs_ros2/local/lib/python3.10/dist-packages/phasespace_msgs_ros2/phasespace_msgs_ros2_s__rosidl_typesupport_introspection_c.cpython-310-x86_64-linux-gnu.so
[90.081s] -- Up-to-date: /home/anshul/Research/PostDoc/mocap/install/phasespace_msgs_ros2/local/lib/python3.10/dist-packages/phasespace_msgs_ros2/phasespace_msgs_ros2_s__rosidl_typesupport_c.cpython-310-x86_64-linux-gnu.so
[90.081s] -- Up-to-date: /home/anshul/Research/PostDoc/mocap/install/phasespace_msgs_ros2/lib/libphasespace_msgs_ros2__rosidl_generator_py.so
[90.082s] -- Up-to-date: /home/anshul/Research/PostDoc/mocap/install/phasespace_msgs_ros2/share/phasespace_msgs_ros2/msg/Camera.idl
[90.082s] -- Up-to-date: /home/anshul/Research/PostDoc/mocap/install/phasespace_msgs_ros2/share/phasespace_msgs_ros2/msg/Cameras.idl
[90.082s] -- Up-to-date: /home/anshul/Research/PostDoc/mocap/install/phasespace_msgs_ros2/share/phasespace_msgs_ros2/msg/Marker.idl
[90.082s] -- Up-to-date: /home/anshul/Research/PostDoc/mocap/install/phasespace_msgs_ros2/share/phasespace_msgs_ros2/msg/Markers.idl
[90.082s] -- Up-to-date: /home/anshul/Research/PostDoc/mocap/install/phasespace_msgs_ros2/share/phasespace_msgs_ros2/msg/Rigid.idl
[90.082s] -- Up-to-date: /home/anshul/Research/PostDoc/mocap/install/phasespace_msgs_ros2/share/phasespace_msgs_ros2/msg/Rigids.idl
[90.082s] -- Up-to-date: /home/anshul/Research/PostDoc/mocap/install/phasespace_msgs_ros2/share/phasespace_msgs_ros2/msg/Camera.msg
[90.082s] -- Up-to-date: /home/anshul/Research/PostDoc/mocap/install/phasespace_msgs_ros2/share/phasespace_msgs_ros2/msg/Cameras.msg
[90.082s] -- Up-to-date: /home/anshul/Research/PostDoc/mocap/install/phasespace_msgs_ros2/share/phasespace_msgs_ros2/msg/Marker.msg
[90.082s] -- Up-to-date: /home/anshul/Research/PostDoc/mocap/install/phasespace_msgs_ros2/share/phasespace_msgs_ros2/msg/Markers.msg
[90.082s] -- Up-to-date: /home/anshul/Research/PostDoc/mocap/install/phasespace_msgs_ros2/share/phasespace_msgs_ros2/msg/Rigid.msg
[90.082s] -- Up-to-date: /home/anshul/Research/PostDoc/mocap/install/phasespace_msgs_ros2/share/phasespace_msgs_ros2/msg/Rigids.msg
[90.082s] -- Up-to-date: /home/anshul/Research/PostDoc/mocap/install/phasespace_msgs_ros2/share/ament_index/resource_index/package_run_dependencies/phasespace_msgs_ros2
[90.082s] -- Up-to-date: /home/anshul/Research/PostDoc/mocap/install/phasespace_msgs_ros2/share/ament_index/resource_index/parent_prefix_path/phasespace_msgs_ros2
[90.082s] -- Up-to-date: /home/anshul/Research/PostDoc/mocap/install/phasespace_msgs_ros2/share/phasespace_msgs_ros2/environment/ament_prefix_path.sh
[90.082s] -- Installing: /home/anshul/Research/PostDoc/mocap/install/phasespace_msgs_ros2/share/phasespace_msgs_ros2/environment/ament_prefix_path.dsv
[90.082s] -- Up-to-date: /home/anshul/Research/PostDoc/mocap/install/phasespace_msgs_ros2/share/phasespace_msgs_ros2/environment/path.sh
[90.082s] -- Installing: /home/anshul/Research/PostDoc/mocap/install/phasespace_msgs_ros2/share/phasespace_msgs_ros2/environment/path.dsv
[90.082s] -- Up-to-date: /home/anshul/Research/PostDoc/mocap/install/phasespace_msgs_ros2/share/phasespace_msgs_ros2/local_setup.bash
[90.082s] -- Up-to-date: /home/anshul/Research/PostDoc/mocap/install/phasespace_msgs_ros2/share/phasespace_msgs_ros2/local_setup.sh
[90.082s] -- Up-to-date: /home/anshul/Research/PostDoc/mocap/install/phasespace_msgs_ros2/share/phasespace_msgs_ros2/local_setup.zsh
[90.082s] -- Installing: /home/anshul/Research/PostDoc/mocap/install/phasespace_msgs_ros2/share/phasespace_msgs_ros2/local_setup.dsv
[90.082s] -- Installing: /home/anshul/Research/PostDoc/mocap/install/phasespace_msgs_ros2/share/phasespace_msgs_ros2/package.dsv
[90.082s] -- Up-to-date: /home/anshul/Research/PostDoc/mocap/install/phasespace_msgs_ros2/share/ament_index/resource_index/packages/phasespace_msgs_ros2
[90.082s] -- Up-to-date: /home/anshul/Research/PostDoc/mocap/install/phasespace_msgs_ros2/share/phasespace_msgs_ros2/cmake/export_phasespace_msgs_ros2__rosidl_generator_cExport.cmake
[90.082s] -- Up-to-date: /home/anshul/Research/PostDoc/mocap/install/phasespace_msgs_ros2/share/phasespace_msgs_ros2/cmake/export_phasespace_msgs_ros2__rosidl_generator_cExport-noconfig.cmake
[90.083s] -- Up-to-date: /home/anshul/Research/PostDoc/mocap/install/phasespace_msgs_ros2/share/phasespace_msgs_ros2/cmake/export_phasespace_msgs_ros2__rosidl_typesupport_fastrtps_cExport.cmake
[90.083s] -- Up-to-date: /home/anshul/Research/PostDoc/mocap/install/phasespace_msgs_ros2/share/phasespace_msgs_ros2/cmake/export_phasespace_msgs_ros2__rosidl_typesupport_fastrtps_cExport-noconfig.cmake
[90.083s] -- Up-to-date: /home/anshul/Research/PostDoc/mocap/install/phasespace_msgs_ros2/share/phasespace_msgs_ros2/cmake/phasespace_msgs_ros2__rosidl_typesupport_introspection_cExport.cmake
[90.083s] -- Up-to-date: /home/anshul/Research/PostDoc/mocap/install/phasespace_msgs_ros2/share/phasespace_msgs_ros2/cmake/phasespace_msgs_ros2__rosidl_typesupport_introspection_cExport-noconfig.cmake
[90.083s] -- Up-to-date: /home/anshul/Research/PostDoc/mocap/install/phasespace_msgs_ros2/share/phasespace_msgs_ros2/cmake/phasespace_msgs_ros2__rosidl_typesupport_cExport.cmake
[90.083s] -- Up-to-date: /home/anshul/Research/PostDoc/mocap/install/phasespace_msgs_ros2/share/phasespace_msgs_ros2/cmake/phasespace_msgs_ros2__rosidl_typesupport_cExport-noconfig.cmake
[90.083s] -- Up-to-date: /home/anshul/Research/PostDoc/mocap/install/phasespace_msgs_ros2/share/phasespace_msgs_ros2/cmake/export_phasespace_msgs_ros2__rosidl_generator_cppExport.cmake
[90.083s] -- Up-to-date: /home/anshul/Research/PostDoc/mocap/install/phasespace_msgs_ros2/share/phasespace_msgs_ros2/cmake/export_phasespace_msgs_ros2__rosidl_typesupport_fastrtps_cppExport.cmake
[90.083s] -- Up-to-date: /home/anshul/Research/PostDoc/mocap/install/phasespace_msgs_ros2/share/phasespace_msgs_ros2/cmake/export_phasespace_msgs_ros2__rosidl_typesupport_fastrtps_cppExport-noconfig.cmake
[90.083s] -- Up-to-date: /home/anshul/Research/PostDoc/mocap/install/phasespace_msgs_ros2/share/phasespace_msgs_ros2/cmake/phasespace_msgs_ros2__rosidl_typesupport_introspection_cppExport.cmake
[90.083s] -- Up-to-date: /home/anshul/Research/PostDoc/mocap/install/phasespace_msgs_ros2/share/phasespace_msgs_ros2/cmake/phasespace_msgs_ros2__rosidl_typesupport_introspection_cppExport-noconfig.cmake
[90.083s] -- Up-to-date: /home/anshul/Research/PostDoc/mocap/install/phasespace_msgs_ros2/share/phasespace_msgs_ros2/cmake/phasespace_msgs_ros2__rosidl_typesupport_cppExport.cmake
[90.083s] -- Up-to-date: /home/anshul/Research/PostDoc/mocap/install/phasespace_msgs_ros2/share/phasespace_msgs_ros2/cmake/phasespace_msgs_ros2__rosidl_typesupport_cppExport-noconfig.cmake
[90.083s] -- Up-to-date: /home/anshul/Research/PostDoc/mocap/install/phasespace_msgs_ros2/share/phasespace_msgs_ros2/cmake/export_phasespace_msgs_ros2__rosidl_generator_pyExport.cmake
[90.083s] -- Up-to-date: /home/anshul/Research/PostDoc/mocap/install/phasespace_msgs_ros2/share/phasespace_msgs_ros2/cmake/export_phasespace_msgs_ros2__rosidl_generator_pyExport-noconfig.cmake
[90.083s] -- Up-to-date: /home/anshul/Research/PostDoc/mocap/install/phasespace_msgs_ros2/share/phasespace_msgs_ros2/cmake/rosidl_cmake-extras.cmake
[90.083s] -- Up-to-date: /home/anshul/Research/PostDoc/mocap/install/phasespace_msgs_ros2/share/phasespace_msgs_ros2/cmake/ament_cmake_export_dependencies-extras.cmake
[90.083s] -- Up-to-date: /home/anshul/Research/PostDoc/mocap/install/phasespace_msgs_ros2/share/phasespace_msgs_ros2/cmake/ament_cmake_export_include_directories-extras.cmake
[90.083s] -- Up-to-date: /home/anshul/Research/PostDoc/mocap/install/phasespace_msgs_ros2/share/phasespace_msgs_ros2/cmake/ament_cmake_export_libraries-extras.cmake
[90.083s] -- Up-to-date: /home/anshul/Research/PostDoc/mocap/install/phasespace_msgs_ros2/share/phasespace_msgs_ros2/cmake/ament_cmake_export_targets-extras.cmake
[90.083s] -- Up-to-date: /home/anshul/Research/PostDoc/mocap/install/phasespace_msgs_ros2/share/phasespace_msgs_ros2/cmake/rosidl_cmake_export_typesupport_targets-extras.cmake
[90.083s] -- Up-to-date: /home/anshul/Research/PostDoc/mocap/install/phasespace_msgs_ros2/share/phasespace_msgs_ros2/cmake/rosidl_cmake_export_typesupport_libraries-extras.cmake
[90.083s] -- Up-to-date: /home/anshul/Research/PostDoc/mocap/install/phasespace_msgs_ros2/share/phasespace_msgs_ros2/cmake/phasespace_msgs_ros2Config.cmake
[90.083s] -- Up-to-date: /home/anshul/Research/PostDoc/mocap/install/phasespace_msgs_ros2/share/phasespace_msgs_ros2/cmake/phasespace_msgs_ros2Config-version.cmake
[90.083s] -- Up-to-date: /home/anshul/Research/PostDoc/mocap/install/phasespace_msgs_ros2/share/phasespace_msgs_ros2/package.xml
[120.047s] Invoked command in '/home/anshul/Research/PostDoc/mocap/build/phasespace_msgs_ros2' returned '0': CMAKE_PREFIX_PATH=/opt/ros/humble CONDA_PROMPT_MODIFIER=(base) /usr/bin/cmake --install /home/anshul/Research/PostDoc/mocap/build/phasespace_msgs_ros2
