[30.032s] Invoking command in '/home/anshul/Research/PostDoc/mocap/build/phasespace_bringup_ros2': CMAKE_PREFIX_PATH=/home/anshul/Research/PostDoc/mocap/install/phasespace_msgs_ros2 CONDA_PROMPT_MODIFIER=(base) LD_LIBRARY_PATH=/home/anshul/Research/PostDoc/mocap/install/phasespace_msgs_ros2/lib:${LD_LIBRARY_PATH} PKG_CONFIG_PATH=/home/anshul/Research/PostDoc/mocap/install/phasespace_msgs_ros2/lib/x86_64-linux-gnu/pkgconfig:/home/anshul/Research/PostDoc/mocap/install/phasespace_msgs_ros2/lib/pkgconfig PYTHONPATH=/home/anshul/Research/PostDoc/mocap/install/phasespace_msgs_ros2/local/lib/python3.10/dist-packages:${PYTHONPATH} ROS_PACKAGE_PATH=/home/anshul/Research/PostDoc/mocap/install/phasespace_msgs_ros2/share /usr/bin/cmake /home/anshul/Research/PostDoc/mocap/phasespace-mocap-ros2/phasespace_bringup_ros2 -DPython3_EXECUTABLE=/usr/bin/python3 -DCATKIN_INSTALL_INTO_PREFIX_ROOT=0 -DCMAKE_INSTALL_PREFIX=/home/anshul/Research/PostDoc/mocap/install/phasespace_bringup_ros2
[30.065s] -- The C compiler identification is GNU 11.4.0
[30.101s] -- The CXX compiler identification is GNU 11.4.0
[30.106s] -- Detecting C compiler ABI info
[30.157s] -- Detecting C compiler ABI info - done
[30.162s] -- Check for working C compiler: /usr/bin/cc - skipped
[30.162s] -- Detecting C compile features
[30.162s] -- Detecting C compile features - done
[30.164s] -- Detecting CXX compiler ABI info
[30.221s] -- Detecting CXX compiler ABI info - done
[30.225s] -- Check for working CXX compiler: /usr/bin/c++ - skipped
[30.225s] -- Detecting CXX compile features
[30.226s] -- Detecting CXX compile features - done
[30.232s] -- Found ament_cmake: 1.3.11 (/opt/ros/humble/share/ament_cmake/cmake)
[30.338s] -- Found Python3: /usr/bin/python3 (found version "3.10.12") found components: Interpreter 
[30.454s] -- Found phasespace_msgs_ros2: 0.0.0 (/home/anshul/Research/PostDoc/mocap/install/phasespace_msgs_ros2/share/phasespace_msgs_ros2/cmake)
[30.521s] -- Found rosidl_generator_c: 3.1.6 (/opt/ros/humble/share/rosidl_generator_c/cmake)
[30.533s] -- Found rosidl_adapter: 3.1.6 (/opt/ros/humble/share/rosidl_adapter/cmake)
[30.547s] -- Found rosidl_generator_cpp: 3.1.6 (/opt/ros/humble/share/rosidl_generator_cpp/cmake)
[30.564s] -- Using all available rosidl_typesupport_c: rosidl_typesupport_fastrtps_c;rosidl_typesupport_introspection_c
[30.587s] -- Using all available rosidl_typesupport_cpp: rosidl_typesupport_fastrtps_cpp;rosidl_typesupport_introspection_cpp
[30.626s] -- Found rclcpp: 16.0.12 (/opt/ros/humble/share/rclcpp/cmake)
[30.709s] -- Found rmw_implementation_cmake: 6.1.2 (/opt/ros/humble/share/rmw_implementation_cmake/cmake)
[30.717s] -- Found rmw_fastrtps_cpp: 6.2.7 (/opt/ros/humble/share/rmw_fastrtps_cpp/cmake)
[30.812s] -- Found OpenSSL: /usr/lib/x86_64-linux-gnu/libcrypto.so (found version "3.0.2")  
[30.832s] -- Found FastRTPS: /opt/ros/humble/include  
[30.860s] -- Using RMW implementation 'rmw_fastrtps_cpp' as default
[30.880s] -- Looking for pthread.h
[30.928s] -- Looking for pthread.h - found
[30.928s] -- Performing Test CMAKE_HAVE_LIBC_PTHREAD
[30.980s] -- Performing Test CMAKE_HAVE_LIBC_PTHREAD - Success
[30.981s] -- Found Threads: TRUE  
[31.061s] -- Configuring done
[31.067s] -- Generating done
[31.067s] CMake Warning:
[31.067s]   Manually-specified variables were not used by the project:
[31.067s] 
[31.067s]     CATKIN_INSTALL_INTO_PREFIX_ROOT
[31.067s] 
[31.067s] 
[31.069s] -- Build files have been written to: /home/anshul/Research/PostDoc/mocap/build/phasespace_bringup_ros2
[31.076s] Invoked command in '/home/anshul/Research/PostDoc/mocap/build/phasespace_bringup_ros2' returned '0': CMAKE_PREFIX_PATH=/home/anshul/Research/PostDoc/mocap/install/phasespace_msgs_ros2 CONDA_PROMPT_MODIFIER=(base) LD_LIBRARY_PATH=/home/anshul/Research/PostDoc/mocap/install/phasespace_msgs_ros2/lib:${LD_LIBRARY_PATH} PKG_CONFIG_PATH=/home/anshul/Research/PostDoc/mocap/install/phasespace_msgs_ros2/lib/x86_64-linux-gnu/pkgconfig:/home/anshul/Research/PostDoc/mocap/install/phasespace_msgs_ros2/lib/pkgconfig PYTHONPATH=/home/anshul/Research/PostDoc/mocap/install/phasespace_msgs_ros2/local/lib/python3.10/dist-packages:${PYTHONPATH} ROS_PACKAGE_PATH=/home/anshul/Research/PostDoc/mocap/install/phasespace_msgs_ros2/share /usr/bin/cmake /home/anshul/Research/PostDoc/mocap/phasespace-mocap-ros2/phasespace_bringup_ros2 -DPython3_EXECUTABLE=/usr/bin/python3 -DCATKIN_INSTALL_INTO_PREFIX_ROOT=0 -DCMAKE_INSTALL_PREFIX=/home/anshul/Research/PostDoc/mocap/install/phasespace_bringup_ros2
[31.076s] Invoking command in '/home/anshul/Research/PostDoc/mocap/build/phasespace_bringup_ros2': CMAKE_PREFIX_PATH=/home/anshul/Research/PostDoc/mocap/install/phasespace_msgs_ros2 CONDA_PROMPT_MODIFIER=(base) LD_LIBRARY_PATH=/home/anshul/Research/PostDoc/mocap/install/phasespace_msgs_ros2/lib:${LD_LIBRARY_PATH} PKG_CONFIG_PATH=/home/anshul/Research/PostDoc/mocap/install/phasespace_msgs_ros2/lib/x86_64-linux-gnu/pkgconfig:/home/anshul/Research/PostDoc/mocap/install/phasespace_msgs_ros2/lib/pkgconfig PYTHONPATH=/home/anshul/Research/PostDoc/mocap/install/phasespace_msgs_ros2/local/lib/python3.10/dist-packages:${PYTHONPATH} ROS_PACKAGE_PATH=/home/anshul/Research/PostDoc/mocap/install/phasespace_msgs_ros2/share /usr/bin/cmake --build /home/anshul/Research/PostDoc/mocap/build/phasespace_bringup_ros2 -- -j20 -l20
[31.112s] [ 50%] Building CXX object CMakeFiles/phasespace_bringup_node.dir/src/phasespace_bringup_node.cpp.o
[34.468s] [100%] Linking CXX executable phasespace_bringup_node
[34.637s] [100%] Built target phasespace_bringup_node
[34.645s] Invoked command in '/home/anshul/Research/PostDoc/mocap/build/phasespace_bringup_ros2' returned '0': CMAKE_PREFIX_PATH=/home/anshul/Research/PostDoc/mocap/install/phasespace_msgs_ros2 CONDA_PROMPT_MODIFIER=(base) LD_LIBRARY_PATH=/home/anshul/Research/PostDoc/mocap/install/phasespace_msgs_ros2/lib:${LD_LIBRARY_PATH} PKG_CONFIG_PATH=/home/anshul/Research/PostDoc/mocap/install/phasespace_msgs_ros2/lib/x86_64-linux-gnu/pkgconfig:/home/anshul/Research/PostDoc/mocap/install/phasespace_msgs_ros2/lib/pkgconfig PYTHONPATH=/home/anshul/Research/PostDoc/mocap/install/phasespace_msgs_ros2/local/lib/python3.10/dist-packages:${PYTHONPATH} ROS_PACKAGE_PATH=/home/anshul/Research/PostDoc/mocap/install/phasespace_msgs_ros2/share /usr/bin/cmake --build /home/anshul/Research/PostDoc/mocap/build/phasespace_bringup_ros2 -- -j20 -l20
[34.646s] Invoking command in '/home/anshul/Research/PostDoc/mocap/build/phasespace_bringup_ros2': CMAKE_PREFIX_PATH=/home/anshul/Research/PostDoc/mocap/install/phasespace_msgs_ros2 CONDA_PROMPT_MODIFIER=(base) LD_LIBRARY_PATH=/home/anshul/Research/PostDoc/mocap/install/phasespace_msgs_ros2/lib:${LD_LIBRARY_PATH} PKG_CONFIG_PATH=/home/anshul/Research/PostDoc/mocap/install/phasespace_msgs_ros2/lib/x86_64-linux-gnu/pkgconfig:/home/anshul/Research/PostDoc/mocap/install/phasespace_msgs_ros2/lib/pkgconfig PYTHONPATH=/home/anshul/Research/PostDoc/mocap/install/phasespace_msgs_ros2/local/lib/python3.10/dist-packages:${PYTHONPATH} ROS_PACKAGE_PATH=/home/anshul/Research/PostDoc/mocap/install/phasespace_msgs_ros2/share /usr/bin/cmake --install /home/anshul/Research/PostDoc/mocap/build/phasespace_bringup_ros2
[34.650s] -- Install configuration: ""
[34.650s] -- Installing: /home/anshul/Research/PostDoc/mocap/install/phasespace_bringup_ros2/lib/phasespace_bringup_ros2/phasespace_bringup_node
[34.651s] -- Set runtime path of "/home/anshul/Research/PostDoc/mocap/install/phasespace_bringup_ros2/lib/phasespace_bringup_ros2/phasespace_bringup_node" to ""
[34.651s] -- Installing: /home/anshul/Research/PostDoc/mocap/install/phasespace_bringup_ros2/include
[34.651s] -- Installing: /home/anshul/Research/PostDoc/mocap/install/phasespace_bringup_ros2/include/phasespace_bringup_ros2
[34.651s] -- Installing: /home/anshul/Research/PostDoc/mocap/install/phasespace_bringup_ros2/include/phasespace_bringup_ros2/owl.hpp
[34.651s] -- Installing: /home/anshul/Research/PostDoc/mocap/install/phasespace_bringup_ros2/include/phasespace_bringup_ros2/owl_math.h
[34.651s] -- Installing: /home/anshul/Research/PostDoc/mocap/install/phasespace_bringup_ros2/include/phasespace_bringup_ros2/owl_rx.hpp
[34.651s] -- Installing: /home/anshul/Research/PostDoc/mocap/install/phasespace_bringup_ros2/lib/libowlsock.so
[34.651s] -- Installing: /home/anshul/Research/PostDoc/mocap/install/phasespace_bringup_ros2/lib/phasespace_bringup_ros2/read_rigids.py
[34.651s] -- Installing: /home/anshul/Research/PostDoc/mocap/install/phasespace_bringup_ros2/share/phasespace_bringup_ros2/launch
[34.651s] -- Installing: /home/anshul/Research/PostDoc/mocap/install/phasespace_bringup_ros2/share/phasespace_bringup_ros2/launch/phasespace_mocap.launch.py
[34.651s] -- Installing: /home/anshul/Research/PostDoc/mocap/install/phasespace_bringup_ros2/share/ament_index/resource_index/package_run_dependencies/phasespace_bringup_ros2
[34.651s] -- Installing: /home/anshul/Research/PostDoc/mocap/install/phasespace_bringup_ros2/share/ament_index/resource_index/parent_prefix_path/phasespace_bringup_ros2
[34.652s] -- Installing: /home/anshul/Research/PostDoc/mocap/install/phasespace_bringup_ros2/share/phasespace_bringup_ros2/environment/ament_prefix_path.sh
[34.652s] -- Installing: /home/anshul/Research/PostDoc/mocap/install/phasespace_bringup_ros2/share/phasespace_bringup_ros2/environment/ament_prefix_path.dsv
[34.652s] -- Installing: /home/anshul/Research/PostDoc/mocap/install/phasespace_bringup_ros2/share/phasespace_bringup_ros2/environment/path.sh
[34.652s] -- Installing: /home/anshul/Research/PostDoc/mocap/install/phasespace_bringup_ros2/share/phasespace_bringup_ros2/environment/path.dsv
[34.652s] -- Installing: /home/anshul/Research/PostDoc/mocap/install/phasespace_bringup_ros2/share/phasespace_bringup_ros2/local_setup.bash
[34.652s] -- Installing: /home/anshul/Research/PostDoc/mocap/install/phasespace_bringup_ros2/share/phasespace_bringup_ros2/local_setup.sh
[34.652s] -- Installing: /home/anshul/Research/PostDoc/mocap/install/phasespace_bringup_ros2/share/phasespace_bringup_ros2/local_setup.zsh
[34.652s] -- Installing: /home/anshul/Research/PostDoc/mocap/install/phasespace_bringup_ros2/share/phasespace_bringup_ros2/local_setup.dsv
[34.652s] -- Installing: /home/anshul/Research/PostDoc/mocap/install/phasespace_bringup_ros2/share/phasespace_bringup_ros2/package.dsv
[34.652s] -- Installing: /home/anshul/Research/PostDoc/mocap/install/phasespace_bringup_ros2/share/ament_index/resource_index/packages/phasespace_bringup_ros2
[34.652s] -- Installing: /home/anshul/Research/PostDoc/mocap/install/phasespace_bringup_ros2/share/phasespace_bringup_ros2/cmake/phasespace_bringup_ros2Config.cmake
[34.652s] -- Installing: /home/anshul/Research/PostDoc/mocap/install/phasespace_bringup_ros2/share/phasespace_bringup_ros2/cmake/phasespace_bringup_ros2Config-version.cmake
[34.652s] -- Installing: /home/anshul/Research/PostDoc/mocap/install/phasespace_bringup_ros2/share/phasespace_bringup_ros2/package.xml
[60.055s] Invoked command in '/home/anshul/Research/PostDoc/mocap/build/phasespace_bringup_ros2' returned '0': CMAKE_PREFIX_PATH=/home/anshul/Research/PostDoc/mocap/install/phasespace_msgs_ros2 CONDA_PROMPT_MODIFIER=(base) LD_LIBRARY_PATH=/home/anshul/Research/PostDoc/mocap/install/phasespace_msgs_ros2/lib:${LD_LIBRARY_PATH} PKG_CONFIG_PATH=/home/anshul/Research/PostDoc/mocap/install/phasespace_msgs_ros2/lib/x86_64-linux-gnu/pkgconfig:/home/anshul/Research/PostDoc/mocap/install/phasespace_msgs_ros2/lib/pkgconfig PYTHONPATH=/home/anshul/Research/PostDoc/mocap/install/phasespace_msgs_ros2/local/lib/python3.10/dist-packages:${PYTHONPATH} ROS_PACKAGE_PATH=/home/anshul/Research/PostDoc/mocap/install/phasespace_msgs_ros2/share /usr/bin/cmake --install /home/anshul/Research/PostDoc/mocap/build/phasespace_bringup_ros2
