[0.059s] DEBUG:colcon:Command line arguments: ['/usr/bin/colcon', 'build', '--base-paths', 'phasespace-mocap-ros2', '--cmake-clean-cache', '--cmake-args', '-DPython3_EXECUTABLE=/usr/bin/python3']
[0.059s] DEBUG:colcon:Parsed command line arguments: Namespace(log_base=None, log_level=None, verb_name='build', build_base='build', install_base='install', merge_install=False, symlink_install=False, test_result_base=None, continue_on_error=False, executor='parallel', parallel_workers=20, event_handlers=None, ignore_user_meta=False, metas=['./colcon.meta'], base_paths=['phasespace-mocap-ros2'], packages_ignore=None, packages_ignore_regex=None, paths=None, packages_up_to=None, packages_up_to_regex=None, packages_above=None, packages_above_and_dependencies=None, packages_above_depth=None, packages_select_by_dep=None, packages_skip_by_dep=None, packages_skip_up_to=None, packages_select_build_failed=False, packages_skip_build_finished=False, packages_select_test_failures=False, packages_skip_test_passed=False, packages_select=None, packages_skip=None, packages_select_regex=None, packages_skip_regex=None, packages_start=None, packages_end=None, allow_overriding=[], cmake_args=['-DPython3_EXECUTABLE=/usr/bin/python3'], cmake_target=None, cmake_target_skip_unavailable=False, cmake_clean_cache=True, cmake_clean_first=False, cmake_force_configure=False, ament_cmake_args=None, catkin_cmake_args=None, catkin_skip_building_tests=False, verb_parser=<colcon_defaults.argument_parser.defaults.DefaultArgumentsDecorator object at 0x74c8eb279d50>, verb_extension=<colcon_core.verb.build.BuildVerb object at 0x74c8eb279900>, main=<bound method BuildVerb.main of <colcon_core.verb.build.BuildVerb object at 0x74c8eb279900>>)
[0.150s] Level 1:colcon.colcon_core.package_discovery:discover_packages(colcon_meta) check parameters
[0.150s] Level 1:colcon.colcon_core.package_discovery:discover_packages(recursive) check parameters
[0.150s] Level 1:colcon.colcon_core.package_discovery:discover_packages(ignore) check parameters
[0.150s] Level 1:colcon.colcon_core.package_discovery:discover_packages(path) check parameters
[0.150s] Level 1:colcon.colcon_core.package_discovery:discover_packages(recursive) discover
[0.150s] INFO:colcon.colcon_core.package_discovery:Crawling recursively for packages in '/home/anshul/Research/PostDoc/mocap/phasespace-mocap-ros2'
[0.150s] Level 1:colcon.colcon_core.package_identification:_identify(phasespace-mocap-ros2) by extensions ['ignore', 'ignore_ament_install']
[0.150s] Level 1:colcon.colcon_core.package_identification:_identify(phasespace-mocap-ros2) by extension 'ignore'
[0.150s] Level 1:colcon.colcon_core.package_identification:_identify(phasespace-mocap-ros2) by extension 'ignore_ament_install'
[0.150s] Level 1:colcon.colcon_core.package_identification:_identify(phasespace-mocap-ros2) by extensions ['colcon_pkg']
[0.150s] Level 1:colcon.colcon_core.package_identification:_identify(phasespace-mocap-ros2) by extension 'colcon_pkg'
[0.150s] Level 1:colcon.colcon_core.package_identification:_identify(phasespace-mocap-ros2) by extensions ['colcon_meta']
[0.150s] Level 1:colcon.colcon_core.package_identification:_identify(phasespace-mocap-ros2) by extension 'colcon_meta'
[0.150s] Level 1:colcon.colcon_core.package_identification:_identify(phasespace-mocap-ros2) by extensions ['ros']
[0.150s] Level 1:colcon.colcon_core.package_identification:_identify(phasespace-mocap-ros2) by extension 'ros'
[0.156s] Level 1:colcon.colcon_core.package_identification:_identify(phasespace-mocap-ros2) by extensions ['cmake', 'python']
[0.156s] Level 1:colcon.colcon_core.package_identification:_identify(phasespace-mocap-ros2) by extension 'cmake'
[0.156s] Level 1:colcon.colcon_core.package_identification:_identify(phasespace-mocap-ros2) by extension 'python'
[0.156s] Level 1:colcon.colcon_core.package_identification:_identify(phasespace-mocap-ros2) by extensions ['python_setup_py']
[0.156s] Level 1:colcon.colcon_core.package_identification:_identify(phasespace-mocap-ros2) by extension 'python_setup_py'
[0.156s] Level 1:colcon.colcon_core.package_identification:_identify(phasespace-mocap-ros2/phasespace_bringup_ros2) by extensions ['ignore', 'ignore_ament_install']
[0.156s] Level 1:colcon.colcon_core.package_identification:_identify(phasespace-mocap-ros2/phasespace_bringup_ros2) by extension 'ignore'
[0.156s] Level 1:colcon.colcon_core.package_identification:_identify(phasespace-mocap-ros2/phasespace_bringup_ros2) by extension 'ignore_ament_install'
[0.156s] Level 1:colcon.colcon_core.package_identification:_identify(phasespace-mocap-ros2/phasespace_bringup_ros2) by extensions ['colcon_pkg']
[0.156s] Level 1:colcon.colcon_core.package_identification:_identify(phasespace-mocap-ros2/phasespace_bringup_ros2) by extension 'colcon_pkg'
[0.156s] Level 1:colcon.colcon_core.package_identification:_identify(phasespace-mocap-ros2/phasespace_bringup_ros2) by extensions ['colcon_meta']
[0.156s] Level 1:colcon.colcon_core.package_identification:_identify(phasespace-mocap-ros2/phasespace_bringup_ros2) by extension 'colcon_meta'
[0.156s] Level 1:colcon.colcon_core.package_identification:_identify(phasespace-mocap-ros2/phasespace_bringup_ros2) by extensions ['ros']
[0.156s] Level 1:colcon.colcon_core.package_identification:_identify(phasespace-mocap-ros2/phasespace_bringup_ros2) by extension 'ros'
[0.158s] DEBUG:colcon.colcon_core.package_identification:Package 'phasespace-mocap-ros2/phasespace_bringup_ros2' with type 'ros.ament_cmake' and name 'phasespace_bringup_ros2'
[0.158s] Level 1:colcon.colcon_core.package_identification:_identify(phasespace-mocap-ros2/phasespace_msgs_ros2) by extensions ['ignore', 'ignore_ament_install']
[0.158s] Level 1:colcon.colcon_core.package_identification:_identify(phasespace-mocap-ros2/phasespace_msgs_ros2) by extension 'ignore'
[0.158s] Level 1:colcon.colcon_core.package_identification:_identify(phasespace-mocap-ros2/phasespace_msgs_ros2) by extension 'ignore_ament_install'
[0.158s] Level 1:colcon.colcon_core.package_identification:_identify(phasespace-mocap-ros2/phasespace_msgs_ros2) by extensions ['colcon_pkg']
[0.158s] Level 1:colcon.colcon_core.package_identification:_identify(phasespace-mocap-ros2/phasespace_msgs_ros2) by extension 'colcon_pkg'
[0.158s] Level 1:colcon.colcon_core.package_identification:_identify(phasespace-mocap-ros2/phasespace_msgs_ros2) by extensions ['colcon_meta']
[0.158s] Level 1:colcon.colcon_core.package_identification:_identify(phasespace-mocap-ros2/phasespace_msgs_ros2) by extension 'colcon_meta'
[0.158s] Level 1:colcon.colcon_core.package_identification:_identify(phasespace-mocap-ros2/phasespace_msgs_ros2) by extensions ['ros']
[0.158s] Level 1:colcon.colcon_core.package_identification:_identify(phasespace-mocap-ros2/phasespace_msgs_ros2) by extension 'ros'
[0.159s] DEBUG:colcon.colcon_core.package_identification:Package 'phasespace-mocap-ros2/phasespace_msgs_ros2' with type 'ros.ament_cmake' and name 'phasespace_msgs_ros2'
[0.159s] Level 1:colcon.colcon_core.package_discovery:discover_packages(recursive) using defaults
[0.175s] Level 1:colcon.colcon_core.package_discovery:discover_packages(prefix_path) check parameters
[0.175s] Level 1:colcon.colcon_core.package_discovery:discover_packages(prefix_path) discover
[0.176s] DEBUG:colcon.colcon_installed_package_information.package_discovery:Found 317 installed packages in /opt/ros/humble
[0.177s] Level 1:colcon.colcon_core.package_discovery:discover_packages(prefix_path) using defaults
[0.196s] Level 5:colcon.colcon_core.verb:set package 'phasespace_msgs_ros2' build argument 'cmake_args' from command line to '['-DPython3_EXECUTABLE=/usr/bin/python3']'
[0.196s] Level 5:colcon.colcon_core.verb:set package 'phasespace_msgs_ros2' build argument 'cmake_target' from command line to 'None'
[0.196s] Level 5:colcon.colcon_core.verb:set package 'phasespace_msgs_ros2' build argument 'cmake_target_skip_unavailable' from command line to 'False'
[0.196s] Level 5:colcon.colcon_core.verb:set package 'phasespace_msgs_ros2' build argument 'cmake_clean_cache' from command line to 'True'
[0.196s] Level 5:colcon.colcon_core.verb:set package 'phasespace_msgs_ros2' build argument 'cmake_clean_first' from command line to 'False'
[0.196s] Level 5:colcon.colcon_core.verb:set package 'phasespace_msgs_ros2' build argument 'cmake_force_configure' from command line to 'False'
[0.196s] Level 5:colcon.colcon_core.verb:set package 'phasespace_msgs_ros2' build argument 'ament_cmake_args' from command line to 'None'
[0.196s] Level 5:colcon.colcon_core.verb:set package 'phasespace_msgs_ros2' build argument 'catkin_cmake_args' from command line to 'None'
[0.196s] Level 5:colcon.colcon_core.verb:set package 'phasespace_msgs_ros2' build argument 'catkin_skip_building_tests' from command line to 'False'
[0.196s] DEBUG:colcon.colcon_core.verb:Building package 'phasespace_msgs_ros2' with the following arguments: {'ament_cmake_args': None, 'build_base': '/home/anshul/Research/PostDoc/mocap/build/phasespace_msgs_ros2', 'catkin_cmake_args': None, 'catkin_skip_building_tests': False, 'cmake_args': ['-DPython3_EXECUTABLE=/usr/bin/python3'], 'cmake_clean_cache': True, 'cmake_clean_first': False, 'cmake_force_configure': False, 'cmake_target': None, 'cmake_target_skip_unavailable': False, 'install_base': '/home/anshul/Research/PostDoc/mocap/install/phasespace_msgs_ros2', 'merge_install': False, 'path': '/home/anshul/Research/PostDoc/mocap/phasespace-mocap-ros2/phasespace_msgs_ros2', 'symlink_install': False, 'test_result_base': None}
[0.196s] Level 5:colcon.colcon_core.verb:set package 'phasespace_bringup_ros2' build argument 'cmake_args' from command line to '['-DPython3_EXECUTABLE=/usr/bin/python3']'
[0.197s] Level 5:colcon.colcon_core.verb:set package 'phasespace_bringup_ros2' build argument 'cmake_target' from command line to 'None'
[0.197s] Level 5:colcon.colcon_core.verb:set package 'phasespace_bringup_ros2' build argument 'cmake_target_skip_unavailable' from command line to 'False'
[0.197s] Level 5:colcon.colcon_core.verb:set package 'phasespace_bringup_ros2' build argument 'cmake_clean_cache' from command line to 'True'
[0.197s] Level 5:colcon.colcon_core.verb:set package 'phasespace_bringup_ros2' build argument 'cmake_clean_first' from command line to 'False'
[0.197s] Level 5:colcon.colcon_core.verb:set package 'phasespace_bringup_ros2' build argument 'cmake_force_configure' from command line to 'False'
[0.197s] Level 5:colcon.colcon_core.verb:set package 'phasespace_bringup_ros2' build argument 'ament_cmake_args' from command line to 'None'
[0.197s] Level 5:colcon.colcon_core.verb:set package 'phasespace_bringup_ros2' build argument 'catkin_cmake_args' from command line to 'None'
[0.197s] Level 5:colcon.colcon_core.verb:set package 'phasespace_bringup_ros2' build argument 'catkin_skip_building_tests' from command line to 'False'
[0.197s] DEBUG:colcon.colcon_core.verb:Building package 'phasespace_bringup_ros2' with the following arguments: {'ament_cmake_args': None, 'build_base': '/home/anshul/Research/PostDoc/mocap/build/phasespace_bringup_ros2', 'catkin_cmake_args': None, 'catkin_skip_building_tests': False, 'cmake_args': ['-DPython3_EXECUTABLE=/usr/bin/python3'], 'cmake_clean_cache': True, 'cmake_clean_first': False, 'cmake_force_configure': False, 'cmake_target': None, 'cmake_target_skip_unavailable': False, 'install_base': '/home/anshul/Research/PostDoc/mocap/install/phasespace_bringup_ros2', 'merge_install': False, 'path': '/home/anshul/Research/PostDoc/mocap/phasespace-mocap-ros2/phasespace_bringup_ros2', 'symlink_install': False, 'test_result_base': None}
[0.197s] INFO:colcon.colcon_core.executor:Executing jobs using 'parallel' executor
[0.197s] DEBUG:colcon.colcon_parallel_executor.executor.parallel:run_until_complete
[0.198s] INFO:colcon.colcon_ros.task.ament_cmake.build:Building ROS package in '/home/anshul/Research/PostDoc/mocap/phasespace-mocap-ros2/phasespace_msgs_ros2' with build type 'ament_cmake'
[0.198s] INFO:colcon.colcon_cmake.task.cmake.build:Building CMake package in '/home/anshul/Research/PostDoc/mocap/phasespace-mocap-ros2/phasespace_msgs_ros2'
[0.199s] INFO:colcon.colcon_core.plugin_system:Skipping extension 'colcon_core.shell.bat': Not used on non-Windows systems
[0.199s] INFO:colcon.colcon_core.shell:Skip shell extension 'powershell' for command environment: Not usable outside of PowerShell
[0.199s] DEBUG:colcon.colcon_core.shell:Skip shell extension 'dsv' for command environment
[0.203s] DEBUG:colcon.colcon_core.event_handler.log_command:Invoking command in '/home/anshul/Research/PostDoc/mocap/build/phasespace_msgs_ros2': CMAKE_PREFIX_PATH=/opt/ros/humble CONDA_PROMPT_MODIFIER=(base) /usr/bin/cmake /home/anshul/Research/PostDoc/mocap/phasespace-mocap-ros2/phasespace_msgs_ros2 -DPython3_EXECUTABLE=/usr/bin/python3 -DCMAKE_INSTALL_PREFIX=/home/anshul/Research/PostDoc/mocap/install/phasespace_msgs_ros2
[1.166s] DEBUG:colcon.colcon_core.event_handler.log_command:Invoked command in '/home/anshul/Research/PostDoc/mocap/build/phasespace_msgs_ros2' returned '0': CMAKE_PREFIX_PATH=/opt/ros/humble CONDA_PROMPT_MODIFIER=(base) /usr/bin/cmake /home/anshul/Research/PostDoc/mocap/phasespace-mocap-ros2/phasespace_msgs_ros2 -DPython3_EXECUTABLE=/usr/bin/python3 -DCMAKE_INSTALL_PREFIX=/home/anshul/Research/PostDoc/mocap/install/phasespace_msgs_ros2
[1.166s] DEBUG:colcon.colcon_core.event_handler.log_command:Invoking command in '/home/anshul/Research/PostDoc/mocap/build/phasespace_msgs_ros2': CMAKE_PREFIX_PATH=/opt/ros/humble CONDA_PROMPT_MODIFIER=(base) /usr/bin/cmake --build /home/anshul/Research/PostDoc/mocap/build/phasespace_msgs_ros2 -- -j20 -l20
[1.382s] DEBUG:colcon.colcon_core.event_handler.log_command:Invoked command in '/home/anshul/Research/PostDoc/mocap/build/phasespace_msgs_ros2' returned '0': CMAKE_PREFIX_PATH=/opt/ros/humble CONDA_PROMPT_MODIFIER=(base) /usr/bin/cmake --build /home/anshul/Research/PostDoc/mocap/build/phasespace_msgs_ros2 -- -j20 -l20
[1.389s] DEBUG:colcon.colcon_core.event_handler.log_command:Invoking command in '/home/anshul/Research/PostDoc/mocap/build/phasespace_msgs_ros2': CMAKE_PREFIX_PATH=/opt/ros/humble CONDA_PROMPT_MODIFIER=(base) /usr/bin/cmake --install /home/anshul/Research/PostDoc/mocap/build/phasespace_msgs_ros2
[1.423s] Level 1:colcon.colcon_core.environment:create_environment_scripts_only(phasespace_msgs_ros2)
[1.424s] DEBUG:colcon.colcon_core.event_handler.log_command:Invoked command in '/home/anshul/Research/PostDoc/mocap/build/phasespace_msgs_ros2' returned '0': CMAKE_PREFIX_PATH=/opt/ros/humble CONDA_PROMPT_MODIFIER=(base) /usr/bin/cmake --install /home/anshul/Research/PostDoc/mocap/build/phasespace_msgs_ros2
[1.425s] Level 1:colcon.colcon_core.environment:checking '/home/anshul/Research/PostDoc/mocap/install/phasespace_msgs_ros2' for CMake module files
[1.426s] Level 1:colcon.colcon_core.environment:checking '/home/anshul/Research/PostDoc/mocap/install/phasespace_msgs_ros2' for CMake config files
[1.426s] Level 1:colcon.colcon_core.shell:create_environment_hook('phasespace_msgs_ros2', 'cmake_prefix_path')
[1.426s] INFO:colcon.colcon_core.shell:Creating environment hook '/home/anshul/Research/PostDoc/mocap/install/phasespace_msgs_ros2/share/phasespace_msgs_ros2/hook/cmake_prefix_path.ps1'
[1.426s] INFO:colcon.colcon_core.shell:Creating environment descriptor '/home/anshul/Research/PostDoc/mocap/install/phasespace_msgs_ros2/share/phasespace_msgs_ros2/hook/cmake_prefix_path.dsv'
[1.426s] INFO:colcon.colcon_core.shell:Creating environment hook '/home/anshul/Research/PostDoc/mocap/install/phasespace_msgs_ros2/share/phasespace_msgs_ros2/hook/cmake_prefix_path.sh'
[1.427s] Level 1:colcon.colcon_core.environment:checking '/home/anshul/Research/PostDoc/mocap/install/phasespace_msgs_ros2/lib'
[1.427s] Level 1:colcon.colcon_core.shell:create_environment_hook('phasespace_msgs_ros2', 'ld_library_path_lib')
[1.427s] INFO:colcon.colcon_core.shell:Creating environment hook '/home/anshul/Research/PostDoc/mocap/install/phasespace_msgs_ros2/share/phasespace_msgs_ros2/hook/ld_library_path_lib.ps1'
[1.428s] INFO:colcon.colcon_core.shell:Creating environment descriptor '/home/anshul/Research/PostDoc/mocap/install/phasespace_msgs_ros2/share/phasespace_msgs_ros2/hook/ld_library_path_lib.dsv'
[1.428s] INFO:colcon.colcon_core.shell:Creating environment hook '/home/anshul/Research/PostDoc/mocap/install/phasespace_msgs_ros2/share/phasespace_msgs_ros2/hook/ld_library_path_lib.sh'
[1.428s] Level 1:colcon.colcon_core.environment:checking '/home/anshul/Research/PostDoc/mocap/install/phasespace_msgs_ros2/bin'
[1.428s] Level 1:colcon.colcon_core.environment:checking '/home/anshul/Research/PostDoc/mocap/install/phasespace_msgs_ros2/lib/pkgconfig/phasespace_msgs_ros2.pc'
[1.428s] Level 1:colcon.colcon_core.environment:checking '/home/anshul/Research/PostDoc/mocap/install/phasespace_msgs_ros2/lib/python3.10/site-packages'
[1.428s] Level 1:colcon.colcon_core.environment:checking '/home/anshul/Research/PostDoc/mocap/install/phasespace_msgs_ros2/bin'
[1.428s] INFO:colcon.colcon_core.shell:Creating package script '/home/anshul/Research/PostDoc/mocap/install/phasespace_msgs_ros2/share/phasespace_msgs_ros2/package.ps1'
[1.429s] INFO:colcon.colcon_core.shell:Creating package descriptor '/home/anshul/Research/PostDoc/mocap/install/phasespace_msgs_ros2/share/phasespace_msgs_ros2/package.dsv'
[1.429s] INFO:colcon.colcon_core.shell:Creating package script '/home/anshul/Research/PostDoc/mocap/install/phasespace_msgs_ros2/share/phasespace_msgs_ros2/package.sh'
[1.429s] INFO:colcon.colcon_core.shell:Creating package script '/home/anshul/Research/PostDoc/mocap/install/phasespace_msgs_ros2/share/phasespace_msgs_ros2/package.bash'
[1.430s] INFO:colcon.colcon_core.shell:Creating package script '/home/anshul/Research/PostDoc/mocap/install/phasespace_msgs_ros2/share/phasespace_msgs_ros2/package.zsh'
[1.430s] Level 1:colcon.colcon_core.environment:create_file_with_runtime_dependencies(/home/anshul/Research/PostDoc/mocap/install/phasespace_msgs_ros2/share/colcon-core/packages/phasespace_msgs_ros2)
[1.430s] Level 1:colcon.colcon_core.environment:create_environment_scripts_only(phasespace_msgs_ros2)
[1.431s] Level 1:colcon.colcon_core.environment:checking '/home/anshul/Research/PostDoc/mocap/install/phasespace_msgs_ros2' for CMake module files
[1.431s] Level 1:colcon.colcon_core.environment:checking '/home/anshul/Research/PostDoc/mocap/install/phasespace_msgs_ros2' for CMake config files
[1.431s] Level 1:colcon.colcon_core.shell:create_environment_hook('phasespace_msgs_ros2', 'cmake_prefix_path')
[1.431s] INFO:colcon.colcon_core.shell:Creating environment hook '/home/anshul/Research/PostDoc/mocap/install/phasespace_msgs_ros2/share/phasespace_msgs_ros2/hook/cmake_prefix_path.ps1'
[1.431s] INFO:colcon.colcon_core.shell:Creating environment descriptor '/home/anshul/Research/PostDoc/mocap/install/phasespace_msgs_ros2/share/phasespace_msgs_ros2/hook/cmake_prefix_path.dsv'
[1.431s] INFO:colcon.colcon_core.shell:Creating environment hook '/home/anshul/Research/PostDoc/mocap/install/phasespace_msgs_ros2/share/phasespace_msgs_ros2/hook/cmake_prefix_path.sh'
[1.432s] Level 1:colcon.colcon_core.environment:checking '/home/anshul/Research/PostDoc/mocap/install/phasespace_msgs_ros2/lib'
[1.432s] Level 1:colcon.colcon_core.shell:create_environment_hook('phasespace_msgs_ros2', 'ld_library_path_lib')
[1.432s] INFO:colcon.colcon_core.shell:Creating environment hook '/home/anshul/Research/PostDoc/mocap/install/phasespace_msgs_ros2/share/phasespace_msgs_ros2/hook/ld_library_path_lib.ps1'
[1.432s] INFO:colcon.colcon_core.shell:Creating environment descriptor '/home/anshul/Research/PostDoc/mocap/install/phasespace_msgs_ros2/share/phasespace_msgs_ros2/hook/ld_library_path_lib.dsv'
[1.432s] INFO:colcon.colcon_core.shell:Creating environment hook '/home/anshul/Research/PostDoc/mocap/install/phasespace_msgs_ros2/share/phasespace_msgs_ros2/hook/ld_library_path_lib.sh'
[1.432s] Level 1:colcon.colcon_core.environment:checking '/home/anshul/Research/PostDoc/mocap/install/phasespace_msgs_ros2/bin'
[1.432s] Level 1:colcon.colcon_core.environment:checking '/home/anshul/Research/PostDoc/mocap/install/phasespace_msgs_ros2/lib/pkgconfig/phasespace_msgs_ros2.pc'
[1.432s] Level 1:colcon.colcon_core.environment:checking '/home/anshul/Research/PostDoc/mocap/install/phasespace_msgs_ros2/lib/python3.10/site-packages'
[1.433s] Level 1:colcon.colcon_core.environment:checking '/home/anshul/Research/PostDoc/mocap/install/phasespace_msgs_ros2/bin'
[1.433s] INFO:colcon.colcon_core.shell:Creating package script '/home/anshul/Research/PostDoc/mocap/install/phasespace_msgs_ros2/share/phasespace_msgs_ros2/package.ps1'
[1.433s] INFO:colcon.colcon_core.shell:Creating package descriptor '/home/anshul/Research/PostDoc/mocap/install/phasespace_msgs_ros2/share/phasespace_msgs_ros2/package.dsv'
[1.433s] INFO:colcon.colcon_core.shell:Creating package script '/home/anshul/Research/PostDoc/mocap/install/phasespace_msgs_ros2/share/phasespace_msgs_ros2/package.sh'
[1.433s] INFO:colcon.colcon_core.shell:Creating package script '/home/anshul/Research/PostDoc/mocap/install/phasespace_msgs_ros2/share/phasespace_msgs_ros2/package.bash'
[1.434s] INFO:colcon.colcon_core.shell:Creating package script '/home/anshul/Research/PostDoc/mocap/install/phasespace_msgs_ros2/share/phasespace_msgs_ros2/package.zsh'
[1.434s] Level 1:colcon.colcon_core.environment:create_file_with_runtime_dependencies(/home/anshul/Research/PostDoc/mocap/install/phasespace_msgs_ros2/share/colcon-core/packages/phasespace_msgs_ros2)
[1.434s] INFO:colcon.colcon_ros.task.ament_cmake.build:Building ROS package in '/home/anshul/Research/PostDoc/mocap/phasespace-mocap-ros2/phasespace_bringup_ros2' with build type 'ament_cmake'
[1.434s] INFO:colcon.colcon_cmake.task.cmake.build:Building CMake package in '/home/anshul/Research/PostDoc/mocap/phasespace-mocap-ros2/phasespace_bringup_ros2'
[1.434s] INFO:colcon.colcon_core.shell:Skip shell extension 'powershell' for command environment: Not usable outside of PowerShell
[1.434s] DEBUG:colcon.colcon_core.shell:Skip shell extension 'dsv' for command environment
[1.441s] DEBUG:colcon.colcon_core.event_handler.log_command:Invoking command in '/home/anshul/Research/PostDoc/mocap/build/phasespace_bringup_ros2': AMENT_PREFIX_PATH=/home/anshul/Research/PostDoc/mocap/install/phasespace_msgs_ros2:${AMENT_PREFIX_PATH} CMAKE_PREFIX_PATH=/opt/ros/humble:/home/anshul/Research/PostDoc/mocap/install/phasespace_msgs_ros2 CONDA_PROMPT_MODIFIER=(base) LD_LIBRARY_PATH=/home/anshul/Research/PostDoc/mocap/install/phasespace_msgs_ros2/lib:${LD_LIBRARY_PATH} PYTHONPATH=/home/anshul/Research/PostDoc/mocap/install/phasespace_msgs_ros2/local/lib/python3.10/dist-packages:${PYTHONPATH} /usr/bin/cmake /home/anshul/Research/PostDoc/mocap/phasespace-mocap-ros2/phasespace_bringup_ros2 -DPython3_EXECUTABLE=/usr/bin/python3 -DCMAKE_INSTALL_PREFIX=/home/anshul/Research/PostDoc/mocap/install/phasespace_bringup_ros2
[31.465s] DEBUG:colcon.colcon_core.event_handler.log_command:Invoked command in '/home/anshul/Research/PostDoc/mocap/build/phasespace_bringup_ros2' returned '0': AMENT_PREFIX_PATH=/home/anshul/Research/PostDoc/mocap/install/phasespace_msgs_ros2:${AMENT_PREFIX_PATH} CMAKE_PREFIX_PATH=/opt/ros/humble:/home/anshul/Research/PostDoc/mocap/install/phasespace_msgs_ros2 CONDA_PROMPT_MODIFIER=(base) LD_LIBRARY_PATH=/home/anshul/Research/PostDoc/mocap/install/phasespace_msgs_ros2/lib:${LD_LIBRARY_PATH} PYTHONPATH=/home/anshul/Research/PostDoc/mocap/install/phasespace_msgs_ros2/local/lib/python3.10/dist-packages:${PYTHONPATH} /usr/bin/cmake /home/anshul/Research/PostDoc/mocap/phasespace-mocap-ros2/phasespace_bringup_ros2 -DPython3_EXECUTABLE=/usr/bin/python3 -DCMAKE_INSTALL_PREFIX=/home/anshul/Research/PostDoc/mocap/install/phasespace_bringup_ros2
[31.465s] DEBUG:colcon.colcon_core.event_handler.log_command:Invoking command in '/home/anshul/Research/PostDoc/mocap/build/phasespace_bringup_ros2': AMENT_PREFIX_PATH=/home/anshul/Research/PostDoc/mocap/install/phasespace_msgs_ros2:${AMENT_PREFIX_PATH} CMAKE_PREFIX_PATH=/opt/ros/humble:/home/anshul/Research/PostDoc/mocap/install/phasespace_msgs_ros2 CONDA_PROMPT_MODIFIER=(base) LD_LIBRARY_PATH=/home/anshul/Research/PostDoc/mocap/install/phasespace_msgs_ros2/lib:${LD_LIBRARY_PATH} PYTHONPATH=/home/anshul/Research/PostDoc/mocap/install/phasespace_msgs_ros2/local/lib/python3.10/dist-packages:${PYTHONPATH} /usr/bin/cmake --build /home/anshul/Research/PostDoc/mocap/build/phasespace_bringup_ros2 -- -j20 -l20
[31.513s] DEBUG:colcon.colcon_core.event_handler.log_command:Invoked command in '/home/anshul/Research/PostDoc/mocap/build/phasespace_bringup_ros2' returned '0': AMENT_PREFIX_PATH=/home/anshul/Research/PostDoc/mocap/install/phasespace_msgs_ros2:${AMENT_PREFIX_PATH} CMAKE_PREFIX_PATH=/opt/ros/humble:/home/anshul/Research/PostDoc/mocap/install/phasespace_msgs_ros2 CONDA_PROMPT_MODIFIER=(base) LD_LIBRARY_PATH=/home/anshul/Research/PostDoc/mocap/install/phasespace_msgs_ros2/lib:${LD_LIBRARY_PATH} PYTHONPATH=/home/anshul/Research/PostDoc/mocap/install/phasespace_msgs_ros2/local/lib/python3.10/dist-packages:${PYTHONPATH} /usr/bin/cmake --build /home/anshul/Research/PostDoc/mocap/build/phasespace_bringup_ros2 -- -j20 -l20
[31.513s] DEBUG:colcon.colcon_core.event_handler.log_command:Invoking command in '/home/anshul/Research/PostDoc/mocap/build/phasespace_bringup_ros2': AMENT_PREFIX_PATH=/home/anshul/Research/PostDoc/mocap/install/phasespace_msgs_ros2:${AMENT_PREFIX_PATH} CMAKE_PREFIX_PATH=/opt/ros/humble:/home/anshul/Research/PostDoc/mocap/install/phasespace_msgs_ros2 CONDA_PROMPT_MODIFIER=(base) LD_LIBRARY_PATH=/home/anshul/Research/PostDoc/mocap/install/phasespace_msgs_ros2/lib:${LD_LIBRARY_PATH} PYTHONPATH=/home/anshul/Research/PostDoc/mocap/install/phasespace_msgs_ros2/local/lib/python3.10/dist-packages:${PYTHONPATH} /usr/bin/cmake --install /home/anshul/Research/PostDoc/mocap/build/phasespace_bringup_ros2
[61.495s] Level 1:colcon.colcon_core.environment:create_environment_scripts_only(phasespace_bringup_ros2)
[61.495s] DEBUG:colcon.colcon_core.event_handler.log_command:Invoked command in '/home/anshul/Research/PostDoc/mocap/build/phasespace_bringup_ros2' returned '0': AMENT_PREFIX_PATH=/home/anshul/Research/PostDoc/mocap/install/phasespace_msgs_ros2:${AMENT_PREFIX_PATH} CMAKE_PREFIX_PATH=/opt/ros/humble:/home/anshul/Research/PostDoc/mocap/install/phasespace_msgs_ros2 CONDA_PROMPT_MODIFIER=(base) LD_LIBRARY_PATH=/home/anshul/Research/PostDoc/mocap/install/phasespace_msgs_ros2/lib:${LD_LIBRARY_PATH} PYTHONPATH=/home/anshul/Research/PostDoc/mocap/install/phasespace_msgs_ros2/local/lib/python3.10/dist-packages:${PYTHONPATH} /usr/bin/cmake --install /home/anshul/Research/PostDoc/mocap/build/phasespace_bringup_ros2
[61.495s] Level 1:colcon.colcon_core.environment:checking '/home/anshul/Research/PostDoc/mocap/install/phasespace_bringup_ros2' for CMake module files
[61.496s] Level 1:colcon.colcon_core.environment:checking '/home/anshul/Research/PostDoc/mocap/install/phasespace_bringup_ros2' for CMake config files
[61.496s] Level 1:colcon.colcon_core.shell:create_environment_hook('phasespace_bringup_ros2', 'cmake_prefix_path')
[61.496s] INFO:colcon.colcon_core.shell:Creating environment hook '/home/anshul/Research/PostDoc/mocap/install/phasespace_bringup_ros2/share/phasespace_bringup_ros2/hook/cmake_prefix_path.ps1'
[61.496s] INFO:colcon.colcon_core.shell:Creating environment descriptor '/home/anshul/Research/PostDoc/mocap/install/phasespace_bringup_ros2/share/phasespace_bringup_ros2/hook/cmake_prefix_path.dsv'
[61.496s] INFO:colcon.colcon_core.shell:Creating environment hook '/home/anshul/Research/PostDoc/mocap/install/phasespace_bringup_ros2/share/phasespace_bringup_ros2/hook/cmake_prefix_path.sh'
[61.496s] Level 1:colcon.colcon_core.environment:checking '/home/anshul/Research/PostDoc/mocap/install/phasespace_bringup_ros2/lib'
[61.497s] Level 1:colcon.colcon_core.shell:create_environment_hook('phasespace_bringup_ros2', 'ld_library_path_lib')
[61.497s] INFO:colcon.colcon_core.shell:Creating environment hook '/home/anshul/Research/PostDoc/mocap/install/phasespace_bringup_ros2/share/phasespace_bringup_ros2/hook/ld_library_path_lib.ps1'
[61.497s] INFO:colcon.colcon_core.shell:Creating environment descriptor '/home/anshul/Research/PostDoc/mocap/install/phasespace_bringup_ros2/share/phasespace_bringup_ros2/hook/ld_library_path_lib.dsv'
[61.497s] INFO:colcon.colcon_core.shell:Creating environment hook '/home/anshul/Research/PostDoc/mocap/install/phasespace_bringup_ros2/share/phasespace_bringup_ros2/hook/ld_library_path_lib.sh'
[61.497s] Level 1:colcon.colcon_core.environment:checking '/home/anshul/Research/PostDoc/mocap/install/phasespace_bringup_ros2/bin'
[61.497s] Level 1:colcon.colcon_core.environment:checking '/home/anshul/Research/PostDoc/mocap/install/phasespace_bringup_ros2/lib/pkgconfig/phasespace_bringup_ros2.pc'
[61.497s] Level 1:colcon.colcon_core.environment:checking '/home/anshul/Research/PostDoc/mocap/install/phasespace_bringup_ros2/lib/python3.10/site-packages'
[61.497s] Level 1:colcon.colcon_core.environment:checking '/home/anshul/Research/PostDoc/mocap/install/phasespace_bringup_ros2/bin'
[61.498s] INFO:colcon.colcon_core.shell:Creating package script '/home/anshul/Research/PostDoc/mocap/install/phasespace_bringup_ros2/share/phasespace_bringup_ros2/package.ps1'
[61.498s] INFO:colcon.colcon_core.shell:Creating package descriptor '/home/anshul/Research/PostDoc/mocap/install/phasespace_bringup_ros2/share/phasespace_bringup_ros2/package.dsv'
[61.498s] INFO:colcon.colcon_core.shell:Creating package script '/home/anshul/Research/PostDoc/mocap/install/phasespace_bringup_ros2/share/phasespace_bringup_ros2/package.sh'
[61.498s] INFO:colcon.colcon_core.shell:Creating package script '/home/anshul/Research/PostDoc/mocap/install/phasespace_bringup_ros2/share/phasespace_bringup_ros2/package.bash'
[61.498s] INFO:colcon.colcon_core.shell:Creating package script '/home/anshul/Research/PostDoc/mocap/install/phasespace_bringup_ros2/share/phasespace_bringup_ros2/package.zsh'
[61.498s] Level 1:colcon.colcon_core.environment:create_file_with_runtime_dependencies(/home/anshul/Research/PostDoc/mocap/install/phasespace_bringup_ros2/share/colcon-core/packages/phasespace_bringup_ros2)
[61.499s] Level 1:colcon.colcon_core.environment:create_environment_scripts_only(phasespace_bringup_ros2)
[61.499s] Level 1:colcon.colcon_core.environment:checking '/home/anshul/Research/PostDoc/mocap/install/phasespace_bringup_ros2' for CMake module files
[61.499s] Level 1:colcon.colcon_core.environment:checking '/home/anshul/Research/PostDoc/mocap/install/phasespace_bringup_ros2' for CMake config files
[61.499s] Level 1:colcon.colcon_core.shell:create_environment_hook('phasespace_bringup_ros2', 'cmake_prefix_path')
[61.499s] INFO:colcon.colcon_core.shell:Creating environment hook '/home/anshul/Research/PostDoc/mocap/install/phasespace_bringup_ros2/share/phasespace_bringup_ros2/hook/cmake_prefix_path.ps1'
[61.499s] INFO:colcon.colcon_core.shell:Creating environment descriptor '/home/anshul/Research/PostDoc/mocap/install/phasespace_bringup_ros2/share/phasespace_bringup_ros2/hook/cmake_prefix_path.dsv'
[61.499s] INFO:colcon.colcon_core.shell:Creating environment hook '/home/anshul/Research/PostDoc/mocap/install/phasespace_bringup_ros2/share/phasespace_bringup_ros2/hook/cmake_prefix_path.sh'
[61.500s] Level 1:colcon.colcon_core.environment:checking '/home/anshul/Research/PostDoc/mocap/install/phasespace_bringup_ros2/lib'
[61.500s] Level 1:colcon.colcon_core.shell:create_environment_hook('phasespace_bringup_ros2', 'ld_library_path_lib')
[61.500s] INFO:colcon.colcon_core.shell:Creating environment hook '/home/anshul/Research/PostDoc/mocap/install/phasespace_bringup_ros2/share/phasespace_bringup_ros2/hook/ld_library_path_lib.ps1'
[61.500s] INFO:colcon.colcon_core.shell:Creating environment descriptor '/home/anshul/Research/PostDoc/mocap/install/phasespace_bringup_ros2/share/phasespace_bringup_ros2/hook/ld_library_path_lib.dsv'
[61.500s] INFO:colcon.colcon_core.shell:Creating environment hook '/home/anshul/Research/PostDoc/mocap/install/phasespace_bringup_ros2/share/phasespace_bringup_ros2/hook/ld_library_path_lib.sh'
[61.500s] Level 1:colcon.colcon_core.environment:checking '/home/anshul/Research/PostDoc/mocap/install/phasespace_bringup_ros2/bin'
[61.500s] Level 1:colcon.colcon_core.environment:checking '/home/anshul/Research/PostDoc/mocap/install/phasespace_bringup_ros2/lib/pkgconfig/phasespace_bringup_ros2.pc'
[61.500s] Level 1:colcon.colcon_core.environment:checking '/home/anshul/Research/PostDoc/mocap/install/phasespace_bringup_ros2/lib/python3.10/site-packages'
[61.501s] Level 1:colcon.colcon_core.environment:checking '/home/anshul/Research/PostDoc/mocap/install/phasespace_bringup_ros2/bin'
[61.501s] INFO:colcon.colcon_core.shell:Creating package script '/home/anshul/Research/PostDoc/mocap/install/phasespace_bringup_ros2/share/phasespace_bringup_ros2/package.ps1'
[61.501s] INFO:colcon.colcon_core.shell:Creating package descriptor '/home/anshul/Research/PostDoc/mocap/install/phasespace_bringup_ros2/share/phasespace_bringup_ros2/package.dsv'
[61.501s] INFO:colcon.colcon_core.shell:Creating package script '/home/anshul/Research/PostDoc/mocap/install/phasespace_bringup_ros2/share/phasespace_bringup_ros2/package.sh'
[61.501s] INFO:colcon.colcon_core.shell:Creating package script '/home/anshul/Research/PostDoc/mocap/install/phasespace_bringup_ros2/share/phasespace_bringup_ros2/package.bash'
[61.502s] INFO:colcon.colcon_core.shell:Creating package script '/home/anshul/Research/PostDoc/mocap/install/phasespace_bringup_ros2/share/phasespace_bringup_ros2/package.zsh'
[61.502s] Level 1:colcon.colcon_core.environment:create_file_with_runtime_dependencies(/home/anshul/Research/PostDoc/mocap/install/phasespace_bringup_ros2/share/colcon-core/packages/phasespace_bringup_ros2)
[61.502s] DEBUG:colcon.colcon_parallel_executor.executor.parallel:closing loop
[61.502s] DEBUG:colcon.colcon_parallel_executor.executor.parallel:loop closed
[61.502s] DEBUG:colcon.colcon_parallel_executor.executor.parallel:run_until_complete finished with '0'
[61.502s] DEBUG:colcon.colcon_core.event_reactor:joining thread
[61.506s] INFO:colcon.colcon_core.plugin_system:Skipping extension 'colcon_notification.desktop_notification.terminal_notifier': Not used on non-Darwin systems
[61.506s] INFO:colcon.colcon_core.plugin_system:Skipping extension 'colcon_notification.desktop_notification.win32': Not used on non-Windows systems
[61.506s] INFO:colcon.colcon_notification.desktop_notification:Sending desktop notification using 'notify2'
[61.506s] DEBUG:colcon.colcon_notification.desktop_notification.notify2:Failed to initialize notify2: org.freedesktop.DBus.Error.AccessDenied: Failed to connect to socket /run/user/1000/bus: Operation not permitted
[61.506s] DEBUG:colcon.colcon_core.event_reactor:joined thread
[61.506s] INFO:colcon.colcon_core.shell:Creating prefix script '/home/anshul/Research/PostDoc/mocap/install/local_setup.ps1'
[61.507s] INFO:colcon.colcon_core.shell:Creating prefix util module '/home/anshul/Research/PostDoc/mocap/install/_local_setup_util_ps1.py'
[61.509s] INFO:colcon.colcon_core.shell:Creating prefix chain script '/home/anshul/Research/PostDoc/mocap/install/setup.ps1'
[61.510s] INFO:colcon.colcon_core.shell:Creating prefix script '/home/anshul/Research/PostDoc/mocap/install/local_setup.sh'
[61.510s] INFO:colcon.colcon_core.shell:Creating prefix util module '/home/anshul/Research/PostDoc/mocap/install/_local_setup_util_sh.py'
[61.511s] INFO:colcon.colcon_core.shell:Creating prefix chain script '/home/anshul/Research/PostDoc/mocap/install/setup.sh'
[61.511s] INFO:colcon.colcon_core.shell:Creating prefix script '/home/anshul/Research/PostDoc/mocap/install/local_setup.bash'
[61.512s] INFO:colcon.colcon_core.shell:Creating prefix chain script '/home/anshul/Research/PostDoc/mocap/install/setup.bash'
[61.513s] INFO:colcon.colcon_core.shell:Creating prefix script '/home/anshul/Research/PostDoc/mocap/install/local_setup.zsh'
[61.513s] INFO:colcon.colcon_core.shell:Creating prefix chain script '/home/anshul/Research/PostDoc/mocap/install/setup.zsh'
