[0.006s] Invoking command in '/home/anshul/Research/PostDoc/mocap/build/phasespace_msgs_ros2': CMAKE_PREFIX_PATH=/opt/ros/humble CONDA_PROMPT_MODIFIER=(base) /usr/bin/cmake /home/anshul/Research/PostDoc/mocap/phasespace-mocap-ros2/phasespace_msgs_ros2 -DPython3_EXECUTABLE=/usr/bin/python3 -DCMAKE_INSTALL_PREFIX=/home/anshul/Research/PostDoc/mocap/install/phasespace_msgs_ros2
[0.047s] -- The C compiler identification is GNU 11.4.0
[0.085s] -- The CXX compiler identification is GNU 11.4.0
[0.089s] -- Detecting C compiler ABI info
[0.140s] -- Detecting C compiler ABI info - done
[0.144s] -- Check for working C compiler: /usr/bin/cc - skipped
[0.144s] -- Detecting C compile features
[0.144s] -- Detecting C compile features - done
[0.146s] -- Detecting CXX compiler ABI info
[0.198s] -- Detecting CXX compiler ABI info - done
[0.202s] -- Check for working CXX compiler: /usr/bin/c++ - skipped
[0.202s] -- Detecting CXX compile features
[0.203s] -- Detecting CXX compile features - done
[0.204s] -- Found ament_cmake: 1.3.11 (/opt/ros/humble/share/ament_cmake/cmake)
[0.294s] -- Found Python3: /usr/bin/python3 (found version "3.10.12") found components: Interpreter 
[0.343s] -- Found rosidl_default_generators: 1.2.0 (/opt/ros/humble/share/rosidl_default_generators/cmake)
[0.345s] -- Using all available rosidl_typesupport_c: rosidl_typesupport_fastrtps_c;rosidl_typesupport_introspection_c
[0.348s] -- Found rosidl_adapter: 3.1.6 (/opt/ros/humble/share/rosidl_adapter/cmake)
[0.371s] -- Using all available rosidl_typesupport_cpp: rosidl_typesupport_fastrtps_cpp;rosidl_typesupport_introspection_cpp
[0.388s] -- Found std_msgs: 4.8.0 (/opt/ros/humble/share/std_msgs/cmake)
[0.579s] -- Found ament_cmake_ros: 0.10.0 (/opt/ros/humble/share/ament_cmake_ros/cmake)
[0.710s] -- Using all available rosidl_typesupport_c: rosidl_typesupport_fastrtps_c;rosidl_typesupport_introspection_c
[0.889s] -- Using all available rosidl_typesupport_cpp: rosidl_typesupport_fastrtps_cpp;rosidl_typesupport_introspection_cpp
[0.906s] -- Found PythonInterp: /usr/bin/python3 (found suitable version "3.10.12", minimum required is "3.6") 
[0.906s] -- Found python_cmake_module: 0.10.0 (/opt/ros/humble/share/python_cmake_module/cmake)
[0.924s] -- Found PythonLibs: /usr/lib/x86_64-linux-gnu/libpython3.10.so (found suitable version "3.10.12", minimum required is "3.5") 
[0.924s] -- Using PYTHON_EXECUTABLE: /usr/bin/python3
[0.924s] -- Using PYTHON_INCLUDE_DIRS: /usr/include/python3.10
[0.924s] -- Using PYTHON_LIBRARIES: /usr/lib/x86_64-linux-gnu/libpython3.10.so
[0.937s] -- Found PythonExtra: .so  
[0.966s] -- Configuring done
[0.988s] -- Generating done
[0.995s] -- Build files have been written to: /home/anshul/Research/PostDoc/mocap/build/phasespace_msgs_ros2
[0.999s] Invoked command in '/home/anshul/Research/PostDoc/mocap/build/phasespace_msgs_ros2' returned '0': CMAKE_PREFIX_PATH=/opt/ros/humble CONDA_PROMPT_MODIFIER=(base) /usr/bin/cmake /home/anshul/Research/PostDoc/mocap/phasespace-mocap-ros2/phasespace_msgs_ros2 -DPython3_EXECUTABLE=/usr/bin/python3 -DCMAKE_INSTALL_PREFIX=/home/anshul/Research/PostDoc/mocap/install/phasespace_msgs_ros2
[1.001s] Invoking command in '/home/anshul/Research/PostDoc/mocap/build/phasespace_msgs_ros2': CMAKE_PREFIX_PATH=/opt/ros/humble CONDA_PROMPT_MODIFIER=(base) /usr/bin/cmake --build /home/anshul/Research/PostDoc/mocap/build/phasespace_msgs_ros2 -- -j20 -l20
[1.033s] Consolidate compiler generated dependencies of target phasespace_msgs_ros2__rosidl_generator_c
[1.038s] [  1%] Built target phasespace_msgs_ros2__cpp
[1.043s] [ 12%] Built target phasespace_msgs_ros2__rosidl_generator_c
[1.047s] Consolidate compiler generated dependencies of target phasespace_msgs_ros2__rosidl_typesupport_introspection_cpp
[1.047s] [ 12%] Built target ament_cmake_python_copy_phasespace_msgs_ros2
[1.051s] Consolidate compiler generated dependencies of target phasespace_msgs_ros2__rosidl_typesupport_cpp
[1.051s] Consolidate compiler generated dependencies of target phasespace_msgs_ros2__rosidl_typesupport_c
[1.052s] Consolidate compiler generated dependencies of target phasespace_msgs_ros2__rosidl_typesupport_introspection_c
[1.052s] Consolidate compiler generated dependencies of target phasespace_msgs_ros2__rosidl_typesupport_fastrtps_cpp
[1.056s] Consolidate compiler generated dependencies of target phasespace_msgs_ros2__rosidl_typesupport_fastrtps_c
[1.057s] [ 23%] Built target phasespace_msgs_ros2__rosidl_typesupport_introspection_cpp
[1.057s] [ 35%] Built target phasespace_msgs_ros2__rosidl_typesupport_c
[1.058s] [ 46%] Built target phasespace_msgs_ros2__rosidl_typesupport_introspection_c
[1.059s] [ 57%] Built target phasespace_msgs_ros2__rosidl_typesupport_fastrtps_cpp
[1.061s] [ 69%] Built target phasespace_msgs_ros2__rosidl_typesupport_cpp
[1.064s] [ 80%] Built target phasespace_msgs_ros2__rosidl_typesupport_fastrtps_c
[1.080s] [ 80%] Built target phasespace_msgs_ros2
[1.099s] [ 81%] Built target phasespace_msgs_ros2__py
[1.111s] Consolidate compiler generated dependencies of target phasespace_msgs_ros2__rosidl_generator_py
[1.123s] [ 91%] Built target phasespace_msgs_ros2__rosidl_generator_py
[1.131s] Consolidate compiler generated dependencies of target phasespace_msgs_ros2__rosidl_typesupport_fastrtps_c__pyext
[1.132s] Consolidate compiler generated dependencies of target phasespace_msgs_ros2__rosidl_typesupport_c__pyext
[1.134s] Consolidate compiler generated dependencies of target phasespace_msgs_ros2__rosidl_typesupport_introspection_c__pyext
[1.141s] [ 94%] Built target phasespace_msgs_ros2__rosidl_typesupport_fastrtps_c__pyext
[1.142s] [ 97%] Built target phasespace_msgs_ros2__rosidl_typesupport_c__pyext
[1.143s] [100%] Built target phasespace_msgs_ros2__rosidl_typesupport_introspection_c__pyext
[1.196s] running egg_info
[1.196s] writing phasespace_msgs_ros2.egg-info/PKG-INFO
[1.196s] writing dependency_links to phasespace_msgs_ros2.egg-info/dependency_links.txt
[1.196s] writing top-level names to phasespace_msgs_ros2.egg-info/top_level.txt
[1.198s] reading manifest file 'phasespace_msgs_ros2.egg-info/SOURCES.txt'
[1.198s] writing manifest file 'phasespace_msgs_ros2.egg-info/SOURCES.txt'
[1.219s] [100%] Built target ament_cmake_python_build_phasespace_msgs_ros2_egg
[1.227s] Invoked command in '/home/anshul/Research/PostDoc/mocap/build/phasespace_msgs_ros2' returned '0': CMAKE_PREFIX_PATH=/opt/ros/humble CONDA_PROMPT_MODIFIER=(base) /usr/bin/cmake --build /home/anshul/Research/PostDoc/mocap/build/phasespace_msgs_ros2 -- -j20 -l20
[1.235s] Invoking command in '/home/anshul/Research/PostDoc/mocap/build/phasespace_msgs_ros2': CMAKE_PREFIX_PATH=/opt/ros/humble CONDA_PROMPT_MODIFIER=(base) /usr/bin/cmake --install /home/anshul/Research/PostDoc/mocap/build/phasespace_msgs_ros2
[1.242s] -- Install configuration: ""
[1.242s] -- Up-to-date: /home/anshul/Research/PostDoc/mocap/install/phasespace_msgs_ros2/share/ament_index/resource_index/rosidl_interfaces/phasespace_msgs_ros2
[1.242s] -- Up-to-date: /home/anshul/Research/PostDoc/mocap/install/phasespace_msgs_ros2/include/phasespace_msgs_ros2/phasespace_msgs_ros2
[1.242s] -- Up-to-date: /home/anshul/Research/PostDoc/mocap/install/phasespace_msgs_ros2/include/phasespace_msgs_ros2/phasespace_msgs_ros2/msg
[1.242s] -- Up-to-date: /home/anshul/Research/PostDoc/mocap/install/phasespace_msgs_ros2/include/phasespace_msgs_ros2/phasespace_msgs_ros2/msg/cameras.h
[1.242s] -- Up-to-date: /home/anshul/Research/PostDoc/mocap/install/phasespace_msgs_ros2/include/phasespace_msgs_ros2/phasespace_msgs_ros2/msg/marker.h
[1.242s] -- Up-to-date: /home/anshul/Research/PostDoc/mocap/install/phasespace_msgs_ros2/include/phasespace_msgs_ros2/phasespace_msgs_ros2/msg/rigid.h
[1.243s] -- Up-to-date: /home/anshul/Research/PostDoc/mocap/install/phasespace_msgs_ros2/include/phasespace_msgs_ros2/phasespace_msgs_ros2/msg/rosidl_generator_c__visibility_control.h
[1.243s] -- Up-to-date: /home/anshul/Research/PostDoc/mocap/install/phasespace_msgs_ros2/include/phasespace_msgs_ros2/phasespace_msgs_ros2/msg/camera.h
[1.243s] -- Up-to-date: /home/anshul/Research/PostDoc/mocap/install/phasespace_msgs_ros2/include/phasespace_msgs_ros2/phasespace_msgs_ros2/msg/detail
[1.243s] -- Up-to-date: /home/anshul/Research/PostDoc/mocap/install/phasespace_msgs_ros2/include/phasespace_msgs_ros2/phasespace_msgs_ros2/msg/detail/marker__functions.h
[1.244s] -- Up-to-date: /home/anshul/Research/PostDoc/mocap/install/phasespace_msgs_ros2/include/phasespace_msgs_ros2/phasespace_msgs_ros2/msg/detail/rigid__type_support.h
[1.244s] -- Up-to-date: /home/anshul/Research/PostDoc/mocap/install/phasespace_msgs_ros2/include/phasespace_msgs_ros2/phasespace_msgs_ros2/msg/detail/cameras__struct.h
[1.244s] -- Up-to-date: /home/anshul/Research/PostDoc/mocap/install/phasespace_msgs_ros2/include/phasespace_msgs_ros2/phasespace_msgs_ros2/msg/detail/rigids__type_support.h
[1.244s] -- Up-to-date: /home/anshul/Research/PostDoc/mocap/install/phasespace_msgs_ros2/include/phasespace_msgs_ros2/phasespace_msgs_ros2/msg/detail/rigids__functions.c
[1.244s] -- Up-to-date: /home/anshul/Research/PostDoc/mocap/install/phasespace_msgs_ros2/include/phasespace_msgs_ros2/phasespace_msgs_ros2/msg/detail/rigids__struct.h
[1.244s] -- Up-to-date: /home/anshul/Research/PostDoc/mocap/install/phasespace_msgs_ros2/include/phasespace_msgs_ros2/phasespace_msgs_ros2/msg/detail/camera__functions.c
[1.244s] -- Up-to-date: /home/anshul/Research/PostDoc/mocap/install/phasespace_msgs_ros2/include/phasespace_msgs_ros2/phasespace_msgs_ros2/msg/detail/marker__type_support.h
[1.244s] -- Up-to-date: /home/anshul/Research/PostDoc/mocap/install/phasespace_msgs_ros2/include/phasespace_msgs_ros2/phasespace_msgs_ros2/msg/detail/markers__functions.h
[1.244s] -- Up-to-date: /home/anshul/Research/PostDoc/mocap/install/phasespace_msgs_ros2/include/phasespace_msgs_ros2/phasespace_msgs_ros2/msg/detail/rigids__functions.h
[1.244s] -- Up-to-date: /home/anshul/Research/PostDoc/mocap/install/phasespace_msgs_ros2/include/phasespace_msgs_ros2/phasespace_msgs_ros2/msg/detail/cameras__functions.c
[1.244s] -- Up-to-date: /home/anshul/Research/PostDoc/mocap/install/phasespace_msgs_ros2/include/phasespace_msgs_ros2/phasespace_msgs_ros2/msg/detail/markers__type_support.h
[1.244s] -- Up-to-date: /home/anshul/Research/PostDoc/mocap/install/phasespace_msgs_ros2/include/phasespace_msgs_ros2/phasespace_msgs_ros2/msg/detail/cameras__functions.h
[1.245s] -- Up-to-date: /home/anshul/Research/PostDoc/mocap/install/phasespace_msgs_ros2/include/phasespace_msgs_ros2/phasespace_msgs_ros2/msg/detail/camera__functions.h
[1.245s] -- Up-to-date: /home/anshul/Research/PostDoc/mocap/install/phasespace_msgs_ros2/include/phasespace_msgs_ros2/phasespace_msgs_ros2/msg/detail/camera__type_support.h
[1.245s] -- Up-to-date: /home/anshul/Research/PostDoc/mocap/install/phasespace_msgs_ros2/include/phasespace_msgs_ros2/phasespace_msgs_ros2/msg/detail/camera__struct.h
[1.245s] -- Up-to-date: /home/anshul/Research/PostDoc/mocap/install/phasespace_msgs_ros2/include/phasespace_msgs_ros2/phasespace_msgs_ros2/msg/detail/cameras__type_support.h
[1.245s] -- Up-to-date: /home/anshul/Research/PostDoc/mocap/install/phasespace_msgs_ros2/include/phasespace_msgs_ros2/phasespace_msgs_ros2/msg/detail/rigid__struct.h
[1.245s] -- Up-to-date: /home/anshul/Research/PostDoc/mocap/install/phasespace_msgs_ros2/include/phasespace_msgs_ros2/phasespace_msgs_ros2/msg/detail/rigid__functions.h
[1.245s] -- Up-to-date: /home/anshul/Research/PostDoc/mocap/install/phasespace_msgs_ros2/include/phasespace_msgs_ros2/phasespace_msgs_ros2/msg/detail/markers__struct.h
[1.245s] -- Up-to-date: /home/anshul/Research/PostDoc/mocap/install/phasespace_msgs_ros2/include/phasespace_msgs_ros2/phasespace_msgs_ros2/msg/detail/markers__functions.c
[1.245s] -- Up-to-date: /home/anshul/Research/PostDoc/mocap/install/phasespace_msgs_ros2/include/phasespace_msgs_ros2/phasespace_msgs_ros2/msg/detail/marker__functions.c
[1.245s] -- Up-to-date: /home/anshul/Research/PostDoc/mocap/install/phasespace_msgs_ros2/include/phasespace_msgs_ros2/phasespace_msgs_ros2/msg/detail/rigid__functions.c
[1.245s] -- Up-to-date: /home/anshul/Research/PostDoc/mocap/install/phasespace_msgs_ros2/include/phasespace_msgs_ros2/phasespace_msgs_ros2/msg/detail/marker__struct.h
[1.245s] -- Up-to-date: /home/anshul/Research/PostDoc/mocap/install/phasespace_msgs_ros2/include/phasespace_msgs_ros2/phasespace_msgs_ros2/msg/markers.h
[1.245s] -- Up-to-date: /home/anshul/Research/PostDoc/mocap/install/phasespace_msgs_ros2/include/phasespace_msgs_ros2/phasespace_msgs_ros2/msg/rigids.h
[1.245s] -- Up-to-date: /home/anshul/Research/PostDoc/mocap/install/phasespace_msgs_ros2/share/phasespace_msgs_ros2/environment/library_path.sh
[1.245s] -- Installing: /home/anshul/Research/PostDoc/mocap/install/phasespace_msgs_ros2/share/phasespace_msgs_ros2/environment/library_path.dsv
[1.245s] -- Up-to-date: /home/anshul/Research/PostDoc/mocap/install/phasespace_msgs_ros2/lib/libphasespace_msgs_ros2__rosidl_generator_c.so
[1.245s] -- Up-to-date: /home/anshul/Research/PostDoc/mocap/install/phasespace_msgs_ros2/include/phasespace_msgs_ros2/phasespace_msgs_ros2
[1.245s] -- Up-to-date: /home/anshul/Research/PostDoc/mocap/install/phasespace_msgs_ros2/include/phasespace_msgs_ros2/phasespace_msgs_ros2/msg
[1.245s] -- Up-to-date: /home/anshul/Research/PostDoc/mocap/install/phasespace_msgs_ros2/include/phasespace_msgs_ros2/phasespace_msgs_ros2/msg/detail
[1.245s] -- Up-to-date: /home/anshul/Research/PostDoc/mocap/install/phasespace_msgs_ros2/include/phasespace_msgs_ros2/phasespace_msgs_ros2/msg/detail/cameras__rosidl_typesupport_fastrtps_c.h
[1.246s] -- Up-to-date: /home/anshul/Research/PostDoc/mocap/install/phasespace_msgs_ros2/include/phasespace_msgs_ros2/phasespace_msgs_ros2/msg/detail/rigids__rosidl_typesupport_fastrtps_c.h
[1.246s] -- Up-to-date: /home/anshul/Research/PostDoc/mocap/install/phasespace_msgs_ros2/include/phasespace_msgs_ros2/phasespace_msgs_ros2/msg/detail/camera__rosidl_typesupport_fastrtps_c.h
[1.246s] -- Up-to-date: /home/anshul/Research/PostDoc/mocap/install/phasespace_msgs_ros2/include/phasespace_msgs_ros2/phasespace_msgs_ros2/msg/detail/marker__rosidl_typesupport_fastrtps_c.h
[1.246s] -- Up-to-date: /home/anshul/Research/PostDoc/mocap/install/phasespace_msgs_ros2/include/phasespace_msgs_ros2/phasespace_msgs_ros2/msg/detail/markers__rosidl_typesupport_fastrtps_c.h
[1.246s] -- Up-to-date: /home/anshul/Research/PostDoc/mocap/install/phasespace_msgs_ros2/include/phasespace_msgs_ros2/phasespace_msgs_ros2/msg/detail/rigid__rosidl_typesupport_fastrtps_c.h
[1.246s] -- Up-to-date: /home/anshul/Research/PostDoc/mocap/install/phasespace_msgs_ros2/include/phasespace_msgs_ros2/phasespace_msgs_ros2/msg/rosidl_typesupport_fastrtps_c__visibility_control.h
[1.246s] -- Up-to-date: /home/anshul/Research/PostDoc/mocap/install/phasespace_msgs_ros2/lib/libphasespace_msgs_ros2__rosidl_typesupport_fastrtps_c.so
[1.246s] -- Up-to-date: /home/anshul/Research/PostDoc/mocap/install/phasespace_msgs_ros2/include/phasespace_msgs_ros2/phasespace_msgs_ros2
[1.246s] -- Up-to-date: /home/anshul/Research/PostDoc/mocap/install/phasespace_msgs_ros2/include/phasespace_msgs_ros2/phasespace_msgs_ros2/msg
[1.246s] -- Up-to-date: /home/anshul/Research/PostDoc/mocap/install/phasespace_msgs_ros2/include/phasespace_msgs_ros2/phasespace_msgs_ros2/msg/detail
[1.246s] -- Up-to-date: /home/anshul/Research/PostDoc/mocap/install/phasespace_msgs_ros2/include/phasespace_msgs_ros2/phasespace_msgs_ros2/msg/detail/camera__rosidl_typesupport_introspection_c.h
[1.246s] -- Up-to-date: /home/anshul/Research/PostDoc/mocap/install/phasespace_msgs_ros2/include/phasespace_msgs_ros2/phasespace_msgs_ros2/msg/detail/markers__type_support.c
[1.246s] -- Up-to-date: /home/anshul/Research/PostDoc/mocap/install/phasespace_msgs_ros2/include/phasespace_msgs_ros2/phasespace_msgs_ros2/msg/detail/rigid__rosidl_typesupport_introspection_c.h
[1.246s] -- Up-to-date: /home/anshul/Research/PostDoc/mocap/install/phasespace_msgs_ros2/include/phasespace_msgs_ros2/phasespace_msgs_ros2/msg/detail/marker__type_support.c
[1.246s] -- Up-to-date: /home/anshul/Research/PostDoc/mocap/install/phasespace_msgs_ros2/include/phasespace_msgs_ros2/phasespace_msgs_ros2/msg/detail/rigids__type_support.c
[1.246s] -- Up-to-date: /home/anshul/Research/PostDoc/mocap/install/phasespace_msgs_ros2/include/phasespace_msgs_ros2/phasespace_msgs_ros2/msg/detail/camera__type_support.c
[1.246s] -- Up-to-date: /home/anshul/Research/PostDoc/mocap/install/phasespace_msgs_ros2/include/phasespace_msgs_ros2/phasespace_msgs_ros2/msg/detail/rigids__rosidl_typesupport_introspection_c.h
[1.246s] -- Up-to-date: /home/anshul/Research/PostDoc/mocap/install/phasespace_msgs_ros2/include/phasespace_msgs_ros2/phasespace_msgs_ros2/msg/detail/cameras__rosidl_typesupport_introspection_c.h
[1.246s] -- Up-to-date: /home/anshul/Research/PostDoc/mocap/install/phasespace_msgs_ros2/include/phasespace_msgs_ros2/phasespace_msgs_ros2/msg/detail/rigid__type_support.c
[1.246s] -- Up-to-date: /home/anshul/Research/PostDoc/mocap/install/phasespace_msgs_ros2/include/phasespace_msgs_ros2/phasespace_msgs_ros2/msg/detail/markers__rosidl_typesupport_introspection_c.h
[1.246s] -- Up-to-date: /home/anshul/Research/PostDoc/mocap/install/phasespace_msgs_ros2/include/phasespace_msgs_ros2/phasespace_msgs_ros2/msg/detail/marker__rosidl_typesupport_introspection_c.h
[1.246s] -- Up-to-date: /home/anshul/Research/PostDoc/mocap/install/phasespace_msgs_ros2/include/phasespace_msgs_ros2/phasespace_msgs_ros2/msg/detail/cameras__type_support.c
[1.246s] -- Up-to-date: /home/anshul/Research/PostDoc/mocap/install/phasespace_msgs_ros2/include/phasespace_msgs_ros2/phasespace_msgs_ros2/msg/rosidl_typesupport_introspection_c__visibility_control.h
[1.246s] -- Up-to-date: /home/anshul/Research/PostDoc/mocap/install/phasespace_msgs_ros2/lib/libphasespace_msgs_ros2__rosidl_typesupport_introspection_c.so
[1.246s] -- Up-to-date: /home/anshul/Research/PostDoc/mocap/install/phasespace_msgs_ros2/lib/libphasespace_msgs_ros2__rosidl_typesupport_c.so
[1.246s] -- Up-to-date: /home/anshul/Research/PostDoc/mocap/install/phasespace_msgs_ros2/include/phasespace_msgs_ros2/phasespace_msgs_ros2
[1.246s] -- Up-to-date: /home/anshul/Research/PostDoc/mocap/install/phasespace_msgs_ros2/include/phasespace_msgs_ros2/phasespace_msgs_ros2/msg
[1.246s] -- Up-to-date: /home/anshul/Research/PostDoc/mocap/install/phasespace_msgs_ros2/include/phasespace_msgs_ros2/phasespace_msgs_ros2/msg/markers.hpp
[1.246s] -- Up-to-date: /home/anshul/Research/PostDoc/mocap/install/phasespace_msgs_ros2/include/phasespace_msgs_ros2/phasespace_msgs_ros2/msg/camera.hpp
[1.247s] -- Up-to-date: /home/anshul/Research/PostDoc/mocap/install/phasespace_msgs_ros2/include/phasespace_msgs_ros2/phasespace_msgs_ros2/msg/rosidl_generator_cpp__visibility_control.hpp
[1.247s] -- Up-to-date: /home/anshul/Research/PostDoc/mocap/install/phasespace_msgs_ros2/include/phasespace_msgs_ros2/phasespace_msgs_ros2/msg/detail
[1.247s] -- Up-to-date: /home/anshul/Research/PostDoc/mocap/install/phasespace_msgs_ros2/include/phasespace_msgs_ros2/phasespace_msgs_ros2/msg/detail/camera__builder.hpp
[1.247s] -- Up-to-date: /home/anshul/Research/PostDoc/mocap/install/phasespace_msgs_ros2/include/phasespace_msgs_ros2/phasespace_msgs_ros2/msg/detail/rigids__builder.hpp
[1.247s] -- Up-to-date: /home/anshul/Research/PostDoc/mocap/install/phasespace_msgs_ros2/include/phasespace_msgs_ros2/phasespace_msgs_ros2/msg/detail/markers__struct.hpp
[1.247s] -- Up-to-date: /home/anshul/Research/PostDoc/mocap/install/phasespace_msgs_ros2/include/phasespace_msgs_ros2/phasespace_msgs_ros2/msg/detail/marker__struct.hpp
[1.247s] -- Up-to-date: /home/anshul/Research/PostDoc/mocap/install/phasespace_msgs_ros2/include/phasespace_msgs_ros2/phasespace_msgs_ros2/msg/detail/cameras__struct.hpp
[1.247s] -- Up-to-date: /home/anshul/Research/PostDoc/mocap/install/phasespace_msgs_ros2/include/phasespace_msgs_ros2/phasespace_msgs_ros2/msg/detail/camera__type_support.hpp
[1.247s] -- Up-to-date: /home/anshul/Research/PostDoc/mocap/install/phasespace_msgs_ros2/include/phasespace_msgs_ros2/phasespace_msgs_ros2/msg/detail/marker__type_support.hpp
[1.247s] -- Up-to-date: /home/anshul/Research/PostDoc/mocap/install/phasespace_msgs_ros2/include/phasespace_msgs_ros2/phasespace_msgs_ros2/msg/detail/rigid__builder.hpp
[1.247s] -- Up-to-date: /home/anshul/Research/PostDoc/mocap/install/phasespace_msgs_ros2/include/phasespace_msgs_ros2/phasespace_msgs_ros2/msg/detail/marker__traits.hpp
[1.247s] -- Up-to-date: /home/anshul/Research/PostDoc/mocap/install/phasespace_msgs_ros2/include/phasespace_msgs_ros2/phasespace_msgs_ros2/msg/detail/rigid__traits.hpp
[1.247s] -- Up-to-date: /home/anshul/Research/PostDoc/mocap/install/phasespace_msgs_ros2/include/phasespace_msgs_ros2/phasespace_msgs_ros2/msg/detail/rigids__traits.hpp
[1.247s] -- Up-to-date: /home/anshul/Research/PostDoc/mocap/install/phasespace_msgs_ros2/include/phasespace_msgs_ros2/phasespace_msgs_ros2/msg/detail/rigid__struct.hpp
[1.247s] -- Up-to-date: /home/anshul/Research/PostDoc/mocap/install/phasespace_msgs_ros2/include/phasespace_msgs_ros2/phasespace_msgs_ros2/msg/detail/cameras__type_support.hpp
[1.247s] -- Up-to-date: /home/anshul/Research/PostDoc/mocap/install/phasespace_msgs_ros2/include/phasespace_msgs_ros2/phasespace_msgs_ros2/msg/detail/cameras__traits.hpp
[1.247s] -- Up-to-date: /home/anshul/Research/PostDoc/mocap/install/phasespace_msgs_ros2/include/phasespace_msgs_ros2/phasespace_msgs_ros2/msg/detail/cameras__builder.hpp
[1.247s] -- Up-to-date: /home/anshul/Research/PostDoc/mocap/install/phasespace_msgs_ros2/include/phasespace_msgs_ros2/phasespace_msgs_ros2/msg/detail/rigid__type_support.hpp
[1.247s] -- Up-to-date: /home/anshul/Research/PostDoc/mocap/install/phasespace_msgs_ros2/include/phasespace_msgs_ros2/phasespace_msgs_ros2/msg/detail/rigids__struct.hpp
[1.247s] -- Up-to-date: /home/anshul/Research/PostDoc/mocap/install/phasespace_msgs_ros2/include/phasespace_msgs_ros2/phasespace_msgs_ros2/msg/detail/markers__builder.hpp
[1.247s] -- Up-to-date: /home/anshul/Research/PostDoc/mocap/install/phasespace_msgs_ros2/include/phasespace_msgs_ros2/phasespace_msgs_ros2/msg/detail/marker__builder.hpp
[1.247s] -- Up-to-date: /home/anshul/Research/PostDoc/mocap/install/phasespace_msgs_ros2/include/phasespace_msgs_ros2/phasespace_msgs_ros2/msg/detail/camera__struct.hpp
[1.247s] -- Up-to-date: /home/anshul/Research/PostDoc/mocap/install/phasespace_msgs_ros2/include/phasespace_msgs_ros2/phasespace_msgs_ros2/msg/detail/markers__type_support.hpp
[1.247s] -- Up-to-date: /home/anshul/Research/PostDoc/mocap/install/phasespace_msgs_ros2/include/phasespace_msgs_ros2/phasespace_msgs_ros2/msg/detail/camera__traits.hpp
[1.248s] -- Up-to-date: /home/anshul/Research/PostDoc/mocap/install/phasespace_msgs_ros2/include/phasespace_msgs_ros2/phasespace_msgs_ros2/msg/detail/rigids__type_support.hpp
[1.248s] -- Up-to-date: /home/anshul/Research/PostDoc/mocap/install/phasespace_msgs_ros2/include/phasespace_msgs_ros2/phasespace_msgs_ros2/msg/detail/markers__traits.hpp
[1.248s] -- Up-to-date: /home/anshul/Research/PostDoc/mocap/install/phasespace_msgs_ros2/include/phasespace_msgs_ros2/phasespace_msgs_ros2/msg/rigids.hpp
[1.248s] -- Up-to-date: /home/anshul/Research/PostDoc/mocap/install/phasespace_msgs_ros2/include/phasespace_msgs_ros2/phasespace_msgs_ros2/msg/rigid.hpp
[1.248s] -- Up-to-date: /home/anshul/Research/PostDoc/mocap/install/phasespace_msgs_ros2/include/phasespace_msgs_ros2/phasespace_msgs_ros2/msg/cameras.hpp
[1.248s] -- Up-to-date: /home/anshul/Research/PostDoc/mocap/install/phasespace_msgs_ros2/include/phasespace_msgs_ros2/phasespace_msgs_ros2/msg/marker.hpp
[1.248s] -- Up-to-date: /home/anshul/Research/PostDoc/mocap/install/phasespace_msgs_ros2/include/phasespace_msgs_ros2/phasespace_msgs_ros2
[1.248s] -- Up-to-date: /home/anshul/Research/PostDoc/mocap/install/phasespace_msgs_ros2/include/phasespace_msgs_ros2/phasespace_msgs_ros2/msg
[1.248s] -- Up-to-date: /home/anshul/Research/PostDoc/mocap/install/phasespace_msgs_ros2/include/phasespace_msgs_ros2/phasespace_msgs_ros2/msg/rosidl_typesupport_fastrtps_cpp__visibility_control.h
[1.248s] -- Up-to-date: /home/anshul/Research/PostDoc/mocap/install/phasespace_msgs_ros2/include/phasespace_msgs_ros2/phasespace_msgs_ros2/msg/detail
[1.248s] -- Up-to-date: /home/anshul/Research/PostDoc/mocap/install/phasespace_msgs_ros2/include/phasespace_msgs_ros2/phasespace_msgs_ros2/msg/detail/cameras__rosidl_typesupport_fastrtps_cpp.hpp
[1.248s] -- Up-to-date: /home/anshul/Research/PostDoc/mocap/install/phasespace_msgs_ros2/include/phasespace_msgs_ros2/phasespace_msgs_ros2/msg/detail/dds_fastrtps
[1.248s] -- Up-to-date: /home/anshul/Research/PostDoc/mocap/install/phasespace_msgs_ros2/include/phasespace_msgs_ros2/phasespace_msgs_ros2/msg/detail/camera__rosidl_typesupport_fastrtps_cpp.hpp
[1.248s] -- Up-to-date: /home/anshul/Research/PostDoc/mocap/install/phasespace_msgs_ros2/include/phasespace_msgs_ros2/phasespace_msgs_ros2/msg/detail/rigid__rosidl_typesupport_fastrtps_cpp.hpp
[1.248s] -- Up-to-date: /home/anshul/Research/PostDoc/mocap/install/phasespace_msgs_ros2/include/phasespace_msgs_ros2/phasespace_msgs_ros2/msg/detail/markers__rosidl_typesupport_fastrtps_cpp.hpp
[1.248s] -- Up-to-date: /home/anshul/Research/PostDoc/mocap/install/phasespace_msgs_ros2/include/phasespace_msgs_ros2/phasespace_msgs_ros2/msg/detail/marker__rosidl_typesupport_fastrtps_cpp.hpp
[1.248s] -- Up-to-date: /home/anshul/Research/PostDoc/mocap/install/phasespace_msgs_ros2/include/phasespace_msgs_ros2/phasespace_msgs_ros2/msg/detail/rigids__rosidl_typesupport_fastrtps_cpp.hpp
[1.248s] -- Up-to-date: /home/anshul/Research/PostDoc/mocap/install/phasespace_msgs_ros2/lib/libphasespace_msgs_ros2__rosidl_typesupport_fastrtps_cpp.so
[1.248s] -- Up-to-date: /home/anshul/Research/PostDoc/mocap/install/phasespace_msgs_ros2/include/phasespace_msgs_ros2/phasespace_msgs_ros2
[1.248s] -- Up-to-date: /home/anshul/Research/PostDoc/mocap/install/phasespace_msgs_ros2/include/phasespace_msgs_ros2/phasespace_msgs_ros2/msg
[1.248s] -- Up-to-date: /home/anshul/Research/PostDoc/mocap/install/phasespace_msgs_ros2/include/phasespace_msgs_ros2/phasespace_msgs_ros2/msg/detail
[1.248s] -- Up-to-date: /home/anshul/Research/PostDoc/mocap/install/phasespace_msgs_ros2/include/phasespace_msgs_ros2/phasespace_msgs_ros2/msg/detail/camera__rosidl_typesupport_introspection_cpp.hpp
[1.248s] -- Up-to-date: /home/anshul/Research/PostDoc/mocap/install/phasespace_msgs_ros2/include/phasespace_msgs_ros2/phasespace_msgs_ros2/msg/detail/markers__rosidl_typesupport_introspection_cpp.hpp
[1.248s] -- Up-to-date: /home/anshul/Research/PostDoc/mocap/install/phasespace_msgs_ros2/include/phasespace_msgs_ros2/phasespace_msgs_ros2/msg/detail/rigids__rosidl_typesupport_introspection_cpp.hpp
[1.248s] -- Up-to-date: /home/anshul/Research/PostDoc/mocap/install/phasespace_msgs_ros2/include/phasespace_msgs_ros2/phasespace_msgs_ros2/msg/detail/camera__type_support.cpp
[1.248s] -- Up-to-date: /home/anshul/Research/PostDoc/mocap/install/phasespace_msgs_ros2/include/phasespace_msgs_ros2/phasespace_msgs_ros2/msg/detail/rigid__rosidl_typesupport_introspection_cpp.hpp
[1.248s] -- Up-to-date: /home/anshul/Research/PostDoc/mocap/install/phasespace_msgs_ros2/include/phasespace_msgs_ros2/phasespace_msgs_ros2/msg/detail/marker__type_support.cpp
[1.248s] -- Up-to-date: /home/anshul/Research/PostDoc/mocap/install/phasespace_msgs_ros2/include/phasespace_msgs_ros2/phasespace_msgs_ros2/msg/detail/rigid__type_support.cpp
[1.248s] -- Up-to-date: /home/anshul/Research/PostDoc/mocap/install/phasespace_msgs_ros2/include/phasespace_msgs_ros2/phasespace_msgs_ros2/msg/detail/rigids__type_support.cpp
[1.248s] -- Up-to-date: /home/anshul/Research/PostDoc/mocap/install/phasespace_msgs_ros2/include/phasespace_msgs_ros2/phasespace_msgs_ros2/msg/detail/marker__rosidl_typesupport_introspection_cpp.hpp
[1.248s] -- Up-to-date: /home/anshul/Research/PostDoc/mocap/install/phasespace_msgs_ros2/include/phasespace_msgs_ros2/phasespace_msgs_ros2/msg/detail/markers__type_support.cpp
[1.248s] -- Up-to-date: /home/anshul/Research/PostDoc/mocap/install/phasespace_msgs_ros2/include/phasespace_msgs_ros2/phasespace_msgs_ros2/msg/detail/cameras__rosidl_typesupport_introspection_cpp.hpp
[1.248s] -- Up-to-date: /home/anshul/Research/PostDoc/mocap/install/phasespace_msgs_ros2/include/phasespace_msgs_ros2/phasespace_msgs_ros2/msg/detail/cameras__type_support.cpp
[1.248s] -- Up-to-date: /home/anshul/Research/PostDoc/mocap/install/phasespace_msgs_ros2/lib/libphasespace_msgs_ros2__rosidl_typesupport_introspection_cpp.so
[1.248s] -- Up-to-date: /home/anshul/Research/PostDoc/mocap/install/phasespace_msgs_ros2/lib/libphasespace_msgs_ros2__rosidl_typesupport_cpp.so
[1.248s] -- Up-to-date: /home/anshul/Research/PostDoc/mocap/install/phasespace_msgs_ros2/share/phasespace_msgs_ros2/environment/pythonpath.sh
[1.248s] -- Installing: /home/anshul/Research/PostDoc/mocap/install/phasespace_msgs_ros2/share/phasespace_msgs_ros2/environment/pythonpath.dsv
[1.248s] -- Up-to-date: /home/anshul/Research/PostDoc/mocap/install/phasespace_msgs_ros2/local/lib/python3.10/dist-packages/phasespace_msgs_ros2-0.0.0-py3.10.egg-info
[1.248s] -- Installing: /home/anshul/Research/PostDoc/mocap/install/phasespace_msgs_ros2/local/lib/python3.10/dist-packages/phasespace_msgs_ros2-0.0.0-py3.10.egg-info/top_level.txt
[1.248s] -- Installing: /home/anshul/Research/PostDoc/mocap/install/phasespace_msgs_ros2/local/lib/python3.10/dist-packages/phasespace_msgs_ros2-0.0.0-py3.10.egg-info/dependency_links.txt
[1.249s] -- Installing: /home/anshul/Research/PostDoc/mocap/install/phasespace_msgs_ros2/local/lib/python3.10/dist-packages/phasespace_msgs_ros2-0.0.0-py3.10.egg-info/SOURCES.txt
[1.249s] -- Installing: /home/anshul/Research/PostDoc/mocap/install/phasespace_msgs_ros2/local/lib/python3.10/dist-packages/phasespace_msgs_ros2-0.0.0-py3.10.egg-info/PKG-INFO
[1.249s] -- Up-to-date: /home/anshul/Research/PostDoc/mocap/install/phasespace_msgs_ros2/local/lib/python3.10/dist-packages/phasespace_msgs_ros2
[1.249s] -- Up-to-date: /home/anshul/Research/PostDoc/mocap/install/phasespace_msgs_ros2/local/lib/python3.10/dist-packages/phasespace_msgs_ros2/_phasespace_msgs_ros2_s.ep.rosidl_typesupport_c.c
[1.249s] -- Up-to-date: /home/anshul/Research/PostDoc/mocap/install/phasespace_msgs_ros2/local/lib/python3.10/dist-packages/phasespace_msgs_ros2/msg
[1.249s] -- Up-to-date: /home/anshul/Research/PostDoc/mocap/install/phasespace_msgs_ros2/local/lib/python3.10/dist-packages/phasespace_msgs_ros2/msg/_markers_s.c
[1.249s] -- Up-to-date: /home/anshul/Research/PostDoc/mocap/install/phasespace_msgs_ros2/local/lib/python3.10/dist-packages/phasespace_msgs_ros2/msg/_marker.py
[1.249s] -- Up-to-date: /home/anshul/Research/PostDoc/mocap/install/phasespace_msgs_ros2/local/lib/python3.10/dist-packages/phasespace_msgs_ros2/msg/_marker_s.c
[1.249s] -- Up-to-date: /home/anshul/Research/PostDoc/mocap/install/phasespace_msgs_ros2/local/lib/python3.10/dist-packages/phasespace_msgs_ros2/msg/_camera_s.c
[1.249s] -- Up-to-date: /home/anshul/Research/PostDoc/mocap/install/phasespace_msgs_ros2/local/lib/python3.10/dist-packages/phasespace_msgs_ros2/msg/_rigids_s.c
[1.249s] -- Up-to-date: /home/anshul/Research/PostDoc/mocap/install/phasespace_msgs_ros2/local/lib/python3.10/dist-packages/phasespace_msgs_ros2/msg/_rigid.py
[1.249s] -- Up-to-date: /home/anshul/Research/PostDoc/mocap/install/phasespace_msgs_ros2/local/lib/python3.10/dist-packages/phasespace_msgs_ros2/msg/__init__.py
[1.249s] -- Up-to-date: /home/anshul/Research/PostDoc/mocap/install/phasespace_msgs_ros2/local/lib/python3.10/dist-packages/phasespace_msgs_ros2/msg/_markers.py
[1.249s] -- Up-to-date: /home/anshul/Research/PostDoc/mocap/install/phasespace_msgs_ros2/local/lib/python3.10/dist-packages/phasespace_msgs_ros2/msg/_cameras_s.c
[1.249s] -- Up-to-date: /home/anshul/Research/PostDoc/mocap/install/phasespace_msgs_ros2/local/lib/python3.10/dist-packages/phasespace_msgs_ros2/msg/_rigids.py
[1.249s] -- Up-to-date: /home/anshul/Research/PostDoc/mocap/install/phasespace_msgs_ros2/local/lib/python3.10/dist-packages/phasespace_msgs_ros2/msg/_rigid_s.c
[1.249s] -- Up-to-date: /home/anshul/Research/PostDoc/mocap/install/phasespace_msgs_ros2/local/lib/python3.10/dist-packages/phasespace_msgs_ros2/msg/_cameras.py
[1.249s] -- Up-to-date: /home/anshul/Research/PostDoc/mocap/install/phasespace_msgs_ros2/local/lib/python3.10/dist-packages/phasespace_msgs_ros2/msg/_camera.py
[1.249s] -- Up-to-date: /home/anshul/Research/PostDoc/mocap/install/phasespace_msgs_ros2/local/lib/python3.10/dist-packages/phasespace_msgs_ros2/libphasespace_msgs_ros2__rosidl_generator_py.so
[1.249s] -- Up-to-date: /home/anshul/Research/PostDoc/mocap/install/phasespace_msgs_ros2/local/lib/python3.10/dist-packages/phasespace_msgs_ros2/phasespace_msgs_ros2_s__rosidl_typesupport_c.cpython-310-x86_64-linux-gnu.so
[1.249s] -- Up-to-date: /home/anshul/Research/PostDoc/mocap/install/phasespace_msgs_ros2/local/lib/python3.10/dist-packages/phasespace_msgs_ros2/_phasespace_msgs_ros2_s.ep.rosidl_typesupport_introspection_c.c
[1.249s] -- Installing: /home/anshul/Research/PostDoc/mocap/install/phasespace_msgs_ros2/local/lib/python3.10/dist-packages/phasespace_msgs_ros2/__init__.py
[1.249s] -- Up-to-date: /home/anshul/Research/PostDoc/mocap/install/phasespace_msgs_ros2/local/lib/python3.10/dist-packages/phasespace_msgs_ros2/phasespace_msgs_ros2_s__rosidl_typesupport_introspection_c.cpython-310-x86_64-linux-gnu.so
[1.249s] -- Up-to-date: /home/anshul/Research/PostDoc/mocap/install/phasespace_msgs_ros2/local/lib/python3.10/dist-packages/phasespace_msgs_ros2/phasespace_msgs_ros2_s__rosidl_typesupport_fastrtps_c.cpython-310-x86_64-linux-gnu.so
[1.249s] -- Up-to-date: /home/anshul/Research/PostDoc/mocap/install/phasespace_msgs_ros2/local/lib/python3.10/dist-packages/phasespace_msgs_ros2/_phasespace_msgs_ros2_s.ep.rosidl_typesupport_fastrtps_c.c
[1.268s] Listing '/home/anshul/Research/PostDoc/mocap/install/phasespace_msgs_ros2/local/lib/python3.10/dist-packages/phasespace_msgs_ros2'...
[1.268s] Compiling '/home/anshul/Research/PostDoc/mocap/install/phasespace_msgs_ros2/local/lib/python3.10/dist-packages/phasespace_msgs_ros2/__init__.py'...
[1.268s] Listing '/home/anshul/Research/PostDoc/mocap/install/phasespace_msgs_ros2/local/lib/python3.10/dist-packages/phasespace_msgs_ros2/msg'...
[1.271s] -- Up-to-date: /home/anshul/Research/PostDoc/mocap/install/phasespace_msgs_ros2/local/lib/python3.10/dist-packages/phasespace_msgs_ros2/phasespace_msgs_ros2_s__rosidl_typesupport_fastrtps_c.cpython-310-x86_64-linux-gnu.so
[1.271s] -- Up-to-date: /home/anshul/Research/PostDoc/mocap/install/phasespace_msgs_ros2/local/lib/python3.10/dist-packages/phasespace_msgs_ros2/phasespace_msgs_ros2_s__rosidl_typesupport_introspection_c.cpython-310-x86_64-linux-gnu.so
[1.271s] -- Up-to-date: /home/anshul/Research/PostDoc/mocap/install/phasespace_msgs_ros2/local/lib/python3.10/dist-packages/phasespace_msgs_ros2/phasespace_msgs_ros2_s__rosidl_typesupport_c.cpython-310-x86_64-linux-gnu.so
[1.272s] -- Up-to-date: /home/anshul/Research/PostDoc/mocap/install/phasespace_msgs_ros2/lib/libphasespace_msgs_ros2__rosidl_generator_py.so
[1.272s] -- Up-to-date: /home/anshul/Research/PostDoc/mocap/install/phasespace_msgs_ros2/share/phasespace_msgs_ros2/msg/Camera.idl
[1.272s] -- Up-to-date: /home/anshul/Research/PostDoc/mocap/install/phasespace_msgs_ros2/share/phasespace_msgs_ros2/msg/Cameras.idl
[1.272s] -- Up-to-date: /home/anshul/Research/PostDoc/mocap/install/phasespace_msgs_ros2/share/phasespace_msgs_ros2/msg/Marker.idl
[1.272s] -- Up-to-date: /home/anshul/Research/PostDoc/mocap/install/phasespace_msgs_ros2/share/phasespace_msgs_ros2/msg/Markers.idl
[1.272s] -- Up-to-date: /home/anshul/Research/PostDoc/mocap/install/phasespace_msgs_ros2/share/phasespace_msgs_ros2/msg/Rigid.idl
[1.272s] -- Up-to-date: /home/anshul/Research/PostDoc/mocap/install/phasespace_msgs_ros2/share/phasespace_msgs_ros2/msg/Rigids.idl
[1.272s] -- Up-to-date: /home/anshul/Research/PostDoc/mocap/install/phasespace_msgs_ros2/share/phasespace_msgs_ros2/msg/Camera.msg
[1.272s] -- Up-to-date: /home/anshul/Research/PostDoc/mocap/install/phasespace_msgs_ros2/share/phasespace_msgs_ros2/msg/Cameras.msg
[1.272s] -- Up-to-date: /home/anshul/Research/PostDoc/mocap/install/phasespace_msgs_ros2/share/phasespace_msgs_ros2/msg/Marker.msg
[1.272s] -- Up-to-date: /home/anshul/Research/PostDoc/mocap/install/phasespace_msgs_ros2/share/phasespace_msgs_ros2/msg/Markers.msg
[1.273s] -- Up-to-date: /home/anshul/Research/PostDoc/mocap/install/phasespace_msgs_ros2/share/phasespace_msgs_ros2/msg/Rigid.msg
[1.273s] -- Up-to-date: /home/anshul/Research/PostDoc/mocap/install/phasespace_msgs_ros2/share/phasespace_msgs_ros2/msg/Rigids.msg
[1.273s] -- Up-to-date: /home/anshul/Research/PostDoc/mocap/install/phasespace_msgs_ros2/share/ament_index/resource_index/package_run_dependencies/phasespace_msgs_ros2
[1.273s] -- Up-to-date: /home/anshul/Research/PostDoc/mocap/install/phasespace_msgs_ros2/share/ament_index/resource_index/parent_prefix_path/phasespace_msgs_ros2
[1.273s] -- Up-to-date: /home/anshul/Research/PostDoc/mocap/install/phasespace_msgs_ros2/share/phasespace_msgs_ros2/environment/ament_prefix_path.sh
[1.273s] -- Installing: /home/anshul/Research/PostDoc/mocap/install/phasespace_msgs_ros2/share/phasespace_msgs_ros2/environment/ament_prefix_path.dsv
[1.273s] -- Up-to-date: /home/anshul/Research/PostDoc/mocap/install/phasespace_msgs_ros2/share/phasespace_msgs_ros2/environment/path.sh
[1.273s] -- Installing: /home/anshul/Research/PostDoc/mocap/install/phasespace_msgs_ros2/share/phasespace_msgs_ros2/environment/path.dsv
[1.273s] -- Up-to-date: /home/anshul/Research/PostDoc/mocap/install/phasespace_msgs_ros2/share/phasespace_msgs_ros2/local_setup.bash
[1.273s] -- Up-to-date: /home/anshul/Research/PostDoc/mocap/install/phasespace_msgs_ros2/share/phasespace_msgs_ros2/local_setup.sh
[1.273s] -- Up-to-date: /home/anshul/Research/PostDoc/mocap/install/phasespace_msgs_ros2/share/phasespace_msgs_ros2/local_setup.zsh
[1.274s] -- Installing: /home/anshul/Research/PostDoc/mocap/install/phasespace_msgs_ros2/share/phasespace_msgs_ros2/local_setup.dsv
[1.274s] -- Installing: /home/anshul/Research/PostDoc/mocap/install/phasespace_msgs_ros2/share/phasespace_msgs_ros2/package.dsv
[1.274s] -- Up-to-date: /home/anshul/Research/PostDoc/mocap/install/phasespace_msgs_ros2/share/ament_index/resource_index/packages/phasespace_msgs_ros2
[1.274s] -- Up-to-date: /home/anshul/Research/PostDoc/mocap/install/phasespace_msgs_ros2/share/phasespace_msgs_ros2/cmake/export_phasespace_msgs_ros2__rosidl_generator_cExport.cmake
[1.274s] -- Up-to-date: /home/anshul/Research/PostDoc/mocap/install/phasespace_msgs_ros2/share/phasespace_msgs_ros2/cmake/export_phasespace_msgs_ros2__rosidl_generator_cExport-noconfig.cmake
[1.274s] -- Up-to-date: /home/anshul/Research/PostDoc/mocap/install/phasespace_msgs_ros2/share/phasespace_msgs_ros2/cmake/export_phasespace_msgs_ros2__rosidl_typesupport_fastrtps_cExport.cmake
[1.274s] -- Up-to-date: /home/anshul/Research/PostDoc/mocap/install/phasespace_msgs_ros2/share/phasespace_msgs_ros2/cmake/export_phasespace_msgs_ros2__rosidl_typesupport_fastrtps_cExport-noconfig.cmake
[1.274s] -- Up-to-date: /home/anshul/Research/PostDoc/mocap/install/phasespace_msgs_ros2/share/phasespace_msgs_ros2/cmake/phasespace_msgs_ros2__rosidl_typesupport_introspection_cExport.cmake
[1.274s] -- Up-to-date: /home/anshul/Research/PostDoc/mocap/install/phasespace_msgs_ros2/share/phasespace_msgs_ros2/cmake/phasespace_msgs_ros2__rosidl_typesupport_introspection_cExport-noconfig.cmake
[1.274s] -- Up-to-date: /home/anshul/Research/PostDoc/mocap/install/phasespace_msgs_ros2/share/phasespace_msgs_ros2/cmake/phasespace_msgs_ros2__rosidl_typesupport_cExport.cmake
[1.274s] -- Up-to-date: /home/anshul/Research/PostDoc/mocap/install/phasespace_msgs_ros2/share/phasespace_msgs_ros2/cmake/phasespace_msgs_ros2__rosidl_typesupport_cExport-noconfig.cmake
[1.274s] -- Up-to-date: /home/anshul/Research/PostDoc/mocap/install/phasespace_msgs_ros2/share/phasespace_msgs_ros2/cmake/export_phasespace_msgs_ros2__rosidl_generator_cppExport.cmake
[1.274s] -- Up-to-date: /home/anshul/Research/PostDoc/mocap/install/phasespace_msgs_ros2/share/phasespace_msgs_ros2/cmake/export_phasespace_msgs_ros2__rosidl_typesupport_fastrtps_cppExport.cmake
[1.274s] -- Up-to-date: /home/anshul/Research/PostDoc/mocap/install/phasespace_msgs_ros2/share/phasespace_msgs_ros2/cmake/export_phasespace_msgs_ros2__rosidl_typesupport_fastrtps_cppExport-noconfig.cmake
[1.275s] -- Up-to-date: /home/anshul/Research/PostDoc/mocap/install/phasespace_msgs_ros2/share/phasespace_msgs_ros2/cmake/phasespace_msgs_ros2__rosidl_typesupport_introspection_cppExport.cmake
[1.275s] -- Up-to-date: /home/anshul/Research/PostDoc/mocap/install/phasespace_msgs_ros2/share/phasespace_msgs_ros2/cmake/phasespace_msgs_ros2__rosidl_typesupport_introspection_cppExport-noconfig.cmake
[1.275s] -- Up-to-date: /home/anshul/Research/PostDoc/mocap/install/phasespace_msgs_ros2/share/phasespace_msgs_ros2/cmake/phasespace_msgs_ros2__rosidl_typesupport_cppExport.cmake
[1.275s] -- Up-to-date: /home/anshul/Research/PostDoc/mocap/install/phasespace_msgs_ros2/share/phasespace_msgs_ros2/cmake/phasespace_msgs_ros2__rosidl_typesupport_cppExport-noconfig.cmake
[1.275s] -- Up-to-date: /home/anshul/Research/PostDoc/mocap/install/phasespace_msgs_ros2/share/phasespace_msgs_ros2/cmake/export_phasespace_msgs_ros2__rosidl_generator_pyExport.cmake
[1.275s] -- Up-to-date: /home/anshul/Research/PostDoc/mocap/install/phasespace_msgs_ros2/share/phasespace_msgs_ros2/cmake/export_phasespace_msgs_ros2__rosidl_generator_pyExport-noconfig.cmake
[1.275s] -- Up-to-date: /home/anshul/Research/PostDoc/mocap/install/phasespace_msgs_ros2/share/phasespace_msgs_ros2/cmake/rosidl_cmake-extras.cmake
[1.275s] -- Up-to-date: /home/anshul/Research/PostDoc/mocap/install/phasespace_msgs_ros2/share/phasespace_msgs_ros2/cmake/ament_cmake_export_dependencies-extras.cmake
[1.275s] -- Up-to-date: /home/anshul/Research/PostDoc/mocap/install/phasespace_msgs_ros2/share/phasespace_msgs_ros2/cmake/ament_cmake_export_include_directories-extras.cmake
[1.275s] -- Up-to-date: /home/anshul/Research/PostDoc/mocap/install/phasespace_msgs_ros2/share/phasespace_msgs_ros2/cmake/ament_cmake_export_libraries-extras.cmake
[1.275s] -- Up-to-date: /home/anshul/Research/PostDoc/mocap/install/phasespace_msgs_ros2/share/phasespace_msgs_ros2/cmake/ament_cmake_export_targets-extras.cmake
[1.275s] -- Up-to-date: /home/anshul/Research/PostDoc/mocap/install/phasespace_msgs_ros2/share/phasespace_msgs_ros2/cmake/rosidl_cmake_export_typesupport_targets-extras.cmake
[1.275s] -- Up-to-date: /home/anshul/Research/PostDoc/mocap/install/phasespace_msgs_ros2/share/phasespace_msgs_ros2/cmake/rosidl_cmake_export_typesupport_libraries-extras.cmake
[1.275s] -- Up-to-date: /home/anshul/Research/PostDoc/mocap/install/phasespace_msgs_ros2/share/phasespace_msgs_ros2/cmake/phasespace_msgs_ros2Config.cmake
[1.275s] -- Up-to-date: /home/anshul/Research/PostDoc/mocap/install/phasespace_msgs_ros2/share/phasespace_msgs_ros2/cmake/phasespace_msgs_ros2Config-version.cmake
[1.275s] -- Installing: /home/anshul/Research/PostDoc/mocap/install/phasespace_msgs_ros2/share/phasespace_msgs_ros2/package.xml
[30.011s] Invoked command in '/home/anshul/Research/PostDoc/mocap/build/phasespace_msgs_ros2' returned '0': CMAKE_PREFIX_PATH=/opt/ros/humble CONDA_PROMPT_MODIFIER=(base) /usr/bin/cmake --install /home/anshul/Research/PostDoc/mocap/build/phasespace_msgs_ros2
