[30.004s] Invoking command in '/home/anshul/Research/PostDoc/mocap/build/phasespace_msgs_ros2': CMAKE_PREFIX_PATH=/opt/ros/humble CONDA_PROMPT_MODIFIER=(base) /usr/bin/cmake /home/anshul/Research/PostDoc/mocap/phasespace-mocap-ros2/phasespace_msgs_ros2 -DPython3_EXECUTABLE=/usr/bin/python3 -DCMAKE_INSTALL_PREFIX=/home/anshul/Research/PostDoc/mocap/install/phasespace_msgs_ros2
[30.042s] -- The C compiler identification is GNU 11.4.0
[30.078s] -- The CXX compiler identification is GNU 11.4.0
[30.083s] -- Detecting C compiler ABI info
[30.135s] -- Detecting C compiler ABI info - done
[30.140s] -- Check for working C compiler: /usr/bin/cc - skipped
[30.140s] -- Detecting C compile features
[30.140s] -- Detecting C compile features - done
[30.142s] -- Detecting CXX compiler ABI info
[30.198s] -- Detecting CXX compiler ABI info - done
[30.202s] -- Check for working CXX compiler: /usr/bin/c++ - skipped
[30.202s] -- Detecting CXX compile features
[30.202s] -- Detecting CXX compile features - done
[30.204s] -- Found ament_cmake: 1.3.11 (/opt/ros/humble/share/ament_cmake/cmake)
[30.298s] -- Found Python3: /usr/bin/python3 (found version "3.10.12") found components: Interpreter 
[30.346s] -- Found rosidl_default_generators: 1.2.0 (/opt/ros/humble/share/rosidl_default_generators/cmake)
[30.347s] -- Using all available rosidl_typesupport_c: rosidl_typesupport_fastrtps_c;rosidl_typesupport_introspection_c
[30.350s] -- Found rosidl_adapter: 3.1.6 (/opt/ros/humble/share/rosidl_adapter/cmake)
[30.371s] -- Using all available rosidl_typesupport_cpp: rosidl_typesupport_fastrtps_cpp;rosidl_typesupport_introspection_cpp
[30.389s] -- Found std_msgs: 4.8.0 (/opt/ros/humble/share/std_msgs/cmake)
[30.576s] -- Found ament_cmake_ros: 0.10.0 (/opt/ros/humble/share/ament_cmake_ros/cmake)
[30.703s] -- Using all available rosidl_typesupport_c: rosidl_typesupport_fastrtps_c;rosidl_typesupport_introspection_c
[30.873s] -- Using all available rosidl_typesupport_cpp: rosidl_typesupport_fastrtps_cpp;rosidl_typesupport_introspection_cpp
[30.888s] -- Found PythonInterp: /usr/bin/python3 (found suitable version "3.10.12", minimum required is "3.6") 
[30.889s] -- Found python_cmake_module: 0.10.0 (/opt/ros/humble/share/python_cmake_module/cmake)
[30.906s] -- Found PythonLibs: /usr/lib/x86_64-linux-gnu/libpython3.10.so (found suitable version "3.10.12", minimum required is "3.5") 
[30.906s] -- Using PYTHON_EXECUTABLE: /usr/bin/python3
[30.906s] -- Using PYTHON_INCLUDE_DIRS: /usr/include/python3.10
[30.906s] -- Using PYTHON_LIBRARIES: /usr/lib/x86_64-linux-gnu/libpython3.10.so
[30.921s] -- Found PythonExtra: .so  
[30.948s] -- Configuring done
[30.970s] -- Generating done
[30.976s] -- Build files have been written to: /home/anshul/Research/PostDoc/mocap/build/phasespace_msgs_ros2
[60.005s] Invoked command in '/home/anshul/Research/PostDoc/mocap/build/phasespace_msgs_ros2' returned '0': CMAKE_PREFIX_PATH=/opt/ros/humble CONDA_PROMPT_MODIFIER=(base) /usr/bin/cmake /home/anshul/Research/PostDoc/mocap/phasespace-mocap-ros2/phasespace_msgs_ros2 -DPython3_EXECUTABLE=/usr/bin/python3 -DCMAKE_INSTALL_PREFIX=/home/anshul/Research/PostDoc/mocap/install/phasespace_msgs_ros2
[60.006s] Invoking command in '/home/anshul/Research/PostDoc/mocap/build/phasespace_msgs_ros2': CMAKE_PREFIX_PATH=/opt/ros/humble CONDA_PROMPT_MODIFIER=(base) /usr/bin/cmake --build /home/anshul/Research/PostDoc/mocap/build/phasespace_msgs_ros2 -- -j20 -l20
[60.040s] Consolidate compiler generated dependencies of target phasespace_msgs_ros2__rosidl_generator_c
[60.046s] [  1%] Built target phasespace_msgs_ros2__cpp
[60.048s] [ 12%] Built target phasespace_msgs_ros2__rosidl_generator_c
[60.054s] [ 12%] Built target ament_cmake_python_copy_phasespace_msgs_ros2
[60.056s] Consolidate compiler generated dependencies of target phasespace_msgs_ros2__rosidl_typesupport_c
[60.056s] Consolidate compiler generated dependencies of target phasespace_msgs_ros2__rosidl_typesupport_introspection_cpp
[60.057s] Consolidate compiler generated dependencies of target phasespace_msgs_ros2__rosidl_typesupport_introspection_c
[60.059s] Consolidate compiler generated dependencies of target phasespace_msgs_ros2__rosidl_typesupport_fastrtps_c
[60.059s] Consolidate compiler generated dependencies of target phasespace_msgs_ros2__rosidl_typesupport_cpp
[60.060s] Consolidate compiler generated dependencies of target phasespace_msgs_ros2__rosidl_typesupport_fastrtps_cpp
[60.063s] [ 23%] Built target phasespace_msgs_ros2__rosidl_typesupport_c
[60.064s] [ 35%] Built target phasespace_msgs_ros2__rosidl_typesupport_introspection_c
[60.064s] [ 46%] Built target phasespace_msgs_ros2__rosidl_typesupport_introspection_cpp
[60.066s] [ 57%] Built target phasespace_msgs_ros2__rosidl_typesupport_fastrtps_c
[60.068s] [ 69%] Built target phasespace_msgs_ros2__rosidl_typesupport_cpp
[60.069s] [ 80%] Built target phasespace_msgs_ros2__rosidl_typesupport_fastrtps_cpp
[60.085s] [ 80%] Built target phasespace_msgs_ros2
[60.100s] [ 81%] Built target phasespace_msgs_ros2__py
[60.114s] Consolidate compiler generated dependencies of target phasespace_msgs_ros2__rosidl_generator_py
[60.123s] [ 91%] Built target phasespace_msgs_ros2__rosidl_generator_py
[60.132s] Consolidate compiler generated dependencies of target phasespace_msgs_ros2__rosidl_typesupport_fastrtps_c__pyext
[60.133s] Consolidate compiler generated dependencies of target phasespace_msgs_ros2__rosidl_typesupport_introspection_c__pyext
[60.133s] Consolidate compiler generated dependencies of target phasespace_msgs_ros2__rosidl_typesupport_c__pyext
[60.141s] [ 94%] Built target phasespace_msgs_ros2__rosidl_typesupport_c__pyext
[60.142s] [ 97%] Built target phasespace_msgs_ros2__rosidl_typesupport_introspection_c__pyext
[60.142s] [100%] Built target phasespace_msgs_ros2__rosidl_typesupport_fastrtps_c__pyext
[60.200s] running egg_info
[60.200s] writing phasespace_msgs_ros2.egg-info/PKG-INFO
[60.201s] writing dependency_links to phasespace_msgs_ros2.egg-info/dependency_links.txt
[60.201s] writing top-level names to phasespace_msgs_ros2.egg-info/top_level.txt
[60.202s] reading manifest file 'phasespace_msgs_ros2.egg-info/SOURCES.txt'
[60.202s] writing manifest file 'phasespace_msgs_ros2.egg-info/SOURCES.txt'
[60.218s] [100%] Built target ament_cmake_python_build_phasespace_msgs_ros2_egg
[60.227s] Invoked command in '/home/anshul/Research/PostDoc/mocap/build/phasespace_msgs_ros2' returned '0': CMAKE_PREFIX_PATH=/opt/ros/humble CONDA_PROMPT_MODIFIER=(base) /usr/bin/cmake --build /home/anshul/Research/PostDoc/mocap/build/phasespace_msgs_ros2 -- -j20 -l20
[60.233s] Invoking command in '/home/anshul/Research/PostDoc/mocap/build/phasespace_msgs_ros2': CMAKE_PREFIX_PATH=/opt/ros/humble CONDA_PROMPT_MODIFIER=(base) /usr/bin/cmake --install /home/anshul/Research/PostDoc/mocap/build/phasespace_msgs_ros2
[60.239s] -- Install configuration: ""
[60.239s] -- Up-to-date: /home/anshul/Research/PostDoc/mocap/install/phasespace_msgs_ros2/share/ament_index/resource_index/rosidl_interfaces/phasespace_msgs_ros2
[60.239s] -- Up-to-date: /home/anshul/Research/PostDoc/mocap/install/phasespace_msgs_ros2/include/phasespace_msgs_ros2/phasespace_msgs_ros2
[60.239s] -- Up-to-date: /home/anshul/Research/PostDoc/mocap/install/phasespace_msgs_ros2/include/phasespace_msgs_ros2/phasespace_msgs_ros2/msg
[60.239s] -- Up-to-date: /home/anshul/Research/PostDoc/mocap/install/phasespace_msgs_ros2/include/phasespace_msgs_ros2/phasespace_msgs_ros2/msg/cameras.h
[60.240s] -- Up-to-date: /home/anshul/Research/PostDoc/mocap/install/phasespace_msgs_ros2/include/phasespace_msgs_ros2/phasespace_msgs_ros2/msg/marker.h
[60.240s] -- Up-to-date: /home/anshul/Research/PostDoc/mocap/install/phasespace_msgs_ros2/include/phasespace_msgs_ros2/phasespace_msgs_ros2/msg/rigid.h
[60.240s] -- Up-to-date: /home/anshul/Research/PostDoc/mocap/install/phasespace_msgs_ros2/include/phasespace_msgs_ros2/phasespace_msgs_ros2/msg/rosidl_generator_c__visibility_control.h
[60.240s] -- Up-to-date: /home/anshul/Research/PostDoc/mocap/install/phasespace_msgs_ros2/include/phasespace_msgs_ros2/phasespace_msgs_ros2/msg/camera.h
[60.240s] -- Up-to-date: /home/anshul/Research/PostDoc/mocap/install/phasespace_msgs_ros2/include/phasespace_msgs_ros2/phasespace_msgs_ros2/msg/detail
[60.240s] -- Up-to-date: /home/anshul/Research/PostDoc/mocap/install/phasespace_msgs_ros2/include/phasespace_msgs_ros2/phasespace_msgs_ros2/msg/detail/marker__functions.h
[60.240s] -- Up-to-date: /home/anshul/Research/PostDoc/mocap/install/phasespace_msgs_ros2/include/phasespace_msgs_ros2/phasespace_msgs_ros2/msg/detail/rigid__type_support.h
[60.240s] -- Up-to-date: /home/anshul/Research/PostDoc/mocap/install/phasespace_msgs_ros2/include/phasespace_msgs_ros2/phasespace_msgs_ros2/msg/detail/cameras__struct.h
[60.241s] -- Up-to-date: /home/anshul/Research/PostDoc/mocap/install/phasespace_msgs_ros2/include/phasespace_msgs_ros2/phasespace_msgs_ros2/msg/detail/rigids__type_support.h
[60.241s] -- Up-to-date: /home/anshul/Research/PostDoc/mocap/install/phasespace_msgs_ros2/include/phasespace_msgs_ros2/phasespace_msgs_ros2/msg/detail/rigids__functions.c
[60.241s] -- Up-to-date: /home/anshul/Research/PostDoc/mocap/install/phasespace_msgs_ros2/include/phasespace_msgs_ros2/phasespace_msgs_ros2/msg/detail/rigids__struct.h
[60.241s] -- Up-to-date: /home/anshul/Research/PostDoc/mocap/install/phasespace_msgs_ros2/include/phasespace_msgs_ros2/phasespace_msgs_ros2/msg/detail/camera__functions.c
[60.241s] -- Up-to-date: /home/anshul/Research/PostDoc/mocap/install/phasespace_msgs_ros2/include/phasespace_msgs_ros2/phasespace_msgs_ros2/msg/detail/marker__type_support.h
[60.241s] -- Up-to-date: /home/anshul/Research/PostDoc/mocap/install/phasespace_msgs_ros2/include/phasespace_msgs_ros2/phasespace_msgs_ros2/msg/detail/markers__functions.h
[60.241s] -- Up-to-date: /home/anshul/Research/PostDoc/mocap/install/phasespace_msgs_ros2/include/phasespace_msgs_ros2/phasespace_msgs_ros2/msg/detail/rigids__functions.h
[60.241s] -- Up-to-date: /home/anshul/Research/PostDoc/mocap/install/phasespace_msgs_ros2/include/phasespace_msgs_ros2/phasespace_msgs_ros2/msg/detail/cameras__functions.c
[60.241s] -- Up-to-date: /home/anshul/Research/PostDoc/mocap/install/phasespace_msgs_ros2/include/phasespace_msgs_ros2/phasespace_msgs_ros2/msg/detail/markers__type_support.h
[60.242s] -- Up-to-date: /home/anshul/Research/PostDoc/mocap/install/phasespace_msgs_ros2/include/phasespace_msgs_ros2/phasespace_msgs_ros2/msg/detail/cameras__functions.h
[60.242s] -- Up-to-date: /home/anshul/Research/PostDoc/mocap/install/phasespace_msgs_ros2/include/phasespace_msgs_ros2/phasespace_msgs_ros2/msg/detail/camera__functions.h
[60.242s] -- Up-to-date: /home/anshul/Research/PostDoc/mocap/install/phasespace_msgs_ros2/include/phasespace_msgs_ros2/phasespace_msgs_ros2/msg/detail/camera__type_support.h
[60.242s] -- Up-to-date: /home/anshul/Research/PostDoc/mocap/install/phasespace_msgs_ros2/include/phasespace_msgs_ros2/phasespace_msgs_ros2/msg/detail/camera__struct.h
[60.242s] -- Up-to-date: /home/anshul/Research/PostDoc/mocap/install/phasespace_msgs_ros2/include/phasespace_msgs_ros2/phasespace_msgs_ros2/msg/detail/cameras__type_support.h
[60.242s] -- Up-to-date: /home/anshul/Research/PostDoc/mocap/install/phasespace_msgs_ros2/include/phasespace_msgs_ros2/phasespace_msgs_ros2/msg/detail/rigid__struct.h
[60.242s] -- Up-to-date: /home/anshul/Research/PostDoc/mocap/install/phasespace_msgs_ros2/include/phasespace_msgs_ros2/phasespace_msgs_ros2/msg/detail/rigid__functions.h
[60.242s] -- Up-to-date: /home/anshul/Research/PostDoc/mocap/install/phasespace_msgs_ros2/include/phasespace_msgs_ros2/phasespace_msgs_ros2/msg/detail/markers__struct.h
[60.242s] -- Up-to-date: /home/anshul/Research/PostDoc/mocap/install/phasespace_msgs_ros2/include/phasespace_msgs_ros2/phasespace_msgs_ros2/msg/detail/markers__functions.c
[60.242s] -- Up-to-date: /home/anshul/Research/PostDoc/mocap/install/phasespace_msgs_ros2/include/phasespace_msgs_ros2/phasespace_msgs_ros2/msg/detail/marker__functions.c
[60.242s] -- Up-to-date: /home/anshul/Research/PostDoc/mocap/install/phasespace_msgs_ros2/include/phasespace_msgs_ros2/phasespace_msgs_ros2/msg/detail/rigid__functions.c
[60.242s] -- Up-to-date: /home/anshul/Research/PostDoc/mocap/install/phasespace_msgs_ros2/include/phasespace_msgs_ros2/phasespace_msgs_ros2/msg/detail/marker__struct.h
[60.242s] -- Up-to-date: /home/anshul/Research/PostDoc/mocap/install/phasespace_msgs_ros2/include/phasespace_msgs_ros2/phasespace_msgs_ros2/msg/markers.h
[60.243s] -- Up-to-date: /home/anshul/Research/PostDoc/mocap/install/phasespace_msgs_ros2/include/phasespace_msgs_ros2/phasespace_msgs_ros2/msg/rigids.h
[60.243s] -- Up-to-date: /home/anshul/Research/PostDoc/mocap/install/phasespace_msgs_ros2/share/phasespace_msgs_ros2/environment/library_path.sh
[60.243s] -- Installing: /home/anshul/Research/PostDoc/mocap/install/phasespace_msgs_ros2/share/phasespace_msgs_ros2/environment/library_path.dsv
[60.243s] -- Up-to-date: /home/anshul/Research/PostDoc/mocap/install/phasespace_msgs_ros2/lib/libphasespace_msgs_ros2__rosidl_generator_c.so
[60.243s] -- Up-to-date: /home/anshul/Research/PostDoc/mocap/install/phasespace_msgs_ros2/include/phasespace_msgs_ros2/phasespace_msgs_ros2
[60.243s] -- Up-to-date: /home/anshul/Research/PostDoc/mocap/install/phasespace_msgs_ros2/include/phasespace_msgs_ros2/phasespace_msgs_ros2/msg
[60.243s] -- Up-to-date: /home/anshul/Research/PostDoc/mocap/install/phasespace_msgs_ros2/include/phasespace_msgs_ros2/phasespace_msgs_ros2/msg/detail
[60.243s] -- Up-to-date: /home/anshul/Research/PostDoc/mocap/install/phasespace_msgs_ros2/include/phasespace_msgs_ros2/phasespace_msgs_ros2/msg/detail/cameras__rosidl_typesupport_fastrtps_c.h
[60.243s] -- Up-to-date: /home/anshul/Research/PostDoc/mocap/install/phasespace_msgs_ros2/include/phasespace_msgs_ros2/phasespace_msgs_ros2/msg/detail/rigids__rosidl_typesupport_fastrtps_c.h
[60.243s] -- Up-to-date: /home/anshul/Research/PostDoc/mocap/install/phasespace_msgs_ros2/include/phasespace_msgs_ros2/phasespace_msgs_ros2/msg/detail/camera__rosidl_typesupport_fastrtps_c.h
[60.243s] -- Up-to-date: /home/anshul/Research/PostDoc/mocap/install/phasespace_msgs_ros2/include/phasespace_msgs_ros2/phasespace_msgs_ros2/msg/detail/marker__rosidl_typesupport_fastrtps_c.h
[60.243s] -- Up-to-date: /home/anshul/Research/PostDoc/mocap/install/phasespace_msgs_ros2/include/phasespace_msgs_ros2/phasespace_msgs_ros2/msg/detail/markers__rosidl_typesupport_fastrtps_c.h
[60.243s] -- Up-to-date: /home/anshul/Research/PostDoc/mocap/install/phasespace_msgs_ros2/include/phasespace_msgs_ros2/phasespace_msgs_ros2/msg/detail/rigid__rosidl_typesupport_fastrtps_c.h
[60.243s] -- Up-to-date: /home/anshul/Research/PostDoc/mocap/install/phasespace_msgs_ros2/include/phasespace_msgs_ros2/phasespace_msgs_ros2/msg/rosidl_typesupport_fastrtps_c__visibility_control.h
[60.243s] -- Up-to-date: /home/anshul/Research/PostDoc/mocap/install/phasespace_msgs_ros2/lib/libphasespace_msgs_ros2__rosidl_typesupport_fastrtps_c.so
[60.243s] -- Up-to-date: /home/anshul/Research/PostDoc/mocap/install/phasespace_msgs_ros2/include/phasespace_msgs_ros2/phasespace_msgs_ros2
[60.243s] -- Up-to-date: /home/anshul/Research/PostDoc/mocap/install/phasespace_msgs_ros2/include/phasespace_msgs_ros2/phasespace_msgs_ros2/msg
[60.243s] -- Up-to-date: /home/anshul/Research/PostDoc/mocap/install/phasespace_msgs_ros2/include/phasespace_msgs_ros2/phasespace_msgs_ros2/msg/detail
[60.243s] -- Up-to-date: /home/anshul/Research/PostDoc/mocap/install/phasespace_msgs_ros2/include/phasespace_msgs_ros2/phasespace_msgs_ros2/msg/detail/camera__rosidl_typesupport_introspection_c.h
[60.244s] -- Up-to-date: /home/anshul/Research/PostDoc/mocap/install/phasespace_msgs_ros2/include/phasespace_msgs_ros2/phasespace_msgs_ros2/msg/detail/markers__type_support.c
[60.244s] -- Up-to-date: /home/anshul/Research/PostDoc/mocap/install/phasespace_msgs_ros2/include/phasespace_msgs_ros2/phasespace_msgs_ros2/msg/detail/rigid__rosidl_typesupport_introspection_c.h
[60.244s] -- Up-to-date: /home/anshul/Research/PostDoc/mocap/install/phasespace_msgs_ros2/include/phasespace_msgs_ros2/phasespace_msgs_ros2/msg/detail/marker__type_support.c
[60.244s] -- Up-to-date: /home/anshul/Research/PostDoc/mocap/install/phasespace_msgs_ros2/include/phasespace_msgs_ros2/phasespace_msgs_ros2/msg/detail/rigids__type_support.c
[60.244s] -- Up-to-date: /home/anshul/Research/PostDoc/mocap/install/phasespace_msgs_ros2/include/phasespace_msgs_ros2/phasespace_msgs_ros2/msg/detail/camera__type_support.c
[60.244s] -- Up-to-date: /home/anshul/Research/PostDoc/mocap/install/phasespace_msgs_ros2/include/phasespace_msgs_ros2/phasespace_msgs_ros2/msg/detail/rigids__rosidl_typesupport_introspection_c.h
[60.244s] -- Up-to-date: /home/anshul/Research/PostDoc/mocap/install/phasespace_msgs_ros2/include/phasespace_msgs_ros2/phasespace_msgs_ros2/msg/detail/cameras__rosidl_typesupport_introspection_c.h
[60.244s] -- Up-to-date: /home/anshul/Research/PostDoc/mocap/install/phasespace_msgs_ros2/include/phasespace_msgs_ros2/phasespace_msgs_ros2/msg/detail/rigid__type_support.c
[60.244s] -- Up-to-date: /home/anshul/Research/PostDoc/mocap/install/phasespace_msgs_ros2/include/phasespace_msgs_ros2/phasespace_msgs_ros2/msg/detail/markers__rosidl_typesupport_introspection_c.h
[60.244s] -- Up-to-date: /home/anshul/Research/PostDoc/mocap/install/phasespace_msgs_ros2/include/phasespace_msgs_ros2/phasespace_msgs_ros2/msg/detail/marker__rosidl_typesupport_introspection_c.h
[60.244s] -- Up-to-date: /home/anshul/Research/PostDoc/mocap/install/phasespace_msgs_ros2/include/phasespace_msgs_ros2/phasespace_msgs_ros2/msg/detail/cameras__type_support.c
[60.244s] -- Up-to-date: /home/anshul/Research/PostDoc/mocap/install/phasespace_msgs_ros2/include/phasespace_msgs_ros2/phasespace_msgs_ros2/msg/rosidl_typesupport_introspection_c__visibility_control.h
[60.244s] -- Up-to-date: /home/anshul/Research/PostDoc/mocap/install/phasespace_msgs_ros2/lib/libphasespace_msgs_ros2__rosidl_typesupport_introspection_c.so
[60.244s] -- Up-to-date: /home/anshul/Research/PostDoc/mocap/install/phasespace_msgs_ros2/lib/libphasespace_msgs_ros2__rosidl_typesupport_c.so
[60.244s] -- Up-to-date: /home/anshul/Research/PostDoc/mocap/install/phasespace_msgs_ros2/include/phasespace_msgs_ros2/phasespace_msgs_ros2
[60.244s] -- Up-to-date: /home/anshul/Research/PostDoc/mocap/install/phasespace_msgs_ros2/include/phasespace_msgs_ros2/phasespace_msgs_ros2/msg
[60.244s] -- Up-to-date: /home/anshul/Research/PostDoc/mocap/install/phasespace_msgs_ros2/include/phasespace_msgs_ros2/phasespace_msgs_ros2/msg/markers.hpp
[60.244s] -- Up-to-date: /home/anshul/Research/PostDoc/mocap/install/phasespace_msgs_ros2/include/phasespace_msgs_ros2/phasespace_msgs_ros2/msg/camera.hpp
[60.245s] -- Up-to-date: /home/anshul/Research/PostDoc/mocap/install/phasespace_msgs_ros2/include/phasespace_msgs_ros2/phasespace_msgs_ros2/msg/rosidl_generator_cpp__visibility_control.hpp
[60.245s] -- Up-to-date: /home/anshul/Research/PostDoc/mocap/install/phasespace_msgs_ros2/include/phasespace_msgs_ros2/phasespace_msgs_ros2/msg/detail
[60.245s] -- Up-to-date: /home/anshul/Research/PostDoc/mocap/install/phasespace_msgs_ros2/include/phasespace_msgs_ros2/phasespace_msgs_ros2/msg/detail/camera__builder.hpp
[60.245s] -- Up-to-date: /home/anshul/Research/PostDoc/mocap/install/phasespace_msgs_ros2/include/phasespace_msgs_ros2/phasespace_msgs_ros2/msg/detail/rigids__builder.hpp
[60.245s] -- Up-to-date: /home/anshul/Research/PostDoc/mocap/install/phasespace_msgs_ros2/include/phasespace_msgs_ros2/phasespace_msgs_ros2/msg/detail/markers__struct.hpp
[60.245s] -- Up-to-date: /home/anshul/Research/PostDoc/mocap/install/phasespace_msgs_ros2/include/phasespace_msgs_ros2/phasespace_msgs_ros2/msg/detail/marker__struct.hpp
[60.245s] -- Up-to-date: /home/anshul/Research/PostDoc/mocap/install/phasespace_msgs_ros2/include/phasespace_msgs_ros2/phasespace_msgs_ros2/msg/detail/cameras__struct.hpp
[60.245s] -- Up-to-date: /home/anshul/Research/PostDoc/mocap/install/phasespace_msgs_ros2/include/phasespace_msgs_ros2/phasespace_msgs_ros2/msg/detail/camera__type_support.hpp
[60.245s] -- Up-to-date: /home/anshul/Research/PostDoc/mocap/install/phasespace_msgs_ros2/include/phasespace_msgs_ros2/phasespace_msgs_ros2/msg/detail/marker__type_support.hpp
[60.245s] -- Up-to-date: /home/anshul/Research/PostDoc/mocap/install/phasespace_msgs_ros2/include/phasespace_msgs_ros2/phasespace_msgs_ros2/msg/detail/rigid__builder.hpp
[60.245s] -- Up-to-date: /home/anshul/Research/PostDoc/mocap/install/phasespace_msgs_ros2/include/phasespace_msgs_ros2/phasespace_msgs_ros2/msg/detail/marker__traits.hpp
[60.245s] -- Up-to-date: /home/anshul/Research/PostDoc/mocap/install/phasespace_msgs_ros2/include/phasespace_msgs_ros2/phasespace_msgs_ros2/msg/detail/rigid__traits.hpp
[60.245s] -- Up-to-date: /home/anshul/Research/PostDoc/mocap/install/phasespace_msgs_ros2/include/phasespace_msgs_ros2/phasespace_msgs_ros2/msg/detail/rigids__traits.hpp
[60.245s] -- Up-to-date: /home/anshul/Research/PostDoc/mocap/install/phasespace_msgs_ros2/include/phasespace_msgs_ros2/phasespace_msgs_ros2/msg/detail/rigid__struct.hpp
[60.245s] -- Up-to-date: /home/anshul/Research/PostDoc/mocap/install/phasespace_msgs_ros2/include/phasespace_msgs_ros2/phasespace_msgs_ros2/msg/detail/cameras__type_support.hpp
[60.245s] -- Up-to-date: /home/anshul/Research/PostDoc/mocap/install/phasespace_msgs_ros2/include/phasespace_msgs_ros2/phasespace_msgs_ros2/msg/detail/cameras__traits.hpp
[60.245s] -- Up-to-date: /home/anshul/Research/PostDoc/mocap/install/phasespace_msgs_ros2/include/phasespace_msgs_ros2/phasespace_msgs_ros2/msg/detail/cameras__builder.hpp
[60.245s] -- Up-to-date: /home/anshul/Research/PostDoc/mocap/install/phasespace_msgs_ros2/include/phasespace_msgs_ros2/phasespace_msgs_ros2/msg/detail/rigid__type_support.hpp
[60.246s] -- Up-to-date: /home/anshul/Research/PostDoc/mocap/install/phasespace_msgs_ros2/include/phasespace_msgs_ros2/phasespace_msgs_ros2/msg/detail/rigids__struct.hpp
[60.246s] -- Up-to-date: /home/anshul/Research/PostDoc/mocap/install/phasespace_msgs_ros2/include/phasespace_msgs_ros2/phasespace_msgs_ros2/msg/detail/markers__builder.hpp
[60.246s] -- Up-to-date: /home/anshul/Research/PostDoc/mocap/install/phasespace_msgs_ros2/include/phasespace_msgs_ros2/phasespace_msgs_ros2/msg/detail/marker__builder.hpp
[60.246s] -- Up-to-date: /home/anshul/Research/PostDoc/mocap/install/phasespace_msgs_ros2/include/phasespace_msgs_ros2/phasespace_msgs_ros2/msg/detail/camera__struct.hpp
[60.246s] -- Up-to-date: /home/anshul/Research/PostDoc/mocap/install/phasespace_msgs_ros2/include/phasespace_msgs_ros2/phasespace_msgs_ros2/msg/detail/markers__type_support.hpp
[60.246s] -- Up-to-date: /home/anshul/Research/PostDoc/mocap/install/phasespace_msgs_ros2/include/phasespace_msgs_ros2/phasespace_msgs_ros2/msg/detail/camera__traits.hpp
[60.246s] -- Up-to-date: /home/anshul/Research/PostDoc/mocap/install/phasespace_msgs_ros2/include/phasespace_msgs_ros2/phasespace_msgs_ros2/msg/detail/rigids__type_support.hpp
[60.246s] -- Up-to-date: /home/anshul/Research/PostDoc/mocap/install/phasespace_msgs_ros2/include/phasespace_msgs_ros2/phasespace_msgs_ros2/msg/detail/markers__traits.hpp
[60.246s] -- Up-to-date: /home/anshul/Research/PostDoc/mocap/install/phasespace_msgs_ros2/include/phasespace_msgs_ros2/phasespace_msgs_ros2/msg/rigids.hpp
[60.246s] -- Up-to-date: /home/anshul/Research/PostDoc/mocap/install/phasespace_msgs_ros2/include/phasespace_msgs_ros2/phasespace_msgs_ros2/msg/rigid.hpp
[60.246s] -- Up-to-date: /home/anshul/Research/PostDoc/mocap/install/phasespace_msgs_ros2/include/phasespace_msgs_ros2/phasespace_msgs_ros2/msg/cameras.hpp
[60.246s] -- Up-to-date: /home/anshul/Research/PostDoc/mocap/install/phasespace_msgs_ros2/include/phasespace_msgs_ros2/phasespace_msgs_ros2/msg/marker.hpp
[60.246s] -- Up-to-date: /home/anshul/Research/PostDoc/mocap/install/phasespace_msgs_ros2/include/phasespace_msgs_ros2/phasespace_msgs_ros2
[60.246s] -- Up-to-date: /home/anshul/Research/PostDoc/mocap/install/phasespace_msgs_ros2/include/phasespace_msgs_ros2/phasespace_msgs_ros2/msg
[60.246s] -- Up-to-date: /home/anshul/Research/PostDoc/mocap/install/phasespace_msgs_ros2/include/phasespace_msgs_ros2/phasespace_msgs_ros2/msg/rosidl_typesupport_fastrtps_cpp__visibility_control.h
[60.246s] -- Up-to-date: /home/anshul/Research/PostDoc/mocap/install/phasespace_msgs_ros2/include/phasespace_msgs_ros2/phasespace_msgs_ros2/msg/detail
[60.246s] -- Up-to-date: /home/anshul/Research/PostDoc/mocap/install/phasespace_msgs_ros2/include/phasespace_msgs_ros2/phasespace_msgs_ros2/msg/detail/cameras__rosidl_typesupport_fastrtps_cpp.hpp
[60.246s] -- Up-to-date: /home/anshul/Research/PostDoc/mocap/install/phasespace_msgs_ros2/include/phasespace_msgs_ros2/phasespace_msgs_ros2/msg/detail/dds_fastrtps
[60.246s] -- Up-to-date: /home/anshul/Research/PostDoc/mocap/install/phasespace_msgs_ros2/include/phasespace_msgs_ros2/phasespace_msgs_ros2/msg/detail/camera__rosidl_typesupport_fastrtps_cpp.hpp
[60.246s] -- Up-to-date: /home/anshul/Research/PostDoc/mocap/install/phasespace_msgs_ros2/include/phasespace_msgs_ros2/phasespace_msgs_ros2/msg/detail/rigid__rosidl_typesupport_fastrtps_cpp.hpp
[60.246s] -- Up-to-date: /home/anshul/Research/PostDoc/mocap/install/phasespace_msgs_ros2/include/phasespace_msgs_ros2/phasespace_msgs_ros2/msg/detail/markers__rosidl_typesupport_fastrtps_cpp.hpp
[60.246s] -- Up-to-date: /home/anshul/Research/PostDoc/mocap/install/phasespace_msgs_ros2/include/phasespace_msgs_ros2/phasespace_msgs_ros2/msg/detail/marker__rosidl_typesupport_fastrtps_cpp.hpp
[60.246s] -- Up-to-date: /home/anshul/Research/PostDoc/mocap/install/phasespace_msgs_ros2/include/phasespace_msgs_ros2/phasespace_msgs_ros2/msg/detail/rigids__rosidl_typesupport_fastrtps_cpp.hpp
[60.246s] -- Up-to-date: /home/anshul/Research/PostDoc/mocap/install/phasespace_msgs_ros2/lib/libphasespace_msgs_ros2__rosidl_typesupport_fastrtps_cpp.so
[60.246s] -- Up-to-date: /home/anshul/Research/PostDoc/mocap/install/phasespace_msgs_ros2/include/phasespace_msgs_ros2/phasespace_msgs_ros2
[60.246s] -- Up-to-date: /home/anshul/Research/PostDoc/mocap/install/phasespace_msgs_ros2/include/phasespace_msgs_ros2/phasespace_msgs_ros2/msg
[60.246s] -- Up-to-date: /home/anshul/Research/PostDoc/mocap/install/phasespace_msgs_ros2/include/phasespace_msgs_ros2/phasespace_msgs_ros2/msg/detail
[60.246s] -- Up-to-date: /home/anshul/Research/PostDoc/mocap/install/phasespace_msgs_ros2/include/phasespace_msgs_ros2/phasespace_msgs_ros2/msg/detail/camera__rosidl_typesupport_introspection_cpp.hpp
[60.246s] -- Up-to-date: /home/anshul/Research/PostDoc/mocap/install/phasespace_msgs_ros2/include/phasespace_msgs_ros2/phasespace_msgs_ros2/msg/detail/markers__rosidl_typesupport_introspection_cpp.hpp
[60.246s] -- Up-to-date: /home/anshul/Research/PostDoc/mocap/install/phasespace_msgs_ros2/include/phasespace_msgs_ros2/phasespace_msgs_ros2/msg/detail/rigids__rosidl_typesupport_introspection_cpp.hpp
[60.246s] -- Up-to-date: /home/anshul/Research/PostDoc/mocap/install/phasespace_msgs_ros2/include/phasespace_msgs_ros2/phasespace_msgs_ros2/msg/detail/camera__type_support.cpp
[60.246s] -- Up-to-date: /home/anshul/Research/PostDoc/mocap/install/phasespace_msgs_ros2/include/phasespace_msgs_ros2/phasespace_msgs_ros2/msg/detail/rigid__rosidl_typesupport_introspection_cpp.hpp
[60.247s] -- Up-to-date: /home/anshul/Research/PostDoc/mocap/install/phasespace_msgs_ros2/include/phasespace_msgs_ros2/phasespace_msgs_ros2/msg/detail/marker__type_support.cpp
[60.247s] -- Up-to-date: /home/anshul/Research/PostDoc/mocap/install/phasespace_msgs_ros2/include/phasespace_msgs_ros2/phasespace_msgs_ros2/msg/detail/rigid__type_support.cpp
[60.247s] -- Up-to-date: /home/anshul/Research/PostDoc/mocap/install/phasespace_msgs_ros2/include/phasespace_msgs_ros2/phasespace_msgs_ros2/msg/detail/rigids__type_support.cpp
[60.247s] -- Up-to-date: /home/anshul/Research/PostDoc/mocap/install/phasespace_msgs_ros2/include/phasespace_msgs_ros2/phasespace_msgs_ros2/msg/detail/marker__rosidl_typesupport_introspection_cpp.hpp
[60.247s] -- Up-to-date: /home/anshul/Research/PostDoc/mocap/install/phasespace_msgs_ros2/include/phasespace_msgs_ros2/phasespace_msgs_ros2/msg/detail/markers__type_support.cpp
[60.247s] -- Up-to-date: /home/anshul/Research/PostDoc/mocap/install/phasespace_msgs_ros2/include/phasespace_msgs_ros2/phasespace_msgs_ros2/msg/detail/cameras__rosidl_typesupport_introspection_cpp.hpp
[60.247s] -- Up-to-date: /home/anshul/Research/PostDoc/mocap/install/phasespace_msgs_ros2/include/phasespace_msgs_ros2/phasespace_msgs_ros2/msg/detail/cameras__type_support.cpp
[60.247s] -- Up-to-date: /home/anshul/Research/PostDoc/mocap/install/phasespace_msgs_ros2/lib/libphasespace_msgs_ros2__rosidl_typesupport_introspection_cpp.so
[60.247s] -- Up-to-date: /home/anshul/Research/PostDoc/mocap/install/phasespace_msgs_ros2/lib/libphasespace_msgs_ros2__rosidl_typesupport_cpp.so
[60.247s] -- Up-to-date: /home/anshul/Research/PostDoc/mocap/install/phasespace_msgs_ros2/share/phasespace_msgs_ros2/environment/pythonpath.sh
[60.247s] -- Installing: /home/anshul/Research/PostDoc/mocap/install/phasespace_msgs_ros2/share/phasespace_msgs_ros2/environment/pythonpath.dsv
[60.247s] -- Up-to-date: /home/anshul/Research/PostDoc/mocap/install/phasespace_msgs_ros2/local/lib/python3.10/dist-packages/phasespace_msgs_ros2-0.0.0-py3.10.egg-info
[60.247s] -- Installing: /home/anshul/Research/PostDoc/mocap/install/phasespace_msgs_ros2/local/lib/python3.10/dist-packages/phasespace_msgs_ros2-0.0.0-py3.10.egg-info/top_level.txt
[60.247s] -- Installing: /home/anshul/Research/PostDoc/mocap/install/phasespace_msgs_ros2/local/lib/python3.10/dist-packages/phasespace_msgs_ros2-0.0.0-py3.10.egg-info/dependency_links.txt
[60.247s] -- Installing: /home/anshul/Research/PostDoc/mocap/install/phasespace_msgs_ros2/local/lib/python3.10/dist-packages/phasespace_msgs_ros2-0.0.0-py3.10.egg-info/SOURCES.txt
[60.247s] -- Installing: /home/anshul/Research/PostDoc/mocap/install/phasespace_msgs_ros2/local/lib/python3.10/dist-packages/phasespace_msgs_ros2-0.0.0-py3.10.egg-info/PKG-INFO
[60.247s] -- Up-to-date: /home/anshul/Research/PostDoc/mocap/install/phasespace_msgs_ros2/local/lib/python3.10/dist-packages/phasespace_msgs_ros2
[60.247s] -- Up-to-date: /home/anshul/Research/PostDoc/mocap/install/phasespace_msgs_ros2/local/lib/python3.10/dist-packages/phasespace_msgs_ros2/_phasespace_msgs_ros2_s.ep.rosidl_typesupport_c.c
[60.247s] -- Up-to-date: /home/anshul/Research/PostDoc/mocap/install/phasespace_msgs_ros2/local/lib/python3.10/dist-packages/phasespace_msgs_ros2/msg
[60.247s] -- Up-to-date: /home/anshul/Research/PostDoc/mocap/install/phasespace_msgs_ros2/local/lib/python3.10/dist-packages/phasespace_msgs_ros2/msg/_markers_s.c
[60.247s] -- Up-to-date: /home/anshul/Research/PostDoc/mocap/install/phasespace_msgs_ros2/local/lib/python3.10/dist-packages/phasespace_msgs_ros2/msg/_marker.py
[60.247s] -- Up-to-date: /home/anshul/Research/PostDoc/mocap/install/phasespace_msgs_ros2/local/lib/python3.10/dist-packages/phasespace_msgs_ros2/msg/_marker_s.c
[60.247s] -- Up-to-date: /home/anshul/Research/PostDoc/mocap/install/phasespace_msgs_ros2/local/lib/python3.10/dist-packages/phasespace_msgs_ros2/msg/_camera_s.c
[60.247s] -- Up-to-date: /home/anshul/Research/PostDoc/mocap/install/phasespace_msgs_ros2/local/lib/python3.10/dist-packages/phasespace_msgs_ros2/msg/_rigids_s.c
[60.247s] -- Up-to-date: /home/anshul/Research/PostDoc/mocap/install/phasespace_msgs_ros2/local/lib/python3.10/dist-packages/phasespace_msgs_ros2/msg/_rigid.py
[60.247s] -- Up-to-date: /home/anshul/Research/PostDoc/mocap/install/phasespace_msgs_ros2/local/lib/python3.10/dist-packages/phasespace_msgs_ros2/msg/__init__.py
[60.247s] -- Up-to-date: /home/anshul/Research/PostDoc/mocap/install/phasespace_msgs_ros2/local/lib/python3.10/dist-packages/phasespace_msgs_ros2/msg/_markers.py
[60.247s] -- Up-to-date: /home/anshul/Research/PostDoc/mocap/install/phasespace_msgs_ros2/local/lib/python3.10/dist-packages/phasespace_msgs_ros2/msg/_cameras_s.c
[60.247s] -- Up-to-date: /home/anshul/Research/PostDoc/mocap/install/phasespace_msgs_ros2/local/lib/python3.10/dist-packages/phasespace_msgs_ros2/msg/_rigids.py
[60.247s] -- Up-to-date: /home/anshul/Research/PostDoc/mocap/install/phasespace_msgs_ros2/local/lib/python3.10/dist-packages/phasespace_msgs_ros2/msg/_rigid_s.c
[60.247s] -- Up-to-date: /home/anshul/Research/PostDoc/mocap/install/phasespace_msgs_ros2/local/lib/python3.10/dist-packages/phasespace_msgs_ros2/msg/_cameras.py
[60.247s] -- Up-to-date: /home/anshul/Research/PostDoc/mocap/install/phasespace_msgs_ros2/local/lib/python3.10/dist-packages/phasespace_msgs_ros2/msg/_camera.py
[60.247s] -- Up-to-date: /home/anshul/Research/PostDoc/mocap/install/phasespace_msgs_ros2/local/lib/python3.10/dist-packages/phasespace_msgs_ros2/libphasespace_msgs_ros2__rosidl_generator_py.so
[60.247s] -- Up-to-date: /home/anshul/Research/PostDoc/mocap/install/phasespace_msgs_ros2/local/lib/python3.10/dist-packages/phasespace_msgs_ros2/phasespace_msgs_ros2_s__rosidl_typesupport_c.cpython-310-x86_64-linux-gnu.so
[60.247s] -- Up-to-date: /home/anshul/Research/PostDoc/mocap/install/phasespace_msgs_ros2/local/lib/python3.10/dist-packages/phasespace_msgs_ros2/_phasespace_msgs_ros2_s.ep.rosidl_typesupport_introspection_c.c
[60.247s] -- Installing: /home/anshul/Research/PostDoc/mocap/install/phasespace_msgs_ros2/local/lib/python3.10/dist-packages/phasespace_msgs_ros2/__init__.py
[60.247s] -- Up-to-date: /home/anshul/Research/PostDoc/mocap/install/phasespace_msgs_ros2/local/lib/python3.10/dist-packages/phasespace_msgs_ros2/phasespace_msgs_ros2_s__rosidl_typesupport_introspection_c.cpython-310-x86_64-linux-gnu.so
[60.247s] -- Up-to-date: /home/anshul/Research/PostDoc/mocap/install/phasespace_msgs_ros2/local/lib/python3.10/dist-packages/phasespace_msgs_ros2/phasespace_msgs_ros2_s__rosidl_typesupport_fastrtps_c.cpython-310-x86_64-linux-gnu.so
[60.247s] -- Up-to-date: /home/anshul/Research/PostDoc/mocap/install/phasespace_msgs_ros2/local/lib/python3.10/dist-packages/phasespace_msgs_ros2/_phasespace_msgs_ros2_s.ep.rosidl_typesupport_fastrtps_c.c
[60.262s] Listing '/home/anshul/Research/PostDoc/mocap/install/phasespace_msgs_ros2/local/lib/python3.10/dist-packages/phasespace_msgs_ros2'...
[60.262s] Compiling '/home/anshul/Research/PostDoc/mocap/install/phasespace_msgs_ros2/local/lib/python3.10/dist-packages/phasespace_msgs_ros2/__init__.py'...
[60.262s] Listing '/home/anshul/Research/PostDoc/mocap/install/phasespace_msgs_ros2/local/lib/python3.10/dist-packages/phasespace_msgs_ros2/msg'...
[60.265s] -- Up-to-date: /home/anshul/Research/PostDoc/mocap/install/phasespace_msgs_ros2/local/lib/python3.10/dist-packages/phasespace_msgs_ros2/phasespace_msgs_ros2_s__rosidl_typesupport_fastrtps_c.cpython-310-x86_64-linux-gnu.so
[60.265s] -- Up-to-date: /home/anshul/Research/PostDoc/mocap/install/phasespace_msgs_ros2/local/lib/python3.10/dist-packages/phasespace_msgs_ros2/phasespace_msgs_ros2_s__rosidl_typesupport_introspection_c.cpython-310-x86_64-linux-gnu.so
[60.265s] -- Up-to-date: /home/anshul/Research/PostDoc/mocap/install/phasespace_msgs_ros2/local/lib/python3.10/dist-packages/phasespace_msgs_ros2/phasespace_msgs_ros2_s__rosidl_typesupport_c.cpython-310-x86_64-linux-gnu.so
[60.265s] -- Up-to-date: /home/anshul/Research/PostDoc/mocap/install/phasespace_msgs_ros2/lib/libphasespace_msgs_ros2__rosidl_generator_py.so
[60.266s] -- Up-to-date: /home/anshul/Research/PostDoc/mocap/install/phasespace_msgs_ros2/share/phasespace_msgs_ros2/msg/Camera.idl
[60.266s] -- Up-to-date: /home/anshul/Research/PostDoc/mocap/install/phasespace_msgs_ros2/share/phasespace_msgs_ros2/msg/Cameras.idl
[60.266s] -- Up-to-date: /home/anshul/Research/PostDoc/mocap/install/phasespace_msgs_ros2/share/phasespace_msgs_ros2/msg/Marker.idl
[60.266s] -- Up-to-date: /home/anshul/Research/PostDoc/mocap/install/phasespace_msgs_ros2/share/phasespace_msgs_ros2/msg/Markers.idl
[60.266s] -- Up-to-date: /home/anshul/Research/PostDoc/mocap/install/phasespace_msgs_ros2/share/phasespace_msgs_ros2/msg/Rigid.idl
[60.266s] -- Up-to-date: /home/anshul/Research/PostDoc/mocap/install/phasespace_msgs_ros2/share/phasespace_msgs_ros2/msg/Rigids.idl
[60.266s] -- Up-to-date: /home/anshul/Research/PostDoc/mocap/install/phasespace_msgs_ros2/share/phasespace_msgs_ros2/msg/Camera.msg
[60.266s] -- Up-to-date: /home/anshul/Research/PostDoc/mocap/install/phasespace_msgs_ros2/share/phasespace_msgs_ros2/msg/Cameras.msg
[60.266s] -- Up-to-date: /home/anshul/Research/PostDoc/mocap/install/phasespace_msgs_ros2/share/phasespace_msgs_ros2/msg/Marker.msg
[60.266s] -- Up-to-date: /home/anshul/Research/PostDoc/mocap/install/phasespace_msgs_ros2/share/phasespace_msgs_ros2/msg/Markers.msg
[60.266s] -- Up-to-date: /home/anshul/Research/PostDoc/mocap/install/phasespace_msgs_ros2/share/phasespace_msgs_ros2/msg/Rigid.msg
[60.266s] -- Up-to-date: /home/anshul/Research/PostDoc/mocap/install/phasespace_msgs_ros2/share/phasespace_msgs_ros2/msg/Rigids.msg
[60.266s] -- Up-to-date: /home/anshul/Research/PostDoc/mocap/install/phasespace_msgs_ros2/share/ament_index/resource_index/package_run_dependencies/phasespace_msgs_ros2
[60.266s] -- Up-to-date: /home/anshul/Research/PostDoc/mocap/install/phasespace_msgs_ros2/share/ament_index/resource_index/parent_prefix_path/phasespace_msgs_ros2
[60.266s] -- Up-to-date: /home/anshul/Research/PostDoc/mocap/install/phasespace_msgs_ros2/share/phasespace_msgs_ros2/environment/ament_prefix_path.sh
[60.267s] -- Installing: /home/anshul/Research/PostDoc/mocap/install/phasespace_msgs_ros2/share/phasespace_msgs_ros2/environment/ament_prefix_path.dsv
[60.267s] -- Up-to-date: /home/anshul/Research/PostDoc/mocap/install/phasespace_msgs_ros2/share/phasespace_msgs_ros2/environment/path.sh
[60.267s] -- Installing: /home/anshul/Research/PostDoc/mocap/install/phasespace_msgs_ros2/share/phasespace_msgs_ros2/environment/path.dsv
[60.267s] -- Up-to-date: /home/anshul/Research/PostDoc/mocap/install/phasespace_msgs_ros2/share/phasespace_msgs_ros2/local_setup.bash
[60.267s] -- Up-to-date: /home/anshul/Research/PostDoc/mocap/install/phasespace_msgs_ros2/share/phasespace_msgs_ros2/local_setup.sh
[60.267s] -- Up-to-date: /home/anshul/Research/PostDoc/mocap/install/phasespace_msgs_ros2/share/phasespace_msgs_ros2/local_setup.zsh
[60.267s] -- Installing: /home/anshul/Research/PostDoc/mocap/install/phasespace_msgs_ros2/share/phasespace_msgs_ros2/local_setup.dsv
[60.267s] -- Installing: /home/anshul/Research/PostDoc/mocap/install/phasespace_msgs_ros2/share/phasespace_msgs_ros2/package.dsv
[60.267s] -- Up-to-date: /home/anshul/Research/PostDoc/mocap/install/phasespace_msgs_ros2/share/ament_index/resource_index/packages/phasespace_msgs_ros2
[60.267s] -- Up-to-date: /home/anshul/Research/PostDoc/mocap/install/phasespace_msgs_ros2/share/phasespace_msgs_ros2/cmake/export_phasespace_msgs_ros2__rosidl_generator_cExport.cmake
[60.267s] -- Up-to-date: /home/anshul/Research/PostDoc/mocap/install/phasespace_msgs_ros2/share/phasespace_msgs_ros2/cmake/export_phasespace_msgs_ros2__rosidl_generator_cExport-noconfig.cmake
[60.267s] -- Up-to-date: /home/anshul/Research/PostDoc/mocap/install/phasespace_msgs_ros2/share/phasespace_msgs_ros2/cmake/export_phasespace_msgs_ros2__rosidl_typesupport_fastrtps_cExport.cmake
[60.267s] -- Up-to-date: /home/anshul/Research/PostDoc/mocap/install/phasespace_msgs_ros2/share/phasespace_msgs_ros2/cmake/export_phasespace_msgs_ros2__rosidl_typesupport_fastrtps_cExport-noconfig.cmake
[60.267s] -- Up-to-date: /home/anshul/Research/PostDoc/mocap/install/phasespace_msgs_ros2/share/phasespace_msgs_ros2/cmake/phasespace_msgs_ros2__rosidl_typesupport_introspection_cExport.cmake
[60.267s] -- Up-to-date: /home/anshul/Research/PostDoc/mocap/install/phasespace_msgs_ros2/share/phasespace_msgs_ros2/cmake/phasespace_msgs_ros2__rosidl_typesupport_introspection_cExport-noconfig.cmake
[60.267s] -- Up-to-date: /home/anshul/Research/PostDoc/mocap/install/phasespace_msgs_ros2/share/phasespace_msgs_ros2/cmake/phasespace_msgs_ros2__rosidl_typesupport_cExport.cmake
[60.267s] -- Up-to-date: /home/anshul/Research/PostDoc/mocap/install/phasespace_msgs_ros2/share/phasespace_msgs_ros2/cmake/phasespace_msgs_ros2__rosidl_typesupport_cExport-noconfig.cmake
[60.267s] -- Up-to-date: /home/anshul/Research/PostDoc/mocap/install/phasespace_msgs_ros2/share/phasespace_msgs_ros2/cmake/export_phasespace_msgs_ros2__rosidl_generator_cppExport.cmake
[60.267s] -- Up-to-date: /home/anshul/Research/PostDoc/mocap/install/phasespace_msgs_ros2/share/phasespace_msgs_ros2/cmake/export_phasespace_msgs_ros2__rosidl_typesupport_fastrtps_cppExport.cmake
[60.267s] -- Up-to-date: /home/anshul/Research/PostDoc/mocap/install/phasespace_msgs_ros2/share/phasespace_msgs_ros2/cmake/export_phasespace_msgs_ros2__rosidl_typesupport_fastrtps_cppExport-noconfig.cmake
[60.268s] -- Up-to-date: /home/anshul/Research/PostDoc/mocap/install/phasespace_msgs_ros2/share/phasespace_msgs_ros2/cmake/phasespace_msgs_ros2__rosidl_typesupport_introspection_cppExport.cmake
[60.268s] -- Up-to-date: /home/anshul/Research/PostDoc/mocap/install/phasespace_msgs_ros2/share/phasespace_msgs_ros2/cmake/phasespace_msgs_ros2__rosidl_typesupport_introspection_cppExport-noconfig.cmake
[60.268s] -- Up-to-date: /home/anshul/Research/PostDoc/mocap/install/phasespace_msgs_ros2/share/phasespace_msgs_ros2/cmake/phasespace_msgs_ros2__rosidl_typesupport_cppExport.cmake
[60.268s] -- Up-to-date: /home/anshul/Research/PostDoc/mocap/install/phasespace_msgs_ros2/share/phasespace_msgs_ros2/cmake/phasespace_msgs_ros2__rosidl_typesupport_cppExport-noconfig.cmake
[60.268s] -- Up-to-date: /home/anshul/Research/PostDoc/mocap/install/phasespace_msgs_ros2/share/phasespace_msgs_ros2/cmake/export_phasespace_msgs_ros2__rosidl_generator_pyExport.cmake
[60.268s] -- Up-to-date: /home/anshul/Research/PostDoc/mocap/install/phasespace_msgs_ros2/share/phasespace_msgs_ros2/cmake/export_phasespace_msgs_ros2__rosidl_generator_pyExport-noconfig.cmake
[60.268s] -- Up-to-date: /home/anshul/Research/PostDoc/mocap/install/phasespace_msgs_ros2/share/phasespace_msgs_ros2/cmake/rosidl_cmake-extras.cmake
[60.268s] -- Up-to-date: /home/anshul/Research/PostDoc/mocap/install/phasespace_msgs_ros2/share/phasespace_msgs_ros2/cmake/ament_cmake_export_dependencies-extras.cmake
[60.268s] -- Up-to-date: /home/anshul/Research/PostDoc/mocap/install/phasespace_msgs_ros2/share/phasespace_msgs_ros2/cmake/ament_cmake_export_include_directories-extras.cmake
[60.268s] -- Up-to-date: /home/anshul/Research/PostDoc/mocap/install/phasespace_msgs_ros2/share/phasespace_msgs_ros2/cmake/ament_cmake_export_libraries-extras.cmake
[60.268s] -- Up-to-date: /home/anshul/Research/PostDoc/mocap/install/phasespace_msgs_ros2/share/phasespace_msgs_ros2/cmake/ament_cmake_export_targets-extras.cmake
[60.268s] -- Up-to-date: /home/anshul/Research/PostDoc/mocap/install/phasespace_msgs_ros2/share/phasespace_msgs_ros2/cmake/rosidl_cmake_export_typesupport_targets-extras.cmake
[60.268s] -- Up-to-date: /home/anshul/Research/PostDoc/mocap/install/phasespace_msgs_ros2/share/phasespace_msgs_ros2/cmake/rosidl_cmake_export_typesupport_libraries-extras.cmake
[60.268s] -- Up-to-date: /home/anshul/Research/PostDoc/mocap/install/phasespace_msgs_ros2/share/phasespace_msgs_ros2/cmake/phasespace_msgs_ros2Config.cmake
[60.268s] -- Up-to-date: /home/anshul/Research/PostDoc/mocap/install/phasespace_msgs_ros2/share/phasespace_msgs_ros2/cmake/phasespace_msgs_ros2Config-version.cmake
[60.268s] -- Up-to-date: /home/anshul/Research/PostDoc/mocap/install/phasespace_msgs_ros2/share/phasespace_msgs_ros2/package.xml
[60.270s] Invoked command in '/home/anshul/Research/PostDoc/mocap/build/phasespace_msgs_ros2' returned '0': CMAKE_PREFIX_PATH=/opt/ros/humble CONDA_PROMPT_MODIFIER=(base) /usr/bin/cmake --install /home/anshul/Research/PostDoc/mocap/build/phasespace_msgs_ros2
